[0mCMake Deprecation Warning at CMakeLists.txt:1 (cmake_minimum_required):
  Compatibility with CMake < 3.10 will be removed from a future version of
  CMake.

  Update the VERSION argument <min> value.  Or, use the <min>...<max> syntax
  to tell CMake that the project requires at least <min> but has been updated
  to work with policies introduced by <max> or earlier.

[0m
-- The C compiler identification is GNU 14.3.0
-- The CXX compiler identification is GNU 14.3.0
-- Detecting C compiler ABI info
-- Detecting C compiler ABI info - done
-- Check for working C compiler: /home/gturrisi-iit.local/miniforge3/envs/basic_locomotion_dls_isaaclab_ros2_env/bin/x86_64-conda-linux-gnu-cc - skipped
-- Detecting C compile features
-- Detecting C compile features - done
-- Detecting CXX compiler ABI info
-- Detecting CXX compiler ABI info - done
-- Check for working CXX compiler: /home/gturrisi-iit.local/miniforge3/envs/basic_locomotion_dls_isaaclab_ros2_env/bin/x86_64-conda-linux-gnu-c++ - skipped
-- Detecting CXX compile features
-- Detecting CXX compile features - done
-- Found ament_cmake: 1.3.12 (/home/gturrisi-iit.local/miniforge3/envs/basic_locomotion_dls_isaaclab_ros2_env/share/ament_cmake/cmake)
-- Found Python3: /home/gturrisi-iit.local/miniforge3/envs/basic_locomotion_dls_isaaclab_ros2_env/bin/python3 (found version "3.11.14") found components: Interpreter
-- Found unitree_go: 0.0.0 (/home/gturrisi-iit.local/other_ws_home/unitree_ros2_dls/unitree_ros2/cyclonedds_ws/install/unitree_go/share/unitree_go/cmake)
-- Found rosidl_generator_c: 3.1.6 (/home/gturrisi-iit.local/miniforge3/envs/basic_locomotion_dls_isaaclab_ros2_env/share/rosidl_generator_c/cmake)
-- Found rosidl_adapter: 3.1.6 (/home/gturrisi-iit.local/miniforge3/envs/basic_locomotion_dls_isaaclab_ros2_env/share/rosidl_adapter/cmake)
-- Found rosidl_generator_cpp: 3.1.6 (/home/gturrisi-iit.local/miniforge3/envs/basic_locomotion_dls_isaaclab_ros2_env/share/rosidl_generator_cpp/cmake)
-- Using all available rosidl_typesupport_c: rosidl_typesupport_fastrtps_c;rosidl_typesupport_introspection_c
-- Using all available rosidl_typesupport_cpp: rosidl_typesupport_fastrtps_cpp;rosidl_typesupport_introspection_cpp
-- Found dls2_interface: 0.0.0 (/home/gturrisi-iit.local/other_ws_home/unitree_ros2_dls/ros2_ws/install/dls2_interface/share/dls2_interface/cmake)
-- Found unitree_hg: 0.0.0 (/home/gturrisi-iit.local/other_ws_home/unitree_ros2_dls/unitree_ros2/cyclonedds_ws/install/unitree_hg/share/unitree_hg/cmake)
-- Found unitree_api: 0.0.0 (/home/gturrisi-iit.local/other_ws_home/unitree_ros2_dls/unitree_ros2/cyclonedds_ws/install/unitree_api/share/unitree_api/cmake)
-- Found rclcpp: 16.0.13 (/home/gturrisi-iit.local/miniforge3/envs/basic_locomotion_dls_isaaclab_ros2_env/share/rclcpp/cmake)
-- Checking for module 'yaml-0.1'
--   Found yaml-0.1, version 0.2.5
-- Found rmw_implementation_cmake: 6.1.2 (/home/gturrisi-iit.local/miniforge3/envs/basic_locomotion_dls_isaaclab_ros2_env/share/rmw_implementation_cmake/cmake)
-- Found rmw_cyclonedds_cpp: 1.3.4 (/home/gturrisi-iit.local/miniforge3/envs/basic_locomotion_dls_isaaclab_ros2_env/share/rmw_cyclonedds_cpp/cmake)
-- Using RMW implementation 'rmw_cyclonedds_cpp' as default
-- Performing Test CMAKE_HAVE_LIBC_PTHREAD
-- Performing Test CMAKE_HAVE_LIBC_PTHREAD - Success
-- Found Threads: TRUE
-- Found rosbag2_cpp: 0.15.14 (/home/gturrisi-iit.local/miniforge3/envs/basic_locomotion_dls_isaaclab_ros2_env/share/rosbag2_cpp/cmake)
-- Found TinyXML2 via Config file: /home/gturrisi-iit.local/miniforge3/envs/basic_locomotion_dls_isaaclab_ros2_env/lib/cmake/tinyxml2
-- Found ament_lint_auto: 0.12.12 (/home/gturrisi-iit.local/miniforge3/envs/basic_locomotion_dls_isaaclab_ros2_env/share/ament_lint_auto/cmake)
-- Added test 'copyright' to check source files copyright and LICENSE
-- Added test 'cppcheck' to perform static code analysis on C / C++ code
-- Configured cppcheck include dirs: /home/gturrisi-iit.local/other_ws_home/unitree_ros2_dls/ros2_ws/src/quadruped_hal/./../../../unitree_ros2/example/src/include;/home/gturrisi-iit.local/other_ws_home/unitree_ros2_dls/ros2_ws/src/quadruped_hal/./../../../unitree_ros2/example/src/include/common;/home/gturrisi-iit.local/other_ws_home/unitree_ros2_dls/ros2_ws/src/quadruped_hal/./../../unitree_ros2/example/src/include/nlohmann
-- Configured cppcheck exclude dirs and/or files: 
-- Added test 'cpplint' to check C / C++ code against the Google style
-- Configured cpplint exclude dirs and/or files: 
-- Added test 'lint_cmake' to check CMake code style
-- Added test 'uncrustify' to check C / C++ code style
-- Configured uncrustify additional arguments: 
-- Added test 'xmllint' to check XML markup files
-- Configuring done (1.2s)
-- Generating done (0.0s)
-- Build files have been written to: /home/gturrisi-iit.local/other_ws_home/unitree_ros2_dls/ros2_ws/build/quadruped_hal
[ 33%] [32mBuilding CXX object CMakeFiles/quadruped_hal.dir/home/gturrisi-iit.local/other_ws_home/unitree_ros2_dls/unitree_ros2/example/src/src/common/motor_crc.cpp.o[0m
[ 66%] [32mBuilding CXX object CMakeFiles/quadruped_hal.dir/quadruped_hal.cpp.o[0m
In file included from [01m[K/home/gturrisi-iit.local/other_ws_home/unitree_ros2_dls/ros2_ws/src/quadruped_hal/./../../../unitree_ros2/example/src/include/common/base_client.hpp:11[m[K,
                 from [01m[K/home/gturrisi-iit.local/other_ws_home/unitree_ros2_dls/ros2_ws/src/quadruped_hal/./../../../unitree_ros2/example/src/include/g1/g1_motion_switch_client.hpp:11[m[K,
                 from [01m[K/home/gturrisi-iit.local/other_ws_home/unitree_ros2_dls/ros2_ws/src/quadruped_hal/quadruped_hal.cpp:12[m[K:
[01m[K/home/gturrisi-iit.local/other_ws_home/unitree_ros2_dls/ros2_ws/src/quadruped_hal/./../../../unitree_ros2/example/src/include/common/ut_errror.hpp:13:59:[m[K [01;35m[Kwarning: [m[Kbackslash-newline at end of file
   13 | #define UT_PRINT_ERR(code, error)                         \
[01m[K/home/gturrisi-iit.local/other_ws_home/unitree_ros2_dls/ros2_ws/src/quadruped_hal/quadruped_hal.cpp:[m[K In member function '[01m[Kvoid LowLevelCmdNode::[01;32m[KInit[m[K()[m[K':
[01m[K/home/gturrisi-iit.local/other_ws_home/unitree_ros2_dls/ros2_ws/src/quadruped_hal/quadruped_hal.cpp:73:11:[m[K [01;35m[Kwarning: [m[Kvariable '[01m[Kret[m[K' set but not used [[01;35m[K]8;;https://gcc.gnu.org/onlinedocs/gcc-14.3.0/gcc/Warning-Options.html#index-Wno-unused-but-set-variable-Wunused-but-set-variable]8;;[m[K]
   73 |   int32_t [01;35m[Kret[m[K = client_->ReleaseMode();
      |           [01;35m[K^~~[m[K
[100%] [1m[32mLinking CXX executable quadruped_hal[0m
[100%] Built target quadruped_hal
-- Install configuration: ""
-- Installing: /home/gturrisi-iit.local/other_ws_home/unitree_ros2_dls/ros2_ws/install/quadruped_hal/bin/quadruped_hal
-- Set non-toolchain portion of runtime path of "/home/gturrisi-iit.local/other_ws_home/unitree_ros2_dls/ros2_ws/install/quadruped_hal/bin/quadruped_hal" to ""
-- Installing: /home/gturrisi-iit.local/other_ws_home/unitree_ros2_dls/ros2_ws/install/quadruped_hal/share/ament_index/resource_index/package_run_dependencies/quadruped_hal
-- Installing: /home/gturrisi-iit.local/other_ws_home/unitree_ros2_dls/ros2_ws/install/quadruped_hal/share/ament_index/resource_index/parent_prefix_path/quadruped_hal
-- Installing: /home/gturrisi-iit.local/other_ws_home/unitree_ros2_dls/ros2_ws/install/quadruped_hal/share/quadruped_hal/environment/ament_prefix_path.sh
-- Installing: /home/gturrisi-iit.local/other_ws_home/unitree_ros2_dls/ros2_ws/install/quadruped_hal/share/quadruped_hal/environment/ament_prefix_path.dsv
-- Installing: /home/gturrisi-iit.local/other_ws_home/unitree_ros2_dls/ros2_ws/install/quadruped_hal/share/quadruped_hal/environment/path.sh
-- Installing: /home/gturrisi-iit.local/other_ws_home/unitree_ros2_dls/ros2_ws/install/quadruped_hal/share/quadruped_hal/environment/path.dsv
-- Installing: /home/gturrisi-iit.local/other_ws_home/unitree_ros2_dls/ros2_ws/install/quadruped_hal/share/quadruped_hal/local_setup.bash
-- Installing: /home/gturrisi-iit.local/other_ws_home/unitree_ros2_dls/ros2_ws/install/quadruped_hal/share/quadruped_hal/local_setup.sh
-- Installing: /home/gturrisi-iit.local/other_ws_home/unitree_ros2_dls/ros2_ws/install/quadruped_hal/share/quadruped_hal/local_setup.zsh
-- Installing: /home/gturrisi-iit.local/other_ws_home/unitree_ros2_dls/ros2_ws/install/quadruped_hal/share/quadruped_hal/local_setup.dsv
-- Installing: /home/gturrisi-iit.local/other_ws_home/unitree_ros2_dls/ros2_ws/install/quadruped_hal/share/quadruped_hal/package.dsv
-- Installing: /home/gturrisi-iit.local/other_ws_home/unitree_ros2_dls/ros2_ws/install/quadruped_hal/share/ament_index/resource_index/packages/quadruped_hal
-- Installing: /home/gturrisi-iit.local/other_ws_home/unitree_ros2_dls/ros2_ws/install/quadruped_hal/share/quadruped_hal/cmake/quadruped_halConfig.cmake
-- Installing: /home/gturrisi-iit.local/other_ws_home/unitree_ros2_dls/ros2_ws/install/quadruped_hal/share/quadruped_hal/cmake/quadruped_halConfig-version.cmake
-- Installing: /home/gturrisi-iit.local/other_ws_home/unitree_ros2_dls/ros2_ws/install/quadruped_hal/share/quadruped_hal/package.xml
