[0.005s] Invoking command in '/home/gturrisi-iit.local/other_ws_home/unitree_ros2_dls/ros2_ws/build/quadruped_hal': AMENT_PREFIX_PATH=/home/gturrisi-iit.local/other_ws_home/unitree_ros2_dls/ros2_ws/install/dls2_interface:${AMENT_PREFIX_PATH} CMAKE_PREFIX_PATH=/home/gturrisi-iit.local/other_ws_home/unitree_ros2_dls/ros2_ws/install/dls2_interface:${CMAKE_PREFIX_PATH} CONDA_PROMPT_MODIFIER=(basic_locomotion_dls_isaaclab_ros2_env) DEBUGINFOD_URLS=https://debuginfod.ubuntu.com LD_LIBRARY_PATH=/home/gturrisi-iit.local/other_ws_home/unitree_ros2_dls/ros2_ws/install/dls2_interface/lib:${LD_LIBRARY_PATH} PYTHONPATH=/home/gturrisi-iit.local/other_ws_home/unitree_ros2_dls/ros2_ws/install/dls2_interface/lib/python3.11/site-packages:${PYTHONPATH} /home/gturrisi-iit.local/miniforge3/envs/basic_locomotion_dls_isaaclab_ros2_env/bin/cmake /home/gturrisi-iit.local/other_ws_home/unitree_ros2_dls/ros2_ws/src/quadruped_hal -DCMAKE_INSTALL_PREFIX=/home/gturrisi-iit.local/other_ws_home/unitree_ros2_dls/ros2_ws/install/quadruped_hal
[0.012s] [0mCMake Deprecation Warning at CMakeLists.txt:1 (cmake_minimum_required):
[0.012s]   Compatibility with CMake < 3.10 will be removed from a future version of
[0.012s]   CMake.
[0.012s] 
[0.012s]   Update the VERSION argument <min> value.  Or, use the <min>...<max> syntax
[0.012s]   to tell CMake that the project requires at least <min> but has been updated
[0.012s]   to work with policies introduced by <max> or earlier.
[0.012s] 
[0.012s] [0m
[0.051s] -- The C compiler identification is GNU 14.3.0
[0.111s] -- The CXX compiler identification is GNU 14.3.0
[0.117s] -- Detecting C compiler ABI info
[0.177s] -- Detecting C compiler ABI info - done
[0.189s] -- Check for working C compiler: /home/gturrisi-iit.local/miniforge3/envs/basic_locomotion_dls_isaaclab_ros2_env/bin/x86_64-conda-linux-gnu-cc - skipped
[0.189s] -- Detecting C compile features
[0.190s] -- Detecting C compile features - done
[0.200s] -- Detecting CXX compiler ABI info
[0.267s] -- Detecting CXX compiler ABI info - done
[0.280s] -- Check for working CXX compiler: /home/gturrisi-iit.local/miniforge3/envs/basic_locomotion_dls_isaaclab_ros2_env/bin/x86_64-conda-linux-gnu-c++ - skipped
[0.280s] -- Detecting CXX compile features
[0.281s] -- Detecting CXX compile features - done
[0.292s] -- Found ament_cmake: 1.3.12 (/home/gturrisi-iit.local/miniforge3/envs/basic_locomotion_dls_isaaclab_ros2_env/share/ament_cmake/cmake)
[0.368s] -- Found Python3: /home/gturrisi-iit.local/miniforge3/envs/basic_locomotion_dls_isaaclab_ros2_env/bin/python3 (found version "3.11.14") found components: Interpreter
[0.440s] -- Found unitree_go: 0.0.0 (/home/gturrisi-iit.local/other_ws_home/unitree_ros2_dls/unitree_ros2/cyclonedds_ws/install/unitree_go/share/unitree_go/cmake)
[0.484s] -- Found rosidl_generator_c: 3.1.6 (/home/gturrisi-iit.local/miniforge3/envs/basic_locomotion_dls_isaaclab_ros2_env/share/rosidl_generator_c/cmake)
[0.489s] -- Found rosidl_adapter: 3.1.6 (/home/gturrisi-iit.local/miniforge3/envs/basic_locomotion_dls_isaaclab_ros2_env/share/rosidl_adapter/cmake)
[0.496s] -- Found rosidl_generator_cpp: 3.1.6 (/home/gturrisi-iit.local/miniforge3/envs/basic_locomotion_dls_isaaclab_ros2_env/share/rosidl_generator_cpp/cmake)
[0.507s] -- Using all available rosidl_typesupport_c: rosidl_typesupport_fastrtps_c;rosidl_typesupport_introspection_c
[0.523s] -- Using all available rosidl_typesupport_cpp: rosidl_typesupport_fastrtps_cpp;rosidl_typesupport_introspection_cpp
[0.573s] -- Found dls2_interface: 0.0.0 (/home/gturrisi-iit.local/other_ws_home/unitree_ros2_dls/ros2_ws/install/dls2_interface/share/dls2_interface/cmake)
[0.579s] -- Found unitree_hg: 0.0.0 (/home/gturrisi-iit.local/other_ws_home/unitree_ros2_dls/unitree_ros2/cyclonedds_ws/install/unitree_hg/share/unitree_hg/cmake)
[0.590s] -- Found unitree_api: 0.0.0 (/home/gturrisi-iit.local/other_ws_home/unitree_ros2_dls/unitree_ros2/cyclonedds_ws/install/unitree_api/share/unitree_api/cmake)
[0.608s] -- Found rclcpp: 16.0.13 (/home/gturrisi-iit.local/miniforge3/envs/basic_locomotion_dls_isaaclab_ros2_env/share/rclcpp/cmake)
[0.683s] -- Checking for module 'yaml-0.1'
[0.764s] --   Found yaml-0.1, version 0.2.5
[0.979s] -- Found rmw_implementation_cmake: 6.1.2 (/home/gturrisi-iit.local/miniforge3/envs/basic_locomotion_dls_isaaclab_ros2_env/share/rmw_implementation_cmake/cmake)
[0.982s] -- Found rmw_cyclonedds_cpp: 1.3.4 (/home/gturrisi-iit.local/miniforge3/envs/basic_locomotion_dls_isaaclab_ros2_env/share/rmw_cyclonedds_cpp/cmake)
[1.005s] -- Using RMW implementation 'rmw_cyclonedds_cpp' as default
[1.012s] -- Performing Test CMAKE_HAVE_LIBC_PTHREAD
[1.090s] -- Performing Test CMAKE_HAVE_LIBC_PTHREAD - Success
[1.091s] -- Found Threads: TRUE
[1.132s] -- Found rosbag2_cpp: 0.15.14 (/home/gturrisi-iit.local/miniforge3/envs/basic_locomotion_dls_isaaclab_ros2_env/share/rosbag2_cpp/cmake)
[1.148s] -- Found TinyXML2 via Config file: /home/gturrisi-iit.local/miniforge3/envs/basic_locomotion_dls_isaaclab_ros2_env/lib/cmake/tinyxml2
[1.164s] -- Found ament_lint_auto: 0.12.12 (/home/gturrisi-iit.local/miniforge3/envs/basic_locomotion_dls_isaaclab_ros2_env/share/ament_lint_auto/cmake)
[1.240s] -- Added test 'copyright' to check source files copyright and LICENSE
[1.240s] -- Added test 'cppcheck' to perform static code analysis on C / C++ code
[1.240s] -- Configured cppcheck include dirs: /home/gturrisi-iit.local/other_ws_home/unitree_ros2_dls/ros2_ws/src/quadruped_hal/./../../../unitree_ros2/example/src/include;/home/gturrisi-iit.local/other_ws_home/unitree_ros2_dls/ros2_ws/src/quadruped_hal/./../../../unitree_ros2/example/src/include/common;/home/gturrisi-iit.local/other_ws_home/unitree_ros2_dls/ros2_ws/src/quadruped_hal/./../../unitree_ros2/example/src/include/nlohmann
[1.240s] -- Configured cppcheck exclude dirs and/or files: 
[1.241s] -- Added test 'cpplint' to check C / C++ code against the Google style
[1.241s] -- Configured cpplint exclude dirs and/or files: 
[1.241s] -- Added test 'lint_cmake' to check CMake code style
[1.241s] -- Added test 'uncrustify' to check C / C++ code style
[1.241s] -- Configured uncrustify additional arguments: 
[1.242s] -- Added test 'xmllint' to check XML markup files
[1.243s] -- Configuring done (1.2s)
[1.260s] -- Generating done (0.0s)
[1.275s] -- Build files have been written to: /home/gturrisi-iit.local/other_ws_home/unitree_ros2_dls/ros2_ws/build/quadruped_hal
[1.282s] Invoked command in '/home/gturrisi-iit.local/other_ws_home/unitree_ros2_dls/ros2_ws/build/quadruped_hal' returned '0': AMENT_PREFIX_PATH=/home/gturrisi-iit.local/other_ws_home/unitree_ros2_dls/ros2_ws/install/dls2_interface:${AMENT_PREFIX_PATH} CMAKE_PREFIX_PATH=/home/gturrisi-iit.local/other_ws_home/unitree_ros2_dls/ros2_ws/install/dls2_interface:${CMAKE_PREFIX_PATH} CONDA_PROMPT_MODIFIER=(basic_locomotion_dls_isaaclab_ros2_env) DEBUGINFOD_URLS=https://debuginfod.ubuntu.com LD_LIBRARY_PATH=/home/gturrisi-iit.local/other_ws_home/unitree_ros2_dls/ros2_ws/install/dls2_interface/lib:${LD_LIBRARY_PATH} PYTHONPATH=/home/gturrisi-iit.local/other_ws_home/unitree_ros2_dls/ros2_ws/install/dls2_interface/lib/python3.11/site-packages:${PYTHONPATH} /home/gturrisi-iit.local/miniforge3/envs/basic_locomotion_dls_isaaclab_ros2_env/bin/cmake /home/gturrisi-iit.local/other_ws_home/unitree_ros2_dls/ros2_ws/src/quadruped_hal -DCMAKE_INSTALL_PREFIX=/home/gturrisi-iit.local/other_ws_home/unitree_ros2_dls/ros2_ws/install/quadruped_hal
[1.282s] Invoking command in '/home/gturrisi-iit.local/other_ws_home/unitree_ros2_dls/ros2_ws/build/quadruped_hal': AMENT_PREFIX_PATH=/home/gturrisi-iit.local/other_ws_home/unitree_ros2_dls/ros2_ws/install/dls2_interface:${AMENT_PREFIX_PATH} CMAKE_PREFIX_PATH=/home/gturrisi-iit.local/other_ws_home/unitree_ros2_dls/ros2_ws/install/dls2_interface:${CMAKE_PREFIX_PATH} CONDA_PROMPT_MODIFIER=(basic_locomotion_dls_isaaclab_ros2_env) DEBUGINFOD_URLS=https://debuginfod.ubuntu.com LD_LIBRARY_PATH=/home/gturrisi-iit.local/other_ws_home/unitree_ros2_dls/ros2_ws/install/dls2_interface/lib:${LD_LIBRARY_PATH} PYTHONPATH=/home/gturrisi-iit.local/other_ws_home/unitree_ros2_dls/ros2_ws/install/dls2_interface/lib/python3.11/site-packages:${PYTHONPATH} /home/gturrisi-iit.local/miniforge3/envs/basic_locomotion_dls_isaaclab_ros2_env/bin/cmake --build /home/gturrisi-iit.local/other_ws_home/unitree_ros2_dls/ros2_ws/build/quadruped_hal -- -j16 -l16
[1.332s] [ 33%] [32mBuilding CXX object CMakeFiles/quadruped_hal.dir/home/gturrisi-iit.local/other_ws_home/unitree_ros2_dls/unitree_ros2/example/src/src/common/motor_crc.cpp.o[0m
[1.332s] [ 66%] [32mBuilding CXX object CMakeFiles/quadruped_hal.dir/quadruped_hal.cpp.o[0m
[1.642s] In file included from [01m[K/home/gturrisi-iit.local/other_ws_home/unitree_ros2_dls/ros2_ws/src/quadruped_hal/./../../../unitree_ros2/example/src/include/common/base_client.hpp:11[m[K,
[1.642s]                  from [01m[K/home/gturrisi-iit.local/other_ws_home/unitree_ros2_dls/ros2_ws/src/quadruped_hal/./../../../unitree_ros2/example/src/include/g1/g1_motion_switch_client.hpp:11[m[K,
[1.642s]                  from [01m[K/home/gturrisi-iit.local/other_ws_home/unitree_ros2_dls/ros2_ws/src/quadruped_hal/quadruped_hal.cpp:12[m[K:
[1.642s] [01m[K/home/gturrisi-iit.local/other_ws_home/unitree_ros2_dls/ros2_ws/src/quadruped_hal/./../../../unitree_ros2/example/src/include/common/ut_errror.hpp:13:59:[m[K [01;35m[Kwarning: [m[Kbackslash-newline at end of file
[1.642s]    13 | #define UT_PRINT_ERR(code, error)                         \
[2.810s] [01m[K/home/gturrisi-iit.local/other_ws_home/unitree_ros2_dls/ros2_ws/src/quadruped_hal/quadruped_hal.cpp:[m[K In member function '[01m[Kvoid LowLevelCmdNode::[01;32m[KInit[m[K()[m[K':
[2.810s] [01m[K/home/gturrisi-iit.local/other_ws_home/unitree_ros2_dls/ros2_ws/src/quadruped_hal/quadruped_hal.cpp:73:11:[m[K [01;35m[Kwarning: [m[Kvariable '[01m[Kret[m[K' set but not used [[01;35m[K]8;;https://gcc.gnu.org/onlinedocs/gcc-14.3.0/gcc/Warning-Options.html#index-Wno-unused-but-set-variable-Wunused-but-set-variable]8;;[m[K]
[2.810s]    73 |   int32_t [01;35m[Kret[m[K = client_->ReleaseMode();
[2.810s]       |           [01;35m[K^~~[m[K
[13.779s] [100%] [1m[32mLinking CXX executable quadruped_hal[0m
[13.904s] [100%] Built target quadruped_hal
[13.911s] Invoked command in '/home/gturrisi-iit.local/other_ws_home/unitree_ros2_dls/ros2_ws/build/quadruped_hal' returned '0': AMENT_PREFIX_PATH=/home/gturrisi-iit.local/other_ws_home/unitree_ros2_dls/ros2_ws/install/dls2_interface:${AMENT_PREFIX_PATH} CMAKE_PREFIX_PATH=/home/gturrisi-iit.local/other_ws_home/unitree_ros2_dls/ros2_ws/install/dls2_interface:${CMAKE_PREFIX_PATH} CONDA_PROMPT_MODIFIER=(basic_locomotion_dls_isaaclab_ros2_env) DEBUGINFOD_URLS=https://debuginfod.ubuntu.com LD_LIBRARY_PATH=/home/gturrisi-iit.local/other_ws_home/unitree_ros2_dls/ros2_ws/install/dls2_interface/lib:${LD_LIBRARY_PATH} PYTHONPATH=/home/gturrisi-iit.local/other_ws_home/unitree_ros2_dls/ros2_ws/install/dls2_interface/lib/python3.11/site-packages:${PYTHONPATH} /home/gturrisi-iit.local/miniforge3/envs/basic_locomotion_dls_isaaclab_ros2_env/bin/cmake --build /home/gturrisi-iit.local/other_ws_home/unitree_ros2_dls/ros2_ws/build/quadruped_hal -- -j16 -l16
[13.912s] Invoking command in '/home/gturrisi-iit.local/other_ws_home/unitree_ros2_dls/ros2_ws/build/quadruped_hal': AMENT_PREFIX_PATH=/home/gturrisi-iit.local/other_ws_home/unitree_ros2_dls/ros2_ws/install/dls2_interface:${AMENT_PREFIX_PATH} CMAKE_PREFIX_PATH=/home/gturrisi-iit.local/other_ws_home/unitree_ros2_dls/ros2_ws/install/dls2_interface:${CMAKE_PREFIX_PATH} CONDA_PROMPT_MODIFIER=(basic_locomotion_dls_isaaclab_ros2_env) DEBUGINFOD_URLS=https://debuginfod.ubuntu.com LD_LIBRARY_PATH=/home/gturrisi-iit.local/other_ws_home/unitree_ros2_dls/ros2_ws/install/dls2_interface/lib:${LD_LIBRARY_PATH} PYTHONPATH=/home/gturrisi-iit.local/other_ws_home/unitree_ros2_dls/ros2_ws/install/dls2_interface/lib/python3.11/site-packages:${PYTHONPATH} /home/gturrisi-iit.local/miniforge3/envs/basic_locomotion_dls_isaaclab_ros2_env/bin/cmake --install /home/gturrisi-iit.local/other_ws_home/unitree_ros2_dls/ros2_ws/build/quadruped_hal
[13.919s] -- Install configuration: ""
[13.919s] -- Installing: /home/gturrisi-iit.local/other_ws_home/unitree_ros2_dls/ros2_ws/install/quadruped_hal/bin/quadruped_hal
[13.919s] -- Set non-toolchain portion of runtime path of "/home/gturrisi-iit.local/other_ws_home/unitree_ros2_dls/ros2_ws/install/quadruped_hal/bin/quadruped_hal" to ""
[13.920s] -- Installing: /home/gturrisi-iit.local/other_ws_home/unitree_ros2_dls/ros2_ws/install/quadruped_hal/share/ament_index/resource_index/package_run_dependencies/quadruped_hal
[13.920s] -- Installing: /home/gturrisi-iit.local/other_ws_home/unitree_ros2_dls/ros2_ws/install/quadruped_hal/share/ament_index/resource_index/parent_prefix_path/quadruped_hal
[13.920s] -- Installing: /home/gturrisi-iit.local/other_ws_home/unitree_ros2_dls/ros2_ws/install/quadruped_hal/share/quadruped_hal/environment/ament_prefix_path.sh
[13.920s] -- Installing: /home/gturrisi-iit.local/other_ws_home/unitree_ros2_dls/ros2_ws/install/quadruped_hal/share/quadruped_hal/environment/ament_prefix_path.dsv
[13.920s] -- Installing: /home/gturrisi-iit.local/other_ws_home/unitree_ros2_dls/ros2_ws/install/quadruped_hal/share/quadruped_hal/environment/path.sh
[13.920s] -- Installing: /home/gturrisi-iit.local/other_ws_home/unitree_ros2_dls/ros2_ws/install/quadruped_hal/share/quadruped_hal/environment/path.dsv
[13.920s] -- Installing: /home/gturrisi-iit.local/other_ws_home/unitree_ros2_dls/ros2_ws/install/quadruped_hal/share/quadruped_hal/local_setup.bash
[13.920s] -- Installing: /home/gturrisi-iit.local/other_ws_home/unitree_ros2_dls/ros2_ws/install/quadruped_hal/share/quadruped_hal/local_setup.sh
[13.920s] -- Installing: /home/gturrisi-iit.local/other_ws_home/unitree_ros2_dls/ros2_ws/install/quadruped_hal/share/quadruped_hal/local_setup.zsh
[13.920s] -- Installing: /home/gturrisi-iit.local/other_ws_home/unitree_ros2_dls/ros2_ws/install/quadruped_hal/share/quadruped_hal/local_setup.dsv
[13.920s] -- Installing: /home/gturrisi-iit.local/other_ws_home/unitree_ros2_dls/ros2_ws/install/quadruped_hal/share/quadruped_hal/package.dsv
[13.920s] -- Installing: /home/gturrisi-iit.local/other_ws_home/unitree_ros2_dls/ros2_ws/install/quadruped_hal/share/ament_index/resource_index/packages/quadruped_hal
[13.920s] -- Installing: /home/gturrisi-iit.local/other_ws_home/unitree_ros2_dls/ros2_ws/install/quadruped_hal/share/quadruped_hal/cmake/quadruped_halConfig.cmake
[13.920s] -- Installing: /home/gturrisi-iit.local/other_ws_home/unitree_ros2_dls/ros2_ws/install/quadruped_hal/share/quadruped_hal/cmake/quadruped_halConfig-version.cmake
[13.920s] -- Installing: /home/gturrisi-iit.local/other_ws_home/unitree_ros2_dls/ros2_ws/install/quadruped_hal/share/quadruped_hal/package.xml
[13.921s] Invoked command in '/home/gturrisi-iit.local/other_ws_home/unitree_ros2_dls/ros2_ws/build/quadruped_hal' returned '0': AMENT_PREFIX_PATH=/home/gturrisi-iit.local/other_ws_home/unitree_ros2_dls/ros2_ws/install/dls2_interface:${AMENT_PREFIX_PATH} CMAKE_PREFIX_PATH=/home/gturrisi-iit.local/other_ws_home/unitree_ros2_dls/ros2_ws/install/dls2_interface:${CMAKE_PREFIX_PATH} CONDA_PROMPT_MODIFIER=(basic_locomotion_dls_isaaclab_ros2_env) DEBUGINFOD_URLS=https://debuginfod.ubuntu.com LD_LIBRARY_PATH=/home/gturrisi-iit.local/other_ws_home/unitree_ros2_dls/ros2_ws/install/dls2_interface/lib:${LD_LIBRARY_PATH} PYTHONPATH=/home/gturrisi-iit.local/other_ws_home/unitree_ros2_dls/ros2_ws/install/dls2_interface/lib/python3.11/site-packages:${PYTHONPATH} /home/gturrisi-iit.local/miniforge3/envs/basic_locomotion_dls_isaaclab_ros2_env/bin/cmake --install /home/gturrisi-iit.local/other_ws_home/unitree_ros2_dls/ros2_ws/build/quadruped_hal
