[33mCMake Warning (dev) at /home/gturrisi-iit.local/miniforge3/envs/basic_locomotion_dls_isaaclab_ros2_env/share/python_cmake_module/cmake/Modules/FindPythonExtra.cmake:52 (find_package):
  Policy CMP0148 is not set: The FindPythonInterp and FindPythonLibs modules
  are removed.  Run "cmake --help-policy CMP0148" for policy details.  Use
  the cmake_policy command to set the policy and suppress this warning.

Call Stack (most recent call first):
  /home/gturrisi-iit.local/miniforge3/envs/basic_locomotion_dls_isaaclab_ros2_env/share/rosidl_generator_py/cmake/rosidl_generator_py_generate_interfaces.cmake:33 (find_package)
  /home/gturrisi-iit.local/miniforge3/envs/basic_locomotion_dls_isaaclab_ros2_env/share/ament_cmake_core/cmake/core/ament_execute_extensions.cmake:48 (include)
  /home/gturrisi-iit.local/miniforge3/envs/basic_locomotion_dls_isaaclab_ros2_env/share/rosidl_cmake/cmake/rosidl_generate_interfaces.cmake:286 (ament_execute_extensions)
  CMakeLists.txt:13 (rosidl_generate_interfaces)
This warning is for project developers.  Use -Wno-dev to suppress it.
[0m
[33mCMake Warning (dev) at /home/gturrisi-iit.local/miniforge3/envs/basic_locomotion_dls_isaaclab_ros2_env/share/python_cmake_module/cmake/Modules/FindPythonExtra.cmake:140 (find_package):
  Policy CMP0148 is not set: The FindPythonInterp and FindPythonLibs modules
  are removed.  Run "cmake --help-policy CMP0148" for policy details.  Use
  the cmake_policy command to set the policy and suppress this warning.

Call Stack (most recent call first):
  /home/gturrisi-iit.local/miniforge3/envs/basic_locomotion_dls_isaaclab_ros2_env/share/rosidl_generator_py/cmake/rosidl_generator_py_generate_interfaces.cmake:33 (find_package)
  /home/gturrisi-iit.local/miniforge3/envs/basic_locomotion_dls_isaaclab_ros2_env/share/ament_cmake_core/cmake/core/ament_execute_extensions.cmake:48 (include)
  /home/gturrisi-iit.local/miniforge3/envs/basic_locomotion_dls_isaaclab_ros2_env/share/rosidl_cmake/cmake/rosidl_generate_interfaces.cmake:286 (ament_execute_extensions)
  CMakeLists.txt:13 (rosidl_generate_interfaces)
This warning is for project developers.  Use -Wno-dev to suppress it.
[0m
