-- The C compiler identification is GNU 14.3.0
-- The CXX compiler identification is GNU 14.3.0
-- Detecting C compiler ABI info
-- Detecting C compiler ABI info - done
-- Check for working C compiler: /home/gturrisi-iit.local/miniforge3/envs/basic_locomotion_dls_isaaclab_ros2_env/bin/x86_64-conda-linux-gnu-cc - skipped
-- Detecting C compile features
-- Detecting C compile features - done
-- Detecting CXX compiler ABI info
-- Detecting CXX compiler ABI info - done
-- Check for working CXX compiler: /home/gturrisi-iit.local/miniforge3/envs/basic_locomotion_dls_isaaclab_ros2_env/bin/x86_64-conda-linux-gnu-c++ - skipped
-- Detecting CXX compile features
-- Detecting CXX compile features - done
-- Found ament_cmake: 1.3.12 (/home/gturrisi-iit.local/miniforge3/envs/basic_locomotion_dls_isaaclab_ros2_env/share/ament_cmake/cmake)
-- Found Python3: /home/gturrisi-iit.local/miniforge3/envs/basic_locomotion_dls_isaaclab_ros2_env/bin/python3 (found version "3.11.14") found components: Interpreter
-- Found rosidl_default_generators: 1.2.0 (/home/gturrisi-iit.local/miniforge3/envs/basic_locomotion_dls_isaaclab_ros2_env/share/rosidl_default_generators/cmake)
-- Using all available rosidl_typesupport_c: rosidl_typesupport_fastrtps_c;rosidl_typesupport_introspection_c
-- Found rosidl_adapter: 3.1.6 (/home/gturrisi-iit.local/miniforge3/envs/basic_locomotion_dls_isaaclab_ros2_env/share/rosidl_adapter/cmake)
-- Using all available rosidl_typesupport_cpp: rosidl_typesupport_fastrtps_cpp;rosidl_typesupport_introspection_cpp
-- Found ament_cmake_ros: 0.10.0 (/home/gturrisi-iit.local/miniforge3/envs/basic_locomotion_dls_isaaclab_ros2_env/share/ament_cmake_ros/cmake)
-- Using all available rosidl_typesupport_c: rosidl_typesupport_fastrtps_c;rosidl_typesupport_introspection_c
-- Using all available rosidl_typesupport_cpp: rosidl_typesupport_fastrtps_cpp;rosidl_typesupport_introspection_cpp
-- Found python_cmake_module: 0.10.0 (/home/gturrisi-iit.local/miniforge3/envs/basic_locomotion_dls_isaaclab_ros2_env/share/python_cmake_module/cmake)
-- Found PythonInterp: /home/gturrisi-iit.local/miniforge3/envs/basic_locomotion_dls_isaaclab_ros2_env/bin/python3 (found suitable version "3.11.14", minimum required is "3.6")
-- Found PythonLibs: /home/gturrisi-iit.local/miniforge3/envs/basic_locomotion_dls_isaaclab_ros2_env/lib/libpython3.11.so (found suitable version "3.11.14", minimum required is "3.5")
-- Using PYTHON_EXECUTABLE: /home/gturrisi-iit.local/miniforge3/envs/basic_locomotion_dls_isaaclab_ros2_env/bin/python3
-- Using PYTHON_INCLUDE_DIRS: /home/gturrisi-iit.local/miniforge3/envs/basic_locomotion_dls_isaaclab_ros2_env/include/python3.11
-- Using PYTHON_LIBRARIES: /home/gturrisi-iit.local/miniforge3/envs/basic_locomotion_dls_isaaclab_ros2_env/lib/libpython3.11.so
-- Found PythonExtra: .so
-- Found Python: /home/gturrisi-iit.local/miniforge3/envs/basic_locomotion_dls_isaaclab_ros2_env/bin/python3.11 (found version "3.11.14") found components: Interpreter Development NumPy Development.Module Development.Embed
-- Found ament_lint_auto: 0.12.12 (/home/gturrisi-iit.local/miniforge3/envs/basic_locomotion_dls_isaaclab_ros2_env/share/ament_lint_auto/cmake)
-- Added test 'lint_cmake' to check CMake code style
-- Added test 'xmllint' to check XML markup files
-- Configuring done (2.0s)
-- Generating done (0.0s)
-- Build files have been written to: /home/gturrisi-iit.local/other_ws_home/unitree_ros2_dls/ros2_ws/build/dls2_interface
[  1%] [1m[34mGenerating C code for ROS interfaces[0m
[  1%] [1m[34mGenerating C++ code for ROS interfaces[0m
[  1%] Built target ament_cmake_python_copy_dls2_interface
running egg_info
creating dls2_interface.egg-info
writing dls2_interface.egg-info/PKG-INFO
writing dependency_links to dls2_interface.egg-info/dependency_links.txt
writing top-level names to dls2_interface.egg-info/top_level.txt
writing manifest file 'dls2_interface.egg-info/SOURCES.txt'
reading manifest file 'dls2_interface.egg-info/SOURCES.txt'
writing manifest file 'dls2_interface.egg-info/SOURCES.txt'
[  1%] Built target ament_cmake_python_build_dls2_interface_egg
[  1%] Built target dls2_interface__cpp
[  2%] [1m[34mGenerating C++ type support dispatch for ROS interfaces[0m
[  2%] [1m[34mGenerating C++ type support for eProsima Fast-RTPS[0m
[  3%] [1m[34mGenerating C++ introspection for ROS interfaces[0m
[  4%] [32mBuilding C object CMakeFiles/dls2_interface__rosidl_generator_c.dir/rosidl_generator_c/dls2_interface/msg/detail/pose__functions.c.o[0m
[  5%] [32mBuilding C object CMakeFiles/dls2_interface__rosidl_generator_c.dir/rosidl_generator_c/dls2_interface/msg/detail/screw__functions.c.o[0m
[  6%] [32mBuilding C object CMakeFiles/dls2_interface__rosidl_generator_c.dir/rosidl_generator_c/dls2_interface/msg/detail/control_signal__functions.c.o[0m
[  6%] [32mBuilding C object CMakeFiles/dls2_interface__rosidl_generator_c.dir/rosidl_generator_c/dls2_interface/msg/detail/base_state__functions.c.o[0m
[  7%] [32mBuilding C object CMakeFiles/dls2_interface__rosidl_generator_c.dir/rosidl_generator_c/dls2_interface/msg/detail/arm_trajectory_generator__functions.c.o[0m
[  8%] [32mBuilding C object CMakeFiles/dls2_interface__rosidl_generator_c.dir/rosidl_generator_c/dls2_interface/msg/detail/arm_state__functions.c.o[0m
[  9%] [32mBuilding C object CMakeFiles/dls2_interface__rosidl_generator_c.dir/rosidl_generator_c/dls2_interface/msg/detail/blind_state__functions.c.o[0m
[ 10%] [32mBuilding C object CMakeFiles/dls2_interface__rosidl_generator_c.dir/rosidl_generator_c/dls2_interface/msg/detail/trajectory_generator__functions.c.o[0m
[ 12%] [32mBuilding C object CMakeFiles/dls2_interface__rosidl_generator_c.dir/rosidl_generator_c/dls2_interface/msg/detail/feet_contact_state__functions.c.o[0m
[ 12%] [32mBuilding C object CMakeFiles/dls2_interface__rosidl_generator_c.dir/rosidl_generator_c/dls2_interface/msg/detail/imu__functions.c.o[0m
[ 13%] [32mBuilding C object CMakeFiles/dls2_interface__rosidl_generator_c.dir/rosidl_generator_c/dls2_interface/msg/detail/arm_control_signal__functions.c.o[0m
[ 14%] [1m[32mLinking C shared library libdls2_interface__rosidl_generator_c.so[0m
[ 14%] Built target dls2_interface__rosidl_generator_c
[ 15%] [1m[34mGenerating C type support for eProsima Fast-RTPS[0m
[ 16%] [1m[34mGenerating C introspection for ROS interfaces[0m
[ 17%] [1m[34mGenerating C type support dispatch for ROS interfaces[0m
[ 18%] [32mBuilding CXX object CMakeFiles/dls2_interface__rosidl_typesupport_cpp.dir/rosidl_typesupport_cpp/dls2_interface/msg/blind_state__type_support.cpp.o[0m
[ 19%] [32mBuilding CXX object CMakeFiles/dls2_interface__rosidl_typesupport_cpp.dir/rosidl_typesupport_cpp/dls2_interface/msg/base_state__type_support.cpp.o[0m
[ 20%] [32mBuilding CXX object CMakeFiles/dls2_interface__rosidl_typesupport_cpp.dir/rosidl_typesupport_cpp/dls2_interface/msg/imu__type_support.cpp.o[0m
[ 21%] [32mBuilding CXX object CMakeFiles/dls2_interface__rosidl_typesupport_cpp.dir/rosidl_typesupport_cpp/dls2_interface/msg/pose__type_support.cpp.o[0m
[ 22%] [32mBuilding CXX object CMakeFiles/dls2_interface__rosidl_typesupport_cpp.dir/rosidl_typesupport_cpp/dls2_interface/msg/screw__type_support.cpp.o[0m
[ 23%] [32mBuilding CXX object CMakeFiles/dls2_interface__rosidl_typesupport_cpp.dir/rosidl_typesupport_cpp/dls2_interface/msg/control_signal__type_support.cpp.o[0m
[ 23%] [32mBuilding CXX object CMakeFiles/dls2_interface__rosidl_typesupport_cpp.dir/rosidl_typesupport_cpp/dls2_interface/msg/feet_contact_state__type_support.cpp.o[0m
[ 24%] [32mBuilding CXX object CMakeFiles/dls2_interface__rosidl_typesupport_cpp.dir/rosidl_typesupport_cpp/dls2_interface/msg/trajectory_generator__type_support.cpp.o[0m
[ 25%] [32mBuilding CXX object CMakeFiles/dls2_interface__rosidl_typesupport_cpp.dir/rosidl_typesupport_cpp/dls2_interface/msg/arm_state__type_support.cpp.o[0m
[ 26%] [32mBuilding CXX object CMakeFiles/dls2_interface__rosidl_typesupport_cpp.dir/rosidl_typesupport_cpp/dls2_interface/msg/arm_trajectory_generator__type_support.cpp.o[0m
[ 27%] [32mBuilding CXX object CMakeFiles/dls2_interface__rosidl_typesupport_cpp.dir/rosidl_typesupport_cpp/dls2_interface/msg/arm_control_signal__type_support.cpp.o[0m
[ 28%] [32mBuilding CXX object CMakeFiles/dls2_interface__rosidl_typesupport_introspection_cpp.dir/rosidl_typesupport_introspection_cpp/dls2_interface/msg/detail/pose__type_support.cpp.o[0m
[ 28%] [32mBuilding CXX object CMakeFiles/dls2_interface__rosidl_typesupport_introspection_cpp.dir/rosidl_typesupport_introspection_cpp/dls2_interface/msg/detail/screw__type_support.cpp.o[0m
[ 29%] [32mBuilding CXX object CMakeFiles/dls2_interface__rosidl_typesupport_c.dir/rosidl_typesupport_c/dls2_interface/msg/pose__type_support.cpp.o[0m
[ 30%] [32mBuilding CXX object CMakeFiles/dls2_interface__rosidl_typesupport_introspection_cpp.dir/rosidl_typesupport_introspection_cpp/dls2_interface/msg/detail/base_state__type_support.cpp.o[0m
[ 31%] [32mBuilding CXX object CMakeFiles/dls2_interface__rosidl_typesupport_introspection_cpp.dir/rosidl_typesupport_introspection_cpp/dls2_interface/msg/detail/blind_state__type_support.cpp.o[0m
[ 32%] [32mBuilding CXX object CMakeFiles/dls2_interface__rosidl_typesupport_c.dir/rosidl_typesupport_c/dls2_interface/msg/screw__type_support.cpp.o[0m
[ 32%] [32mBuilding CXX object CMakeFiles/dls2_interface__rosidl_typesupport_c.dir/rosidl_typesupport_c/dls2_interface/msg/blind_state__type_support.cpp.o[0m
[ 33%] [32mBuilding CXX object CMakeFiles/dls2_interface__rosidl_typesupport_introspection_cpp.dir/rosidl_typesupport_introspection_cpp/dls2_interface/msg/detail/imu__type_support.cpp.o[0m
[ 34%] [32mBuilding CXX object CMakeFiles/dls2_interface__rosidl_typesupport_fastrtps_cpp.dir/rosidl_typesupport_fastrtps_cpp/dls2_interface/msg/detail/dds_fastrtps/pose__type_support.cpp.o[0m
[ 35%] [32mBuilding CXX object CMakeFiles/dls2_interface__rosidl_typesupport_c.dir/rosidl_typesupport_c/dls2_interface/msg/base_state__type_support.cpp.o[0m
[ 36%] [32mBuilding CXX object CMakeFiles/dls2_interface__rosidl_typesupport_c.dir/rosidl_typesupport_c/dls2_interface/msg/imu__type_support.cpp.o[0m
[ 37%] [32mBuilding CXX object CMakeFiles/dls2_interface__rosidl_typesupport_introspection_cpp.dir/rosidl_typesupport_introspection_cpp/dls2_interface/msg/detail/feet_contact_state__type_support.cpp.o[0m
[ 38%] [32mBuilding CXX object CMakeFiles/dls2_interface__rosidl_typesupport_c.dir/rosidl_typesupport_c/dls2_interface/msg/feet_contact_state__type_support.cpp.o[0m
[ 39%] [32mBuilding CXX object CMakeFiles/dls2_interface__rosidl_typesupport_fastrtps_cpp.dir/rosidl_typesupport_fastrtps_cpp/dls2_interface/msg/detail/dds_fastrtps/screw__type_support.cpp.o[0m
[ 41%] [32mBuilding CXX object CMakeFiles/dls2_interface__rosidl_typesupport_introspection_cpp.dir/rosidl_typesupport_introspection_cpp/dls2_interface/msg/detail/trajectory_generator__type_support.cpp.o[0m
[ 41%] [32mBuilding CXX object CMakeFiles/dls2_interface__rosidl_typesupport_introspection_cpp.dir/rosidl_typesupport_introspection_cpp/dls2_interface/msg/detail/control_signal__type_support.cpp.o[0m
[ 42%] [32mBuilding CXX object CMakeFiles/dls2_interface__rosidl_typesupport_fastrtps_cpp.dir/rosidl_typesupport_fastrtps_cpp/dls2_interface/msg/detail/dds_fastrtps/blind_state__type_support.cpp.o[0m
[ 43%] [32mBuilding CXX object CMakeFiles/dls2_interface__rosidl_typesupport_fastrtps_cpp.dir/rosidl_typesupport_fastrtps_cpp/dls2_interface/msg/detail/dds_fastrtps/base_state__type_support.cpp.o[0m
[ 44%] [1m[32mLinking CXX shared library libdls2_interface__rosidl_typesupport_cpp.so[0m
[ 45%] [32mBuilding CXX object CMakeFiles/dls2_interface__rosidl_typesupport_c.dir/rosidl_typesupport_c/dls2_interface/msg/trajectory_generator__type_support.cpp.o[0m
[ 46%] [32mBuilding C object CMakeFiles/dls2_interface__rosidl_typesupport_introspection_c.dir/rosidl_typesupport_introspection_c/dls2_interface/msg/detail/pose__type_support.c.o[0m
[ 47%] [32mBuilding CXX object CMakeFiles/dls2_interface__rosidl_typesupport_c.dir/rosidl_typesupport_c/dls2_interface/msg/control_signal__type_support.cpp.o[0m
[ 47%] Built target dls2_interface__rosidl_typesupport_cpp
[ 48%] [32mBuilding C object CMakeFiles/dls2_interface__rosidl_typesupport_introspection_c.dir/rosidl_typesupport_introspection_c/dls2_interface/msg/detail/screw__type_support.c.o[0m
[ 50%] [32mBuilding CXX object CMakeFiles/dls2_interface__rosidl_typesupport_c.dir/rosidl_typesupport_c/dls2_interface/msg/arm_state__type_support.cpp.o[0m
[ 50%] [32mBuilding CXX object CMakeFiles/dls2_interface__rosidl_typesupport_fastrtps_c.dir/rosidl_typesupport_fastrtps_c/dls2_interface/msg/detail/pose__type_support_c.cpp.o[0m
[ 51%] [32mBuilding CXX object CMakeFiles/dls2_interface__rosidl_typesupport_c.dir/rosidl_typesupport_c/dls2_interface/msg/arm_trajectory_generator__type_support.cpp.o[0m
[ 52%] [32mBuilding C object CMakeFiles/dls2_interface__rosidl_typesupport_introspection_c.dir/rosidl_typesupport_introspection_c/dls2_interface/msg/detail/blind_state__type_support.c.o[0m
[ 53%] [32mBuilding CXX object CMakeFiles/dls2_interface__rosidl_typesupport_c.dir/rosidl_typesupport_c/dls2_interface/msg/arm_control_signal__type_support.cpp.o[0m
[ 54%] [32mBuilding CXX object CMakeFiles/dls2_interface__rosidl_typesupport_fastrtps_c.dir/rosidl_typesupport_fastrtps_c/dls2_interface/msg/detail/screw__type_support_c.cpp.o[0m
[ 55%] [32mBuilding CXX object CMakeFiles/dls2_interface__rosidl_typesupport_introspection_cpp.dir/rosidl_typesupport_introspection_cpp/dls2_interface/msg/detail/arm_state__type_support.cpp.o[0m
[ 56%] [1m[32mLinking CXX shared library libdls2_interface__rosidl_typesupport_c.so[0m
[ 56%] Built target dls2_interface__rosidl_typesupport_c
[ 57%] [32mBuilding CXX object CMakeFiles/dls2_interface__rosidl_typesupport_introspection_cpp.dir/rosidl_typesupport_introspection_cpp/dls2_interface/msg/detail/arm_trajectory_generator__type_support.cpp.o[0m
[ 58%] [32mBuilding CXX object CMakeFiles/dls2_interface__rosidl_typesupport_fastrtps_cpp.dir/rosidl_typesupport_fastrtps_cpp/dls2_interface/msg/detail/dds_fastrtps/imu__type_support.cpp.o[0m
[ 59%] [32mBuilding C object CMakeFiles/dls2_interface__rosidl_typesupport_introspection_c.dir/rosidl_typesupport_introspection_c/dls2_interface/msg/detail/base_state__type_support.c.o[0m
[ 60%] [32mBuilding C object CMakeFiles/dls2_interface__rosidl_typesupport_introspection_c.dir/rosidl_typesupport_introspection_c/dls2_interface/msg/detail/imu__type_support.c.o[0m
[ 61%] [32mBuilding CXX object CMakeFiles/dls2_interface__rosidl_typesupport_introspection_cpp.dir/rosidl_typesupport_introspection_cpp/dls2_interface/msg/detail/arm_control_signal__type_support.cpp.o[0m
[ 62%] [32mBuilding C object CMakeFiles/dls2_interface__rosidl_typesupport_introspection_c.dir/rosidl_typesupport_introspection_c/dls2_interface/msg/detail/feet_contact_state__type_support.c.o[0m
[ 62%] [32mBuilding C object CMakeFiles/dls2_interface__rosidl_typesupport_introspection_c.dir/rosidl_typesupport_introspection_c/dls2_interface/msg/detail/trajectory_generator__type_support.c.o[0m
[ 63%] [32mBuilding CXX object CMakeFiles/dls2_interface__rosidl_typesupport_fastrtps_c.dir/rosidl_typesupport_fastrtps_c/dls2_interface/msg/detail/blind_state__type_support_c.cpp.o[0m
[ 64%] [32mBuilding CXX object CMakeFiles/dls2_interface__rosidl_typesupport_fastrtps_cpp.dir/rosidl_typesupport_fastrtps_cpp/dls2_interface/msg/detail/dds_fastrtps/feet_contact_state__type_support.cpp.o[0m
[ 65%] [32mBuilding CXX object CMakeFiles/dls2_interface__rosidl_typesupport_fastrtps_c.dir/rosidl_typesupport_fastrtps_c/dls2_interface/msg/detail/base_state__type_support_c.cpp.o[0m
[ 66%] [32mBuilding CXX object CMakeFiles/dls2_interface__rosidl_typesupport_fastrtps_cpp.dir/rosidl_typesupport_fastrtps_cpp/dls2_interface/msg/detail/dds_fastrtps/trajectory_generator__type_support.cpp.o[0m
[ 66%] [32mBuilding CXX object CMakeFiles/dls2_interface__rosidl_typesupport_fastrtps_c.dir/rosidl_typesupport_fastrtps_c/dls2_interface/msg/detail/imu__type_support_c.cpp.o[0m
[ 67%] [32mBuilding C object CMakeFiles/dls2_interface__rosidl_typesupport_introspection_c.dir/rosidl_typesupport_introspection_c/dls2_interface/msg/detail/control_signal__type_support.c.o[0m
[ 68%] [32mBuilding C object CMakeFiles/dls2_interface__rosidl_typesupport_introspection_c.dir/rosidl_typesupport_introspection_c/dls2_interface/msg/detail/arm_state__type_support.c.o[0m
[ 69%] [32mBuilding C object CMakeFiles/dls2_interface__rosidl_typesupport_introspection_c.dir/rosidl_typesupport_introspection_c/dls2_interface/msg/detail/arm_trajectory_generator__type_support.c.o[0m
[ 70%] [32mBuilding CXX object CMakeFiles/dls2_interface__rosidl_typesupport_fastrtps_c.dir/rosidl_typesupport_fastrtps_c/dls2_interface/msg/detail/feet_contact_state__type_support_c.cpp.o[0m
[ 71%] [32mBuilding CXX object CMakeFiles/dls2_interface__rosidl_typesupport_fastrtps_cpp.dir/rosidl_typesupport_fastrtps_cpp/dls2_interface/msg/detail/dds_fastrtps/control_signal__type_support.cpp.o[0m
[ 72%] [32mBuilding CXX object CMakeFiles/dls2_interface__rosidl_typesupport_fastrtps_c.dir/rosidl_typesupport_fastrtps_c/dls2_interface/msg/detail/trajectory_generator__type_support_c.cpp.o[0m
[ 73%] [32mBuilding CXX object CMakeFiles/dls2_interface__rosidl_typesupport_fastrtps_c.dir/rosidl_typesupport_fastrtps_c/dls2_interface/msg/detail/control_signal__type_support_c.cpp.o[0m
[ 74%] [32mBuilding C object CMakeFiles/dls2_interface__rosidl_typesupport_introspection_c.dir/rosidl_typesupport_introspection_c/dls2_interface/msg/detail/arm_control_signal__type_support.c.o[0m
[ 75%] [32mBuilding CXX object CMakeFiles/dls2_interface__rosidl_typesupport_fastrtps_cpp.dir/rosidl_typesupport_fastrtps_cpp/dls2_interface/msg/detail/dds_fastrtps/arm_state__type_support.cpp.o[0m
[ 76%] [1m[32mLinking C shared library libdls2_interface__rosidl_typesupport_introspection_c.so[0m
[ 76%] [32mBuilding CXX object CMakeFiles/dls2_interface__rosidl_typesupport_fastrtps_cpp.dir/rosidl_typesupport_fastrtps_cpp/dls2_interface/msg/detail/dds_fastrtps/arm_trajectory_generator__type_support.cpp.o[0m
[ 77%] [32mBuilding CXX object CMakeFiles/dls2_interface__rosidl_typesupport_fastrtps_c.dir/rosidl_typesupport_fastrtps_c/dls2_interface/msg/detail/arm_state__type_support_c.cpp.o[0m
[ 78%] [32mBuilding CXX object CMakeFiles/dls2_interface__rosidl_typesupport_fastrtps_c.dir/rosidl_typesupport_fastrtps_c/dls2_interface/msg/detail/arm_trajectory_generator__type_support_c.cpp.o[0m
[ 78%] Built target dls2_interface__rosidl_typesupport_introspection_c
[ 79%] [32mBuilding CXX object CMakeFiles/dls2_interface__rosidl_typesupport_fastrtps_cpp.dir/rosidl_typesupport_fastrtps_cpp/dls2_interface/msg/detail/dds_fastrtps/arm_control_signal__type_support.cpp.o[0m
[ 80%] [1m[32mLinking CXX shared library libdls2_interface__rosidl_typesupport_introspection_cpp.so[0m
[ 81%] [32mBuilding CXX object CMakeFiles/dls2_interface__rosidl_typesupport_fastrtps_c.dir/rosidl_typesupport_fastrtps_c/dls2_interface/msg/detail/arm_control_signal__type_support_c.cpp.o[0m
[ 81%] Built target dls2_interface__rosidl_typesupport_introspection_cpp
[ 82%] [1m[32mLinking CXX shared library libdls2_interface__rosidl_typesupport_fastrtps_c.so[0m
[ 82%] Built target dls2_interface__rosidl_typesupport_fastrtps_c
[ 83%] [1m[32mLinking CXX shared library libdls2_interface__rosidl_typesupport_fastrtps_cpp.so[0m
[ 83%] Built target dls2_interface__rosidl_typesupport_fastrtps_cpp
[ 83%] Built target dls2_interface
[ 84%] [1m[34mGenerating Python code for ROS interfaces[0m
[ 84%] Built target dls2_interface__py
[ 85%] [32mBuilding C object CMakeFiles/dls2_interface__rosidl_generator_py.dir/rosidl_generator_py/dls2_interface/msg/_feet_contact_state_s.c.o[0m
[ 93%] [32mBuilding C object CMakeFiles/dls2_interface__rosidl_generator_py.dir/rosidl_generator_py/dls2_interface/msg/_arm_trajectory_generator_s.c.o[0m
[ 93%] [32mBuilding C object CMakeFiles/dls2_interface__rosidl_generator_py.dir/rosidl_generator_py/dls2_interface/msg/_control_signal_s.c.o[0m
[ 93%] [32mBuilding C object CMakeFiles/dls2_interface__rosidl_generator_py.dir/rosidl_generator_py/dls2_interface/msg/_screw_s.c.o[0m
[ 93%] [32mBuilding C object CMakeFiles/dls2_interface__rosidl_generator_py.dir/rosidl_generator_py/dls2_interface/msg/_blind_state_s.c.o[0m
[ 93%] [32mBuilding C object CMakeFiles/dls2_interface__rosidl_generator_py.dir/rosidl_generator_py/dls2_interface/msg/_imu_s.c.o[0m
[ 89%] [32mBuilding C object CMakeFiles/dls2_interface__rosidl_generator_py.dir/rosidl_generator_py/dls2_interface/msg/_arm_control_signal_s.c.o[0m
[ 93%] [32mBuilding C object CMakeFiles/dls2_interface__rosidl_generator_py.dir/rosidl_generator_py/dls2_interface/msg/_pose_s.c.o[0m
[ 93%] [32mBuilding C object CMakeFiles/dls2_interface__rosidl_generator_py.dir/rosidl_generator_py/dls2_interface/msg/_base_state_s.c.o[0m
[ 93%] [32mBuilding C object CMakeFiles/dls2_interface__rosidl_generator_py.dir/rosidl_generator_py/dls2_interface/msg/_arm_state_s.c.o[0m
[ 94%] [32mBuilding C object CMakeFiles/dls2_interface__rosidl_generator_py.dir/rosidl_generator_py/dls2_interface/msg/_trajectory_generator_s.c.o[0m
[ 95%] [1m[32mLinking C shared library rosidl_generator_py/dls2_interface/libdls2_interface__rosidl_generator_py.so[0m
[ 95%] Built target dls2_interface__rosidl_generator_py
[ 97%] [32mBuilding C object CMakeFiles/dls2_interface__rosidl_typesupport_introspection_c__pyext.dir/rosidl_generator_py/dls2_interface/_dls2_interface_s.ep.rosidl_typesupport_introspection_c.c.o[0m
[ 97%] [32mBuilding C object CMakeFiles/dls2_interface__rosidl_typesupport_c__pyext.dir/rosidl_generator_py/dls2_interface/_dls2_interface_s.ep.rosidl_typesupport_c.c.o[0m
[ 97%] [32mBuilding C object CMakeFiles/dls2_interface__rosidl_typesupport_fastrtps_c__pyext.dir/rosidl_generator_py/dls2_interface/_dls2_interface_s.ep.rosidl_typesupport_fastrtps_c.c.o[0m
[ 99%] [1m[32mLinking C shared library rosidl_generator_py/dls2_interface/dls2_interface_s__rosidl_typesupport_introspection_c.cpython-311-x86_64-linux-gnu.so[0m
[ 99%] [1m[32mLinking C shared library rosidl_generator_py/dls2_interface/dls2_interface_s__rosidl_typesupport_c.cpython-311-x86_64-linux-gnu.so[0m
[100%] [1m[32mLinking C shared library rosidl_generator_py/dls2_interface/dls2_interface_s__rosidl_typesupport_fastrtps_c.cpython-311-x86_64-linux-gnu.so[0m
[100%] Built target dls2_interface__rosidl_typesupport_c__pyext
[100%] Built target dls2_interface__rosidl_typesupport_introspection_c__pyext
[100%] Built target dls2_interface__rosidl_typesupport_fastrtps_c__pyext
-- Install configuration: ""
-- Installing: /home/gturrisi-iit.local/other_ws_home/unitree_ros2_dls/ros2_ws/install/dls2_interface/share/ament_index/resource_index/rosidl_interfaces/dls2_interface
-- Installing: /home/gturrisi-iit.local/other_ws_home/unitree_ros2_dls/ros2_ws/install/dls2_interface/include/dls2_interface/dls2_interface
-- Installing: /home/gturrisi-iit.local/other_ws_home/unitree_ros2_dls/ros2_ws/install/dls2_interface/include/dls2_interface/dls2_interface/msg
-- Installing: /home/gturrisi-iit.local/other_ws_home/unitree_ros2_dls/ros2_ws/install/dls2_interface/include/dls2_interface/dls2_interface/msg/arm_state.h
-- Installing: /home/gturrisi-iit.local/other_ws_home/unitree_ros2_dls/ros2_ws/install/dls2_interface/include/dls2_interface/dls2_interface/msg/arm_trajectory_generator.h
-- Installing: /home/gturrisi-iit.local/other_ws_home/unitree_ros2_dls/ros2_ws/install/dls2_interface/include/dls2_interface/dls2_interface/msg/feet_contact_state.h
-- Installing: /home/gturrisi-iit.local/other_ws_home/unitree_ros2_dls/ros2_ws/install/dls2_interface/include/dls2_interface/dls2_interface/msg/detail
-- Installing: /home/gturrisi-iit.local/other_ws_home/unitree_ros2_dls/ros2_ws/install/dls2_interface/include/dls2_interface/dls2_interface/msg/detail/trajectory_generator__type_support.h
-- Installing: /home/gturrisi-iit.local/other_ws_home/unitree_ros2_dls/ros2_ws/install/dls2_interface/include/dls2_interface/dls2_interface/msg/detail/arm_state__functions.h
-- Installing: /home/gturrisi-iit.local/other_ws_home/unitree_ros2_dls/ros2_ws/install/dls2_interface/include/dls2_interface/dls2_interface/msg/detail/screw__functions.c
-- Installing: /home/gturrisi-iit.local/other_ws_home/unitree_ros2_dls/ros2_ws/install/dls2_interface/include/dls2_interface/dls2_interface/msg/detail/blind_state__type_support.h
-- Installing: /home/gturrisi-iit.local/other_ws_home/unitree_ros2_dls/ros2_ws/install/dls2_interface/include/dls2_interface/dls2_interface/msg/detail/control_signal__struct.h
-- Installing: /home/gturrisi-iit.local/other_ws_home/unitree_ros2_dls/ros2_ws/install/dls2_interface/include/dls2_interface/dls2_interface/msg/detail/control_signal__functions.h
-- Installing: /home/gturrisi-iit.local/other_ws_home/unitree_ros2_dls/ros2_ws/install/dls2_interface/include/dls2_interface/dls2_interface/msg/detail/arm_control_signal__struct.h
-- Installing: /home/gturrisi-iit.local/other_ws_home/unitree_ros2_dls/ros2_ws/install/dls2_interface/include/dls2_interface/dls2_interface/msg/detail/arm_state__type_support.h
-- Installing: /home/gturrisi-iit.local/other_ws_home/unitree_ros2_dls/ros2_ws/install/dls2_interface/include/dls2_interface/dls2_interface/msg/detail/arm_trajectory_generator__functions.c
-- Installing: /home/gturrisi-iit.local/other_ws_home/unitree_ros2_dls/ros2_ws/install/dls2_interface/include/dls2_interface/dls2_interface/msg/detail/pose__struct.h
-- Installing: /home/gturrisi-iit.local/other_ws_home/unitree_ros2_dls/ros2_ws/install/dls2_interface/include/dls2_interface/dls2_interface/msg/detail/imu__type_support.h
-- Installing: /home/gturrisi-iit.local/other_ws_home/unitree_ros2_dls/ros2_ws/install/dls2_interface/include/dls2_interface/dls2_interface/msg/detail/arm_state__functions.c
-- Installing: /home/gturrisi-iit.local/other_ws_home/unitree_ros2_dls/ros2_ws/install/dls2_interface/include/dls2_interface/dls2_interface/msg/detail/trajectory_generator__functions.c
-- Installing: /home/gturrisi-iit.local/other_ws_home/unitree_ros2_dls/ros2_ws/install/dls2_interface/include/dls2_interface/dls2_interface/msg/detail/feet_contact_state__type_support.h
-- Installing: /home/gturrisi-iit.local/other_ws_home/unitree_ros2_dls/ros2_ws/install/dls2_interface/include/dls2_interface/dls2_interface/msg/detail/control_signal__type_support.h
-- Installing: /home/gturrisi-iit.local/other_ws_home/unitree_ros2_dls/ros2_ws/install/dls2_interface/include/dls2_interface/dls2_interface/msg/detail/arm_trajectory_generator__functions.h
-- Installing: /home/gturrisi-iit.local/other_ws_home/unitree_ros2_dls/ros2_ws/install/dls2_interface/include/dls2_interface/dls2_interface/msg/detail/base_state__struct.h
-- Installing: /home/gturrisi-iit.local/other_ws_home/unitree_ros2_dls/ros2_ws/install/dls2_interface/include/dls2_interface/dls2_interface/msg/detail/blind_state__functions.c
-- Installing: /home/gturrisi-iit.local/other_ws_home/unitree_ros2_dls/ros2_ws/install/dls2_interface/include/dls2_interface/dls2_interface/msg/detail/arm_control_signal__functions.h
-- Installing: /home/gturrisi-iit.local/other_ws_home/unitree_ros2_dls/ros2_ws/install/dls2_interface/include/dls2_interface/dls2_interface/msg/detail/screw__struct.h
-- Installing: /home/gturrisi-iit.local/other_ws_home/unitree_ros2_dls/ros2_ws/install/dls2_interface/include/dls2_interface/dls2_interface/msg/detail/feet_contact_state__struct.h
-- Installing: /home/gturrisi-iit.local/other_ws_home/unitree_ros2_dls/ros2_ws/install/dls2_interface/include/dls2_interface/dls2_interface/msg/detail/arm_control_signal__functions.c
-- Installing: /home/gturrisi-iit.local/other_ws_home/unitree_ros2_dls/ros2_ws/install/dls2_interface/include/dls2_interface/dls2_interface/msg/detail/arm_trajectory_generator__type_support.h
-- Installing: /home/gturrisi-iit.local/other_ws_home/unitree_ros2_dls/ros2_ws/install/dls2_interface/include/dls2_interface/dls2_interface/msg/detail/trajectory_generator__functions.h
-- Installing: /home/gturrisi-iit.local/other_ws_home/unitree_ros2_dls/ros2_ws/install/dls2_interface/include/dls2_interface/dls2_interface/msg/detail/blind_state__struct.h
-- Installing: /home/gturrisi-iit.local/other_ws_home/unitree_ros2_dls/ros2_ws/install/dls2_interface/include/dls2_interface/dls2_interface/msg/detail/control_signal__functions.c
-- Installing: /home/gturrisi-iit.local/other_ws_home/unitree_ros2_dls/ros2_ws/install/dls2_interface/include/dls2_interface/dls2_interface/msg/detail/feet_contact_state__functions.h
-- Installing: /home/gturrisi-iit.local/other_ws_home/unitree_ros2_dls/ros2_ws/install/dls2_interface/include/dls2_interface/dls2_interface/msg/detail/blind_state__functions.h
-- Installing: /home/gturrisi-iit.local/other_ws_home/unitree_ros2_dls/ros2_ws/install/dls2_interface/include/dls2_interface/dls2_interface/msg/detail/base_state__functions.h
-- Installing: /home/gturrisi-iit.local/other_ws_home/unitree_ros2_dls/ros2_ws/install/dls2_interface/include/dls2_interface/dls2_interface/msg/detail/pose__type_support.h
-- Installing: /home/gturrisi-iit.local/other_ws_home/unitree_ros2_dls/ros2_ws/install/dls2_interface/include/dls2_interface/dls2_interface/msg/detail/base_state__type_support.h
-- Installing: /home/gturrisi-iit.local/other_ws_home/unitree_ros2_dls/ros2_ws/install/dls2_interface/include/dls2_interface/dls2_interface/msg/detail/arm_state__struct.h
-- Installing: /home/gturrisi-iit.local/other_ws_home/unitree_ros2_dls/ros2_ws/install/dls2_interface/include/dls2_interface/dls2_interface/msg/detail/screw__functions.h
-- Installing: /home/gturrisi-iit.local/other_ws_home/unitree_ros2_dls/ros2_ws/install/dls2_interface/include/dls2_interface/dls2_interface/msg/detail/arm_trajectory_generator__struct.h
-- Installing: /home/gturrisi-iit.local/other_ws_home/unitree_ros2_dls/ros2_ws/install/dls2_interface/include/dls2_interface/dls2_interface/msg/detail/pose__functions.c
-- Installing: /home/gturrisi-iit.local/other_ws_home/unitree_ros2_dls/ros2_ws/install/dls2_interface/include/dls2_interface/dls2_interface/msg/detail/trajectory_generator__struct.h
-- Installing: /home/gturrisi-iit.local/other_ws_home/unitree_ros2_dls/ros2_ws/install/dls2_interface/include/dls2_interface/dls2_interface/msg/detail/imu__struct.h
-- Installing: /home/gturrisi-iit.local/other_ws_home/unitree_ros2_dls/ros2_ws/install/dls2_interface/include/dls2_interface/dls2_interface/msg/detail/imu__functions.c
-- Installing: /home/gturrisi-iit.local/other_ws_home/unitree_ros2_dls/ros2_ws/install/dls2_interface/include/dls2_interface/dls2_interface/msg/detail/base_state__functions.c
-- Installing: /home/gturrisi-iit.local/other_ws_home/unitree_ros2_dls/ros2_ws/install/dls2_interface/include/dls2_interface/dls2_interface/msg/detail/pose__functions.h
-- Installing: /home/gturrisi-iit.local/other_ws_home/unitree_ros2_dls/ros2_ws/install/dls2_interface/include/dls2_interface/dls2_interface/msg/detail/arm_control_signal__type_support.h
-- Installing: /home/gturrisi-iit.local/other_ws_home/unitree_ros2_dls/ros2_ws/install/dls2_interface/include/dls2_interface/dls2_interface/msg/detail/imu__functions.h
-- Installing: /home/gturrisi-iit.local/other_ws_home/unitree_ros2_dls/ros2_ws/install/dls2_interface/include/dls2_interface/dls2_interface/msg/detail/feet_contact_state__functions.c
-- Installing: /home/gturrisi-iit.local/other_ws_home/unitree_ros2_dls/ros2_ws/install/dls2_interface/include/dls2_interface/dls2_interface/msg/detail/screw__type_support.h
-- Installing: /home/gturrisi-iit.local/other_ws_home/unitree_ros2_dls/ros2_ws/install/dls2_interface/include/dls2_interface/dls2_interface/msg/base_state.h
-- Installing: /home/gturrisi-iit.local/other_ws_home/unitree_ros2_dls/ros2_ws/install/dls2_interface/include/dls2_interface/dls2_interface/msg/blind_state.h
-- Installing: /home/gturrisi-iit.local/other_ws_home/unitree_ros2_dls/ros2_ws/install/dls2_interface/include/dls2_interface/dls2_interface/msg/arm_control_signal.h
-- Installing: /home/gturrisi-iit.local/other_ws_home/unitree_ros2_dls/ros2_ws/install/dls2_interface/include/dls2_interface/dls2_interface/msg/imu.h
-- Installing: /home/gturrisi-iit.local/other_ws_home/unitree_ros2_dls/ros2_ws/install/dls2_interface/include/dls2_interface/dls2_interface/msg/control_signal.h
-- Installing: /home/gturrisi-iit.local/other_ws_home/unitree_ros2_dls/ros2_ws/install/dls2_interface/include/dls2_interface/dls2_interface/msg/screw.h
-- Installing: /home/gturrisi-iit.local/other_ws_home/unitree_ros2_dls/ros2_ws/install/dls2_interface/include/dls2_interface/dls2_interface/msg/rosidl_generator_c__visibility_control.h
-- Installing: /home/gturrisi-iit.local/other_ws_home/unitree_ros2_dls/ros2_ws/install/dls2_interface/include/dls2_interface/dls2_interface/msg/trajectory_generator.h
-- Installing: /home/gturrisi-iit.local/other_ws_home/unitree_ros2_dls/ros2_ws/install/dls2_interface/include/dls2_interface/dls2_interface/msg/pose.h
-- Installing: /home/gturrisi-iit.local/other_ws_home/unitree_ros2_dls/ros2_ws/install/dls2_interface/lib/libdls2_interface__rosidl_generator_c.so
-- Up-to-date: /home/gturrisi-iit.local/other_ws_home/unitree_ros2_dls/ros2_ws/install/dls2_interface/include/dls2_interface/dls2_interface
-- Up-to-date: /home/gturrisi-iit.local/other_ws_home/unitree_ros2_dls/ros2_ws/install/dls2_interface/include/dls2_interface/dls2_interface/msg
-- Up-to-date: /home/gturrisi-iit.local/other_ws_home/unitree_ros2_dls/ros2_ws/install/dls2_interface/include/dls2_interface/dls2_interface/msg/detail
-- Installing: /home/gturrisi-iit.local/other_ws_home/unitree_ros2_dls/ros2_ws/install/dls2_interface/include/dls2_interface/dls2_interface/msg/detail/blind_state__rosidl_typesupport_fastrtps_c.h
-- Installing: /home/gturrisi-iit.local/other_ws_home/unitree_ros2_dls/ros2_ws/install/dls2_interface/include/dls2_interface/dls2_interface/msg/detail/arm_trajectory_generator__rosidl_typesupport_fastrtps_c.h
-- Installing: /home/gturrisi-iit.local/other_ws_home/unitree_ros2_dls/ros2_ws/install/dls2_interface/include/dls2_interface/dls2_interface/msg/detail/arm_control_signal__rosidl_typesupport_fastrtps_c.h
-- Installing: /home/gturrisi-iit.local/other_ws_home/unitree_ros2_dls/ros2_ws/install/dls2_interface/include/dls2_interface/dls2_interface/msg/detail/arm_state__rosidl_typesupport_fastrtps_c.h
-- Installing: /home/gturrisi-iit.local/other_ws_home/unitree_ros2_dls/ros2_ws/install/dls2_interface/include/dls2_interface/dls2_interface/msg/detail/screw__rosidl_typesupport_fastrtps_c.h
-- Installing: /home/gturrisi-iit.local/other_ws_home/unitree_ros2_dls/ros2_ws/install/dls2_interface/include/dls2_interface/dls2_interface/msg/detail/feet_contact_state__rosidl_typesupport_fastrtps_c.h
-- Installing: /home/gturrisi-iit.local/other_ws_home/unitree_ros2_dls/ros2_ws/install/dls2_interface/include/dls2_interface/dls2_interface/msg/detail/pose__rosidl_typesupport_fastrtps_c.h
-- Installing: /home/gturrisi-iit.local/other_ws_home/unitree_ros2_dls/ros2_ws/install/dls2_interface/include/dls2_interface/dls2_interface/msg/detail/imu__rosidl_typesupport_fastrtps_c.h
-- Installing: /home/gturrisi-iit.local/other_ws_home/unitree_ros2_dls/ros2_ws/install/dls2_interface/include/dls2_interface/dls2_interface/msg/detail/trajectory_generator__rosidl_typesupport_fastrtps_c.h
-- Installing: /home/gturrisi-iit.local/other_ws_home/unitree_ros2_dls/ros2_ws/install/dls2_interface/include/dls2_interface/dls2_interface/msg/detail/base_state__rosidl_typesupport_fastrtps_c.h
-- Installing: /home/gturrisi-iit.local/other_ws_home/unitree_ros2_dls/ros2_ws/install/dls2_interface/include/dls2_interface/dls2_interface/msg/detail/control_signal__rosidl_typesupport_fastrtps_c.h
-- Installing: /home/gturrisi-iit.local/other_ws_home/unitree_ros2_dls/ros2_ws/install/dls2_interface/include/dls2_interface/dls2_interface/msg/rosidl_typesupport_fastrtps_c__visibility_control.h
-- Installing: /home/gturrisi-iit.local/other_ws_home/unitree_ros2_dls/ros2_ws/install/dls2_interface/lib/libdls2_interface__rosidl_typesupport_fastrtps_c.so
-- Set non-toolchain portion of runtime path of "/home/gturrisi-iit.local/other_ws_home/unitree_ros2_dls/ros2_ws/install/dls2_interface/lib/libdls2_interface__rosidl_typesupport_fastrtps_c.so" to ""
-- Up-to-date: /home/gturrisi-iit.local/other_ws_home/unitree_ros2_dls/ros2_ws/install/dls2_interface/include/dls2_interface/dls2_interface
-- Up-to-date: /home/gturrisi-iit.local/other_ws_home/unitree_ros2_dls/ros2_ws/install/dls2_interface/include/dls2_interface/dls2_interface/msg
-- Up-to-date: /home/gturrisi-iit.local/other_ws_home/unitree_ros2_dls/ros2_ws/install/dls2_interface/include/dls2_interface/dls2_interface/msg/detail
-- Installing: /home/gturrisi-iit.local/other_ws_home/unitree_ros2_dls/ros2_ws/install/dls2_interface/include/dls2_interface/dls2_interface/msg/detail/pose__type_support.c
-- Installing: /home/gturrisi-iit.local/other_ws_home/unitree_ros2_dls/ros2_ws/install/dls2_interface/include/dls2_interface/dls2_interface/msg/detail/arm_state__rosidl_typesupport_introspection_c.h
-- Installing: /home/gturrisi-iit.local/other_ws_home/unitree_ros2_dls/ros2_ws/install/dls2_interface/include/dls2_interface/dls2_interface/msg/detail/feet_contact_state__type_support.c
-- Installing: /home/gturrisi-iit.local/other_ws_home/unitree_ros2_dls/ros2_ws/install/dls2_interface/include/dls2_interface/dls2_interface/msg/detail/trajectory_generator__rosidl_typesupport_introspection_c.h
-- Installing: /home/gturrisi-iit.local/other_ws_home/unitree_ros2_dls/ros2_ws/install/dls2_interface/include/dls2_interface/dls2_interface/msg/detail/base_state__rosidl_typesupport_introspection_c.h
-- Installing: /home/gturrisi-iit.local/other_ws_home/unitree_ros2_dls/ros2_ws/install/dls2_interface/include/dls2_interface/dls2_interface/msg/detail/arm_trajectory_generator__type_support.c
-- Installing: /home/gturrisi-iit.local/other_ws_home/unitree_ros2_dls/ros2_ws/install/dls2_interface/include/dls2_interface/dls2_interface/msg/detail/imu__rosidl_typesupport_introspection_c.h
-- Installing: /home/gturrisi-iit.local/other_ws_home/unitree_ros2_dls/ros2_ws/install/dls2_interface/include/dls2_interface/dls2_interface/msg/detail/screw__type_support.c
-- Installing: /home/gturrisi-iit.local/other_ws_home/unitree_ros2_dls/ros2_ws/install/dls2_interface/include/dls2_interface/dls2_interface/msg/detail/arm_trajectory_generator__rosidl_typesupport_introspection_c.h
-- Installing: /home/gturrisi-iit.local/other_ws_home/unitree_ros2_dls/ros2_ws/install/dls2_interface/include/dls2_interface/dls2_interface/msg/detail/blind_state__type_support.c
-- Installing: /home/gturrisi-iit.local/other_ws_home/unitree_ros2_dls/ros2_ws/install/dls2_interface/include/dls2_interface/dls2_interface/msg/detail/base_state__type_support.c
-- Installing: /home/gturrisi-iit.local/other_ws_home/unitree_ros2_dls/ros2_ws/install/dls2_interface/include/dls2_interface/dls2_interface/msg/detail/screw__rosidl_typesupport_introspection_c.h
-- Installing: /home/gturrisi-iit.local/other_ws_home/unitree_ros2_dls/ros2_ws/install/dls2_interface/include/dls2_interface/dls2_interface/msg/detail/control_signal__rosidl_typesupport_introspection_c.h
-- Installing: /home/gturrisi-iit.local/other_ws_home/unitree_ros2_dls/ros2_ws/install/dls2_interface/include/dls2_interface/dls2_interface/msg/detail/feet_contact_state__rosidl_typesupport_introspection_c.h
-- Installing: /home/gturrisi-iit.local/other_ws_home/unitree_ros2_dls/ros2_ws/install/dls2_interface/include/dls2_interface/dls2_interface/msg/detail/arm_control_signal__rosidl_typesupport_introspection_c.h
-- Installing: /home/gturrisi-iit.local/other_ws_home/unitree_ros2_dls/ros2_ws/install/dls2_interface/include/dls2_interface/dls2_interface/msg/detail/pose__rosidl_typesupport_introspection_c.h
-- Installing: /home/gturrisi-iit.local/other_ws_home/unitree_ros2_dls/ros2_ws/install/dls2_interface/include/dls2_interface/dls2_interface/msg/detail/arm_control_signal__type_support.c
-- Installing: /home/gturrisi-iit.local/other_ws_home/unitree_ros2_dls/ros2_ws/install/dls2_interface/include/dls2_interface/dls2_interface/msg/detail/blind_state__rosidl_typesupport_introspection_c.h
-- Installing: /home/gturrisi-iit.local/other_ws_home/unitree_ros2_dls/ros2_ws/install/dls2_interface/include/dls2_interface/dls2_interface/msg/detail/trajectory_generator__type_support.c
-- Installing: /home/gturrisi-iit.local/other_ws_home/unitree_ros2_dls/ros2_ws/install/dls2_interface/include/dls2_interface/dls2_interface/msg/detail/control_signal__type_support.c
-- Installing: /home/gturrisi-iit.local/other_ws_home/unitree_ros2_dls/ros2_ws/install/dls2_interface/include/dls2_interface/dls2_interface/msg/detail/imu__type_support.c
-- Installing: /home/gturrisi-iit.local/other_ws_home/unitree_ros2_dls/ros2_ws/install/dls2_interface/include/dls2_interface/dls2_interface/msg/detail/arm_state__type_support.c
-- Installing: /home/gturrisi-iit.local/other_ws_home/unitree_ros2_dls/ros2_ws/install/dls2_interface/include/dls2_interface/dls2_interface/msg/rosidl_typesupport_introspection_c__visibility_control.h
-- Installing: /home/gturrisi-iit.local/other_ws_home/unitree_ros2_dls/ros2_ws/install/dls2_interface/lib/libdls2_interface__rosidl_typesupport_introspection_c.so
-- Set non-toolchain portion of runtime path of "/home/gturrisi-iit.local/other_ws_home/unitree_ros2_dls/ros2_ws/install/dls2_interface/lib/libdls2_interface__rosidl_typesupport_introspection_c.so" to ""
-- Installing: /home/gturrisi-iit.local/other_ws_home/unitree_ros2_dls/ros2_ws/install/dls2_interface/lib/libdls2_interface__rosidl_typesupport_c.so
-- Set non-toolchain portion of runtime path of "/home/gturrisi-iit.local/other_ws_home/unitree_ros2_dls/ros2_ws/install/dls2_interface/lib/libdls2_interface__rosidl_typesupport_c.so" to ""
-- Up-to-date: /home/gturrisi-iit.local/other_ws_home/unitree_ros2_dls/ros2_ws/install/dls2_interface/include/dls2_interface/dls2_interface
-- Up-to-date: /home/gturrisi-iit.local/other_ws_home/unitree_ros2_dls/ros2_ws/install/dls2_interface/include/dls2_interface/dls2_interface/msg
-- Installing: /home/gturrisi-iit.local/other_ws_home/unitree_ros2_dls/ros2_ws/install/dls2_interface/include/dls2_interface/dls2_interface/msg/imu.hpp
-- Installing: /home/gturrisi-iit.local/other_ws_home/unitree_ros2_dls/ros2_ws/install/dls2_interface/include/dls2_interface/dls2_interface/msg/blind_state.hpp
-- Up-to-date: /home/gturrisi-iit.local/other_ws_home/unitree_ros2_dls/ros2_ws/install/dls2_interface/include/dls2_interface/dls2_interface/msg/detail
-- Installing: /home/gturrisi-iit.local/other_ws_home/unitree_ros2_dls/ros2_ws/install/dls2_interface/include/dls2_interface/dls2_interface/msg/detail/imu__traits.hpp
-- Installing: /home/gturrisi-iit.local/other_ws_home/unitree_ros2_dls/ros2_ws/install/dls2_interface/include/dls2_interface/dls2_interface/msg/detail/blind_state__builder.hpp
-- Installing: /home/gturrisi-iit.local/other_ws_home/unitree_ros2_dls/ros2_ws/install/dls2_interface/include/dls2_interface/dls2_interface/msg/detail/screw__traits.hpp
-- Installing: /home/gturrisi-iit.local/other_ws_home/unitree_ros2_dls/ros2_ws/install/dls2_interface/include/dls2_interface/dls2_interface/msg/detail/arm_trajectory_generator__struct.hpp
-- Installing: /home/gturrisi-iit.local/other_ws_home/unitree_ros2_dls/ros2_ws/install/dls2_interface/include/dls2_interface/dls2_interface/msg/detail/feet_contact_state__builder.hpp
-- Installing: /home/gturrisi-iit.local/other_ws_home/unitree_ros2_dls/ros2_ws/install/dls2_interface/include/dls2_interface/dls2_interface/msg/detail/trajectory_generator__struct.hpp
-- Installing: /home/gturrisi-iit.local/other_ws_home/unitree_ros2_dls/ros2_ws/install/dls2_interface/include/dls2_interface/dls2_interface/msg/detail/base_state__type_support.hpp
-- Installing: /home/gturrisi-iit.local/other_ws_home/unitree_ros2_dls/ros2_ws/install/dls2_interface/include/dls2_interface/dls2_interface/msg/detail/control_signal__type_support.hpp
-- Installing: /home/gturrisi-iit.local/other_ws_home/unitree_ros2_dls/ros2_ws/install/dls2_interface/include/dls2_interface/dls2_interface/msg/detail/arm_state__struct.hpp
-- Installing: /home/gturrisi-iit.local/other_ws_home/unitree_ros2_dls/ros2_ws/install/dls2_interface/include/dls2_interface/dls2_interface/msg/detail/arm_control_signal__builder.hpp
-- Installing: /home/gturrisi-iit.local/other_ws_home/unitree_ros2_dls/ros2_ws/install/dls2_interface/include/dls2_interface/dls2_interface/msg/detail/screw__type_support.hpp
-- Installing: /home/gturrisi-iit.local/other_ws_home/unitree_ros2_dls/ros2_ws/install/dls2_interface/include/dls2_interface/dls2_interface/msg/detail/feet_contact_state__type_support.hpp
-- Installing: /home/gturrisi-iit.local/other_ws_home/unitree_ros2_dls/ros2_ws/install/dls2_interface/include/dls2_interface/dls2_interface/msg/detail/pose__builder.hpp
-- Installing: /home/gturrisi-iit.local/other_ws_home/unitree_ros2_dls/ros2_ws/install/dls2_interface/include/dls2_interface/dls2_interface/msg/detail/pose__type_support.hpp
-- Installing: /home/gturrisi-iit.local/other_ws_home/unitree_ros2_dls/ros2_ws/install/dls2_interface/include/dls2_interface/dls2_interface/msg/detail/trajectory_generator__traits.hpp
-- Installing: /home/gturrisi-iit.local/other_ws_home/unitree_ros2_dls/ros2_ws/install/dls2_interface/include/dls2_interface/dls2_interface/msg/detail/arm_control_signal__struct.hpp
-- Installing: /home/gturrisi-iit.local/other_ws_home/unitree_ros2_dls/ros2_ws/install/dls2_interface/include/dls2_interface/dls2_interface/msg/detail/arm_control_signal__traits.hpp
-- Installing: /home/gturrisi-iit.local/other_ws_home/unitree_ros2_dls/ros2_ws/install/dls2_interface/include/dls2_interface/dls2_interface/msg/detail/arm_state__type_support.hpp
-- Installing: /home/gturrisi-iit.local/other_ws_home/unitree_ros2_dls/ros2_ws/install/dls2_interface/include/dls2_interface/dls2_interface/msg/detail/base_state__struct.hpp
-- Installing: /home/gturrisi-iit.local/other_ws_home/unitree_ros2_dls/ros2_ws/install/dls2_interface/include/dls2_interface/dls2_interface/msg/detail/control_signal__builder.hpp
-- Installing: /home/gturrisi-iit.local/other_ws_home/unitree_ros2_dls/ros2_ws/install/dls2_interface/include/dls2_interface/dls2_interface/msg/detail/control_signal__traits.hpp
-- Installing: /home/gturrisi-iit.local/other_ws_home/unitree_ros2_dls/ros2_ws/install/dls2_interface/include/dls2_interface/dls2_interface/msg/detail/base_state__builder.hpp
-- Installing: /home/gturrisi-iit.local/other_ws_home/unitree_ros2_dls/ros2_ws/install/dls2_interface/include/dls2_interface/dls2_interface/msg/detail/blind_state__struct.hpp
-- Installing: /home/gturrisi-iit.local/other_ws_home/unitree_ros2_dls/ros2_ws/install/dls2_interface/include/dls2_interface/dls2_interface/msg/detail/imu__struct.hpp
-- Installing: /home/gturrisi-iit.local/other_ws_home/unitree_ros2_dls/ros2_ws/install/dls2_interface/include/dls2_interface/dls2_interface/msg/detail/trajectory_generator__type_support.hpp
-- Installing: /home/gturrisi-iit.local/other_ws_home/unitree_ros2_dls/ros2_ws/install/dls2_interface/include/dls2_interface/dls2_interface/msg/detail/screw__builder.hpp
-- Installing: /home/gturrisi-iit.local/other_ws_home/unitree_ros2_dls/ros2_ws/install/dls2_interface/include/dls2_interface/dls2_interface/msg/detail/feet_contact_state__struct.hpp
-- Installing: /home/gturrisi-iit.local/other_ws_home/unitree_ros2_dls/ros2_ws/install/dls2_interface/include/dls2_interface/dls2_interface/msg/detail/arm_control_signal__type_support.hpp
-- Installing: /home/gturrisi-iit.local/other_ws_home/unitree_ros2_dls/ros2_ws/install/dls2_interface/include/dls2_interface/dls2_interface/msg/detail/blind_state__traits.hpp
-- Installing: /home/gturrisi-iit.local/other_ws_home/unitree_ros2_dls/ros2_ws/install/dls2_interface/include/dls2_interface/dls2_interface/msg/detail/pose__struct.hpp
-- Installing: /home/gturrisi-iit.local/other_ws_home/unitree_ros2_dls/ros2_ws/install/dls2_interface/include/dls2_interface/dls2_interface/msg/detail/arm_trajectory_generator__traits.hpp
-- Installing: /home/gturrisi-iit.local/other_ws_home/unitree_ros2_dls/ros2_ws/install/dls2_interface/include/dls2_interface/dls2_interface/msg/detail/imu__type_support.hpp
-- Installing: /home/gturrisi-iit.local/other_ws_home/unitree_ros2_dls/ros2_ws/install/dls2_interface/include/dls2_interface/dls2_interface/msg/detail/feet_contact_state__traits.hpp
-- Installing: /home/gturrisi-iit.local/other_ws_home/unitree_ros2_dls/ros2_ws/install/dls2_interface/include/dls2_interface/dls2_interface/msg/detail/blind_state__type_support.hpp
-- Installing: /home/gturrisi-iit.local/other_ws_home/unitree_ros2_dls/ros2_ws/install/dls2_interface/include/dls2_interface/dls2_interface/msg/detail/arm_state__traits.hpp
-- Installing: /home/gturrisi-iit.local/other_ws_home/unitree_ros2_dls/ros2_ws/install/dls2_interface/include/dls2_interface/dls2_interface/msg/detail/pose__traits.hpp
-- Installing: /home/gturrisi-iit.local/other_ws_home/unitree_ros2_dls/ros2_ws/install/dls2_interface/include/dls2_interface/dls2_interface/msg/detail/arm_trajectory_generator__type_support.hpp
-- Installing: /home/gturrisi-iit.local/other_ws_home/unitree_ros2_dls/ros2_ws/install/dls2_interface/include/dls2_interface/dls2_interface/msg/detail/arm_trajectory_generator__builder.hpp
-- Installing: /home/gturrisi-iit.local/other_ws_home/unitree_ros2_dls/ros2_ws/install/dls2_interface/include/dls2_interface/dls2_interface/msg/detail/imu__builder.hpp
-- Installing: /home/gturrisi-iit.local/other_ws_home/unitree_ros2_dls/ros2_ws/install/dls2_interface/include/dls2_interface/dls2_interface/msg/detail/trajectory_generator__builder.hpp
-- Installing: /home/gturrisi-iit.local/other_ws_home/unitree_ros2_dls/ros2_ws/install/dls2_interface/include/dls2_interface/dls2_interface/msg/detail/control_signal__struct.hpp
-- Installing: /home/gturrisi-iit.local/other_ws_home/unitree_ros2_dls/ros2_ws/install/dls2_interface/include/dls2_interface/dls2_interface/msg/detail/arm_state__builder.hpp
-- Installing: /home/gturrisi-iit.local/other_ws_home/unitree_ros2_dls/ros2_ws/install/dls2_interface/include/dls2_interface/dls2_interface/msg/detail/screw__struct.hpp
-- Installing: /home/gturrisi-iit.local/other_ws_home/unitree_ros2_dls/ros2_ws/install/dls2_interface/include/dls2_interface/dls2_interface/msg/detail/base_state__traits.hpp
-- Installing: /home/gturrisi-iit.local/other_ws_home/unitree_ros2_dls/ros2_ws/install/dls2_interface/include/dls2_interface/dls2_interface/msg/rosidl_generator_cpp__visibility_control.hpp
-- Installing: /home/gturrisi-iit.local/other_ws_home/unitree_ros2_dls/ros2_ws/install/dls2_interface/include/dls2_interface/dls2_interface/msg/arm_state.hpp
-- Installing: /home/gturrisi-iit.local/other_ws_home/unitree_ros2_dls/ros2_ws/install/dls2_interface/include/dls2_interface/dls2_interface/msg/feet_contact_state.hpp
-- Installing: /home/gturrisi-iit.local/other_ws_home/unitree_ros2_dls/ros2_ws/install/dls2_interface/include/dls2_interface/dls2_interface/msg/control_signal.hpp
-- Installing: /home/gturrisi-iit.local/other_ws_home/unitree_ros2_dls/ros2_ws/install/dls2_interface/include/dls2_interface/dls2_interface/msg/arm_trajectory_generator.hpp
-- Installing: /home/gturrisi-iit.local/other_ws_home/unitree_ros2_dls/ros2_ws/install/dls2_interface/include/dls2_interface/dls2_interface/msg/screw.hpp
-- Installing: /home/gturrisi-iit.local/other_ws_home/unitree_ros2_dls/ros2_ws/install/dls2_interface/include/dls2_interface/dls2_interface/msg/arm_control_signal.hpp
-- Installing: /home/gturrisi-iit.local/other_ws_home/unitree_ros2_dls/ros2_ws/install/dls2_interface/include/dls2_interface/dls2_interface/msg/pose.hpp
-- Installing: /home/gturrisi-iit.local/other_ws_home/unitree_ros2_dls/ros2_ws/install/dls2_interface/include/dls2_interface/dls2_interface/msg/trajectory_generator.hpp
-- Installing: /home/gturrisi-iit.local/other_ws_home/unitree_ros2_dls/ros2_ws/install/dls2_interface/include/dls2_interface/dls2_interface/msg/base_state.hpp
-- Up-to-date: /home/gturrisi-iit.local/other_ws_home/unitree_ros2_dls/ros2_ws/install/dls2_interface/include/dls2_interface/dls2_interface
-- Up-to-date: /home/gturrisi-iit.local/other_ws_home/unitree_ros2_dls/ros2_ws/install/dls2_interface/include/dls2_interface/dls2_interface/msg
-- Installing: /home/gturrisi-iit.local/other_ws_home/unitree_ros2_dls/ros2_ws/install/dls2_interface/include/dls2_interface/dls2_interface/msg/rosidl_typesupport_fastrtps_cpp__visibility_control.h
-- Up-to-date: /home/gturrisi-iit.local/other_ws_home/unitree_ros2_dls/ros2_ws/install/dls2_interface/include/dls2_interface/dls2_interface/msg/detail
-- Installing: /home/gturrisi-iit.local/other_ws_home/unitree_ros2_dls/ros2_ws/install/dls2_interface/include/dls2_interface/dls2_interface/msg/detail/base_state__rosidl_typesupport_fastrtps_cpp.hpp
-- Installing: /home/gturrisi-iit.local/other_ws_home/unitree_ros2_dls/ros2_ws/install/dls2_interface/include/dls2_interface/dls2_interface/msg/detail/trajectory_generator__rosidl_typesupport_fastrtps_cpp.hpp
-- Installing: /home/gturrisi-iit.local/other_ws_home/unitree_ros2_dls/ros2_ws/install/dls2_interface/include/dls2_interface/dls2_interface/msg/detail/feet_contact_state__rosidl_typesupport_fastrtps_cpp.hpp
-- Installing: /home/gturrisi-iit.local/other_ws_home/unitree_ros2_dls/ros2_ws/install/dls2_interface/include/dls2_interface/dls2_interface/msg/detail/control_signal__rosidl_typesupport_fastrtps_cpp.hpp
-- Installing: /home/gturrisi-iit.local/other_ws_home/unitree_ros2_dls/ros2_ws/install/dls2_interface/include/dls2_interface/dls2_interface/msg/detail/arm_trajectory_generator__rosidl_typesupport_fastrtps_cpp.hpp
-- Installing: /home/gturrisi-iit.local/other_ws_home/unitree_ros2_dls/ros2_ws/install/dls2_interface/include/dls2_interface/dls2_interface/msg/detail/screw__rosidl_typesupport_fastrtps_cpp.hpp
-- Installing: /home/gturrisi-iit.local/other_ws_home/unitree_ros2_dls/ros2_ws/install/dls2_interface/include/dls2_interface/dls2_interface/msg/detail/blind_state__rosidl_typesupport_fastrtps_cpp.hpp
-- Installing: /home/gturrisi-iit.local/other_ws_home/unitree_ros2_dls/ros2_ws/install/dls2_interface/include/dls2_interface/dls2_interface/msg/detail/arm_control_signal__rosidl_typesupport_fastrtps_cpp.hpp
-- Installing: /home/gturrisi-iit.local/other_ws_home/unitree_ros2_dls/ros2_ws/install/dls2_interface/include/dls2_interface/dls2_interface/msg/detail/dds_fastrtps
-- Installing: /home/gturrisi-iit.local/other_ws_home/unitree_ros2_dls/ros2_ws/install/dls2_interface/include/dls2_interface/dls2_interface/msg/detail/pose__rosidl_typesupport_fastrtps_cpp.hpp
-- Installing: /home/gturrisi-iit.local/other_ws_home/unitree_ros2_dls/ros2_ws/install/dls2_interface/include/dls2_interface/dls2_interface/msg/detail/arm_state__rosidl_typesupport_fastrtps_cpp.hpp
-- Installing: /home/gturrisi-iit.local/other_ws_home/unitree_ros2_dls/ros2_ws/install/dls2_interface/include/dls2_interface/dls2_interface/msg/detail/imu__rosidl_typesupport_fastrtps_cpp.hpp
-- Installing: /home/gturrisi-iit.local/other_ws_home/unitree_ros2_dls/ros2_ws/install/dls2_interface/lib/libdls2_interface__rosidl_typesupport_fastrtps_cpp.so
-- Up-to-date: /home/gturrisi-iit.local/other_ws_home/unitree_ros2_dls/ros2_ws/install/dls2_interface/include/dls2_interface/dls2_interface
-- Up-to-date: /home/gturrisi-iit.local/other_ws_home/unitree_ros2_dls/ros2_ws/install/dls2_interface/include/dls2_interface/dls2_interface/msg
-- Up-to-date: /home/gturrisi-iit.local/other_ws_home/unitree_ros2_dls/ros2_ws/install/dls2_interface/include/dls2_interface/dls2_interface/msg/detail
-- Installing: /home/gturrisi-iit.local/other_ws_home/unitree_ros2_dls/ros2_ws/install/dls2_interface/include/dls2_interface/dls2_interface/msg/detail/base_state__type_support.cpp
-- Installing: /home/gturrisi-iit.local/other_ws_home/unitree_ros2_dls/ros2_ws/install/dls2_interface/include/dls2_interface/dls2_interface/msg/detail/control_signal__rosidl_typesupport_introspection_cpp.hpp
-- Installing: /home/gturrisi-iit.local/other_ws_home/unitree_ros2_dls/ros2_ws/install/dls2_interface/include/dls2_interface/dls2_interface/msg/detail/arm_state__rosidl_typesupport_introspection_cpp.hpp
-- Installing: /home/gturrisi-iit.local/other_ws_home/unitree_ros2_dls/ros2_ws/install/dls2_interface/include/dls2_interface/dls2_interface/msg/detail/pose__type_support.cpp
-- Installing: /home/gturrisi-iit.local/other_ws_home/unitree_ros2_dls/ros2_ws/install/dls2_interface/include/dls2_interface/dls2_interface/msg/detail/blind_state__type_support.cpp
-- Installing: /home/gturrisi-iit.local/other_ws_home/unitree_ros2_dls/ros2_ws/install/dls2_interface/include/dls2_interface/dls2_interface/msg/detail/trajectory_generator__type_support.cpp
-- Installing: /home/gturrisi-iit.local/other_ws_home/unitree_ros2_dls/ros2_ws/install/dls2_interface/include/dls2_interface/dls2_interface/msg/detail/feet_contact_state__type_support.cpp
-- Installing: /home/gturrisi-iit.local/other_ws_home/unitree_ros2_dls/ros2_ws/install/dls2_interface/include/dls2_interface/dls2_interface/msg/detail/feet_contact_state__rosidl_typesupport_introspection_cpp.hpp
-- Installing: /home/gturrisi-iit.local/other_ws_home/unitree_ros2_dls/ros2_ws/install/dls2_interface/include/dls2_interface/dls2_interface/msg/detail/blind_state__rosidl_typesupport_introspection_cpp.hpp
-- Installing: /home/gturrisi-iit.local/other_ws_home/unitree_ros2_dls/ros2_ws/install/dls2_interface/include/dls2_interface/dls2_interface/msg/detail/arm_control_signal__rosidl_typesupport_introspection_cpp.hpp
-- Installing: /home/gturrisi-iit.local/other_ws_home/unitree_ros2_dls/ros2_ws/install/dls2_interface/include/dls2_interface/dls2_interface/msg/detail/imu__type_support.cpp
-- Installing: /home/gturrisi-iit.local/other_ws_home/unitree_ros2_dls/ros2_ws/install/dls2_interface/include/dls2_interface/dls2_interface/msg/detail/control_signal__type_support.cpp
-- Installing: /home/gturrisi-iit.local/other_ws_home/unitree_ros2_dls/ros2_ws/install/dls2_interface/include/dls2_interface/dls2_interface/msg/detail/trajectory_generator__rosidl_typesupport_introspection_cpp.hpp
-- Installing: /home/gturrisi-iit.local/other_ws_home/unitree_ros2_dls/ros2_ws/install/dls2_interface/include/dls2_interface/dls2_interface/msg/detail/screw__rosidl_typesupport_introspection_cpp.hpp
-- Installing: /home/gturrisi-iit.local/other_ws_home/unitree_ros2_dls/ros2_ws/install/dls2_interface/include/dls2_interface/dls2_interface/msg/detail/arm_trajectory_generator__type_support.cpp
-- Installing: /home/gturrisi-iit.local/other_ws_home/unitree_ros2_dls/ros2_ws/install/dls2_interface/include/dls2_interface/dls2_interface/msg/detail/arm_control_signal__type_support.cpp
-- Installing: /home/gturrisi-iit.local/other_ws_home/unitree_ros2_dls/ros2_ws/install/dls2_interface/include/dls2_interface/dls2_interface/msg/detail/imu__rosidl_typesupport_introspection_cpp.hpp
-- Installing: /home/gturrisi-iit.local/other_ws_home/unitree_ros2_dls/ros2_ws/install/dls2_interface/include/dls2_interface/dls2_interface/msg/detail/arm_trajectory_generator__rosidl_typesupport_introspection_cpp.hpp
-- Installing: /home/gturrisi-iit.local/other_ws_home/unitree_ros2_dls/ros2_ws/install/dls2_interface/include/dls2_interface/dls2_interface/msg/detail/arm_state__type_support.cpp
-- Installing: /home/gturrisi-iit.local/other_ws_home/unitree_ros2_dls/ros2_ws/install/dls2_interface/include/dls2_interface/dls2_interface/msg/detail/pose__rosidl_typesupport_introspection_cpp.hpp
-- Installing: /home/gturrisi-iit.local/other_ws_home/unitree_ros2_dls/ros2_ws/install/dls2_interface/include/dls2_interface/dls2_interface/msg/detail/screw__type_support.cpp
-- Installing: /home/gturrisi-iit.local/other_ws_home/unitree_ros2_dls/ros2_ws/install/dls2_interface/include/dls2_interface/dls2_interface/msg/detail/base_state__rosidl_typesupport_introspection_cpp.hpp
-- Installing: /home/gturrisi-iit.local/other_ws_home/unitree_ros2_dls/ros2_ws/install/dls2_interface/lib/libdls2_interface__rosidl_typesupport_introspection_cpp.so
-- Installing: /home/gturrisi-iit.local/other_ws_home/unitree_ros2_dls/ros2_ws/install/dls2_interface/lib/libdls2_interface__rosidl_typesupport_cpp.so
-- Installing: /home/gturrisi-iit.local/other_ws_home/unitree_ros2_dls/ros2_ws/install/dls2_interface/share/dls2_interface/environment/pythonpath.sh
-- Installing: /home/gturrisi-iit.local/other_ws_home/unitree_ros2_dls/ros2_ws/install/dls2_interface/share/dls2_interface/environment/pythonpath.dsv
-- Installing: /home/gturrisi-iit.local/other_ws_home/unitree_ros2_dls/ros2_ws/install/dls2_interface/lib/python3.11/site-packages/dls2_interface-0.0.0-py3.11.egg-info
-- Installing: /home/gturrisi-iit.local/other_ws_home/unitree_ros2_dls/ros2_ws/install/dls2_interface/lib/python3.11/site-packages/dls2_interface-0.0.0-py3.11.egg-info/dependency_links.txt
-- Installing: /home/gturrisi-iit.local/other_ws_home/unitree_ros2_dls/ros2_ws/install/dls2_interface/lib/python3.11/site-packages/dls2_interface-0.0.0-py3.11.egg-info/top_level.txt
-- Installing: /home/gturrisi-iit.local/other_ws_home/unitree_ros2_dls/ros2_ws/install/dls2_interface/lib/python3.11/site-packages/dls2_interface-0.0.0-py3.11.egg-info/SOURCES.txt
-- Installing: /home/gturrisi-iit.local/other_ws_home/unitree_ros2_dls/ros2_ws/install/dls2_interface/lib/python3.11/site-packages/dls2_interface-0.0.0-py3.11.egg-info/PKG-INFO
-- Installing: /home/gturrisi-iit.local/other_ws_home/unitree_ros2_dls/ros2_ws/install/dls2_interface/lib/python3.11/site-packages/dls2_interface
-- Installing: /home/gturrisi-iit.local/other_ws_home/unitree_ros2_dls/ros2_ws/install/dls2_interface/lib/python3.11/site-packages/dls2_interface/msg
-- Installing: /home/gturrisi-iit.local/other_ws_home/unitree_ros2_dls/ros2_ws/install/dls2_interface/lib/python3.11/site-packages/dls2_interface/msg/_control_signal.py
-- Installing: /home/gturrisi-iit.local/other_ws_home/unitree_ros2_dls/ros2_ws/install/dls2_interface/lib/python3.11/site-packages/dls2_interface/msg/_feet_contact_state_s.c
-- Installing: /home/gturrisi-iit.local/other_ws_home/unitree_ros2_dls/ros2_ws/install/dls2_interface/lib/python3.11/site-packages/dls2_interface/msg/_imu.py
-- Installing: /home/gturrisi-iit.local/other_ws_home/unitree_ros2_dls/ros2_ws/install/dls2_interface/lib/python3.11/site-packages/dls2_interface/msg/_trajectory_generator.py
-- Installing: /home/gturrisi-iit.local/other_ws_home/unitree_ros2_dls/ros2_ws/install/dls2_interface/lib/python3.11/site-packages/dls2_interface/msg/_screw_s.c
-- Installing: /home/gturrisi-iit.local/other_ws_home/unitree_ros2_dls/ros2_ws/install/dls2_interface/lib/python3.11/site-packages/dls2_interface/msg/_arm_control_signal.py
-- Installing: /home/gturrisi-iit.local/other_ws_home/unitree_ros2_dls/ros2_ws/install/dls2_interface/lib/python3.11/site-packages/dls2_interface/msg/_screw.py
-- Installing: /home/gturrisi-iit.local/other_ws_home/unitree_ros2_dls/ros2_ws/install/dls2_interface/lib/python3.11/site-packages/dls2_interface/msg/_pose.py
-- Installing: /home/gturrisi-iit.local/other_ws_home/unitree_ros2_dls/ros2_ws/install/dls2_interface/lib/python3.11/site-packages/dls2_interface/msg/_imu_s.c
-- Installing: /home/gturrisi-iit.local/other_ws_home/unitree_ros2_dls/ros2_ws/install/dls2_interface/lib/python3.11/site-packages/dls2_interface/msg/_base_state.py
-- Installing: /home/gturrisi-iit.local/other_ws_home/unitree_ros2_dls/ros2_ws/install/dls2_interface/lib/python3.11/site-packages/dls2_interface/msg/__init__.py
-- Installing: /home/gturrisi-iit.local/other_ws_home/unitree_ros2_dls/ros2_ws/install/dls2_interface/lib/python3.11/site-packages/dls2_interface/msg/_arm_state_s.c
-- Installing: /home/gturrisi-iit.local/other_ws_home/unitree_ros2_dls/ros2_ws/install/dls2_interface/lib/python3.11/site-packages/dls2_interface/msg/_feet_contact_state.py
-- Installing: /home/gturrisi-iit.local/other_ws_home/unitree_ros2_dls/ros2_ws/install/dls2_interface/lib/python3.11/site-packages/dls2_interface/msg/_trajectory_generator_s.c
-- Installing: /home/gturrisi-iit.local/other_ws_home/unitree_ros2_dls/ros2_ws/install/dls2_interface/lib/python3.11/site-packages/dls2_interface/msg/_arm_trajectory_generator_s.c
-- Installing: /home/gturrisi-iit.local/other_ws_home/unitree_ros2_dls/ros2_ws/install/dls2_interface/lib/python3.11/site-packages/dls2_interface/msg/_arm_control_signal_s.c
-- Installing: /home/gturrisi-iit.local/other_ws_home/unitree_ros2_dls/ros2_ws/install/dls2_interface/lib/python3.11/site-packages/dls2_interface/msg/_blind_state.py
-- Installing: /home/gturrisi-iit.local/other_ws_home/unitree_ros2_dls/ros2_ws/install/dls2_interface/lib/python3.11/site-packages/dls2_interface/msg/_arm_state.py
-- Installing: /home/gturrisi-iit.local/other_ws_home/unitree_ros2_dls/ros2_ws/install/dls2_interface/lib/python3.11/site-packages/dls2_interface/msg/_control_signal_s.c
-- Installing: /home/gturrisi-iit.local/other_ws_home/unitree_ros2_dls/ros2_ws/install/dls2_interface/lib/python3.11/site-packages/dls2_interface/msg/_pose_s.c
-- Installing: /home/gturrisi-iit.local/other_ws_home/unitree_ros2_dls/ros2_ws/install/dls2_interface/lib/python3.11/site-packages/dls2_interface/msg/_arm_trajectory_generator.py
-- Installing: /home/gturrisi-iit.local/other_ws_home/unitree_ros2_dls/ros2_ws/install/dls2_interface/lib/python3.11/site-packages/dls2_interface/msg/_base_state_s.c
-- Installing: /home/gturrisi-iit.local/other_ws_home/unitree_ros2_dls/ros2_ws/install/dls2_interface/lib/python3.11/site-packages/dls2_interface/msg/_blind_state_s.c
-- Installing: /home/gturrisi-iit.local/other_ws_home/unitree_ros2_dls/ros2_ws/install/dls2_interface/lib/python3.11/site-packages/dls2_interface/__init__.py
-- Installing: /home/gturrisi-iit.local/other_ws_home/unitree_ros2_dls/ros2_ws/install/dls2_interface/lib/python3.11/site-packages/dls2_interface/libdls2_interface__rosidl_generator_py.so
-- Installing: /home/gturrisi-iit.local/other_ws_home/unitree_ros2_dls/ros2_ws/install/dls2_interface/lib/python3.11/site-packages/dls2_interface/_dls2_interface_s.ep.rosidl_typesupport_c.c
-- Installing: /home/gturrisi-iit.local/other_ws_home/unitree_ros2_dls/ros2_ws/install/dls2_interface/lib/python3.11/site-packages/dls2_interface/dls2_interface_s__rosidl_typesupport_introspection_c.cpython-311-x86_64-linux-gnu.so
-- Installing: /home/gturrisi-iit.local/other_ws_home/unitree_ros2_dls/ros2_ws/install/dls2_interface/lib/python3.11/site-packages/dls2_interface/dls2_interface_s__rosidl_typesupport_fastrtps_c.cpython-311-x86_64-linux-gnu.so
-- Installing: /home/gturrisi-iit.local/other_ws_home/unitree_ros2_dls/ros2_ws/install/dls2_interface/lib/python3.11/site-packages/dls2_interface/_dls2_interface_s.ep.rosidl_typesupport_introspection_c.c
-- Installing: /home/gturrisi-iit.local/other_ws_home/unitree_ros2_dls/ros2_ws/install/dls2_interface/lib/python3.11/site-packages/dls2_interface/_dls2_interface_s.ep.rosidl_typesupport_fastrtps_c.c
-- Installing: /home/gturrisi-iit.local/other_ws_home/unitree_ros2_dls/ros2_ws/install/dls2_interface/lib/python3.11/site-packages/dls2_interface/dls2_interface_s__rosidl_typesupport_c.cpython-311-x86_64-linux-gnu.so
Listing 'lib/python3.11/site-packages/dls2_interface'...
Can't list 'lib/python3.11/site-packages/dls2_interface'
-- Installing: /home/gturrisi-iit.local/other_ws_home/unitree_ros2_dls/ros2_ws/install/dls2_interface/lib/python3.11/site-packages/dls2_interface/dls2_interface_s__rosidl_typesupport_fastrtps_c.cpython-311-x86_64-linux-gnu.so
-- Set non-toolchain portion of runtime path of "/home/gturrisi-iit.local/other_ws_home/unitree_ros2_dls/ros2_ws/install/dls2_interface/lib/python3.11/site-packages/dls2_interface/dls2_interface_s__rosidl_typesupport_fastrtps_c.cpython-311-x86_64-linux-gnu.so" to ""
-- Installing: /home/gturrisi-iit.local/other_ws_home/unitree_ros2_dls/ros2_ws/install/dls2_interface/lib/python3.11/site-packages/dls2_interface/dls2_interface_s__rosidl_typesupport_introspection_c.cpython-311-x86_64-linux-gnu.so
-- Set non-toolchain portion of runtime path of "/home/gturrisi-iit.local/other_ws_home/unitree_ros2_dls/ros2_ws/install/dls2_interface/lib/python3.11/site-packages/dls2_interface/dls2_interface_s__rosidl_typesupport_introspection_c.cpython-311-x86_64-linux-gnu.so" to ""
-- Installing: /home/gturrisi-iit.local/other_ws_home/unitree_ros2_dls/ros2_ws/install/dls2_interface/lib/python3.11/site-packages/dls2_interface/dls2_interface_s__rosidl_typesupport_c.cpython-311-x86_64-linux-gnu.so
-- Set non-toolchain portion of runtime path of "/home/gturrisi-iit.local/other_ws_home/unitree_ros2_dls/ros2_ws/install/dls2_interface/lib/python3.11/site-packages/dls2_interface/dls2_interface_s__rosidl_typesupport_c.cpython-311-x86_64-linux-gnu.so" to ""
-- Installing: /home/gturrisi-iit.local/other_ws_home/unitree_ros2_dls/ros2_ws/install/dls2_interface/lib/libdls2_interface__rosidl_generator_py.so
-- Set non-toolchain portion of runtime path of "/home/gturrisi-iit.local/other_ws_home/unitree_ros2_dls/ros2_ws/install/dls2_interface/lib/libdls2_interface__rosidl_generator_py.so" to ""
-- Installing: /home/gturrisi-iit.local/other_ws_home/unitree_ros2_dls/ros2_ws/install/dls2_interface/share/dls2_interface/msg/Pose.idl
-- Installing: /home/gturrisi-iit.local/other_ws_home/unitree_ros2_dls/ros2_ws/install/dls2_interface/share/dls2_interface/msg/Screw.idl
-- Installing: /home/gturrisi-iit.local/other_ws_home/unitree_ros2_dls/ros2_ws/install/dls2_interface/share/dls2_interface/msg/BlindState.idl
-- Installing: /home/gturrisi-iit.local/other_ws_home/unitree_ros2_dls/ros2_ws/install/dls2_interface/share/dls2_interface/msg/BaseState.idl
-- Installing: /home/gturrisi-iit.local/other_ws_home/unitree_ros2_dls/ros2_ws/install/dls2_interface/share/dls2_interface/msg/Imu.idl
-- Installing: /home/gturrisi-iit.local/other_ws_home/unitree_ros2_dls/ros2_ws/install/dls2_interface/share/dls2_interface/msg/FeetContactState.idl
-- Installing: /home/gturrisi-iit.local/other_ws_home/unitree_ros2_dls/ros2_ws/install/dls2_interface/share/dls2_interface/msg/TrajectoryGenerator.idl
-- Installing: /home/gturrisi-iit.local/other_ws_home/unitree_ros2_dls/ros2_ws/install/dls2_interface/share/dls2_interface/msg/ControlSignal.idl
-- Installing: /home/gturrisi-iit.local/other_ws_home/unitree_ros2_dls/ros2_ws/install/dls2_interface/share/dls2_interface/msg/ArmState.idl
-- Installing: /home/gturrisi-iit.local/other_ws_home/unitree_ros2_dls/ros2_ws/install/dls2_interface/share/dls2_interface/msg/ArmTrajectoryGenerator.idl
-- Installing: /home/gturrisi-iit.local/other_ws_home/unitree_ros2_dls/ros2_ws/install/dls2_interface/share/dls2_interface/msg/ArmControlSignal.idl
-- Installing: /home/gturrisi-iit.local/other_ws_home/unitree_ros2_dls/ros2_ws/install/dls2_interface/share/dls2_interface/msg/Pose.msg
-- Installing: /home/gturrisi-iit.local/other_ws_home/unitree_ros2_dls/ros2_ws/install/dls2_interface/share/dls2_interface/msg/Screw.msg
-- Installing: /home/gturrisi-iit.local/other_ws_home/unitree_ros2_dls/ros2_ws/install/dls2_interface/share/dls2_interface/msg/BlindState.msg
-- Installing: /home/gturrisi-iit.local/other_ws_home/unitree_ros2_dls/ros2_ws/install/dls2_interface/share/dls2_interface/msg/BaseState.msg
-- Installing: /home/gturrisi-iit.local/other_ws_home/unitree_ros2_dls/ros2_ws/install/dls2_interface/share/dls2_interface/msg/Imu.msg
-- Installing: /home/gturrisi-iit.local/other_ws_home/unitree_ros2_dls/ros2_ws/install/dls2_interface/share/dls2_interface/msg/FeetContactState.msg
-- Installing: /home/gturrisi-iit.local/other_ws_home/unitree_ros2_dls/ros2_ws/install/dls2_interface/share/dls2_interface/msg/TrajectoryGenerator.msg
-- Installing: /home/gturrisi-iit.local/other_ws_home/unitree_ros2_dls/ros2_ws/install/dls2_interface/share/dls2_interface/msg/ControlSignal.msg
-- Installing: /home/gturrisi-iit.local/other_ws_home/unitree_ros2_dls/ros2_ws/install/dls2_interface/share/dls2_interface/msg/ArmState.msg
-- Installing: /home/gturrisi-iit.local/other_ws_home/unitree_ros2_dls/ros2_ws/install/dls2_interface/share/dls2_interface/msg/ArmTrajectoryGenerator.msg
-- Installing: /home/gturrisi-iit.local/other_ws_home/unitree_ros2_dls/ros2_ws/install/dls2_interface/share/dls2_interface/msg/ArmControlSignal.msg
-- Installing: /home/gturrisi-iit.local/other_ws_home/unitree_ros2_dls/ros2_ws/install/dls2_interface/share/ament_index/resource_index/package_run_dependencies/dls2_interface
-- Installing: /home/gturrisi-iit.local/other_ws_home/unitree_ros2_dls/ros2_ws/install/dls2_interface/share/ament_index/resource_index/parent_prefix_path/dls2_interface
-- Installing: /home/gturrisi-iit.local/other_ws_home/unitree_ros2_dls/ros2_ws/install/dls2_interface/share/dls2_interface/environment/ament_prefix_path.sh
-- Installing: /home/gturrisi-iit.local/other_ws_home/unitree_ros2_dls/ros2_ws/install/dls2_interface/share/dls2_interface/environment/ament_prefix_path.dsv
-- Installing: /home/gturrisi-iit.local/other_ws_home/unitree_ros2_dls/ros2_ws/install/dls2_interface/share/dls2_interface/environment/path.sh
-- Installing: /home/gturrisi-iit.local/other_ws_home/unitree_ros2_dls/ros2_ws/install/dls2_interface/share/dls2_interface/environment/path.dsv
-- Installing: /home/gturrisi-iit.local/other_ws_home/unitree_ros2_dls/ros2_ws/install/dls2_interface/share/dls2_interface/local_setup.bash
-- Installing: /home/gturrisi-iit.local/other_ws_home/unitree_ros2_dls/ros2_ws/install/dls2_interface/share/dls2_interface/local_setup.sh
-- Installing: /home/gturrisi-iit.local/other_ws_home/unitree_ros2_dls/ros2_ws/install/dls2_interface/share/dls2_interface/local_setup.zsh
-- Installing: /home/gturrisi-iit.local/other_ws_home/unitree_ros2_dls/ros2_ws/install/dls2_interface/share/dls2_interface/local_setup.dsv
-- Installing: /home/gturrisi-iit.local/other_ws_home/unitree_ros2_dls/ros2_ws/install/dls2_interface/share/dls2_interface/package.dsv
-- Installing: /home/gturrisi-iit.local/other_ws_home/unitree_ros2_dls/ros2_ws/install/dls2_interface/share/ament_index/resource_index/packages/dls2_interface
-- Installing: /home/gturrisi-iit.local/other_ws_home/unitree_ros2_dls/ros2_ws/install/dls2_interface/share/dls2_interface/cmake/export_dls2_interface__rosidl_generator_cExport.cmake
-- Installing: /home/gturrisi-iit.local/other_ws_home/unitree_ros2_dls/ros2_ws/install/dls2_interface/share/dls2_interface/cmake/export_dls2_interface__rosidl_generator_cExport-noconfig.cmake
-- Installing: /home/gturrisi-iit.local/other_ws_home/unitree_ros2_dls/ros2_ws/install/dls2_interface/share/dls2_interface/cmake/export_dls2_interface__rosidl_typesupport_fastrtps_cExport.cmake
-- Installing: /home/gturrisi-iit.local/other_ws_home/unitree_ros2_dls/ros2_ws/install/dls2_interface/share/dls2_interface/cmake/export_dls2_interface__rosidl_typesupport_fastrtps_cExport-noconfig.cmake
-- Installing: /home/gturrisi-iit.local/other_ws_home/unitree_ros2_dls/ros2_ws/install/dls2_interface/share/dls2_interface/cmake/dls2_interface__rosidl_typesupport_introspection_cExport.cmake
-- Installing: /home/gturrisi-iit.local/other_ws_home/unitree_ros2_dls/ros2_ws/install/dls2_interface/share/dls2_interface/cmake/dls2_interface__rosidl_typesupport_introspection_cExport-noconfig.cmake
-- Installing: /home/gturrisi-iit.local/other_ws_home/unitree_ros2_dls/ros2_ws/install/dls2_interface/share/dls2_interface/cmake/dls2_interface__rosidl_typesupport_cExport.cmake
-- Installing: /home/gturrisi-iit.local/other_ws_home/unitree_ros2_dls/ros2_ws/install/dls2_interface/share/dls2_interface/cmake/dls2_interface__rosidl_typesupport_cExport-noconfig.cmake
-- Installing: /home/gturrisi-iit.local/other_ws_home/unitree_ros2_dls/ros2_ws/install/dls2_interface/share/dls2_interface/cmake/export_dls2_interface__rosidl_generator_cppExport.cmake
-- Installing: /home/gturrisi-iit.local/other_ws_home/unitree_ros2_dls/ros2_ws/install/dls2_interface/share/dls2_interface/cmake/export_dls2_interface__rosidl_typesupport_fastrtps_cppExport.cmake
-- Installing: /home/gturrisi-iit.local/other_ws_home/unitree_ros2_dls/ros2_ws/install/dls2_interface/share/dls2_interface/cmake/export_dls2_interface__rosidl_typesupport_fastrtps_cppExport-noconfig.cmake
-- Installing: /home/gturrisi-iit.local/other_ws_home/unitree_ros2_dls/ros2_ws/install/dls2_interface/share/dls2_interface/cmake/dls2_interface__rosidl_typesupport_introspection_cppExport.cmake
-- Installing: /home/gturrisi-iit.local/other_ws_home/unitree_ros2_dls/ros2_ws/install/dls2_interface/share/dls2_interface/cmake/dls2_interface__rosidl_typesupport_introspection_cppExport-noconfig.cmake
-- Installing: /home/gturrisi-iit.local/other_ws_home/unitree_ros2_dls/ros2_ws/install/dls2_interface/share/dls2_interface/cmake/dls2_interface__rosidl_typesupport_cppExport.cmake
-- Installing: /home/gturrisi-iit.local/other_ws_home/unitree_ros2_dls/ros2_ws/install/dls2_interface/share/dls2_interface/cmake/dls2_interface__rosidl_typesupport_cppExport-noconfig.cmake
-- Installing: /home/gturrisi-iit.local/other_ws_home/unitree_ros2_dls/ros2_ws/install/dls2_interface/share/dls2_interface/cmake/export_dls2_interface__rosidl_generator_pyExport.cmake
-- Installing: /home/gturrisi-iit.local/other_ws_home/unitree_ros2_dls/ros2_ws/install/dls2_interface/share/dls2_interface/cmake/export_dls2_interface__rosidl_generator_pyExport-noconfig.cmake
-- Installing: /home/gturrisi-iit.local/other_ws_home/unitree_ros2_dls/ros2_ws/install/dls2_interface/share/dls2_interface/cmake/rosidl_cmake-extras.cmake
-- Installing: /home/gturrisi-iit.local/other_ws_home/unitree_ros2_dls/ros2_ws/install/dls2_interface/share/dls2_interface/cmake/ament_cmake_export_include_directories-extras.cmake
-- Installing: /home/gturrisi-iit.local/other_ws_home/unitree_ros2_dls/ros2_ws/install/dls2_interface/share/dls2_interface/cmake/ament_cmake_export_libraries-extras.cmake
-- Installing: /home/gturrisi-iit.local/other_ws_home/unitree_ros2_dls/ros2_ws/install/dls2_interface/share/dls2_interface/cmake/ament_cmake_export_targets-extras.cmake
-- Installing: /home/gturrisi-iit.local/other_ws_home/unitree_ros2_dls/ros2_ws/install/dls2_interface/share/dls2_interface/cmake/rosidl_cmake_export_typesupport_targets-extras.cmake
-- Installing: /home/gturrisi-iit.local/other_ws_home/unitree_ros2_dls/ros2_ws/install/dls2_interface/share/dls2_interface/cmake/ament_cmake_export_dependencies-extras.cmake
-- Installing: /home/gturrisi-iit.local/other_ws_home/unitree_ros2_dls/ros2_ws/install/dls2_interface/share/dls2_interface/cmake/rosidl_cmake_export_typesupport_libraries-extras.cmake
-- Installing: /home/gturrisi-iit.local/other_ws_home/unitree_ros2_dls/ros2_ws/install/dls2_interface/share/dls2_interface/cmake/dls2_interfaceConfig.cmake
-- Installing: /home/gturrisi-iit.local/other_ws_home/unitree_ros2_dls/ros2_ws/install/dls2_interface/share/dls2_interface/cmake/dls2_interfaceConfig-version.cmake
-- Installing: /home/gturrisi-iit.local/other_ws_home/unitree_ros2_dls/ros2_ws/install/dls2_interface/share/dls2_interface/package.xml
