[0.012s] Invoking command in '/home/gturrisi-iit.local/other_ws_home/unitree_ros2_dls/ros2_ws/build/dls2_interface': CONDA_PROMPT_MODIFIER=(basic_locomotion_dls_isaaclab_ros2_env) DEBUGINFOD_URLS=https://debuginfod.ubuntu.com /home/gturrisi-iit.local/miniforge3/envs/basic_locomotion_dls_isaaclab_ros2_env/bin/cmake /home/gturrisi-iit.local/other_ws_home/unitree_ros2_dls/ros2_ws/src/dls2_interface -DCMAKE_INSTALL_PREFIX=/home/gturrisi-iit.local/other_ws_home/unitree_ros2_dls/ros2_ws/install/dls2_interface
[0.090s] -- The C compiler identification is GNU 14.3.0
[0.196s] -- The CXX compiler identification is GNU 14.3.0
[0.208s] -- Detecting C compiler ABI info
[0.300s] -- Detecting C compiler ABI info - done
[0.322s] -- Check for working C compiler: /home/gturrisi-iit.local/miniforge3/envs/basic_locomotion_dls_isaaclab_ros2_env/bin/x86_64-conda-linux-gnu-cc - skipped
[0.324s] -- Detecting C compile features
[0.325s] -- Detecting C compile features - done
[0.341s] -- Detecting CXX compiler ABI info
[0.440s] -- Detecting CXX compiler ABI info - done
[0.463s] -- Check for working CXX compiler: /home/gturrisi-iit.local/miniforge3/envs/basic_locomotion_dls_isaaclab_ros2_env/bin/x86_64-conda-linux-gnu-c++ - skipped
[0.464s] -- Detecting CXX compile features
[0.464s] -- Detecting CXX compile features - done
[0.476s] -- Found ament_cmake: 1.3.12 (/home/gturrisi-iit.local/miniforge3/envs/basic_locomotion_dls_isaaclab_ros2_env/share/ament_cmake/cmake)
[0.595s] -- Found Python3: /home/gturrisi-iit.local/miniforge3/envs/basic_locomotion_dls_isaaclab_ros2_env/bin/python3 (found version "3.11.14") found components: Interpreter
[0.719s] -- Found rosidl_default_generators: 1.2.0 (/home/gturrisi-iit.local/miniforge3/envs/basic_locomotion_dls_isaaclab_ros2_env/share/rosidl_default_generators/cmake)
[0.724s] -- Using all available rosidl_typesupport_c: rosidl_typesupport_fastrtps_c;rosidl_typesupport_introspection_c
[0.738s] -- Found rosidl_adapter: 3.1.6 (/home/gturrisi-iit.local/miniforge3/envs/basic_locomotion_dls_isaaclab_ros2_env/share/rosidl_adapter/cmake)
[0.796s] -- Using all available rosidl_typesupport_cpp: rosidl_typesupport_fastrtps_cpp;rosidl_typesupport_introspection_cpp
[1.123s] -- Found ament_cmake_ros: 0.10.0 (/home/gturrisi-iit.local/miniforge3/envs/basic_locomotion_dls_isaaclab_ros2_env/share/ament_cmake_ros/cmake)
[1.342s] -- Using all available rosidl_typesupport_c: rosidl_typesupport_fastrtps_c;rosidl_typesupport_introspection_c
[1.692s] -- Using all available rosidl_typesupport_cpp: rosidl_typesupport_fastrtps_cpp;rosidl_typesupport_introspection_cpp
[1.695s] -- Found python_cmake_module: 0.10.0 (/home/gturrisi-iit.local/miniforge3/envs/basic_locomotion_dls_isaaclab_ros2_env/share/python_cmake_module/cmake)
[1.696s] [33mCMake Warning (dev) at /home/gturrisi-iit.local/miniforge3/envs/basic_locomotion_dls_isaaclab_ros2_env/share/python_cmake_module/cmake/Modules/FindPythonExtra.cmake:52 (find_package):
[1.696s]   Policy CMP0148 is not set: The FindPythonInterp and FindPythonLibs modules
[1.696s]   are removed.  Run "cmake --help-policy CMP0148" for policy details.  Use
[1.696s]   the cmake_policy command to set the policy and suppress this warning.
[1.696s] 
[1.696s] Call Stack (most recent call first):
[1.696s]   /home/gturrisi-iit.local/miniforge3/envs/basic_locomotion_dls_isaaclab_ros2_env/share/rosidl_generator_py/cmake/rosidl_generator_py_generate_interfaces.cmake:33 (find_package)
[1.696s]   /home/gturrisi-iit.local/miniforge3/envs/basic_locomotion_dls_isaaclab_ros2_env/share/ament_cmake_core/cmake/core/ament_execute_extensions.cmake:48 (include)
[1.696s]   /home/gturrisi-iit.local/miniforge3/envs/basic_locomotion_dls_isaaclab_ros2_env/share/rosidl_cmake/cmake/rosidl_generate_interfaces.cmake:286 (ament_execute_extensions)
[1.696s]   CMakeLists.txt:13 (rosidl_generate_interfaces)
[1.696s] This warning is for project developers.  Use -Wno-dev to suppress it.
[1.696s] [0m
[1.707s] -- Found PythonInterp: /home/gturrisi-iit.local/miniforge3/envs/basic_locomotion_dls_isaaclab_ros2_env/bin/python3 (found suitable version "3.11.14", minimum required is "3.6")
[1.707s] [33mCMake Warning (dev) at /home/gturrisi-iit.local/miniforge3/envs/basic_locomotion_dls_isaaclab_ros2_env/share/python_cmake_module/cmake/Modules/FindPythonExtra.cmake:140 (find_package):
[1.707s]   Policy CMP0148 is not set: The FindPythonInterp and FindPythonLibs modules
[1.707s]   are removed.  Run "cmake --help-policy CMP0148" for policy details.  Use
[1.707s]   the cmake_policy command to set the policy and suppress this warning.
[1.707s] 
[1.707s] Call Stack (most recent call first):
[1.707s]   /home/gturrisi-iit.local/miniforge3/envs/basic_locomotion_dls_isaaclab_ros2_env/share/rosidl_generator_py/cmake/rosidl_generator_py_generate_interfaces.cmake:33 (find_package)
[1.707s]   /home/gturrisi-iit.local/miniforge3/envs/basic_locomotion_dls_isaaclab_ros2_env/share/ament_cmake_core/cmake/core/ament_execute_extensions.cmake:48 (include)
[1.707s]   /home/gturrisi-iit.local/miniforge3/envs/basic_locomotion_dls_isaaclab_ros2_env/share/rosidl_cmake/cmake/rosidl_generate_interfaces.cmake:286 (ament_execute_extensions)
[1.707s]   CMakeLists.txt:13 (rosidl_generate_interfaces)
[1.707s] This warning is for project developers.  Use -Wno-dev to suppress it.
[1.707s] [0m
[1.710s] -- Found PythonLibs: /home/gturrisi-iit.local/miniforge3/envs/basic_locomotion_dls_isaaclab_ros2_env/lib/libpython3.11.so (found suitable version "3.11.14", minimum required is "3.5")
[1.710s] -- Using PYTHON_EXECUTABLE: /home/gturrisi-iit.local/miniforge3/envs/basic_locomotion_dls_isaaclab_ros2_env/bin/python3
[1.710s] -- Using PYTHON_INCLUDE_DIRS: /home/gturrisi-iit.local/miniforge3/envs/basic_locomotion_dls_isaaclab_ros2_env/include/python3.11
[1.710s] -- Using PYTHON_LIBRARIES: /home/gturrisi-iit.local/miniforge3/envs/basic_locomotion_dls_isaaclab_ros2_env/lib/libpython3.11.so
[1.720s] -- Found PythonExtra: .so
[2.006s] -- Found Python: /home/gturrisi-iit.local/miniforge3/envs/basic_locomotion_dls_isaaclab_ros2_env/bin/python3.11 (found version "3.11.14") found components: Interpreter Development NumPy Development.Module Development.Embed
[2.023s] -- Found ament_lint_auto: 0.12.12 (/home/gturrisi-iit.local/miniforge3/envs/basic_locomotion_dls_isaaclab_ros2_env/share/ament_lint_auto/cmake)
[2.042s] -- Added test 'lint_cmake' to check CMake code style
[2.042s] -- Added test 'xmllint' to check XML markup files
[2.044s] -- Configuring done (2.0s)
[2.080s] -- Generating done (0.0s)
[2.089s] -- Build files have been written to: /home/gturrisi-iit.local/other_ws_home/unitree_ros2_dls/ros2_ws/build/dls2_interface
[2.100s] Invoked command in '/home/gturrisi-iit.local/other_ws_home/unitree_ros2_dls/ros2_ws/build/dls2_interface' returned '0': CONDA_PROMPT_MODIFIER=(basic_locomotion_dls_isaaclab_ros2_env) DEBUGINFOD_URLS=https://debuginfod.ubuntu.com /home/gturrisi-iit.local/miniforge3/envs/basic_locomotion_dls_isaaclab_ros2_env/bin/cmake /home/gturrisi-iit.local/other_ws_home/unitree_ros2_dls/ros2_ws/src/dls2_interface -DCMAKE_INSTALL_PREFIX=/home/gturrisi-iit.local/other_ws_home/unitree_ros2_dls/ros2_ws/install/dls2_interface
[2.100s] Invoking command in '/home/gturrisi-iit.local/other_ws_home/unitree_ros2_dls/ros2_ws/build/dls2_interface': CONDA_PROMPT_MODIFIER=(basic_locomotion_dls_isaaclab_ros2_env) DEBUGINFOD_URLS=https://debuginfod.ubuntu.com /home/gturrisi-iit.local/miniforge3/envs/basic_locomotion_dls_isaaclab_ros2_env/bin/cmake --build /home/gturrisi-iit.local/other_ws_home/unitree_ros2_dls/ros2_ws/build/dls2_interface -- -j16 -l16
[2.129s] [  1%] [1m[34mGenerating C code for ROS interfaces[0m
[2.132s] [  1%] [1m[34mGenerating C++ code for ROS interfaces[0m
[2.138s] [  1%] Built target ament_cmake_python_copy_dls2_interface
[2.245s] running egg_info
[2.249s] creating dls2_interface.egg-info
[2.249s] writing dls2_interface.egg-info/PKG-INFO
[2.250s] writing dependency_links to dls2_interface.egg-info/dependency_links.txt
[2.250s] writing top-level names to dls2_interface.egg-info/top_level.txt
[2.250s] writing manifest file 'dls2_interface.egg-info/SOURCES.txt'
[2.265s] reading manifest file 'dls2_interface.egg-info/SOURCES.txt'
[2.265s] writing manifest file 'dls2_interface.egg-info/SOURCES.txt'
[2.297s] [  1%] Built target ament_cmake_python_build_dls2_interface_egg
[2.489s] [  1%] Built target dls2_interface__cpp
[2.494s] [  2%] [1m[34mGenerating C++ type support dispatch for ROS interfaces[0m
[2.494s] [  2%] [1m[34mGenerating C++ type support for eProsima Fast-RTPS[0m
[2.495s] [  3%] [1m[34mGenerating C++ introspection for ROS interfaces[0m
[2.499s] [  4%] [32mBuilding C object CMakeFiles/dls2_interface__rosidl_generator_c.dir/rosidl_generator_c/dls2_interface/msg/detail/pose__functions.c.o[0m
[2.499s] [  5%] [32mBuilding C object CMakeFiles/dls2_interface__rosidl_generator_c.dir/rosidl_generator_c/dls2_interface/msg/detail/screw__functions.c.o[0m
[2.500s] [  6%] [32mBuilding C object CMakeFiles/dls2_interface__rosidl_generator_c.dir/rosidl_generator_c/dls2_interface/msg/detail/control_signal__functions.c.o[0m
[2.500s] [  6%] [32mBuilding C object CMakeFiles/dls2_interface__rosidl_generator_c.dir/rosidl_generator_c/dls2_interface/msg/detail/base_state__functions.c.o[0m
[2.500s] [  7%] [32mBuilding C object CMakeFiles/dls2_interface__rosidl_generator_c.dir/rosidl_generator_c/dls2_interface/msg/detail/arm_trajectory_generator__functions.c.o[0m
[2.500s] [  8%] [32mBuilding C object CMakeFiles/dls2_interface__rosidl_generator_c.dir/rosidl_generator_c/dls2_interface/msg/detail/arm_state__functions.c.o[0m
[2.502s] [  9%] [32mBuilding C object CMakeFiles/dls2_interface__rosidl_generator_c.dir/rosidl_generator_c/dls2_interface/msg/detail/blind_state__functions.c.o[0m
[2.502s] [ 10%] [32mBuilding C object CMakeFiles/dls2_interface__rosidl_generator_c.dir/rosidl_generator_c/dls2_interface/msg/detail/trajectory_generator__functions.c.o[0m
[2.502s] [ 12%] [32mBuilding C object CMakeFiles/dls2_interface__rosidl_generator_c.dir/rosidl_generator_c/dls2_interface/msg/detail/feet_contact_state__functions.c.o[0m
[2.502s] [ 12%] [32mBuilding C object CMakeFiles/dls2_interface__rosidl_generator_c.dir/rosidl_generator_c/dls2_interface/msg/detail/imu__functions.c.o[0m
[2.504s] [ 13%] [32mBuilding C object CMakeFiles/dls2_interface__rosidl_generator_c.dir/rosidl_generator_c/dls2_interface/msg/detail/arm_control_signal__functions.c.o[0m
[2.671s] [ 14%] [1m[32mLinking C shared library libdls2_interface__rosidl_generator_c.so[0m
[2.704s] [ 14%] Built target dls2_interface__rosidl_generator_c
[2.710s] [ 15%] [1m[34mGenerating C type support for eProsima Fast-RTPS[0m
[2.710s] [ 16%] [1m[34mGenerating C introspection for ROS interfaces[0m
[2.713s] [ 17%] [1m[34mGenerating C type support dispatch for ROS interfaces[0m
[2.828s] [ 18%] [32mBuilding CXX object CMakeFiles/dls2_interface__rosidl_typesupport_cpp.dir/rosidl_typesupport_cpp/dls2_interface/msg/blind_state__type_support.cpp.o[0m
[2.830s] [ 19%] [32mBuilding CXX object CMakeFiles/dls2_interface__rosidl_typesupport_cpp.dir/rosidl_typesupport_cpp/dls2_interface/msg/base_state__type_support.cpp.o[0m
[2.830s] [ 20%] [32mBuilding CXX object CMakeFiles/dls2_interface__rosidl_typesupport_cpp.dir/rosidl_typesupport_cpp/dls2_interface/msg/imu__type_support.cpp.o[0m
[2.833s] [ 21%] [32mBuilding CXX object CMakeFiles/dls2_interface__rosidl_typesupport_cpp.dir/rosidl_typesupport_cpp/dls2_interface/msg/pose__type_support.cpp.o[0m
[2.833s] [ 22%] [32mBuilding CXX object CMakeFiles/dls2_interface__rosidl_typesupport_cpp.dir/rosidl_typesupport_cpp/dls2_interface/msg/screw__type_support.cpp.o[0m
[2.833s] [ 23%] [32mBuilding CXX object CMakeFiles/dls2_interface__rosidl_typesupport_cpp.dir/rosidl_typesupport_cpp/dls2_interface/msg/control_signal__type_support.cpp.o[0m
[2.833s] [ 23%] [32mBuilding CXX object CMakeFiles/dls2_interface__rosidl_typesupport_cpp.dir/rosidl_typesupport_cpp/dls2_interface/msg/feet_contact_state__type_support.cpp.o[0m
[2.836s] [ 24%] [32mBuilding CXX object CMakeFiles/dls2_interface__rosidl_typesupport_cpp.dir/rosidl_typesupport_cpp/dls2_interface/msg/trajectory_generator__type_support.cpp.o[0m
[2.841s] [ 25%] [32mBuilding CXX object CMakeFiles/dls2_interface__rosidl_typesupport_cpp.dir/rosidl_typesupport_cpp/dls2_interface/msg/arm_state__type_support.cpp.o[0m
[2.843s] [ 26%] [32mBuilding CXX object CMakeFiles/dls2_interface__rosidl_typesupport_cpp.dir/rosidl_typesupport_cpp/dls2_interface/msg/arm_trajectory_generator__type_support.cpp.o[0m
[2.846s] [ 27%] [32mBuilding CXX object CMakeFiles/dls2_interface__rosidl_typesupport_cpp.dir/rosidl_typesupport_cpp/dls2_interface/msg/arm_control_signal__type_support.cpp.o[0m
[2.856s] [ 28%] [32mBuilding CXX object CMakeFiles/dls2_interface__rosidl_typesupport_introspection_cpp.dir/rosidl_typesupport_introspection_cpp/dls2_interface/msg/detail/pose__type_support.cpp.o[0m
[3.091s] [ 28%] [32mBuilding CXX object CMakeFiles/dls2_interface__rosidl_typesupport_introspection_cpp.dir/rosidl_typesupport_introspection_cpp/dls2_interface/msg/detail/screw__type_support.cpp.o[0m
[3.108s] [ 29%] [32mBuilding CXX object CMakeFiles/dls2_interface__rosidl_typesupport_c.dir/rosidl_typesupport_c/dls2_interface/msg/pose__type_support.cpp.o[0m
[3.108s] [ 30%] [32mBuilding CXX object CMakeFiles/dls2_interface__rosidl_typesupport_introspection_cpp.dir/rosidl_typesupport_introspection_cpp/dls2_interface/msg/detail/base_state__type_support.cpp.o[0m
[3.108s] [ 31%] [32mBuilding CXX object CMakeFiles/dls2_interface__rosidl_typesupport_introspection_cpp.dir/rosidl_typesupport_introspection_cpp/dls2_interface/msg/detail/blind_state__type_support.cpp.o[0m
[3.139s] [ 32%] [32mBuilding CXX object CMakeFiles/dls2_interface__rosidl_typesupport_c.dir/rosidl_typesupport_c/dls2_interface/msg/screw__type_support.cpp.o[0m
[3.148s] [ 32%] [32mBuilding CXX object CMakeFiles/dls2_interface__rosidl_typesupport_c.dir/rosidl_typesupport_c/dls2_interface/msg/blind_state__type_support.cpp.o[0m
[3.168s] [ 33%] [32mBuilding CXX object CMakeFiles/dls2_interface__rosidl_typesupport_introspection_cpp.dir/rosidl_typesupport_introspection_cpp/dls2_interface/msg/detail/imu__type_support.cpp.o[0m
[3.168s] [ 34%] [32mBuilding CXX object CMakeFiles/dls2_interface__rosidl_typesupport_fastrtps_cpp.dir/rosidl_typesupport_fastrtps_cpp/dls2_interface/msg/detail/dds_fastrtps/pose__type_support.cpp.o[0m
[3.177s] [ 35%] [32mBuilding CXX object CMakeFiles/dls2_interface__rosidl_typesupport_c.dir/rosidl_typesupport_c/dls2_interface/msg/base_state__type_support.cpp.o[0m
[3.207s] [ 36%] [32mBuilding CXX object CMakeFiles/dls2_interface__rosidl_typesupport_c.dir/rosidl_typesupport_c/dls2_interface/msg/imu__type_support.cpp.o[0m
[3.223s] [ 37%] [32mBuilding CXX object CMakeFiles/dls2_interface__rosidl_typesupport_introspection_cpp.dir/rosidl_typesupport_introspection_cpp/dls2_interface/msg/detail/feet_contact_state__type_support.cpp.o[0m
[3.229s] [ 38%] [32mBuilding CXX object CMakeFiles/dls2_interface__rosidl_typesupport_c.dir/rosidl_typesupport_c/dls2_interface/msg/feet_contact_state__type_support.cpp.o[0m
[3.236s] [ 39%] [32mBuilding CXX object CMakeFiles/dls2_interface__rosidl_typesupport_fastrtps_cpp.dir/rosidl_typesupport_fastrtps_cpp/dls2_interface/msg/detail/dds_fastrtps/screw__type_support.cpp.o[0m
[3.240s] [ 41%] [32mBuilding CXX object CMakeFiles/dls2_interface__rosidl_typesupport_introspection_cpp.dir/rosidl_typesupport_introspection_cpp/dls2_interface/msg/detail/trajectory_generator__type_support.cpp.o[0m
[3.240s] [ 41%] [32mBuilding CXX object CMakeFiles/dls2_interface__rosidl_typesupport_introspection_cpp.dir/rosidl_typesupport_introspection_cpp/dls2_interface/msg/detail/control_signal__type_support.cpp.o[0m
[3.250s] [ 42%] [32mBuilding CXX object CMakeFiles/dls2_interface__rosidl_typesupport_fastrtps_cpp.dir/rosidl_typesupport_fastrtps_cpp/dls2_interface/msg/detail/dds_fastrtps/blind_state__type_support.cpp.o[0m
[3.252s] [ 43%] [32mBuilding CXX object CMakeFiles/dls2_interface__rosidl_typesupport_fastrtps_cpp.dir/rosidl_typesupport_fastrtps_cpp/dls2_interface/msg/detail/dds_fastrtps/base_state__type_support.cpp.o[0m
[3.259s] [ 44%] [1m[32mLinking CXX shared library libdls2_interface__rosidl_typesupport_cpp.so[0m
[3.260s] [ 45%] [32mBuilding CXX object CMakeFiles/dls2_interface__rosidl_typesupport_c.dir/rosidl_typesupport_c/dls2_interface/msg/trajectory_generator__type_support.cpp.o[0m
[3.272s] [ 46%] [32mBuilding C object CMakeFiles/dls2_interface__rosidl_typesupport_introspection_c.dir/rosidl_typesupport_introspection_c/dls2_interface/msg/detail/pose__type_support.c.o[0m
[3.290s] [ 47%] [32mBuilding CXX object CMakeFiles/dls2_interface__rosidl_typesupport_c.dir/rosidl_typesupport_c/dls2_interface/msg/control_signal__type_support.cpp.o[0m
[3.317s] [ 47%] Built target dls2_interface__rosidl_typesupport_cpp
[3.321s] [ 48%] [32mBuilding C object CMakeFiles/dls2_interface__rosidl_typesupport_introspection_c.dir/rosidl_typesupport_introspection_c/dls2_interface/msg/detail/screw__type_support.c.o[0m
[3.322s] [ 50%] [32mBuilding CXX object CMakeFiles/dls2_interface__rosidl_typesupport_c.dir/rosidl_typesupport_c/dls2_interface/msg/arm_state__type_support.cpp.o[0m
[3.322s] [ 50%] [32mBuilding CXX object CMakeFiles/dls2_interface__rosidl_typesupport_fastrtps_c.dir/rosidl_typesupport_fastrtps_c/dls2_interface/msg/detail/pose__type_support_c.cpp.o[0m
[3.329s] [ 51%] [32mBuilding CXX object CMakeFiles/dls2_interface__rosidl_typesupport_c.dir/rosidl_typesupport_c/dls2_interface/msg/arm_trajectory_generator__type_support.cpp.o[0m
[3.357s] [ 52%] [32mBuilding C object CMakeFiles/dls2_interface__rosidl_typesupport_introspection_c.dir/rosidl_typesupport_introspection_c/dls2_interface/msg/detail/blind_state__type_support.c.o[0m
[3.357s] [ 53%] [32mBuilding CXX object CMakeFiles/dls2_interface__rosidl_typesupport_c.dir/rosidl_typesupport_c/dls2_interface/msg/arm_control_signal__type_support.cpp.o[0m
[3.365s] [ 54%] [32mBuilding CXX object CMakeFiles/dls2_interface__rosidl_typesupport_fastrtps_c.dir/rosidl_typesupport_fastrtps_c/dls2_interface/msg/detail/screw__type_support_c.cpp.o[0m
[3.382s] [ 55%] [32mBuilding CXX object CMakeFiles/dls2_interface__rosidl_typesupport_introspection_cpp.dir/rosidl_typesupport_introspection_cpp/dls2_interface/msg/detail/arm_state__type_support.cpp.o[0m
[3.393s] [ 56%] [1m[32mLinking CXX shared library libdls2_interface__rosidl_typesupport_c.so[0m
[3.434s] [ 56%] Built target dls2_interface__rosidl_typesupport_c
[3.446s] [ 57%] [32mBuilding CXX object CMakeFiles/dls2_interface__rosidl_typesupport_introspection_cpp.dir/rosidl_typesupport_introspection_cpp/dls2_interface/msg/detail/arm_trajectory_generator__type_support.cpp.o[0m
[3.476s] [ 58%] [32mBuilding CXX object CMakeFiles/dls2_interface__rosidl_typesupport_fastrtps_cpp.dir/rosidl_typesupport_fastrtps_cpp/dls2_interface/msg/detail/dds_fastrtps/imu__type_support.cpp.o[0m
[3.479s] [ 59%] [32mBuilding C object CMakeFiles/dls2_interface__rosidl_typesupport_introspection_c.dir/rosidl_typesupport_introspection_c/dls2_interface/msg/detail/base_state__type_support.c.o[0m
[3.541s] [ 60%] [32mBuilding C object CMakeFiles/dls2_interface__rosidl_typesupport_introspection_c.dir/rosidl_typesupport_introspection_c/dls2_interface/msg/detail/imu__type_support.c.o[0m
[3.608s] [ 61%] [32mBuilding CXX object CMakeFiles/dls2_interface__rosidl_typesupport_introspection_cpp.dir/rosidl_typesupport_introspection_cpp/dls2_interface/msg/detail/arm_control_signal__type_support.cpp.o[0m
[3.641s] [ 62%] [32mBuilding C object CMakeFiles/dls2_interface__rosidl_typesupport_introspection_c.dir/rosidl_typesupport_introspection_c/dls2_interface/msg/detail/feet_contact_state__type_support.c.o[0m
[3.686s] [ 62%] [32mBuilding C object CMakeFiles/dls2_interface__rosidl_typesupport_introspection_c.dir/rosidl_typesupport_introspection_c/dls2_interface/msg/detail/trajectory_generator__type_support.c.o[0m
[3.699s] [ 63%] [32mBuilding CXX object CMakeFiles/dls2_interface__rosidl_typesupport_fastrtps_c.dir/rosidl_typesupport_fastrtps_c/dls2_interface/msg/detail/blind_state__type_support_c.cpp.o[0m
[3.724s] [ 64%] [32mBuilding CXX object CMakeFiles/dls2_interface__rosidl_typesupport_fastrtps_cpp.dir/rosidl_typesupport_fastrtps_cpp/dls2_interface/msg/detail/dds_fastrtps/feet_contact_state__type_support.cpp.o[0m
[3.764s] [ 65%] [32mBuilding CXX object CMakeFiles/dls2_interface__rosidl_typesupport_fastrtps_c.dir/rosidl_typesupport_fastrtps_c/dls2_interface/msg/detail/base_state__type_support_c.cpp.o[0m
[3.810s] [ 66%] [32mBuilding CXX object CMakeFiles/dls2_interface__rosidl_typesupport_fastrtps_cpp.dir/rosidl_typesupport_fastrtps_cpp/dls2_interface/msg/detail/dds_fastrtps/trajectory_generator__type_support.cpp.o[0m
[3.845s] [ 66%] [32mBuilding CXX object CMakeFiles/dls2_interface__rosidl_typesupport_fastrtps_c.dir/rosidl_typesupport_fastrtps_c/dls2_interface/msg/detail/imu__type_support_c.cpp.o[0m
[3.865s] [ 67%] [32mBuilding C object CMakeFiles/dls2_interface__rosidl_typesupport_introspection_c.dir/rosidl_typesupport_introspection_c/dls2_interface/msg/detail/control_signal__type_support.c.o[0m
[3.866s] [ 68%] [32mBuilding C object CMakeFiles/dls2_interface__rosidl_typesupport_introspection_c.dir/rosidl_typesupport_introspection_c/dls2_interface/msg/detail/arm_state__type_support.c.o[0m
[3.870s] [ 69%] [32mBuilding C object CMakeFiles/dls2_interface__rosidl_typesupport_introspection_c.dir/rosidl_typesupport_introspection_c/dls2_interface/msg/detail/arm_trajectory_generator__type_support.c.o[0m
[3.876s] [ 70%] [32mBuilding CXX object CMakeFiles/dls2_interface__rosidl_typesupport_fastrtps_c.dir/rosidl_typesupport_fastrtps_c/dls2_interface/msg/detail/feet_contact_state__type_support_c.cpp.o[0m
[3.921s] [ 71%] [32mBuilding CXX object CMakeFiles/dls2_interface__rosidl_typesupport_fastrtps_cpp.dir/rosidl_typesupport_fastrtps_cpp/dls2_interface/msg/detail/dds_fastrtps/control_signal__type_support.cpp.o[0m
[3.945s] [ 72%] [32mBuilding CXX object CMakeFiles/dls2_interface__rosidl_typesupport_fastrtps_c.dir/rosidl_typesupport_fastrtps_c/dls2_interface/msg/detail/trajectory_generator__type_support_c.cpp.o[0m
[3.972s] [ 73%] [32mBuilding CXX object CMakeFiles/dls2_interface__rosidl_typesupport_fastrtps_c.dir/rosidl_typesupport_fastrtps_c/dls2_interface/msg/detail/control_signal__type_support_c.cpp.o[0m
[3.998s] [ 74%] [32mBuilding C object CMakeFiles/dls2_interface__rosidl_typesupport_introspection_c.dir/rosidl_typesupport_introspection_c/dls2_interface/msg/detail/arm_control_signal__type_support.c.o[0m
[4.015s] [ 75%] [32mBuilding CXX object CMakeFiles/dls2_interface__rosidl_typesupport_fastrtps_cpp.dir/rosidl_typesupport_fastrtps_cpp/dls2_interface/msg/detail/dds_fastrtps/arm_state__type_support.cpp.o[0m
[4.054s] [ 76%] [1m[32mLinking C shared library libdls2_interface__rosidl_typesupport_introspection_c.so[0m
[4.063s] [ 76%] [32mBuilding CXX object CMakeFiles/dls2_interface__rosidl_typesupport_fastrtps_cpp.dir/rosidl_typesupport_fastrtps_cpp/dls2_interface/msg/detail/dds_fastrtps/arm_trajectory_generator__type_support.cpp.o[0m
[4.070s] [ 77%] [32mBuilding CXX object CMakeFiles/dls2_interface__rosidl_typesupport_fastrtps_c.dir/rosidl_typesupport_fastrtps_c/dls2_interface/msg/detail/arm_state__type_support_c.cpp.o[0m
[4.089s] [ 78%] [32mBuilding CXX object CMakeFiles/dls2_interface__rosidl_typesupport_fastrtps_c.dir/rosidl_typesupport_fastrtps_c/dls2_interface/msg/detail/arm_trajectory_generator__type_support_c.cpp.o[0m
[4.100s] [ 78%] Built target dls2_interface__rosidl_typesupport_introspection_c
[4.108s] [ 79%] [32mBuilding CXX object CMakeFiles/dls2_interface__rosidl_typesupport_fastrtps_cpp.dir/rosidl_typesupport_fastrtps_cpp/dls2_interface/msg/detail/dds_fastrtps/arm_control_signal__type_support.cpp.o[0m
[4.170s] [ 80%] [1m[32mLinking CXX shared library libdls2_interface__rosidl_typesupport_introspection_cpp.so[0m
[4.176s] [ 81%] [32mBuilding CXX object CMakeFiles/dls2_interface__rosidl_typesupport_fastrtps_c.dir/rosidl_typesupport_fastrtps_c/dls2_interface/msg/detail/arm_control_signal__type_support_c.cpp.o[0m
[4.326s] [ 81%] Built target dls2_interface__rosidl_typesupport_introspection_cpp
[4.567s] [ 82%] [1m[32mLinking CXX shared library libdls2_interface__rosidl_typesupport_fastrtps_c.so[0m
[4.628s] [ 82%] Built target dls2_interface__rosidl_typesupport_fastrtps_c
[4.668s] [ 83%] [1m[32mLinking CXX shared library libdls2_interface__rosidl_typesupport_fastrtps_cpp.so[0m
[4.719s] [ 83%] Built target dls2_interface__rosidl_typesupport_fastrtps_cpp
[4.731s] [ 83%] Built target dls2_interface
[4.747s] [ 84%] [1m[34mGenerating Python code for ROS interfaces[0m
[5.293s] [ 84%] Built target dls2_interface__py
[5.307s] [ 85%] [32mBuilding C object CMakeFiles/dls2_interface__rosidl_generator_py.dir/rosidl_generator_py/dls2_interface/msg/_feet_contact_state_s.c.o[0m
[5.308s] [ 93%] [32mBuilding C object CMakeFiles/dls2_interface__rosidl_generator_py.dir/rosidl_generator_py/dls2_interface/msg/_arm_trajectory_generator_s.c.o[0m
[5.308s] [ 93%] [32mBuilding C object CMakeFiles/dls2_interface__rosidl_generator_py.dir/rosidl_generator_py/dls2_interface/msg/_control_signal_s.c.o[0m
[5.308s] [ 93%] [32mBuilding C object CMakeFiles/dls2_interface__rosidl_generator_py.dir/rosidl_generator_py/dls2_interface/msg/_screw_s.c.o[0m
[5.308s] [ 93%] [32mBuilding C object CMakeFiles/dls2_interface__rosidl_generator_py.dir/rosidl_generator_py/dls2_interface/msg/_blind_state_s.c.o[0m
[5.308s] [ 93%] [32mBuilding C object CMakeFiles/dls2_interface__rosidl_generator_py.dir/rosidl_generator_py/dls2_interface/msg/_imu_s.c.o[0m
[5.308s] [ 89%] [32mBuilding C object CMakeFiles/dls2_interface__rosidl_generator_py.dir/rosidl_generator_py/dls2_interface/msg/_arm_control_signal_s.c.o[0m
[5.308s] [ 93%] [32mBuilding C object CMakeFiles/dls2_interface__rosidl_generator_py.dir/rosidl_generator_py/dls2_interface/msg/_pose_s.c.o[0m
[5.308s] [ 93%] [32mBuilding C object CMakeFiles/dls2_interface__rosidl_generator_py.dir/rosidl_generator_py/dls2_interface/msg/_base_state_s.c.o[0m
[5.308s] [ 93%] [32mBuilding C object CMakeFiles/dls2_interface__rosidl_generator_py.dir/rosidl_generator_py/dls2_interface/msg/_arm_state_s.c.o[0m
[5.308s] [ 94%] [32mBuilding C object CMakeFiles/dls2_interface__rosidl_generator_py.dir/rosidl_generator_py/dls2_interface/msg/_trajectory_generator_s.c.o[0m
[5.624s] [ 95%] [1m[32mLinking C shared library rosidl_generator_py/dls2_interface/libdls2_interface__rosidl_generator_py.so[0m
[5.652s] [ 95%] Built target dls2_interface__rosidl_generator_py
[5.664s] [ 97%] [32mBuilding C object CMakeFiles/dls2_interface__rosidl_typesupport_introspection_c__pyext.dir/rosidl_generator_py/dls2_interface/_dls2_interface_s.ep.rosidl_typesupport_introspection_c.c.o[0m
[5.664s] [ 97%] [32mBuilding C object CMakeFiles/dls2_interface__rosidl_typesupport_c__pyext.dir/rosidl_generator_py/dls2_interface/_dls2_interface_s.ep.rosidl_typesupport_c.c.o[0m
[5.664s] [ 97%] [32mBuilding C object CMakeFiles/dls2_interface__rosidl_typesupport_fastrtps_c__pyext.dir/rosidl_generator_py/dls2_interface/_dls2_interface_s.ep.rosidl_typesupport_fastrtps_c.c.o[0m
[5.781s] [ 99%] [1m[32mLinking C shared library rosidl_generator_py/dls2_interface/dls2_interface_s__rosidl_typesupport_introspection_c.cpython-311-x86_64-linux-gnu.so[0m
[5.781s] [ 99%] [1m[32mLinking C shared library rosidl_generator_py/dls2_interface/dls2_interface_s__rosidl_typesupport_c.cpython-311-x86_64-linux-gnu.so[0m
[5.784s] [100%] [1m[32mLinking C shared library rosidl_generator_py/dls2_interface/dls2_interface_s__rosidl_typesupport_fastrtps_c.cpython-311-x86_64-linux-gnu.so[0m
[5.795s] [100%] Built target dls2_interface__rosidl_typesupport_c__pyext
[5.795s] [100%] Built target dls2_interface__rosidl_typesupport_introspection_c__pyext
[5.802s] [100%] Built target dls2_interface__rosidl_typesupport_fastrtps_c__pyext
[5.808s] Invoked command in '/home/gturrisi-iit.local/other_ws_home/unitree_ros2_dls/ros2_ws/build/dls2_interface' returned '0': CONDA_PROMPT_MODIFIER=(basic_locomotion_dls_isaaclab_ros2_env) DEBUGINFOD_URLS=https://debuginfod.ubuntu.com /home/gturrisi-iit.local/miniforge3/envs/basic_locomotion_dls_isaaclab_ros2_env/bin/cmake --build /home/gturrisi-iit.local/other_ws_home/unitree_ros2_dls/ros2_ws/build/dls2_interface -- -j16 -l16
[5.813s] Invoking command in '/home/gturrisi-iit.local/other_ws_home/unitree_ros2_dls/ros2_ws/build/dls2_interface': CONDA_PROMPT_MODIFIER=(basic_locomotion_dls_isaaclab_ros2_env) DEBUGINFOD_URLS=https://debuginfod.ubuntu.com /home/gturrisi-iit.local/miniforge3/envs/basic_locomotion_dls_isaaclab_ros2_env/bin/cmake --install /home/gturrisi-iit.local/other_ws_home/unitree_ros2_dls/ros2_ws/build/dls2_interface
[5.817s] -- Install configuration: ""
[5.818s] -- Installing: /home/gturrisi-iit.local/other_ws_home/unitree_ros2_dls/ros2_ws/install/dls2_interface/share/ament_index/resource_index/rosidl_interfaces/dls2_interface
[5.818s] -- Installing: /home/gturrisi-iit.local/other_ws_home/unitree_ros2_dls/ros2_ws/install/dls2_interface/include/dls2_interface/dls2_interface
[5.818s] -- Installing: /home/gturrisi-iit.local/other_ws_home/unitree_ros2_dls/ros2_ws/install/dls2_interface/include/dls2_interface/dls2_interface/msg
[5.818s] -- Installing: /home/gturrisi-iit.local/other_ws_home/unitree_ros2_dls/ros2_ws/install/dls2_interface/include/dls2_interface/dls2_interface/msg/arm_state.h
[5.818s] -- Installing: /home/gturrisi-iit.local/other_ws_home/unitree_ros2_dls/ros2_ws/install/dls2_interface/include/dls2_interface/dls2_interface/msg/arm_trajectory_generator.h
[5.818s] -- Installing: /home/gturrisi-iit.local/other_ws_home/unitree_ros2_dls/ros2_ws/install/dls2_interface/include/dls2_interface/dls2_interface/msg/feet_contact_state.h
[5.818s] -- Installing: /home/gturrisi-iit.local/other_ws_home/unitree_ros2_dls/ros2_ws/install/dls2_interface/include/dls2_interface/dls2_interface/msg/detail
[5.818s] -- Installing: /home/gturrisi-iit.local/other_ws_home/unitree_ros2_dls/ros2_ws/install/dls2_interface/include/dls2_interface/dls2_interface/msg/detail/trajectory_generator__type_support.h
[5.818s] -- Installing: /home/gturrisi-iit.local/other_ws_home/unitree_ros2_dls/ros2_ws/install/dls2_interface/include/dls2_interface/dls2_interface/msg/detail/arm_state__functions.h
[5.818s] -- Installing: /home/gturrisi-iit.local/other_ws_home/unitree_ros2_dls/ros2_ws/install/dls2_interface/include/dls2_interface/dls2_interface/msg/detail/screw__functions.c
[5.818s] -- Installing: /home/gturrisi-iit.local/other_ws_home/unitree_ros2_dls/ros2_ws/install/dls2_interface/include/dls2_interface/dls2_interface/msg/detail/blind_state__type_support.h
[5.818s] -- Installing: /home/gturrisi-iit.local/other_ws_home/unitree_ros2_dls/ros2_ws/install/dls2_interface/include/dls2_interface/dls2_interface/msg/detail/control_signal__struct.h
[5.818s] -- Installing: /home/gturrisi-iit.local/other_ws_home/unitree_ros2_dls/ros2_ws/install/dls2_interface/include/dls2_interface/dls2_interface/msg/detail/control_signal__functions.h
[5.818s] -- Installing: /home/gturrisi-iit.local/other_ws_home/unitree_ros2_dls/ros2_ws/install/dls2_interface/include/dls2_interface/dls2_interface/msg/detail/arm_control_signal__struct.h
[5.818s] -- Installing: /home/gturrisi-iit.local/other_ws_home/unitree_ros2_dls/ros2_ws/install/dls2_interface/include/dls2_interface/dls2_interface/msg/detail/arm_state__type_support.h
[5.818s] -- Installing: /home/gturrisi-iit.local/other_ws_home/unitree_ros2_dls/ros2_ws/install/dls2_interface/include/dls2_interface/dls2_interface/msg/detail/arm_trajectory_generator__functions.c
[5.819s] -- Installing: /home/gturrisi-iit.local/other_ws_home/unitree_ros2_dls/ros2_ws/install/dls2_interface/include/dls2_interface/dls2_interface/msg/detail/pose__struct.h
[5.819s] -- Installing: /home/gturrisi-iit.local/other_ws_home/unitree_ros2_dls/ros2_ws/install/dls2_interface/include/dls2_interface/dls2_interface/msg/detail/imu__type_support.h
[5.819s] -- Installing: /home/gturrisi-iit.local/other_ws_home/unitree_ros2_dls/ros2_ws/install/dls2_interface/include/dls2_interface/dls2_interface/msg/detail/arm_state__functions.c
[5.819s] -- Installing: /home/gturrisi-iit.local/other_ws_home/unitree_ros2_dls/ros2_ws/install/dls2_interface/include/dls2_interface/dls2_interface/msg/detail/trajectory_generator__functions.c
[5.819s] -- Installing: /home/gturrisi-iit.local/other_ws_home/unitree_ros2_dls/ros2_ws/install/dls2_interface/include/dls2_interface/dls2_interface/msg/detail/feet_contact_state__type_support.h
[5.819s] -- Installing: /home/gturrisi-iit.local/other_ws_home/unitree_ros2_dls/ros2_ws/install/dls2_interface/include/dls2_interface/dls2_interface/msg/detail/control_signal__type_support.h
[5.819s] -- Installing: /home/gturrisi-iit.local/other_ws_home/unitree_ros2_dls/ros2_ws/install/dls2_interface/include/dls2_interface/dls2_interface/msg/detail/arm_trajectory_generator__functions.h
[5.819s] -- Installing: /home/gturrisi-iit.local/other_ws_home/unitree_ros2_dls/ros2_ws/install/dls2_interface/include/dls2_interface/dls2_interface/msg/detail/base_state__struct.h
[5.819s] -- Installing: /home/gturrisi-iit.local/other_ws_home/unitree_ros2_dls/ros2_ws/install/dls2_interface/include/dls2_interface/dls2_interface/msg/detail/blind_state__functions.c
[5.819s] -- Installing: /home/gturrisi-iit.local/other_ws_home/unitree_ros2_dls/ros2_ws/install/dls2_interface/include/dls2_interface/dls2_interface/msg/detail/arm_control_signal__functions.h
[5.819s] -- Installing: /home/gturrisi-iit.local/other_ws_home/unitree_ros2_dls/ros2_ws/install/dls2_interface/include/dls2_interface/dls2_interface/msg/detail/screw__struct.h
[5.819s] -- Installing: /home/gturrisi-iit.local/other_ws_home/unitree_ros2_dls/ros2_ws/install/dls2_interface/include/dls2_interface/dls2_interface/msg/detail/feet_contact_state__struct.h
[5.819s] -- Installing: /home/gturrisi-iit.local/other_ws_home/unitree_ros2_dls/ros2_ws/install/dls2_interface/include/dls2_interface/dls2_interface/msg/detail/arm_control_signal__functions.c
[5.819s] -- Installing: /home/gturrisi-iit.local/other_ws_home/unitree_ros2_dls/ros2_ws/install/dls2_interface/include/dls2_interface/dls2_interface/msg/detail/arm_trajectory_generator__type_support.h
[5.819s] -- Installing: /home/gturrisi-iit.local/other_ws_home/unitree_ros2_dls/ros2_ws/install/dls2_interface/include/dls2_interface/dls2_interface/msg/detail/trajectory_generator__functions.h
[5.819s] -- Installing: /home/gturrisi-iit.local/other_ws_home/unitree_ros2_dls/ros2_ws/install/dls2_interface/include/dls2_interface/dls2_interface/msg/detail/blind_state__struct.h
[5.819s] -- Installing: /home/gturrisi-iit.local/other_ws_home/unitree_ros2_dls/ros2_ws/install/dls2_interface/include/dls2_interface/dls2_interface/msg/detail/control_signal__functions.c
[5.819s] -- Installing: /home/gturrisi-iit.local/other_ws_home/unitree_ros2_dls/ros2_ws/install/dls2_interface/include/dls2_interface/dls2_interface/msg/detail/feet_contact_state__functions.h
[5.819s] -- Installing: /home/gturrisi-iit.local/other_ws_home/unitree_ros2_dls/ros2_ws/install/dls2_interface/include/dls2_interface/dls2_interface/msg/detail/blind_state__functions.h
[5.819s] -- Installing: /home/gturrisi-iit.local/other_ws_home/unitree_ros2_dls/ros2_ws/install/dls2_interface/include/dls2_interface/dls2_interface/msg/detail/base_state__functions.h
[5.819s] -- Installing: /home/gturrisi-iit.local/other_ws_home/unitree_ros2_dls/ros2_ws/install/dls2_interface/include/dls2_interface/dls2_interface/msg/detail/pose__type_support.h
[5.819s] -- Installing: /home/gturrisi-iit.local/other_ws_home/unitree_ros2_dls/ros2_ws/install/dls2_interface/include/dls2_interface/dls2_interface/msg/detail/base_state__type_support.h
[5.819s] -- Installing: /home/gturrisi-iit.local/other_ws_home/unitree_ros2_dls/ros2_ws/install/dls2_interface/include/dls2_interface/dls2_interface/msg/detail/arm_state__struct.h
[5.819s] -- Installing: /home/gturrisi-iit.local/other_ws_home/unitree_ros2_dls/ros2_ws/install/dls2_interface/include/dls2_interface/dls2_interface/msg/detail/screw__functions.h
[5.819s] -- Installing: /home/gturrisi-iit.local/other_ws_home/unitree_ros2_dls/ros2_ws/install/dls2_interface/include/dls2_interface/dls2_interface/msg/detail/arm_trajectory_generator__struct.h
[5.819s] -- Installing: /home/gturrisi-iit.local/other_ws_home/unitree_ros2_dls/ros2_ws/install/dls2_interface/include/dls2_interface/dls2_interface/msg/detail/pose__functions.c
[5.819s] -- Installing: /home/gturrisi-iit.local/other_ws_home/unitree_ros2_dls/ros2_ws/install/dls2_interface/include/dls2_interface/dls2_interface/msg/detail/trajectory_generator__struct.h
[5.819s] -- Installing: /home/gturrisi-iit.local/other_ws_home/unitree_ros2_dls/ros2_ws/install/dls2_interface/include/dls2_interface/dls2_interface/msg/detail/imu__struct.h
[5.819s] -- Installing: /home/gturrisi-iit.local/other_ws_home/unitree_ros2_dls/ros2_ws/install/dls2_interface/include/dls2_interface/dls2_interface/msg/detail/imu__functions.c
[5.819s] -- Installing: /home/gturrisi-iit.local/other_ws_home/unitree_ros2_dls/ros2_ws/install/dls2_interface/include/dls2_interface/dls2_interface/msg/detail/base_state__functions.c
[5.819s] -- Installing: /home/gturrisi-iit.local/other_ws_home/unitree_ros2_dls/ros2_ws/install/dls2_interface/include/dls2_interface/dls2_interface/msg/detail/pose__functions.h
[5.819s] -- Installing: /home/gturrisi-iit.local/other_ws_home/unitree_ros2_dls/ros2_ws/install/dls2_interface/include/dls2_interface/dls2_interface/msg/detail/arm_control_signal__type_support.h
[5.819s] -- Installing: /home/gturrisi-iit.local/other_ws_home/unitree_ros2_dls/ros2_ws/install/dls2_interface/include/dls2_interface/dls2_interface/msg/detail/imu__functions.h
[5.819s] -- Installing: /home/gturrisi-iit.local/other_ws_home/unitree_ros2_dls/ros2_ws/install/dls2_interface/include/dls2_interface/dls2_interface/msg/detail/feet_contact_state__functions.c
[5.819s] -- Installing: /home/gturrisi-iit.local/other_ws_home/unitree_ros2_dls/ros2_ws/install/dls2_interface/include/dls2_interface/dls2_interface/msg/detail/screw__type_support.h
[5.819s] -- Installing: /home/gturrisi-iit.local/other_ws_home/unitree_ros2_dls/ros2_ws/install/dls2_interface/include/dls2_interface/dls2_interface/msg/base_state.h
[5.819s] -- Installing: /home/gturrisi-iit.local/other_ws_home/unitree_ros2_dls/ros2_ws/install/dls2_interface/include/dls2_interface/dls2_interface/msg/blind_state.h
[5.819s] -- Installing: /home/gturrisi-iit.local/other_ws_home/unitree_ros2_dls/ros2_ws/install/dls2_interface/include/dls2_interface/dls2_interface/msg/arm_control_signal.h
[5.819s] -- Installing: /home/gturrisi-iit.local/other_ws_home/unitree_ros2_dls/ros2_ws/install/dls2_interface/include/dls2_interface/dls2_interface/msg/imu.h
[5.819s] -- Installing: /home/gturrisi-iit.local/other_ws_home/unitree_ros2_dls/ros2_ws/install/dls2_interface/include/dls2_interface/dls2_interface/msg/control_signal.h
[5.819s] -- Installing: /home/gturrisi-iit.local/other_ws_home/unitree_ros2_dls/ros2_ws/install/dls2_interface/include/dls2_interface/dls2_interface/msg/screw.h
[5.819s] -- Installing: /home/gturrisi-iit.local/other_ws_home/unitree_ros2_dls/ros2_ws/install/dls2_interface/include/dls2_interface/dls2_interface/msg/rosidl_generator_c__visibility_control.h
[5.820s] -- Installing: /home/gturrisi-iit.local/other_ws_home/unitree_ros2_dls/ros2_ws/install/dls2_interface/include/dls2_interface/dls2_interface/msg/trajectory_generator.h
[5.820s] -- Installing: /home/gturrisi-iit.local/other_ws_home/unitree_ros2_dls/ros2_ws/install/dls2_interface/include/dls2_interface/dls2_interface/msg/pose.h
[5.820s] -- Installing: /home/gturrisi-iit.local/other_ws_home/unitree_ros2_dls/ros2_ws/install/dls2_interface/lib/libdls2_interface__rosidl_generator_c.so
[5.820s] -- Up-to-date: /home/gturrisi-iit.local/other_ws_home/unitree_ros2_dls/ros2_ws/install/dls2_interface/include/dls2_interface/dls2_interface
[5.820s] -- Up-to-date: /home/gturrisi-iit.local/other_ws_home/unitree_ros2_dls/ros2_ws/install/dls2_interface/include/dls2_interface/dls2_interface/msg
[5.820s] -- Up-to-date: /home/gturrisi-iit.local/other_ws_home/unitree_ros2_dls/ros2_ws/install/dls2_interface/include/dls2_interface/dls2_interface/msg/detail
[5.820s] -- Installing: /home/gturrisi-iit.local/other_ws_home/unitree_ros2_dls/ros2_ws/install/dls2_interface/include/dls2_interface/dls2_interface/msg/detail/blind_state__rosidl_typesupport_fastrtps_c.h
[5.820s] -- Installing: /home/gturrisi-iit.local/other_ws_home/unitree_ros2_dls/ros2_ws/install/dls2_interface/include/dls2_interface/dls2_interface/msg/detail/arm_trajectory_generator__rosidl_typesupport_fastrtps_c.h
[5.820s] -- Installing: /home/gturrisi-iit.local/other_ws_home/unitree_ros2_dls/ros2_ws/install/dls2_interface/include/dls2_interface/dls2_interface/msg/detail/arm_control_signal__rosidl_typesupport_fastrtps_c.h
[5.820s] -- Installing: /home/gturrisi-iit.local/other_ws_home/unitree_ros2_dls/ros2_ws/install/dls2_interface/include/dls2_interface/dls2_interface/msg/detail/arm_state__rosidl_typesupport_fastrtps_c.h
[5.820s] -- Installing: /home/gturrisi-iit.local/other_ws_home/unitree_ros2_dls/ros2_ws/install/dls2_interface/include/dls2_interface/dls2_interface/msg/detail/screw__rosidl_typesupport_fastrtps_c.h
[5.820s] -- Installing: /home/gturrisi-iit.local/other_ws_home/unitree_ros2_dls/ros2_ws/install/dls2_interface/include/dls2_interface/dls2_interface/msg/detail/feet_contact_state__rosidl_typesupport_fastrtps_c.h
[5.820s] -- Installing: /home/gturrisi-iit.local/other_ws_home/unitree_ros2_dls/ros2_ws/install/dls2_interface/include/dls2_interface/dls2_interface/msg/detail/pose__rosidl_typesupport_fastrtps_c.h
[5.820s] -- Installing: /home/gturrisi-iit.local/other_ws_home/unitree_ros2_dls/ros2_ws/install/dls2_interface/include/dls2_interface/dls2_interface/msg/detail/imu__rosidl_typesupport_fastrtps_c.h
[5.820s] -- Installing: /home/gturrisi-iit.local/other_ws_home/unitree_ros2_dls/ros2_ws/install/dls2_interface/include/dls2_interface/dls2_interface/msg/detail/trajectory_generator__rosidl_typesupport_fastrtps_c.h
[5.820s] -- Installing: /home/gturrisi-iit.local/other_ws_home/unitree_ros2_dls/ros2_ws/install/dls2_interface/include/dls2_interface/dls2_interface/msg/detail/base_state__rosidl_typesupport_fastrtps_c.h
[5.820s] -- Installing: /home/gturrisi-iit.local/other_ws_home/unitree_ros2_dls/ros2_ws/install/dls2_interface/include/dls2_interface/dls2_interface/msg/detail/control_signal__rosidl_typesupport_fastrtps_c.h
[5.820s] -- Installing: /home/gturrisi-iit.local/other_ws_home/unitree_ros2_dls/ros2_ws/install/dls2_interface/include/dls2_interface/dls2_interface/msg/rosidl_typesupport_fastrtps_c__visibility_control.h
[5.820s] -- Installing: /home/gturrisi-iit.local/other_ws_home/unitree_ros2_dls/ros2_ws/install/dls2_interface/lib/libdls2_interface__rosidl_typesupport_fastrtps_c.so
[5.820s] -- Set non-toolchain portion of runtime path of "/home/gturrisi-iit.local/other_ws_home/unitree_ros2_dls/ros2_ws/install/dls2_interface/lib/libdls2_interface__rosidl_typesupport_fastrtps_c.so" to ""
[5.820s] -- Up-to-date: /home/gturrisi-iit.local/other_ws_home/unitree_ros2_dls/ros2_ws/install/dls2_interface/include/dls2_interface/dls2_interface
[5.820s] -- Up-to-date: /home/gturrisi-iit.local/other_ws_home/unitree_ros2_dls/ros2_ws/install/dls2_interface/include/dls2_interface/dls2_interface/msg
[5.820s] -- Up-to-date: /home/gturrisi-iit.local/other_ws_home/unitree_ros2_dls/ros2_ws/install/dls2_interface/include/dls2_interface/dls2_interface/msg/detail
[5.820s] -- Installing: /home/gturrisi-iit.local/other_ws_home/unitree_ros2_dls/ros2_ws/install/dls2_interface/include/dls2_interface/dls2_interface/msg/detail/pose__type_support.c
[5.820s] -- Installing: /home/gturrisi-iit.local/other_ws_home/unitree_ros2_dls/ros2_ws/install/dls2_interface/include/dls2_interface/dls2_interface/msg/detail/arm_state__rosidl_typesupport_introspection_c.h
[5.820s] -- Installing: /home/gturrisi-iit.local/other_ws_home/unitree_ros2_dls/ros2_ws/install/dls2_interface/include/dls2_interface/dls2_interface/msg/detail/feet_contact_state__type_support.c
[5.820s] -- Installing: /home/gturrisi-iit.local/other_ws_home/unitree_ros2_dls/ros2_ws/install/dls2_interface/include/dls2_interface/dls2_interface/msg/detail/trajectory_generator__rosidl_typesupport_introspection_c.h
[5.821s] -- Installing: /home/gturrisi-iit.local/other_ws_home/unitree_ros2_dls/ros2_ws/install/dls2_interface/include/dls2_interface/dls2_interface/msg/detail/base_state__rosidl_typesupport_introspection_c.h
[5.821s] -- Installing: /home/gturrisi-iit.local/other_ws_home/unitree_ros2_dls/ros2_ws/install/dls2_interface/include/dls2_interface/dls2_interface/msg/detail/arm_trajectory_generator__type_support.c
[5.821s] -- Installing: /home/gturrisi-iit.local/other_ws_home/unitree_ros2_dls/ros2_ws/install/dls2_interface/include/dls2_interface/dls2_interface/msg/detail/imu__rosidl_typesupport_introspection_c.h
[5.821s] -- Installing: /home/gturrisi-iit.local/other_ws_home/unitree_ros2_dls/ros2_ws/install/dls2_interface/include/dls2_interface/dls2_interface/msg/detail/screw__type_support.c
[5.821s] -- Installing: /home/gturrisi-iit.local/other_ws_home/unitree_ros2_dls/ros2_ws/install/dls2_interface/include/dls2_interface/dls2_interface/msg/detail/arm_trajectory_generator__rosidl_typesupport_introspection_c.h
[5.821s] -- Installing: /home/gturrisi-iit.local/other_ws_home/unitree_ros2_dls/ros2_ws/install/dls2_interface/include/dls2_interface/dls2_interface/msg/detail/blind_state__type_support.c
[5.821s] -- Installing: /home/gturrisi-iit.local/other_ws_home/unitree_ros2_dls/ros2_ws/install/dls2_interface/include/dls2_interface/dls2_interface/msg/detail/base_state__type_support.c
[5.821s] -- Installing: /home/gturrisi-iit.local/other_ws_home/unitree_ros2_dls/ros2_ws/install/dls2_interface/include/dls2_interface/dls2_interface/msg/detail/screw__rosidl_typesupport_introspection_c.h
[5.821s] -- Installing: /home/gturrisi-iit.local/other_ws_home/unitree_ros2_dls/ros2_ws/install/dls2_interface/include/dls2_interface/dls2_interface/msg/detail/control_signal__rosidl_typesupport_introspection_c.h
[5.821s] -- Installing: /home/gturrisi-iit.local/other_ws_home/unitree_ros2_dls/ros2_ws/install/dls2_interface/include/dls2_interface/dls2_interface/msg/detail/feet_contact_state__rosidl_typesupport_introspection_c.h
[5.821s] -- Installing: /home/gturrisi-iit.local/other_ws_home/unitree_ros2_dls/ros2_ws/install/dls2_interface/include/dls2_interface/dls2_interface/msg/detail/arm_control_signal__rosidl_typesupport_introspection_c.h
[5.821s] -- Installing: /home/gturrisi-iit.local/other_ws_home/unitree_ros2_dls/ros2_ws/install/dls2_interface/include/dls2_interface/dls2_interface/msg/detail/pose__rosidl_typesupport_introspection_c.h
[5.821s] -- Installing: /home/gturrisi-iit.local/other_ws_home/unitree_ros2_dls/ros2_ws/install/dls2_interface/include/dls2_interface/dls2_interface/msg/detail/arm_control_signal__type_support.c
[5.821s] -- Installing: /home/gturrisi-iit.local/other_ws_home/unitree_ros2_dls/ros2_ws/install/dls2_interface/include/dls2_interface/dls2_interface/msg/detail/blind_state__rosidl_typesupport_introspection_c.h
[5.821s] -- Installing: /home/gturrisi-iit.local/other_ws_home/unitree_ros2_dls/ros2_ws/install/dls2_interface/include/dls2_interface/dls2_interface/msg/detail/trajectory_generator__type_support.c
[5.821s] -- Installing: /home/gturrisi-iit.local/other_ws_home/unitree_ros2_dls/ros2_ws/install/dls2_interface/include/dls2_interface/dls2_interface/msg/detail/control_signal__type_support.c
[5.821s] -- Installing: /home/gturrisi-iit.local/other_ws_home/unitree_ros2_dls/ros2_ws/install/dls2_interface/include/dls2_interface/dls2_interface/msg/detail/imu__type_support.c
[5.821s] -- Installing: /home/gturrisi-iit.local/other_ws_home/unitree_ros2_dls/ros2_ws/install/dls2_interface/include/dls2_interface/dls2_interface/msg/detail/arm_state__type_support.c
[5.821s] -- Installing: /home/gturrisi-iit.local/other_ws_home/unitree_ros2_dls/ros2_ws/install/dls2_interface/include/dls2_interface/dls2_interface/msg/rosidl_typesupport_introspection_c__visibility_control.h
[5.821s] -- Installing: /home/gturrisi-iit.local/other_ws_home/unitree_ros2_dls/ros2_ws/install/dls2_interface/lib/libdls2_interface__rosidl_typesupport_introspection_c.so
[5.821s] -- Set non-toolchain portion of runtime path of "/home/gturrisi-iit.local/other_ws_home/unitree_ros2_dls/ros2_ws/install/dls2_interface/lib/libdls2_interface__rosidl_typesupport_introspection_c.so" to ""
[5.821s] -- Installing: /home/gturrisi-iit.local/other_ws_home/unitree_ros2_dls/ros2_ws/install/dls2_interface/lib/libdls2_interface__rosidl_typesupport_c.so
[5.822s] -- Set non-toolchain portion of runtime path of "/home/gturrisi-iit.local/other_ws_home/unitree_ros2_dls/ros2_ws/install/dls2_interface/lib/libdls2_interface__rosidl_typesupport_c.so" to ""
[5.822s] -- Up-to-date: /home/gturrisi-iit.local/other_ws_home/unitree_ros2_dls/ros2_ws/install/dls2_interface/include/dls2_interface/dls2_interface
[5.822s] -- Up-to-date: /home/gturrisi-iit.local/other_ws_home/unitree_ros2_dls/ros2_ws/install/dls2_interface/include/dls2_interface/dls2_interface/msg
[5.822s] -- Installing: /home/gturrisi-iit.local/other_ws_home/unitree_ros2_dls/ros2_ws/install/dls2_interface/include/dls2_interface/dls2_interface/msg/imu.hpp
[5.822s] -- Installing: /home/gturrisi-iit.local/other_ws_home/unitree_ros2_dls/ros2_ws/install/dls2_interface/include/dls2_interface/dls2_interface/msg/blind_state.hpp
[5.822s] -- Up-to-date: /home/gturrisi-iit.local/other_ws_home/unitree_ros2_dls/ros2_ws/install/dls2_interface/include/dls2_interface/dls2_interface/msg/detail
[5.822s] -- Installing: /home/gturrisi-iit.local/other_ws_home/unitree_ros2_dls/ros2_ws/install/dls2_interface/include/dls2_interface/dls2_interface/msg/detail/imu__traits.hpp
[5.822s] -- Installing: /home/gturrisi-iit.local/other_ws_home/unitree_ros2_dls/ros2_ws/install/dls2_interface/include/dls2_interface/dls2_interface/msg/detail/blind_state__builder.hpp
[5.822s] -- Installing: /home/gturrisi-iit.local/other_ws_home/unitree_ros2_dls/ros2_ws/install/dls2_interface/include/dls2_interface/dls2_interface/msg/detail/screw__traits.hpp
[5.822s] -- Installing: /home/gturrisi-iit.local/other_ws_home/unitree_ros2_dls/ros2_ws/install/dls2_interface/include/dls2_interface/dls2_interface/msg/detail/arm_trajectory_generator__struct.hpp
[5.822s] -- Installing: /home/gturrisi-iit.local/other_ws_home/unitree_ros2_dls/ros2_ws/install/dls2_interface/include/dls2_interface/dls2_interface/msg/detail/feet_contact_state__builder.hpp
[5.822s] -- Installing: /home/gturrisi-iit.local/other_ws_home/unitree_ros2_dls/ros2_ws/install/dls2_interface/include/dls2_interface/dls2_interface/msg/detail/trajectory_generator__struct.hpp
[5.822s] -- Installing: /home/gturrisi-iit.local/other_ws_home/unitree_ros2_dls/ros2_ws/install/dls2_interface/include/dls2_interface/dls2_interface/msg/detail/base_state__type_support.hpp
[5.822s] -- Installing: /home/gturrisi-iit.local/other_ws_home/unitree_ros2_dls/ros2_ws/install/dls2_interface/include/dls2_interface/dls2_interface/msg/detail/control_signal__type_support.hpp
[5.822s] -- Installing: /home/gturrisi-iit.local/other_ws_home/unitree_ros2_dls/ros2_ws/install/dls2_interface/include/dls2_interface/dls2_interface/msg/detail/arm_state__struct.hpp
[5.822s] -- Installing: /home/gturrisi-iit.local/other_ws_home/unitree_ros2_dls/ros2_ws/install/dls2_interface/include/dls2_interface/dls2_interface/msg/detail/arm_control_signal__builder.hpp
[5.822s] -- Installing: /home/gturrisi-iit.local/other_ws_home/unitree_ros2_dls/ros2_ws/install/dls2_interface/include/dls2_interface/dls2_interface/msg/detail/screw__type_support.hpp
[5.822s] -- Installing: /home/gturrisi-iit.local/other_ws_home/unitree_ros2_dls/ros2_ws/install/dls2_interface/include/dls2_interface/dls2_interface/msg/detail/feet_contact_state__type_support.hpp
[5.822s] -- Installing: /home/gturrisi-iit.local/other_ws_home/unitree_ros2_dls/ros2_ws/install/dls2_interface/include/dls2_interface/dls2_interface/msg/detail/pose__builder.hpp
[5.822s] -- Installing: /home/gturrisi-iit.local/other_ws_home/unitree_ros2_dls/ros2_ws/install/dls2_interface/include/dls2_interface/dls2_interface/msg/detail/pose__type_support.hpp
[5.822s] -- Installing: /home/gturrisi-iit.local/other_ws_home/unitree_ros2_dls/ros2_ws/install/dls2_interface/include/dls2_interface/dls2_interface/msg/detail/trajectory_generator__traits.hpp
[5.822s] -- Installing: /home/gturrisi-iit.local/other_ws_home/unitree_ros2_dls/ros2_ws/install/dls2_interface/include/dls2_interface/dls2_interface/msg/detail/arm_control_signal__struct.hpp
[5.822s] -- Installing: /home/gturrisi-iit.local/other_ws_home/unitree_ros2_dls/ros2_ws/install/dls2_interface/include/dls2_interface/dls2_interface/msg/detail/arm_control_signal__traits.hpp
[5.822s] -- Installing: /home/gturrisi-iit.local/other_ws_home/unitree_ros2_dls/ros2_ws/install/dls2_interface/include/dls2_interface/dls2_interface/msg/detail/arm_state__type_support.hpp
[5.822s] -- Installing: /home/gturrisi-iit.local/other_ws_home/unitree_ros2_dls/ros2_ws/install/dls2_interface/include/dls2_interface/dls2_interface/msg/detail/base_state__struct.hpp
[5.822s] -- Installing: /home/gturrisi-iit.local/other_ws_home/unitree_ros2_dls/ros2_ws/install/dls2_interface/include/dls2_interface/dls2_interface/msg/detail/control_signal__builder.hpp
[5.822s] -- Installing: /home/gturrisi-iit.local/other_ws_home/unitree_ros2_dls/ros2_ws/install/dls2_interface/include/dls2_interface/dls2_interface/msg/detail/control_signal__traits.hpp
[5.822s] -- Installing: /home/gturrisi-iit.local/other_ws_home/unitree_ros2_dls/ros2_ws/install/dls2_interface/include/dls2_interface/dls2_interface/msg/detail/base_state__builder.hpp
[5.822s] -- Installing: /home/gturrisi-iit.local/other_ws_home/unitree_ros2_dls/ros2_ws/install/dls2_interface/include/dls2_interface/dls2_interface/msg/detail/blind_state__struct.hpp
[5.822s] -- Installing: /home/gturrisi-iit.local/other_ws_home/unitree_ros2_dls/ros2_ws/install/dls2_interface/include/dls2_interface/dls2_interface/msg/detail/imu__struct.hpp
[5.822s] -- Installing: /home/gturrisi-iit.local/other_ws_home/unitree_ros2_dls/ros2_ws/install/dls2_interface/include/dls2_interface/dls2_interface/msg/detail/trajectory_generator__type_support.hpp
[5.823s] -- Installing: /home/gturrisi-iit.local/other_ws_home/unitree_ros2_dls/ros2_ws/install/dls2_interface/include/dls2_interface/dls2_interface/msg/detail/screw__builder.hpp
[5.823s] -- Installing: /home/gturrisi-iit.local/other_ws_home/unitree_ros2_dls/ros2_ws/install/dls2_interface/include/dls2_interface/dls2_interface/msg/detail/feet_contact_state__struct.hpp
[5.823s] -- Installing: /home/gturrisi-iit.local/other_ws_home/unitree_ros2_dls/ros2_ws/install/dls2_interface/include/dls2_interface/dls2_interface/msg/detail/arm_control_signal__type_support.hpp
[5.823s] -- Installing: /home/gturrisi-iit.local/other_ws_home/unitree_ros2_dls/ros2_ws/install/dls2_interface/include/dls2_interface/dls2_interface/msg/detail/blind_state__traits.hpp
[5.823s] -- Installing: /home/gturrisi-iit.local/other_ws_home/unitree_ros2_dls/ros2_ws/install/dls2_interface/include/dls2_interface/dls2_interface/msg/detail/pose__struct.hpp
[5.823s] -- Installing: /home/gturrisi-iit.local/other_ws_home/unitree_ros2_dls/ros2_ws/install/dls2_interface/include/dls2_interface/dls2_interface/msg/detail/arm_trajectory_generator__traits.hpp
[5.823s] -- Installing: /home/gturrisi-iit.local/other_ws_home/unitree_ros2_dls/ros2_ws/install/dls2_interface/include/dls2_interface/dls2_interface/msg/detail/imu__type_support.hpp
[5.823s] -- Installing: /home/gturrisi-iit.local/other_ws_home/unitree_ros2_dls/ros2_ws/install/dls2_interface/include/dls2_interface/dls2_interface/msg/detail/feet_contact_state__traits.hpp
[5.823s] -- Installing: /home/gturrisi-iit.local/other_ws_home/unitree_ros2_dls/ros2_ws/install/dls2_interface/include/dls2_interface/dls2_interface/msg/detail/blind_state__type_support.hpp
[5.823s] -- Installing: /home/gturrisi-iit.local/other_ws_home/unitree_ros2_dls/ros2_ws/install/dls2_interface/include/dls2_interface/dls2_interface/msg/detail/arm_state__traits.hpp
[5.823s] -- Installing: /home/gturrisi-iit.local/other_ws_home/unitree_ros2_dls/ros2_ws/install/dls2_interface/include/dls2_interface/dls2_interface/msg/detail/pose__traits.hpp
[5.823s] -- Installing: /home/gturrisi-iit.local/other_ws_home/unitree_ros2_dls/ros2_ws/install/dls2_interface/include/dls2_interface/dls2_interface/msg/detail/arm_trajectory_generator__type_support.hpp
[5.823s] -- Installing: /home/gturrisi-iit.local/other_ws_home/unitree_ros2_dls/ros2_ws/install/dls2_interface/include/dls2_interface/dls2_interface/msg/detail/arm_trajectory_generator__builder.hpp
[5.823s] -- Installing: /home/gturrisi-iit.local/other_ws_home/unitree_ros2_dls/ros2_ws/install/dls2_interface/include/dls2_interface/dls2_interface/msg/detail/imu__builder.hpp
[5.823s] -- Installing: /home/gturrisi-iit.local/other_ws_home/unitree_ros2_dls/ros2_ws/install/dls2_interface/include/dls2_interface/dls2_interface/msg/detail/trajectory_generator__builder.hpp
[5.823s] -- Installing: /home/gturrisi-iit.local/other_ws_home/unitree_ros2_dls/ros2_ws/install/dls2_interface/include/dls2_interface/dls2_interface/msg/detail/control_signal__struct.hpp
[5.823s] -- Installing: /home/gturrisi-iit.local/other_ws_home/unitree_ros2_dls/ros2_ws/install/dls2_interface/include/dls2_interface/dls2_interface/msg/detail/arm_state__builder.hpp
[5.823s] -- Installing: /home/gturrisi-iit.local/other_ws_home/unitree_ros2_dls/ros2_ws/install/dls2_interface/include/dls2_interface/dls2_interface/msg/detail/screw__struct.hpp
[5.823s] -- Installing: /home/gturrisi-iit.local/other_ws_home/unitree_ros2_dls/ros2_ws/install/dls2_interface/include/dls2_interface/dls2_interface/msg/detail/base_state__traits.hpp
[5.823s] -- Installing: /home/gturrisi-iit.local/other_ws_home/unitree_ros2_dls/ros2_ws/install/dls2_interface/include/dls2_interface/dls2_interface/msg/rosidl_generator_cpp__visibility_control.hpp
[5.823s] -- Installing: /home/gturrisi-iit.local/other_ws_home/unitree_ros2_dls/ros2_ws/install/dls2_interface/include/dls2_interface/dls2_interface/msg/arm_state.hpp
[5.823s] -- Installing: /home/gturrisi-iit.local/other_ws_home/unitree_ros2_dls/ros2_ws/install/dls2_interface/include/dls2_interface/dls2_interface/msg/feet_contact_state.hpp
[5.823s] -- Installing: /home/gturrisi-iit.local/other_ws_home/unitree_ros2_dls/ros2_ws/install/dls2_interface/include/dls2_interface/dls2_interface/msg/control_signal.hpp
[5.823s] -- Installing: /home/gturrisi-iit.local/other_ws_home/unitree_ros2_dls/ros2_ws/install/dls2_interface/include/dls2_interface/dls2_interface/msg/arm_trajectory_generator.hpp
[5.823s] -- Installing: /home/gturrisi-iit.local/other_ws_home/unitree_ros2_dls/ros2_ws/install/dls2_interface/include/dls2_interface/dls2_interface/msg/screw.hpp
[5.823s] -- Installing: /home/gturrisi-iit.local/other_ws_home/unitree_ros2_dls/ros2_ws/install/dls2_interface/include/dls2_interface/dls2_interface/msg/arm_control_signal.hpp
[5.823s] -- Installing: /home/gturrisi-iit.local/other_ws_home/unitree_ros2_dls/ros2_ws/install/dls2_interface/include/dls2_interface/dls2_interface/msg/pose.hpp
[5.823s] -- Installing: /home/gturrisi-iit.local/other_ws_home/unitree_ros2_dls/ros2_ws/install/dls2_interface/include/dls2_interface/dls2_interface/msg/trajectory_generator.hpp
[5.823s] -- Installing: /home/gturrisi-iit.local/other_ws_home/unitree_ros2_dls/ros2_ws/install/dls2_interface/include/dls2_interface/dls2_interface/msg/base_state.hpp
[5.824s] -- Up-to-date: /home/gturrisi-iit.local/other_ws_home/unitree_ros2_dls/ros2_ws/install/dls2_interface/include/dls2_interface/dls2_interface
[5.824s] -- Up-to-date: /home/gturrisi-iit.local/other_ws_home/unitree_ros2_dls/ros2_ws/install/dls2_interface/include/dls2_interface/dls2_interface/msg
[5.824s] -- Installing: /home/gturrisi-iit.local/other_ws_home/unitree_ros2_dls/ros2_ws/install/dls2_interface/include/dls2_interface/dls2_interface/msg/rosidl_typesupport_fastrtps_cpp__visibility_control.h
[5.824s] -- Up-to-date: /home/gturrisi-iit.local/other_ws_home/unitree_ros2_dls/ros2_ws/install/dls2_interface/include/dls2_interface/dls2_interface/msg/detail
[5.824s] -- Installing: /home/gturrisi-iit.local/other_ws_home/unitree_ros2_dls/ros2_ws/install/dls2_interface/include/dls2_interface/dls2_interface/msg/detail/base_state__rosidl_typesupport_fastrtps_cpp.hpp
[5.824s] -- Installing: /home/gturrisi-iit.local/other_ws_home/unitree_ros2_dls/ros2_ws/install/dls2_interface/include/dls2_interface/dls2_interface/msg/detail/trajectory_generator__rosidl_typesupport_fastrtps_cpp.hpp
[5.824s] -- Installing: /home/gturrisi-iit.local/other_ws_home/unitree_ros2_dls/ros2_ws/install/dls2_interface/include/dls2_interface/dls2_interface/msg/detail/feet_contact_state__rosidl_typesupport_fastrtps_cpp.hpp
[5.824s] -- Installing: /home/gturrisi-iit.local/other_ws_home/unitree_ros2_dls/ros2_ws/install/dls2_interface/include/dls2_interface/dls2_interface/msg/detail/control_signal__rosidl_typesupport_fastrtps_cpp.hpp
[5.824s] -- Installing: /home/gturrisi-iit.local/other_ws_home/unitree_ros2_dls/ros2_ws/install/dls2_interface/include/dls2_interface/dls2_interface/msg/detail/arm_trajectory_generator__rosidl_typesupport_fastrtps_cpp.hpp
[5.824s] -- Installing: /home/gturrisi-iit.local/other_ws_home/unitree_ros2_dls/ros2_ws/install/dls2_interface/include/dls2_interface/dls2_interface/msg/detail/screw__rosidl_typesupport_fastrtps_cpp.hpp
[5.824s] -- Installing: /home/gturrisi-iit.local/other_ws_home/unitree_ros2_dls/ros2_ws/install/dls2_interface/include/dls2_interface/dls2_interface/msg/detail/blind_state__rosidl_typesupport_fastrtps_cpp.hpp
[5.824s] -- Installing: /home/gturrisi-iit.local/other_ws_home/unitree_ros2_dls/ros2_ws/install/dls2_interface/include/dls2_interface/dls2_interface/msg/detail/arm_control_signal__rosidl_typesupport_fastrtps_cpp.hpp
[5.824s] -- Installing: /home/gturrisi-iit.local/other_ws_home/unitree_ros2_dls/ros2_ws/install/dls2_interface/include/dls2_interface/dls2_interface/msg/detail/dds_fastrtps
[5.824s] -- Installing: /home/gturrisi-iit.local/other_ws_home/unitree_ros2_dls/ros2_ws/install/dls2_interface/include/dls2_interface/dls2_interface/msg/detail/pose__rosidl_typesupport_fastrtps_cpp.hpp
[5.824s] -- Installing: /home/gturrisi-iit.local/other_ws_home/unitree_ros2_dls/ros2_ws/install/dls2_interface/include/dls2_interface/dls2_interface/msg/detail/arm_state__rosidl_typesupport_fastrtps_cpp.hpp
[5.824s] -- Installing: /home/gturrisi-iit.local/other_ws_home/unitree_ros2_dls/ros2_ws/install/dls2_interface/include/dls2_interface/dls2_interface/msg/detail/imu__rosidl_typesupport_fastrtps_cpp.hpp
[5.824s] -- Installing: /home/gturrisi-iit.local/other_ws_home/unitree_ros2_dls/ros2_ws/install/dls2_interface/lib/libdls2_interface__rosidl_typesupport_fastrtps_cpp.so
[5.824s] -- Up-to-date: /home/gturrisi-iit.local/other_ws_home/unitree_ros2_dls/ros2_ws/install/dls2_interface/include/dls2_interface/dls2_interface
[5.824s] -- Up-to-date: /home/gturrisi-iit.local/other_ws_home/unitree_ros2_dls/ros2_ws/install/dls2_interface/include/dls2_interface/dls2_interface/msg
[5.824s] -- Up-to-date: /home/gturrisi-iit.local/other_ws_home/unitree_ros2_dls/ros2_ws/install/dls2_interface/include/dls2_interface/dls2_interface/msg/detail
[5.824s] -- Installing: /home/gturrisi-iit.local/other_ws_home/unitree_ros2_dls/ros2_ws/install/dls2_interface/include/dls2_interface/dls2_interface/msg/detail/base_state__type_support.cpp
[5.824s] -- Installing: /home/gturrisi-iit.local/other_ws_home/unitree_ros2_dls/ros2_ws/install/dls2_interface/include/dls2_interface/dls2_interface/msg/detail/control_signal__rosidl_typesupport_introspection_cpp.hpp
[5.824s] -- Installing: /home/gturrisi-iit.local/other_ws_home/unitree_ros2_dls/ros2_ws/install/dls2_interface/include/dls2_interface/dls2_interface/msg/detail/arm_state__rosidl_typesupport_introspection_cpp.hpp
[5.824s] -- Installing: /home/gturrisi-iit.local/other_ws_home/unitree_ros2_dls/ros2_ws/install/dls2_interface/include/dls2_interface/dls2_interface/msg/detail/pose__type_support.cpp
[5.824s] -- Installing: /home/gturrisi-iit.local/other_ws_home/unitree_ros2_dls/ros2_ws/install/dls2_interface/include/dls2_interface/dls2_interface/msg/detail/blind_state__type_support.cpp
[5.824s] -- Installing: /home/gturrisi-iit.local/other_ws_home/unitree_ros2_dls/ros2_ws/install/dls2_interface/include/dls2_interface/dls2_interface/msg/detail/trajectory_generator__type_support.cpp
[5.824s] -- Installing: /home/gturrisi-iit.local/other_ws_home/unitree_ros2_dls/ros2_ws/install/dls2_interface/include/dls2_interface/dls2_interface/msg/detail/feet_contact_state__type_support.cpp
[5.824s] -- Installing: /home/gturrisi-iit.local/other_ws_home/unitree_ros2_dls/ros2_ws/install/dls2_interface/include/dls2_interface/dls2_interface/msg/detail/feet_contact_state__rosidl_typesupport_introspection_cpp.hpp
[5.825s] -- Installing: /home/gturrisi-iit.local/other_ws_home/unitree_ros2_dls/ros2_ws/install/dls2_interface/include/dls2_interface/dls2_interface/msg/detail/blind_state__rosidl_typesupport_introspection_cpp.hpp
[5.825s] -- Installing: /home/gturrisi-iit.local/other_ws_home/unitree_ros2_dls/ros2_ws/install/dls2_interface/include/dls2_interface/dls2_interface/msg/detail/arm_control_signal__rosidl_typesupport_introspection_cpp.hpp
[5.825s] -- Installing: /home/gturrisi-iit.local/other_ws_home/unitree_ros2_dls/ros2_ws/install/dls2_interface/include/dls2_interface/dls2_interface/msg/detail/imu__type_support.cpp
[5.825s] -- Installing: /home/gturrisi-iit.local/other_ws_home/unitree_ros2_dls/ros2_ws/install/dls2_interface/include/dls2_interface/dls2_interface/msg/detail/control_signal__type_support.cpp
[5.825s] -- Installing: /home/gturrisi-iit.local/other_ws_home/unitree_ros2_dls/ros2_ws/install/dls2_interface/include/dls2_interface/dls2_interface/msg/detail/trajectory_generator__rosidl_typesupport_introspection_cpp.hpp
[5.825s] -- Installing: /home/gturrisi-iit.local/other_ws_home/unitree_ros2_dls/ros2_ws/install/dls2_interface/include/dls2_interface/dls2_interface/msg/detail/screw__rosidl_typesupport_introspection_cpp.hpp
[5.825s] -- Installing: /home/gturrisi-iit.local/other_ws_home/unitree_ros2_dls/ros2_ws/install/dls2_interface/include/dls2_interface/dls2_interface/msg/detail/arm_trajectory_generator__type_support.cpp
[5.825s] -- Installing: /home/gturrisi-iit.local/other_ws_home/unitree_ros2_dls/ros2_ws/install/dls2_interface/include/dls2_interface/dls2_interface/msg/detail/arm_control_signal__type_support.cpp
[5.825s] -- Installing: /home/gturrisi-iit.local/other_ws_home/unitree_ros2_dls/ros2_ws/install/dls2_interface/include/dls2_interface/dls2_interface/msg/detail/imu__rosidl_typesupport_introspection_cpp.hpp
[5.825s] -- Installing: /home/gturrisi-iit.local/other_ws_home/unitree_ros2_dls/ros2_ws/install/dls2_interface/include/dls2_interface/dls2_interface/msg/detail/arm_trajectory_generator__rosidl_typesupport_introspection_cpp.hpp
[5.825s] -- Installing: /home/gturrisi-iit.local/other_ws_home/unitree_ros2_dls/ros2_ws/install/dls2_interface/include/dls2_interface/dls2_interface/msg/detail/arm_state__type_support.cpp
[5.825s] -- Installing: /home/gturrisi-iit.local/other_ws_home/unitree_ros2_dls/ros2_ws/install/dls2_interface/include/dls2_interface/dls2_interface/msg/detail/pose__rosidl_typesupport_introspection_cpp.hpp
[5.825s] -- Installing: /home/gturrisi-iit.local/other_ws_home/unitree_ros2_dls/ros2_ws/install/dls2_interface/include/dls2_interface/dls2_interface/msg/detail/screw__type_support.cpp
[5.825s] -- Installing: /home/gturrisi-iit.local/other_ws_home/unitree_ros2_dls/ros2_ws/install/dls2_interface/include/dls2_interface/dls2_interface/msg/detail/base_state__rosidl_typesupport_introspection_cpp.hpp
[5.825s] -- Installing: /home/gturrisi-iit.local/other_ws_home/unitree_ros2_dls/ros2_ws/install/dls2_interface/lib/libdls2_interface__rosidl_typesupport_introspection_cpp.so
[5.825s] -- Installing: /home/gturrisi-iit.local/other_ws_home/unitree_ros2_dls/ros2_ws/install/dls2_interface/lib/libdls2_interface__rosidl_typesupport_cpp.so
[5.825s] -- Installing: /home/gturrisi-iit.local/other_ws_home/unitree_ros2_dls/ros2_ws/install/dls2_interface/share/dls2_interface/environment/pythonpath.sh
[5.825s] -- Installing: /home/gturrisi-iit.local/other_ws_home/unitree_ros2_dls/ros2_ws/install/dls2_interface/share/dls2_interface/environment/pythonpath.dsv
[5.825s] -- Installing: /home/gturrisi-iit.local/other_ws_home/unitree_ros2_dls/ros2_ws/install/dls2_interface/lib/python3.11/site-packages/dls2_interface-0.0.0-py3.11.egg-info
[5.825s] -- Installing: /home/gturrisi-iit.local/other_ws_home/unitree_ros2_dls/ros2_ws/install/dls2_interface/lib/python3.11/site-packages/dls2_interface-0.0.0-py3.11.egg-info/dependency_links.txt
[5.825s] -- Installing: /home/gturrisi-iit.local/other_ws_home/unitree_ros2_dls/ros2_ws/install/dls2_interface/lib/python3.11/site-packages/dls2_interface-0.0.0-py3.11.egg-info/top_level.txt
[5.825s] -- Installing: /home/gturrisi-iit.local/other_ws_home/unitree_ros2_dls/ros2_ws/install/dls2_interface/lib/python3.11/site-packages/dls2_interface-0.0.0-py3.11.egg-info/SOURCES.txt
[5.825s] -- Installing: /home/gturrisi-iit.local/other_ws_home/unitree_ros2_dls/ros2_ws/install/dls2_interface/lib/python3.11/site-packages/dls2_interface-0.0.0-py3.11.egg-info/PKG-INFO
[5.825s] -- Installing: /home/gturrisi-iit.local/other_ws_home/unitree_ros2_dls/ros2_ws/install/dls2_interface/lib/python3.11/site-packages/dls2_interface
[5.826s] -- Installing: /home/gturrisi-iit.local/other_ws_home/unitree_ros2_dls/ros2_ws/install/dls2_interface/lib/python3.11/site-packages/dls2_interface/msg
[5.826s] -- Installing: /home/gturrisi-iit.local/other_ws_home/unitree_ros2_dls/ros2_ws/install/dls2_interface/lib/python3.11/site-packages/dls2_interface/msg/_control_signal.py
[5.826s] -- Installing: /home/gturrisi-iit.local/other_ws_home/unitree_ros2_dls/ros2_ws/install/dls2_interface/lib/python3.11/site-packages/dls2_interface/msg/_feet_contact_state_s.c
[5.826s] -- Installing: /home/gturrisi-iit.local/other_ws_home/unitree_ros2_dls/ros2_ws/install/dls2_interface/lib/python3.11/site-packages/dls2_interface/msg/_imu.py
[5.826s] -- Installing: /home/gturrisi-iit.local/other_ws_home/unitree_ros2_dls/ros2_ws/install/dls2_interface/lib/python3.11/site-packages/dls2_interface/msg/_trajectory_generator.py
[5.826s] -- Installing: /home/gturrisi-iit.local/other_ws_home/unitree_ros2_dls/ros2_ws/install/dls2_interface/lib/python3.11/site-packages/dls2_interface/msg/_screw_s.c
[5.826s] -- Installing: /home/gturrisi-iit.local/other_ws_home/unitree_ros2_dls/ros2_ws/install/dls2_interface/lib/python3.11/site-packages/dls2_interface/msg/_arm_control_signal.py
[5.826s] -- Installing: /home/gturrisi-iit.local/other_ws_home/unitree_ros2_dls/ros2_ws/install/dls2_interface/lib/python3.11/site-packages/dls2_interface/msg/_screw.py
[5.826s] -- Installing: /home/gturrisi-iit.local/other_ws_home/unitree_ros2_dls/ros2_ws/install/dls2_interface/lib/python3.11/site-packages/dls2_interface/msg/_pose.py
[5.826s] -- Installing: /home/gturrisi-iit.local/other_ws_home/unitree_ros2_dls/ros2_ws/install/dls2_interface/lib/python3.11/site-packages/dls2_interface/msg/_imu_s.c
[5.826s] -- Installing: /home/gturrisi-iit.local/other_ws_home/unitree_ros2_dls/ros2_ws/install/dls2_interface/lib/python3.11/site-packages/dls2_interface/msg/_base_state.py
[5.826s] -- Installing: /home/gturrisi-iit.local/other_ws_home/unitree_ros2_dls/ros2_ws/install/dls2_interface/lib/python3.11/site-packages/dls2_interface/msg/__init__.py
[5.826s] -- Installing: /home/gturrisi-iit.local/other_ws_home/unitree_ros2_dls/ros2_ws/install/dls2_interface/lib/python3.11/site-packages/dls2_interface/msg/_arm_state_s.c
[5.826s] -- Installing: /home/gturrisi-iit.local/other_ws_home/unitree_ros2_dls/ros2_ws/install/dls2_interface/lib/python3.11/site-packages/dls2_interface/msg/_feet_contact_state.py
[5.826s] -- Installing: /home/gturrisi-iit.local/other_ws_home/unitree_ros2_dls/ros2_ws/install/dls2_interface/lib/python3.11/site-packages/dls2_interface/msg/_trajectory_generator_s.c
[5.826s] -- Installing: /home/gturrisi-iit.local/other_ws_home/unitree_ros2_dls/ros2_ws/install/dls2_interface/lib/python3.11/site-packages/dls2_interface/msg/_arm_trajectory_generator_s.c
[5.826s] -- Installing: /home/gturrisi-iit.local/other_ws_home/unitree_ros2_dls/ros2_ws/install/dls2_interface/lib/python3.11/site-packages/dls2_interface/msg/_arm_control_signal_s.c
[5.826s] -- Installing: /home/gturrisi-iit.local/other_ws_home/unitree_ros2_dls/ros2_ws/install/dls2_interface/lib/python3.11/site-packages/dls2_interface/msg/_blind_state.py
[5.826s] -- Installing: /home/gturrisi-iit.local/other_ws_home/unitree_ros2_dls/ros2_ws/install/dls2_interface/lib/python3.11/site-packages/dls2_interface/msg/_arm_state.py
[5.826s] -- Installing: /home/gturrisi-iit.local/other_ws_home/unitree_ros2_dls/ros2_ws/install/dls2_interface/lib/python3.11/site-packages/dls2_interface/msg/_control_signal_s.c
[5.826s] -- Installing: /home/gturrisi-iit.local/other_ws_home/unitree_ros2_dls/ros2_ws/install/dls2_interface/lib/python3.11/site-packages/dls2_interface/msg/_pose_s.c
[5.826s] -- Installing: /home/gturrisi-iit.local/other_ws_home/unitree_ros2_dls/ros2_ws/install/dls2_interface/lib/python3.11/site-packages/dls2_interface/msg/_arm_trajectory_generator.py
[5.826s] -- Installing: /home/gturrisi-iit.local/other_ws_home/unitree_ros2_dls/ros2_ws/install/dls2_interface/lib/python3.11/site-packages/dls2_interface/msg/_base_state_s.c
[5.826s] -- Installing: /home/gturrisi-iit.local/other_ws_home/unitree_ros2_dls/ros2_ws/install/dls2_interface/lib/python3.11/site-packages/dls2_interface/msg/_blind_state_s.c
[5.826s] -- Installing: /home/gturrisi-iit.local/other_ws_home/unitree_ros2_dls/ros2_ws/install/dls2_interface/lib/python3.11/site-packages/dls2_interface/__init__.py
[5.826s] -- Installing: /home/gturrisi-iit.local/other_ws_home/unitree_ros2_dls/ros2_ws/install/dls2_interface/lib/python3.11/site-packages/dls2_interface/libdls2_interface__rosidl_generator_py.so
[5.826s] -- Installing: /home/gturrisi-iit.local/other_ws_home/unitree_ros2_dls/ros2_ws/install/dls2_interface/lib/python3.11/site-packages/dls2_interface/_dls2_interface_s.ep.rosidl_typesupport_c.c
[5.827s] -- Installing: /home/gturrisi-iit.local/other_ws_home/unitree_ros2_dls/ros2_ws/install/dls2_interface/lib/python3.11/site-packages/dls2_interface/dls2_interface_s__rosidl_typesupport_introspection_c.cpython-311-x86_64-linux-gnu.so
[5.827s] -- Installing: /home/gturrisi-iit.local/other_ws_home/unitree_ros2_dls/ros2_ws/install/dls2_interface/lib/python3.11/site-packages/dls2_interface/dls2_interface_s__rosidl_typesupport_fastrtps_c.cpython-311-x86_64-linux-gnu.so
[5.827s] -- Installing: /home/gturrisi-iit.local/other_ws_home/unitree_ros2_dls/ros2_ws/install/dls2_interface/lib/python3.11/site-packages/dls2_interface/_dls2_interface_s.ep.rosidl_typesupport_introspection_c.c
[5.827s] -- Installing: /home/gturrisi-iit.local/other_ws_home/unitree_ros2_dls/ros2_ws/install/dls2_interface/lib/python3.11/site-packages/dls2_interface/_dls2_interface_s.ep.rosidl_typesupport_fastrtps_c.c
[5.827s] -- Installing: /home/gturrisi-iit.local/other_ws_home/unitree_ros2_dls/ros2_ws/install/dls2_interface/lib/python3.11/site-packages/dls2_interface/dls2_interface_s__rosidl_typesupport_c.cpython-311-x86_64-linux-gnu.so
[5.850s] Listing 'lib/python3.11/site-packages/dls2_interface'...
[5.851s] Can't list 'lib/python3.11/site-packages/dls2_interface'
[5.854s] -- Installing: /home/gturrisi-iit.local/other_ws_home/unitree_ros2_dls/ros2_ws/install/dls2_interface/lib/python3.11/site-packages/dls2_interface/dls2_interface_s__rosidl_typesupport_fastrtps_c.cpython-311-x86_64-linux-gnu.so
[5.854s] -- Set non-toolchain portion of runtime path of "/home/gturrisi-iit.local/other_ws_home/unitree_ros2_dls/ros2_ws/install/dls2_interface/lib/python3.11/site-packages/dls2_interface/dls2_interface_s__rosidl_typesupport_fastrtps_c.cpython-311-x86_64-linux-gnu.so" to ""
[5.854s] -- Installing: /home/gturrisi-iit.local/other_ws_home/unitree_ros2_dls/ros2_ws/install/dls2_interface/lib/python3.11/site-packages/dls2_interface/dls2_interface_s__rosidl_typesupport_introspection_c.cpython-311-x86_64-linux-gnu.so
[5.854s] -- Set non-toolchain portion of runtime path of "/home/gturrisi-iit.local/other_ws_home/unitree_ros2_dls/ros2_ws/install/dls2_interface/lib/python3.11/site-packages/dls2_interface/dls2_interface_s__rosidl_typesupport_introspection_c.cpython-311-x86_64-linux-gnu.so" to ""
[5.854s] -- Installing: /home/gturrisi-iit.local/other_ws_home/unitree_ros2_dls/ros2_ws/install/dls2_interface/lib/python3.11/site-packages/dls2_interface/dls2_interface_s__rosidl_typesupport_c.cpython-311-x86_64-linux-gnu.so
[5.854s] -- Set non-toolchain portion of runtime path of "/home/gturrisi-iit.local/other_ws_home/unitree_ros2_dls/ros2_ws/install/dls2_interface/lib/python3.11/site-packages/dls2_interface/dls2_interface_s__rosidl_typesupport_c.cpython-311-x86_64-linux-gnu.so" to ""
[5.854s] -- Installing: /home/gturrisi-iit.local/other_ws_home/unitree_ros2_dls/ros2_ws/install/dls2_interface/lib/libdls2_interface__rosidl_generator_py.so
[5.854s] -- Set non-toolchain portion of runtime path of "/home/gturrisi-iit.local/other_ws_home/unitree_ros2_dls/ros2_ws/install/dls2_interface/lib/libdls2_interface__rosidl_generator_py.so" to ""
[5.854s] -- Installing: /home/gturrisi-iit.local/other_ws_home/unitree_ros2_dls/ros2_ws/install/dls2_interface/share/dls2_interface/msg/Pose.idl
[5.854s] -- Installing: /home/gturrisi-iit.local/other_ws_home/unitree_ros2_dls/ros2_ws/install/dls2_interface/share/dls2_interface/msg/Screw.idl
[5.854s] -- Installing: /home/gturrisi-iit.local/other_ws_home/unitree_ros2_dls/ros2_ws/install/dls2_interface/share/dls2_interface/msg/BlindState.idl
[5.854s] -- Installing: /home/gturrisi-iit.local/other_ws_home/unitree_ros2_dls/ros2_ws/install/dls2_interface/share/dls2_interface/msg/BaseState.idl
[5.854s] -- Installing: /home/gturrisi-iit.local/other_ws_home/unitree_ros2_dls/ros2_ws/install/dls2_interface/share/dls2_interface/msg/Imu.idl
[5.855s] -- Installing: /home/gturrisi-iit.local/other_ws_home/unitree_ros2_dls/ros2_ws/install/dls2_interface/share/dls2_interface/msg/FeetContactState.idl
[5.855s] -- Installing: /home/gturrisi-iit.local/other_ws_home/unitree_ros2_dls/ros2_ws/install/dls2_interface/share/dls2_interface/msg/TrajectoryGenerator.idl
[5.855s] -- Installing: /home/gturrisi-iit.local/other_ws_home/unitree_ros2_dls/ros2_ws/install/dls2_interface/share/dls2_interface/msg/ControlSignal.idl
[5.855s] -- Installing: /home/gturrisi-iit.local/other_ws_home/unitree_ros2_dls/ros2_ws/install/dls2_interface/share/dls2_interface/msg/ArmState.idl
[5.855s] -- Installing: /home/gturrisi-iit.local/other_ws_home/unitree_ros2_dls/ros2_ws/install/dls2_interface/share/dls2_interface/msg/ArmTrajectoryGenerator.idl
[5.855s] -- Installing: /home/gturrisi-iit.local/other_ws_home/unitree_ros2_dls/ros2_ws/install/dls2_interface/share/dls2_interface/msg/ArmControlSignal.idl
[5.855s] -- Installing: /home/gturrisi-iit.local/other_ws_home/unitree_ros2_dls/ros2_ws/install/dls2_interface/share/dls2_interface/msg/Pose.msg
[5.855s] -- Installing: /home/gturrisi-iit.local/other_ws_home/unitree_ros2_dls/ros2_ws/install/dls2_interface/share/dls2_interface/msg/Screw.msg
[5.855s] -- Installing: /home/gturrisi-iit.local/other_ws_home/unitree_ros2_dls/ros2_ws/install/dls2_interface/share/dls2_interface/msg/BlindState.msg
[5.855s] -- Installing: /home/gturrisi-iit.local/other_ws_home/unitree_ros2_dls/ros2_ws/install/dls2_interface/share/dls2_interface/msg/BaseState.msg
[5.855s] -- Installing: /home/gturrisi-iit.local/other_ws_home/unitree_ros2_dls/ros2_ws/install/dls2_interface/share/dls2_interface/msg/Imu.msg
[5.855s] -- Installing: /home/gturrisi-iit.local/other_ws_home/unitree_ros2_dls/ros2_ws/install/dls2_interface/share/dls2_interface/msg/FeetContactState.msg
[5.855s] -- Installing: /home/gturrisi-iit.local/other_ws_home/unitree_ros2_dls/ros2_ws/install/dls2_interface/share/dls2_interface/msg/TrajectoryGenerator.msg
[5.855s] -- Installing: /home/gturrisi-iit.local/other_ws_home/unitree_ros2_dls/ros2_ws/install/dls2_interface/share/dls2_interface/msg/ControlSignal.msg
[5.855s] -- Installing: /home/gturrisi-iit.local/other_ws_home/unitree_ros2_dls/ros2_ws/install/dls2_interface/share/dls2_interface/msg/ArmState.msg
[5.855s] -- Installing: /home/gturrisi-iit.local/other_ws_home/unitree_ros2_dls/ros2_ws/install/dls2_interface/share/dls2_interface/msg/ArmTrajectoryGenerator.msg
[5.855s] -- Installing: /home/gturrisi-iit.local/other_ws_home/unitree_ros2_dls/ros2_ws/install/dls2_interface/share/dls2_interface/msg/ArmControlSignal.msg
[5.855s] -- Installing: /home/gturrisi-iit.local/other_ws_home/unitree_ros2_dls/ros2_ws/install/dls2_interface/share/ament_index/resource_index/package_run_dependencies/dls2_interface
[5.855s] -- Installing: /home/gturrisi-iit.local/other_ws_home/unitree_ros2_dls/ros2_ws/install/dls2_interface/share/ament_index/resource_index/parent_prefix_path/dls2_interface
[5.855s] -- Installing: /home/gturrisi-iit.local/other_ws_home/unitree_ros2_dls/ros2_ws/install/dls2_interface/share/dls2_interface/environment/ament_prefix_path.sh
[5.855s] -- Installing: /home/gturrisi-iit.local/other_ws_home/unitree_ros2_dls/ros2_ws/install/dls2_interface/share/dls2_interface/environment/ament_prefix_path.dsv
[5.855s] -- Installing: /home/gturrisi-iit.local/other_ws_home/unitree_ros2_dls/ros2_ws/install/dls2_interface/share/dls2_interface/environment/path.sh
[5.855s] -- Installing: /home/gturrisi-iit.local/other_ws_home/unitree_ros2_dls/ros2_ws/install/dls2_interface/share/dls2_interface/environment/path.dsv
[5.855s] -- Installing: /home/gturrisi-iit.local/other_ws_home/unitree_ros2_dls/ros2_ws/install/dls2_interface/share/dls2_interface/local_setup.bash
[5.855s] -- Installing: /home/gturrisi-iit.local/other_ws_home/unitree_ros2_dls/ros2_ws/install/dls2_interface/share/dls2_interface/local_setup.sh
[5.855s] -- Installing: /home/gturrisi-iit.local/other_ws_home/unitree_ros2_dls/ros2_ws/install/dls2_interface/share/dls2_interface/local_setup.zsh
[5.855s] -- Installing: /home/gturrisi-iit.local/other_ws_home/unitree_ros2_dls/ros2_ws/install/dls2_interface/share/dls2_interface/local_setup.dsv
[5.855s] -- Installing: /home/gturrisi-iit.local/other_ws_home/unitree_ros2_dls/ros2_ws/install/dls2_interface/share/dls2_interface/package.dsv
[5.855s] -- Installing: /home/gturrisi-iit.local/other_ws_home/unitree_ros2_dls/ros2_ws/install/dls2_interface/share/ament_index/resource_index/packages/dls2_interface
[5.855s] -- Installing: /home/gturrisi-iit.local/other_ws_home/unitree_ros2_dls/ros2_ws/install/dls2_interface/share/dls2_interface/cmake/export_dls2_interface__rosidl_generator_cExport.cmake
[5.855s] -- Installing: /home/gturrisi-iit.local/other_ws_home/unitree_ros2_dls/ros2_ws/install/dls2_interface/share/dls2_interface/cmake/export_dls2_interface__rosidl_generator_cExport-noconfig.cmake
[5.855s] -- Installing: /home/gturrisi-iit.local/other_ws_home/unitree_ros2_dls/ros2_ws/install/dls2_interface/share/dls2_interface/cmake/export_dls2_interface__rosidl_typesupport_fastrtps_cExport.cmake
[5.856s] -- Installing: /home/gturrisi-iit.local/other_ws_home/unitree_ros2_dls/ros2_ws/install/dls2_interface/share/dls2_interface/cmake/export_dls2_interface__rosidl_typesupport_fastrtps_cExport-noconfig.cmake
[5.856s] -- Installing: /home/gturrisi-iit.local/other_ws_home/unitree_ros2_dls/ros2_ws/install/dls2_interface/share/dls2_interface/cmake/dls2_interface__rosidl_typesupport_introspection_cExport.cmake
[5.856s] -- Installing: /home/gturrisi-iit.local/other_ws_home/unitree_ros2_dls/ros2_ws/install/dls2_interface/share/dls2_interface/cmake/dls2_interface__rosidl_typesupport_introspection_cExport-noconfig.cmake
[5.856s] -- Installing: /home/gturrisi-iit.local/other_ws_home/unitree_ros2_dls/ros2_ws/install/dls2_interface/share/dls2_interface/cmake/dls2_interface__rosidl_typesupport_cExport.cmake
[5.856s] -- Installing: /home/gturrisi-iit.local/other_ws_home/unitree_ros2_dls/ros2_ws/install/dls2_interface/share/dls2_interface/cmake/dls2_interface__rosidl_typesupport_cExport-noconfig.cmake
[5.856s] -- Installing: /home/gturrisi-iit.local/other_ws_home/unitree_ros2_dls/ros2_ws/install/dls2_interface/share/dls2_interface/cmake/export_dls2_interface__rosidl_generator_cppExport.cmake
[5.856s] -- Installing: /home/gturrisi-iit.local/other_ws_home/unitree_ros2_dls/ros2_ws/install/dls2_interface/share/dls2_interface/cmake/export_dls2_interface__rosidl_typesupport_fastrtps_cppExport.cmake
[5.856s] -- Installing: /home/gturrisi-iit.local/other_ws_home/unitree_ros2_dls/ros2_ws/install/dls2_interface/share/dls2_interface/cmake/export_dls2_interface__rosidl_typesupport_fastrtps_cppExport-noconfig.cmake
[5.856s] -- Installing: /home/gturrisi-iit.local/other_ws_home/unitree_ros2_dls/ros2_ws/install/dls2_interface/share/dls2_interface/cmake/dls2_interface__rosidl_typesupport_introspection_cppExport.cmake
[5.856s] -- Installing: /home/gturrisi-iit.local/other_ws_home/unitree_ros2_dls/ros2_ws/install/dls2_interface/share/dls2_interface/cmake/dls2_interface__rosidl_typesupport_introspection_cppExport-noconfig.cmake
[5.856s] -- Installing: /home/gturrisi-iit.local/other_ws_home/unitree_ros2_dls/ros2_ws/install/dls2_interface/share/dls2_interface/cmake/dls2_interface__rosidl_typesupport_cppExport.cmake
[5.856s] -- Installing: /home/gturrisi-iit.local/other_ws_home/unitree_ros2_dls/ros2_ws/install/dls2_interface/share/dls2_interface/cmake/dls2_interface__rosidl_typesupport_cppExport-noconfig.cmake
[5.856s] -- Installing: /home/gturrisi-iit.local/other_ws_home/unitree_ros2_dls/ros2_ws/install/dls2_interface/share/dls2_interface/cmake/export_dls2_interface__rosidl_generator_pyExport.cmake
[5.856s] -- Installing: /home/gturrisi-iit.local/other_ws_home/unitree_ros2_dls/ros2_ws/install/dls2_interface/share/dls2_interface/cmake/export_dls2_interface__rosidl_generator_pyExport-noconfig.cmake
[5.856s] -- Installing: /home/gturrisi-iit.local/other_ws_home/unitree_ros2_dls/ros2_ws/install/dls2_interface/share/dls2_interface/cmake/rosidl_cmake-extras.cmake
[5.856s] -- Installing: /home/gturrisi-iit.local/other_ws_home/unitree_ros2_dls/ros2_ws/install/dls2_interface/share/dls2_interface/cmake/ament_cmake_export_include_directories-extras.cmake
[5.856s] -- Installing: /home/gturrisi-iit.local/other_ws_home/unitree_ros2_dls/ros2_ws/install/dls2_interface/share/dls2_interface/cmake/ament_cmake_export_libraries-extras.cmake
[5.856s] -- Installing: /home/gturrisi-iit.local/other_ws_home/unitree_ros2_dls/ros2_ws/install/dls2_interface/share/dls2_interface/cmake/ament_cmake_export_targets-extras.cmake
[5.856s] -- Installing: /home/gturrisi-iit.local/other_ws_home/unitree_ros2_dls/ros2_ws/install/dls2_interface/share/dls2_interface/cmake/rosidl_cmake_export_typesupport_targets-extras.cmake
[5.856s] -- Installing: /home/gturrisi-iit.local/other_ws_home/unitree_ros2_dls/ros2_ws/install/dls2_interface/share/dls2_interface/cmake/ament_cmake_export_dependencies-extras.cmake
[5.856s] -- Installing: /home/gturrisi-iit.local/other_ws_home/unitree_ros2_dls/ros2_ws/install/dls2_interface/share/dls2_interface/cmake/rosidl_cmake_export_typesupport_libraries-extras.cmake
[5.856s] -- Installing: /home/gturrisi-iit.local/other_ws_home/unitree_ros2_dls/ros2_ws/install/dls2_interface/share/dls2_interface/cmake/dls2_interfaceConfig.cmake
[5.856s] -- Installing: /home/gturrisi-iit.local/other_ws_home/unitree_ros2_dls/ros2_ws/install/dls2_interface/share/dls2_interface/cmake/dls2_interfaceConfig-version.cmake
[5.856s] -- Installing: /home/gturrisi-iit.local/other_ws_home/unitree_ros2_dls/ros2_ws/install/dls2_interface/share/dls2_interface/package.xml
[5.858s] Invoked command in '/home/gturrisi-iit.local/other_ws_home/unitree_ros2_dls/ros2_ws/build/dls2_interface' returned '0': CONDA_PROMPT_MODIFIER=(basic_locomotion_dls_isaaclab_ros2_env) DEBUGINFOD_URLS=https://debuginfod.ubuntu.com /home/gturrisi-iit.local/miniforge3/envs/basic_locomotion_dls_isaaclab_ros2_env/bin/cmake --install /home/gturrisi-iit.local/other_ws_home/unitree_ros2_dls/ros2_ws/build/dls2_interface
