[ 33%] [32mBuilding CXX object CMakeFiles/quadruped_hal.dir/quadruped_hal.cpp.o[0m
In file included from [01m[K/home/gturrisi-iit.local/other_ws_home/unitree_ros2_dls/ros2_ws/src/quadruped_hal/./../../../unitree_ros2/example/src/include/common/base_client.hpp:11[m[K,
                 from [01m[K/home/gturrisi-iit.local/other_ws_home/unitree_ros2_dls/ros2_ws/src/quadruped_hal/./../../../unitree_ros2/example/src/include/g1/g1_motion_switch_client.hpp:11[m[K,
                 from [01m[K/home/gturrisi-iit.local/other_ws_home/unitree_ros2_dls/ros2_ws/src/quadruped_hal/quadruped_hal.cpp:12[m[K:
[01m[K/home/gturrisi-iit.local/other_ws_home/unitree_ros2_dls/ros2_ws/src/quadruped_hal/./../../../unitree_ros2/example/src/include/common/ut_errror.hpp:13:59:[m[K [01;35m[Kwarning: [m[Kbackslash-newline at end of file
   13 | #define UT_PRINT_ERR(code, error)                         \
[01m[K/home/gturrisi-iit.local/other_ws_home/unitree_ros2_dls/ros2_ws/src/quadruped_hal/quadruped_hal.cpp:[m[K In member function '[01m[Kvoid LowLevelCmdNode::[01;32m[KInit[m[K()[m[K':
[01m[K/home/gturrisi-iit.local/other_ws_home/unitree_ros2_dls/ros2_ws/src/quadruped_hal/quadruped_hal.cpp:73:11:[m[K [01;35m[Kwarning: [m[Kvariable '[01m[Kret[m[K' set but not used [[01;35m[K]8;;https://gcc.gnu.org/onlinedocs/gcc-14.3.0/gcc/Warning-Options.html#index-Wno-unused-but-set-variable-Wunused-but-set-variable]8;;[m[K]
   73 |   int32_t [01;35m[Kret[m[K = client_->ReleaseMode();
      |           [01;35m[K^~~[m[K
[ 66%] [1m[32mLinking CXX executable quadruped_hal[0m
[100%] Built target quadruped_hal
-- Install configuration: ""
-- Installing: /home/gturrisi-iit.local/other_ws_home/unitree_ros2_dls/ros2_ws/install/quadruped_hal/bin/quadruped_hal
-- Set non-toolchain portion of runtime path of "/home/gturrisi-iit.local/other_ws_home/unitree_ros2_dls/ros2_ws/install/quadruped_hal/bin/quadruped_hal" to ""
-- Up-to-date: /home/gturrisi-iit.local/other_ws_home/unitree_ros2_dls/ros2_ws/install/quadruped_hal/share/ament_index/resource_index/package_run_dependencies/quadruped_hal
-- Up-to-date: /home/gturrisi-iit.local/other_ws_home/unitree_ros2_dls/ros2_ws/install/quadruped_hal/share/ament_index/resource_index/parent_prefix_path/quadruped_hal
-- Up-to-date: /home/gturrisi-iit.local/other_ws_home/unitree_ros2_dls/ros2_ws/install/quadruped_hal/share/quadruped_hal/environment/ament_prefix_path.sh
-- Up-to-date: /home/gturrisi-iit.local/other_ws_home/unitree_ros2_dls/ros2_ws/install/quadruped_hal/share/quadruped_hal/environment/ament_prefix_path.dsv
-- Up-to-date: /home/gturrisi-iit.local/other_ws_home/unitree_ros2_dls/ros2_ws/install/quadruped_hal/share/quadruped_hal/environment/path.sh
-- Up-to-date: /home/gturrisi-iit.local/other_ws_home/unitree_ros2_dls/ros2_ws/install/quadruped_hal/share/quadruped_hal/environment/path.dsv
-- Up-to-date: /home/gturrisi-iit.local/other_ws_home/unitree_ros2_dls/ros2_ws/install/quadruped_hal/share/quadruped_hal/local_setup.bash
-- Up-to-date: /home/gturrisi-iit.local/other_ws_home/unitree_ros2_dls/ros2_ws/install/quadruped_hal/share/quadruped_hal/local_setup.sh
-- Up-to-date: /home/gturrisi-iit.local/other_ws_home/unitree_ros2_dls/ros2_ws/install/quadruped_hal/share/quadruped_hal/local_setup.zsh
-- Up-to-date: /home/gturrisi-iit.local/other_ws_home/unitree_ros2_dls/ros2_ws/install/quadruped_hal/share/quadruped_hal/local_setup.dsv
-- Installing: /home/gturrisi-iit.local/other_ws_home/unitree_ros2_dls/ros2_ws/install/quadruped_hal/share/quadruped_hal/package.dsv
-- Up-to-date: /home/gturrisi-iit.local/other_ws_home/unitree_ros2_dls/ros2_ws/install/quadruped_hal/share/ament_index/resource_index/packages/quadruped_hal
-- Up-to-date: /home/gturrisi-iit.local/other_ws_home/unitree_ros2_dls/ros2_ws/install/quadruped_hal/share/quadruped_hal/cmake/quadruped_halConfig.cmake
-- Up-to-date: /home/gturrisi-iit.local/other_ws_home/unitree_ros2_dls/ros2_ws/install/quadruped_hal/share/quadruped_hal/cmake/quadruped_halConfig-version.cmake
-- Up-to-date: /home/gturrisi-iit.local/other_ws_home/unitree_ros2_dls/ros2_ws/install/quadruped_hal/share/quadruped_hal/package.xml
