[0.008s] Invoking command in '/home/gturrisi-iit.local/other_ws_home/unitree_ros2_dls/ros2_ws/build/quadruped_hal': CMAKE_PREFIX_PATH=/home/gturrisi-iit.local/other_ws_home/unitree_ros2_dls/ros2_ws/install/dls2_interface:/home/gturrisi-iit.local/other_ws_home/unitree_ros2_dls/ros2_ws/install/quadruped_hal:/home/gturrisi-iit.local/other_ws_home/unitree_ros2_dls/unitree_ros2/cyclonedds_ws/install/unitree_hg:/home/gturrisi-iit.local/other_ws_home/unitree_ros2_dls/unitree_ros2/cyclonedds_ws/install/unitree_go:/home/gturrisi-iit.local/other_ws_home/unitree_ros2_dls/unitree_ros2/cyclonedds_ws/install/unitree_api:/home/gturrisi-iit.local/miniforge3/envs/basic_locomotion_dls_isaaclab_ros2_env:/home/gturrisi-iit.local/miniforge3/envs/basic_locomotion_dls_isaaclab_ros2_env/x86_64-conda-linux-gnu/sysroot/usr CONDA_PROMPT_MODIFIER=(basic_locomotion_dls_isaaclab_ros2_env) DEBUGINFOD_URLS=https://debuginfod.ubuntu.com /home/gturrisi-iit.local/miniforge3/envs/basic_locomotion_dls_isaaclab_ros2_env/bin/cmake --build /home/gturrisi-iit.local/other_ws_home/unitree_ros2_dls/ros2_ws/build/quadruped_hal -- -j16 -l16
[0.060s] [ 33%] [32mBuilding CXX object CMakeFiles/quadruped_hal.dir/quadruped_hal.cpp.o[0m
[0.263s] In file included from [01m[K/home/gturrisi-iit.local/other_ws_home/unitree_ros2_dls/ros2_ws/src/quadruped_hal/./../../../unitree_ros2/example/src/include/common/base_client.hpp:11[m[K,
[0.263s]                  from [01m[K/home/gturrisi-iit.local/other_ws_home/unitree_ros2_dls/ros2_ws/src/quadruped_hal/./../../../unitree_ros2/example/src/include/g1/g1_motion_switch_client.hpp:11[m[K,
[0.263s]                  from [01m[K/home/gturrisi-iit.local/other_ws_home/unitree_ros2_dls/ros2_ws/src/quadruped_hal/quadruped_hal.cpp:12[m[K:
[0.263s] [01m[K/home/gturrisi-iit.local/other_ws_home/unitree_ros2_dls/ros2_ws/src/quadruped_hal/./../../../unitree_ros2/example/src/include/common/ut_errror.hpp:13:59:[m[K [01;35m[Kwarning: [m[Kbackslash-newline at end of file
[0.263s]    13 | #define UT_PRINT_ERR(code, error)                         \
[1.362s] [01m[K/home/gturrisi-iit.local/other_ws_home/unitree_ros2_dls/ros2_ws/src/quadruped_hal/quadruped_hal.cpp:[m[K In member function '[01m[Kvoid LowLevelCmdNode::[01;32m[KInit[m[K()[m[K':
[1.362s] [01m[K/home/gturrisi-iit.local/other_ws_home/unitree_ros2_dls/ros2_ws/src/quadruped_hal/quadruped_hal.cpp:73:11:[m[K [01;35m[Kwarning: [m[Kvariable '[01m[Kret[m[K' set but not used [[01;35m[K]8;;https://gcc.gnu.org/onlinedocs/gcc-14.3.0/gcc/Warning-Options.html#index-Wno-unused-but-set-variable-Wunused-but-set-variable]8;;[m[K]
[1.362s]    73 |   int32_t [01;35m[Kret[m[K = client_->ReleaseMode();
[1.362s]       |           [01;35m[K^~~[m[K
[12.393s] [ 66%] [1m[32mLinking CXX executable quadruped_hal[0m
[12.492s] [100%] Built target quadruped_hal
[12.499s] Invoked command in '/home/gturrisi-iit.local/other_ws_home/unitree_ros2_dls/ros2_ws/build/quadruped_hal' returned '0': CMAKE_PREFIX_PATH=/home/gturrisi-iit.local/other_ws_home/unitree_ros2_dls/ros2_ws/install/dls2_interface:/home/gturrisi-iit.local/other_ws_home/unitree_ros2_dls/ros2_ws/install/quadruped_hal:/home/gturrisi-iit.local/other_ws_home/unitree_ros2_dls/unitree_ros2/cyclonedds_ws/install/unitree_hg:/home/gturrisi-iit.local/other_ws_home/unitree_ros2_dls/unitree_ros2/cyclonedds_ws/install/unitree_go:/home/gturrisi-iit.local/other_ws_home/unitree_ros2_dls/unitree_ros2/cyclonedds_ws/install/unitree_api:/home/gturrisi-iit.local/miniforge3/envs/basic_locomotion_dls_isaaclab_ros2_env:/home/gturrisi-iit.local/miniforge3/envs/basic_locomotion_dls_isaaclab_ros2_env/x86_64-conda-linux-gnu/sysroot/usr CONDA_PROMPT_MODIFIER=(basic_locomotion_dls_isaaclab_ros2_env) DEBUGINFOD_URLS=https://debuginfod.ubuntu.com /home/gturrisi-iit.local/miniforge3/envs/basic_locomotion_dls_isaaclab_ros2_env/bin/cmake --build /home/gturrisi-iit.local/other_ws_home/unitree_ros2_dls/ros2_ws/build/quadruped_hal -- -j16 -l16
[12.500s] Invoking command in '/home/gturrisi-iit.local/other_ws_home/unitree_ros2_dls/ros2_ws/build/quadruped_hal': CMAKE_PREFIX_PATH=/home/gturrisi-iit.local/other_ws_home/unitree_ros2_dls/ros2_ws/install/dls2_interface:/home/gturrisi-iit.local/other_ws_home/unitree_ros2_dls/ros2_ws/install/quadruped_hal:/home/gturrisi-iit.local/other_ws_home/unitree_ros2_dls/unitree_ros2/cyclonedds_ws/install/unitree_hg:/home/gturrisi-iit.local/other_ws_home/unitree_ros2_dls/unitree_ros2/cyclonedds_ws/install/unitree_go:/home/gturrisi-iit.local/other_ws_home/unitree_ros2_dls/unitree_ros2/cyclonedds_ws/install/unitree_api:/home/gturrisi-iit.local/miniforge3/envs/basic_locomotion_dls_isaaclab_ros2_env:/home/gturrisi-iit.local/miniforge3/envs/basic_locomotion_dls_isaaclab_ros2_env/x86_64-conda-linux-gnu/sysroot/usr CONDA_PROMPT_MODIFIER=(basic_locomotion_dls_isaaclab_ros2_env) DEBUGINFOD_URLS=https://debuginfod.ubuntu.com /home/gturrisi-iit.local/miniforge3/envs/basic_locomotion_dls_isaaclab_ros2_env/bin/cmake --install /home/gturrisi-iit.local/other_ws_home/unitree_ros2_dls/ros2_ws/build/quadruped_hal
[12.503s] -- Install configuration: ""
[12.503s] -- Installing: /home/gturrisi-iit.local/other_ws_home/unitree_ros2_dls/ros2_ws/install/quadruped_hal/bin/quadruped_hal
[12.504s] -- Set non-toolchain portion of runtime path of "/home/gturrisi-iit.local/other_ws_home/unitree_ros2_dls/ros2_ws/install/quadruped_hal/bin/quadruped_hal" to ""
[12.504s] -- Up-to-date: /home/gturrisi-iit.local/other_ws_home/unitree_ros2_dls/ros2_ws/install/quadruped_hal/share/ament_index/resource_index/package_run_dependencies/quadruped_hal
[12.504s] -- Up-to-date: /home/gturrisi-iit.local/other_ws_home/unitree_ros2_dls/ros2_ws/install/quadruped_hal/share/ament_index/resource_index/parent_prefix_path/quadruped_hal
[12.504s] -- Up-to-date: /home/gturrisi-iit.local/other_ws_home/unitree_ros2_dls/ros2_ws/install/quadruped_hal/share/quadruped_hal/environment/ament_prefix_path.sh
[12.504s] -- Up-to-date: /home/gturrisi-iit.local/other_ws_home/unitree_ros2_dls/ros2_ws/install/quadruped_hal/share/quadruped_hal/environment/ament_prefix_path.dsv
[12.504s] -- Up-to-date: /home/gturrisi-iit.local/other_ws_home/unitree_ros2_dls/ros2_ws/install/quadruped_hal/share/quadruped_hal/environment/path.sh
[12.504s] -- Up-to-date: /home/gturrisi-iit.local/other_ws_home/unitree_ros2_dls/ros2_ws/install/quadruped_hal/share/quadruped_hal/environment/path.dsv
[12.504s] -- Up-to-date: /home/gturrisi-iit.local/other_ws_home/unitree_ros2_dls/ros2_ws/install/quadruped_hal/share/quadruped_hal/local_setup.bash
[12.504s] -- Up-to-date: /home/gturrisi-iit.local/other_ws_home/unitree_ros2_dls/ros2_ws/install/quadruped_hal/share/quadruped_hal/local_setup.sh
[12.504s] -- Up-to-date: /home/gturrisi-iit.local/other_ws_home/unitree_ros2_dls/ros2_ws/install/quadruped_hal/share/quadruped_hal/local_setup.zsh
[12.504s] -- Up-to-date: /home/gturrisi-iit.local/other_ws_home/unitree_ros2_dls/ros2_ws/install/quadruped_hal/share/quadruped_hal/local_setup.dsv
[12.504s] -- Installing: /home/gturrisi-iit.local/other_ws_home/unitree_ros2_dls/ros2_ws/install/quadruped_hal/share/quadruped_hal/package.dsv
[12.504s] -- Up-to-date: /home/gturrisi-iit.local/other_ws_home/unitree_ros2_dls/ros2_ws/install/quadruped_hal/share/ament_index/resource_index/packages/quadruped_hal
[12.504s] -- Up-to-date: /home/gturrisi-iit.local/other_ws_home/unitree_ros2_dls/ros2_ws/install/quadruped_hal/share/quadruped_hal/cmake/quadruped_halConfig.cmake
[12.504s] -- Up-to-date: /home/gturrisi-iit.local/other_ws_home/unitree_ros2_dls/ros2_ws/install/quadruped_hal/share/quadruped_hal/cmake/quadruped_halConfig-version.cmake
[12.504s] -- Up-to-date: /home/gturrisi-iit.local/other_ws_home/unitree_ros2_dls/ros2_ws/install/quadruped_hal/share/quadruped_hal/package.xml
[12.506s] Invoked command in '/home/gturrisi-iit.local/other_ws_home/unitree_ros2_dls/ros2_ws/build/quadruped_hal' returned '0': CMAKE_PREFIX_PATH=/home/gturrisi-iit.local/other_ws_home/unitree_ros2_dls/ros2_ws/install/dls2_interface:/home/gturrisi-iit.local/other_ws_home/unitree_ros2_dls/ros2_ws/install/quadruped_hal:/home/gturrisi-iit.local/other_ws_home/unitree_ros2_dls/unitree_ros2/cyclonedds_ws/install/unitree_hg:/home/gturrisi-iit.local/other_ws_home/unitree_ros2_dls/unitree_ros2/cyclonedds_ws/install/unitree_go:/home/gturrisi-iit.local/other_ws_home/unitree_ros2_dls/unitree_ros2/cyclonedds_ws/install/unitree_api:/home/gturrisi-iit.local/miniforge3/envs/basic_locomotion_dls_isaaclab_ros2_env:/home/gturrisi-iit.local/miniforge3/envs/basic_locomotion_dls_isaaclab_ros2_env/x86_64-conda-linux-gnu/sysroot/usr CONDA_PROMPT_MODIFIER=(basic_locomotion_dls_isaaclab_ros2_env) DEBUGINFOD_URLS=https://debuginfod.ubuntu.com /home/gturrisi-iit.local/miniforge3/envs/basic_locomotion_dls_isaaclab_ros2_env/bin/cmake --install /home/gturrisi-iit.local/other_ws_home/unitree_ros2_dls/ros2_ws/build/quadruped_hal
