[0.103s] [34mcolcon[0m [1;30mDEBUG[0m [32mCommand line arguments: ['/home/gturrisi-iit.local/miniforge3/envs/basic_locomotion_dls_isaaclab_ros2_env/bin/colcon', 'build'][0m
[0.104s] [34mcolcon[0m [1;30mDEBUG[0m [32mParsed command line arguments: Namespace(log_base=None, log_level=None, verb_name='build', build_base='build', install_base='install', merge_install=False, symlink_install=False, test_result_base=None, continue_on_error=False, executor='parallel', parallel_workers=16, event_handlers=None, ignore_user_meta=False, metas=['./colcon.meta'], base_paths=['.'], packages_ignore=None, packages_ignore_regex=None, paths=None, packages_up_to=None, packages_up_to_regex=None, packages_above=None, packages_above_and_dependencies=None, packages_above_depth=None, packages_select_by_dep=None, packages_skip_by_dep=None, packages_skip_up_to=None, packages_select_build_failed=False, packages_skip_build_finished=False, packages_select_test_failures=False, packages_skip_test_passed=False, packages_select=None, packages_skip=None, packages_select_regex=None, packages_skip_regex=None, packages_start=None, packages_end=None, cmake_args=None, cmake_target=None, cmake_target_skip_unavailable=False, cmake_clean_cache=False, cmake_clean_first=False, cmake_force_configure=False, ament_cmake_args=None, catkin_cmake_args=None, catkin_skip_building_tests=False, verb_parser=<colcon_defaults.argument_parser.defaults.DefaultArgumentsDecorator object at 0x7ed75be6f3d0>, verb_extension=<colcon_core.verb.build.BuildVerb object at 0x7ed75be36550>, main=<bound method BuildVerb.main of <colcon_core.verb.build.BuildVerb object at 0x7ed75be36550>>)[0m
[0.132s] [34mcolcon.colcon_core.package_discovery[0m [1;30mLevel 1[0m discover_packages(colcon_meta) check parameters
[0.132s] [34mcolcon.colcon_core.package_discovery[0m [1;30mLevel 1[0m discover_packages(recursive) check parameters
[0.132s] [34mcolcon.colcon_core.package_discovery[0m [1;30mLevel 1[0m discover_packages(ignore) check parameters
[0.132s] [34mcolcon.colcon_core.package_discovery[0m [1;30mLevel 1[0m discover_packages(path) check parameters
[0.132s] [34mcolcon.colcon_core.package_discovery[0m [1;30mLevel 1[0m discover_packages(colcon_meta) discover
[0.132s] [34mcolcon.colcon_core.package_discovery[0m [1;30mLevel 1[0m discover_packages(recursive) discover
[0.132s] [34mcolcon.colcon_core.package_discovery[0m [1;30mINFO[0m Crawling recursively for packages in '/home/gturrisi-iit.local/other_ws_home/unitree_ros2_dls/ros2_ws'
[0.132s] [34mcolcon.colcon_core.package_identification[0m [1;30mLevel 1[0m _identify(.) by extensions ['ignore', 'ignore_ament_install']
[0.132s] [34mcolcon.colcon_core.package_identification[0m [1;30mLevel 1[0m _identify(.) by extension 'ignore'
[0.132s] [34mcolcon.colcon_core.package_identification[0m [1;30mLevel 1[0m _identify(.) by extension 'ignore_ament_install'
[0.132s] [34mcolcon.colcon_core.package_identification[0m [1;30mLevel 1[0m _identify(.) by extensions ['colcon_pkg']
[0.132s] [34mcolcon.colcon_core.package_identification[0m [1;30mLevel 1[0m _identify(.) by extension 'colcon_pkg'
[0.132s] [34mcolcon.colcon_core.package_identification[0m [1;30mLevel 1[0m _identify(.) by extensions ['colcon_meta']
[0.132s] [34mcolcon.colcon_core.package_identification[0m [1;30mLevel 1[0m _identify(.) by extension 'colcon_meta'
[0.132s] [34mcolcon.colcon_core.package_identification[0m [1;30mLevel 1[0m _identify(.) by extensions ['ros']
[0.132s] [34mcolcon.colcon_core.package_identification[0m [1;30mLevel 1[0m _identify(.) by extension 'ros'
[0.158s] [34mcolcon.colcon_core.package_identification[0m [1;30mLevel 1[0m _identify(.) by extensions ['cmake', 'python']
[0.159s] [34mcolcon.colcon_core.package_identification[0m [1;30mLevel 1[0m _identify(.) by extension 'cmake'
[0.159s] [34mcolcon.colcon_core.package_identification[0m [1;30mLevel 1[0m _identify(.) by extension 'python'
[0.159s] [34mcolcon.colcon_core.package_identification[0m [1;30mLevel 1[0m _identify(.) by extensions ['python_setup_py']
[0.159s] [34mcolcon.colcon_core.package_identification[0m [1;30mLevel 1[0m _identify(.) by extension 'python_setup_py'
[0.159s] [34mcolcon.colcon_core.package_identification[0m [1;30mLevel 1[0m _identify(build) by extensions ['ignore', 'ignore_ament_install']
[0.159s] [34mcolcon.colcon_core.package_identification[0m [1;30mLevel 1[0m _identify(build) by extension 'ignore'
[0.159s] [34mcolcon.colcon_core.package_identification[0m [1;30mLevel 1[0m _identify(build) ignored
[0.159s] [34mcolcon.colcon_core.package_identification[0m [1;30mLevel 1[0m _identify(install) by extensions ['ignore', 'ignore_ament_install']
[0.159s] [34mcolcon.colcon_core.package_identification[0m [1;30mLevel 1[0m _identify(install) by extension 'ignore'
[0.159s] [34mcolcon.colcon_core.package_identification[0m [1;30mLevel 1[0m _identify(install) ignored
[0.159s] [34mcolcon.colcon_core.package_identification[0m [1;30mLevel 1[0m _identify(log) by extensions ['ignore', 'ignore_ament_install']
[0.159s] [34mcolcon.colcon_core.package_identification[0m [1;30mLevel 1[0m _identify(log) by extension 'ignore'
[0.159s] [34mcolcon.colcon_core.package_identification[0m [1;30mLevel 1[0m _identify(log) ignored
[0.159s] [34mcolcon.colcon_core.package_identification[0m [1;30mLevel 1[0m _identify(src) by extensions ['ignore', 'ignore_ament_install']
[0.159s] [34mcolcon.colcon_core.package_identification[0m [1;30mLevel 1[0m _identify(src) by extension 'ignore'
[0.159s] [34mcolcon.colcon_core.package_identification[0m [1;30mLevel 1[0m _identify(src) by extension 'ignore_ament_install'
[0.159s] [34mcolcon.colcon_core.package_identification[0m [1;30mLevel 1[0m _identify(src) by extensions ['colcon_pkg']
[0.159s] [34mcolcon.colcon_core.package_identification[0m [1;30mLevel 1[0m _identify(src) by extension 'colcon_pkg'
[0.159s] [34mcolcon.colcon_core.package_identification[0m [1;30mLevel 1[0m _identify(src) by extensions ['colcon_meta']
[0.159s] [34mcolcon.colcon_core.package_identification[0m [1;30mLevel 1[0m _identify(src) by extension 'colcon_meta'
[0.160s] [34mcolcon.colcon_core.package_identification[0m [1;30mLevel 1[0m _identify(src) by extensions ['ros']
[0.160s] [34mcolcon.colcon_core.package_identification[0m [1;30mLevel 1[0m _identify(src) by extension 'ros'
[0.160s] [34mcolcon.colcon_core.package_identification[0m [1;30mLevel 1[0m _identify(src) by extensions ['cmake', 'python']
[0.160s] [34mcolcon.colcon_core.package_identification[0m [1;30mLevel 1[0m _identify(src) by extension 'cmake'
[0.160s] [34mcolcon.colcon_core.package_identification[0m [1;30mLevel 1[0m _identify(src) by extension 'python'
[0.160s] [34mcolcon.colcon_core.package_identification[0m [1;30mLevel 1[0m _identify(src) by extensions ['python_setup_py']
[0.160s] [34mcolcon.colcon_core.package_identification[0m [1;30mLevel 1[0m _identify(src) by extension 'python_setup_py'
[0.160s] [34mcolcon.colcon_core.package_identification[0m [1;30mLevel 1[0m _identify(src/dls2_interface) by extensions ['ignore', 'ignore_ament_install']
[0.160s] [34mcolcon.colcon_core.package_identification[0m [1;30mLevel 1[0m _identify(src/dls2_interface) by extension 'ignore'
[0.160s] [34mcolcon.colcon_core.package_identification[0m [1;30mLevel 1[0m _identify(src/dls2_interface) by extension 'ignore_ament_install'
[0.160s] [34mcolcon.colcon_core.package_identification[0m [1;30mLevel 1[0m _identify(src/dls2_interface) by extensions ['colcon_pkg']
[0.160s] [34mcolcon.colcon_core.package_identification[0m [1;30mLevel 1[0m _identify(src/dls2_interface) by extension 'colcon_pkg'
[0.160s] [34mcolcon.colcon_core.package_identification[0m [1;30mLevel 1[0m _identify(src/dls2_interface) by extensions ['colcon_meta']
[0.160s] [34mcolcon.colcon_core.package_identification[0m [1;30mLevel 1[0m _identify(src/dls2_interface) by extension 'colcon_meta'
[0.160s] [34mcolcon.colcon_core.package_identification[0m [1;30mLevel 1[0m _identify(src/dls2_interface) by extensions ['ros']
[0.160s] [34mcolcon.colcon_core.package_identification[0m [1;30mLevel 1[0m _identify(src/dls2_interface) by extension 'ros'
[0.162s] [34mcolcon.colcon_core.package_identification[0m [1;30mDEBUG[0m [32mPackage 'src/dls2_interface' with type 'ros.ament_cmake' and name 'dls2_interface'[0m
[0.162s] [34mcolcon.colcon_core.package_identification[0m [1;30mLevel 1[0m _identify(src/quadruped_hal) by extensions ['ignore', 'ignore_ament_install']
[0.162s] [34mcolcon.colcon_core.package_identification[0m [1;30mLevel 1[0m _identify(src/quadruped_hal) by extension 'ignore'
[0.162s] [34mcolcon.colcon_core.package_identification[0m [1;30mLevel 1[0m _identify(src/quadruped_hal) by extension 'ignore_ament_install'
[0.163s] [34mcolcon.colcon_core.package_identification[0m [1;30mLevel 1[0m _identify(src/quadruped_hal) by extensions ['colcon_pkg']
[0.163s] [34mcolcon.colcon_core.package_identification[0m [1;30mLevel 1[0m _identify(src/quadruped_hal) by extension 'colcon_pkg'
[0.163s] [34mcolcon.colcon_core.package_identification[0m [1;30mLevel 1[0m _identify(src/quadruped_hal) by extensions ['colcon_meta']
[0.163s] [34mcolcon.colcon_core.package_identification[0m [1;30mLevel 1[0m _identify(src/quadruped_hal) by extension 'colcon_meta'
[0.163s] [34mcolcon.colcon_core.package_identification[0m [1;30mLevel 1[0m _identify(src/quadruped_hal) by extensions ['ros']
[0.163s] [34mcolcon.colcon_core.package_identification[0m [1;30mLevel 1[0m _identify(src/quadruped_hal) by extension 'ros'
[0.163s] [34mcolcon.colcon_core.package_identification[0m [1;30mDEBUG[0m [32mPackage 'src/quadruped_hal' with type 'ros.ament_cmake' and name 'quadruped_hal'[0m
[0.163s] [34mcolcon.colcon_core.package_identification[0m [1;30mLevel 1[0m _identify(src/z1_hal) by extensions ['ignore', 'ignore_ament_install']
[0.163s] [34mcolcon.colcon_core.package_identification[0m [1;30mLevel 1[0m _identify(src/z1_hal) by extension 'ignore'
[0.163s] [34mcolcon.colcon_core.package_identification[0m [1;30mLevel 1[0m _identify(src/z1_hal) by extension 'ignore_ament_install'
[0.164s] [34mcolcon.colcon_core.package_identification[0m [1;30mLevel 1[0m _identify(src/z1_hal) by extensions ['colcon_pkg']
[0.164s] [34mcolcon.colcon_core.package_identification[0m [1;30mLevel 1[0m _identify(src/z1_hal) by extension 'colcon_pkg'
[0.164s] [34mcolcon.colcon_core.package_identification[0m [1;30mLevel 1[0m _identify(src/z1_hal) by extensions ['colcon_meta']
[0.164s] [34mcolcon.colcon_core.package_identification[0m [1;30mLevel 1[0m _identify(src/z1_hal) by extension 'colcon_meta'
[0.164s] [34mcolcon.colcon_core.package_identification[0m [1;30mLevel 1[0m _identify(src/z1_hal) by extensions ['ros']
[0.164s] [34mcolcon.colcon_core.package_identification[0m [1;30mLevel 1[0m _identify(src/z1_hal) by extension 'ros'
[0.164s] [34mcolcon.colcon_core.package_identification[0m [1;30mLevel 1[0m _identify(src/z1_hal) by extensions ['cmake', 'python']
[0.164s] [34mcolcon.colcon_core.package_identification[0m [1;30mLevel 1[0m _identify(src/z1_hal) by extension 'cmake'
[0.164s] [34mcolcon.colcon_core.package_identification[0m [1;30mLevel 1[0m _identify(src/z1_hal) by extension 'python'
[0.164s] [34mcolcon.colcon_core.package_identification[0m [1;30mLevel 1[0m _identify(src/z1_hal) by extensions ['python_setup_py']
[0.164s] [34mcolcon.colcon_core.package_identification[0m [1;30mLevel 1[0m _identify(src/z1_hal) by extension 'python_setup_py'
[0.164s] [34mcolcon.colcon_core.package_discovery[0m [1;30mLevel 1[0m discover_packages(recursive) using defaults
[0.164s] [34mcolcon.colcon_core.package_discovery[0m [1;30mLevel 1[0m discover_packages(ignore) discover
[0.164s] [34mcolcon.colcon_core.package_discovery[0m [1;30mLevel 1[0m discover_packages(ignore) using defaults
[0.164s] [34mcolcon.colcon_core.package_discovery[0m [1;30mLevel 1[0m discover_packages(path) discover
[0.164s] [34mcolcon.colcon_core.package_discovery[0m [1;30mLevel 1[0m discover_packages(path) using defaults
[0.177s] [34mcolcon.colcon_core.verb[0m [1;30mLevel 5[0m set package 'dls2_interface' build argument 'cmake_args' from command line to 'None'
[0.177s] [34mcolcon.colcon_core.verb[0m [1;30mLevel 5[0m set package 'dls2_interface' build argument 'cmake_target' from command line to 'None'
[0.177s] [34mcolcon.colcon_core.verb[0m [1;30mLevel 5[0m set package 'dls2_interface' build argument 'cmake_target_skip_unavailable' from command line to 'False'
[0.177s] [34mcolcon.colcon_core.verb[0m [1;30mLevel 5[0m set package 'dls2_interface' build argument 'cmake_clean_cache' from command line to 'False'
[0.177s] [34mcolcon.colcon_core.verb[0m [1;30mLevel 5[0m set package 'dls2_interface' build argument 'cmake_clean_first' from command line to 'False'
[0.177s] [34mcolcon.colcon_core.verb[0m [1;30mLevel 5[0m set package 'dls2_interface' build argument 'cmake_force_configure' from command line to 'False'
[0.177s] [34mcolcon.colcon_core.verb[0m [1;30mLevel 5[0m set package 'dls2_interface' build argument 'ament_cmake_args' from command line to 'None'
[0.177s] [34mcolcon.colcon_core.verb[0m [1;30mLevel 5[0m set package 'dls2_interface' build argument 'catkin_cmake_args' from command line to 'None'
[0.177s] [34mcolcon.colcon_core.verb[0m [1;30mLevel 5[0m set package 'dls2_interface' build argument 'catkin_skip_building_tests' from command line to 'False'
[0.177s] [34mcolcon.colcon_core.verb[0m [1;30mDEBUG[0m [32mBuilding package 'dls2_interface' with the following arguments: {'ament_cmake_args': None, 'build_base': '/home/gturrisi-iit.local/other_ws_home/unitree_ros2_dls/ros2_ws/build/dls2_interface', 'catkin_cmake_args': None, 'catkin_skip_building_tests': False, 'cmake_args': None, 'cmake_clean_cache': False, 'cmake_clean_first': False, 'cmake_force_configure': False, 'cmake_target': None, 'cmake_target_skip_unavailable': False, 'install_base': '/home/gturrisi-iit.local/other_ws_home/unitree_ros2_dls/ros2_ws/install/dls2_interface', 'merge_install': False, 'path': '/home/gturrisi-iit.local/other_ws_home/unitree_ros2_dls/ros2_ws/src/dls2_interface', 'symlink_install': False, 'test_result_base': None}[0m
[0.177s] [34mcolcon.colcon_core.verb[0m [1;30mLevel 5[0m set package 'quadruped_hal' build argument 'cmake_args' from command line to 'None'
[0.177s] [34mcolcon.colcon_core.verb[0m [1;30mLevel 5[0m set package 'quadruped_hal' build argument 'cmake_target' from command line to 'None'
[0.177s] [34mcolcon.colcon_core.verb[0m [1;30mLevel 5[0m set package 'quadruped_hal' build argument 'cmake_target_skip_unavailable' from command line to 'False'
[0.177s] [34mcolcon.colcon_core.verb[0m [1;30mLevel 5[0m set package 'quadruped_hal' build argument 'cmake_clean_cache' from command line to 'False'
[0.177s] [34mcolcon.colcon_core.verb[0m [1;30mLevel 5[0m set package 'quadruped_hal' build argument 'cmake_clean_first' from command line to 'False'
[0.177s] [34mcolcon.colcon_core.verb[0m [1;30mLevel 5[0m set package 'quadruped_hal' build argument 'cmake_force_configure' from command line to 'False'
[0.177s] [34mcolcon.colcon_core.verb[0m [1;30mLevel 5[0m set package 'quadruped_hal' build argument 'ament_cmake_args' from command line to 'None'
[0.177s] [34mcolcon.colcon_core.verb[0m [1;30mLevel 5[0m set package 'quadruped_hal' build argument 'catkin_cmake_args' from command line to 'None'
[0.177s] [34mcolcon.colcon_core.verb[0m [1;30mLevel 5[0m set package 'quadruped_hal' build argument 'catkin_skip_building_tests' from command line to 'False'
[0.177s] [34mcolcon.colcon_core.verb[0m [1;30mDEBUG[0m [32mBuilding package 'quadruped_hal' with the following arguments: {'ament_cmake_args': None, 'build_base': '/home/gturrisi-iit.local/other_ws_home/unitree_ros2_dls/ros2_ws/build/quadruped_hal', 'catkin_cmake_args': None, 'catkin_skip_building_tests': False, 'cmake_args': None, 'cmake_clean_cache': False, 'cmake_clean_first': False, 'cmake_force_configure': False, 'cmake_target': None, 'cmake_target_skip_unavailable': False, 'install_base': '/home/gturrisi-iit.local/other_ws_home/unitree_ros2_dls/ros2_ws/install/quadruped_hal', 'merge_install': False, 'path': '/home/gturrisi-iit.local/other_ws_home/unitree_ros2_dls/ros2_ws/src/quadruped_hal', 'symlink_install': False, 'test_result_base': None}[0m
[0.177s] [34mcolcon.colcon_core.executor[0m [1;30mINFO[0m Executing jobs using 'parallel' executor
[0.178s] [34mcolcon.colcon_parallel_executor.executor.parallel[0m [1;30mDEBUG[0m [32mrun_until_complete[0m
[0.179s] [34mcolcon.colcon_ros.task.ament_cmake.build[0m [1;30mINFO[0m Building ROS package in '/home/gturrisi-iit.local/other_ws_home/unitree_ros2_dls/ros2_ws/src/dls2_interface' with build type 'ament_cmake'
[0.179s] [34mcolcon.colcon_cmake.task.cmake.build[0m [1;30mINFO[0m Building CMake package in '/home/gturrisi-iit.local/other_ws_home/unitree_ros2_dls/ros2_ws/src/dls2_interface'
[0.181s] [34mcolcon.colcon_core.plugin_system[0m [1;30mINFO[0m Skipping extension 'colcon_core.shell.bat': Not used on non-Windows systems
[0.181s] [34mcolcon.colcon_core.shell[0m [1;30mINFO[0m Skip shell extension 'powershell' for command environment: Not usable outside of PowerShell
[0.181s] [34mcolcon.colcon_core.shell[0m [1;30mDEBUG[0m [32mSkip shell extension 'dsv' for command environment[0m
[0.194s] [34mcolcon.colcon_core.event_handler.log_command[0m [1;30mDEBUG[0m [32mInvoking command in '/home/gturrisi-iit.local/other_ws_home/unitree_ros2_dls/ros2_ws/build/dls2_interface': CONDA_PROMPT_MODIFIER=(basic_locomotion_dls_isaaclab_ros2_env) DEBUGINFOD_URLS=https://debuginfod.ubuntu.com /home/gturrisi-iit.local/miniforge3/envs/basic_locomotion_dls_isaaclab_ros2_env/bin/cmake --build /home/gturrisi-iit.local/other_ws_home/unitree_ros2_dls/ros2_ws/build/dls2_interface -- -j16 -l16[0m
[0.503s] [34mcolcon.colcon_core.event_handler.log_command[0m [1;30mDEBUG[0m [32mInvoked command in '/home/gturrisi-iit.local/other_ws_home/unitree_ros2_dls/ros2_ws/build/dls2_interface' returned '0': CONDA_PROMPT_MODIFIER=(basic_locomotion_dls_isaaclab_ros2_env) DEBUGINFOD_URLS=https://debuginfod.ubuntu.com /home/gturrisi-iit.local/miniforge3/envs/basic_locomotion_dls_isaaclab_ros2_env/bin/cmake --build /home/gturrisi-iit.local/other_ws_home/unitree_ros2_dls/ros2_ws/build/dls2_interface -- -j16 -l16[0m
[0.510s] [34mcolcon.colcon_core.event_handler.log_command[0m [1;30mDEBUG[0m [32mInvoking command in '/home/gturrisi-iit.local/other_ws_home/unitree_ros2_dls/ros2_ws/build/dls2_interface': CONDA_PROMPT_MODIFIER=(basic_locomotion_dls_isaaclab_ros2_env) DEBUGINFOD_URLS=https://debuginfod.ubuntu.com /home/gturrisi-iit.local/miniforge3/envs/basic_locomotion_dls_isaaclab_ros2_env/bin/cmake --install /home/gturrisi-iit.local/other_ws_home/unitree_ros2_dls/ros2_ws/build/dls2_interface[0m
[0.554s] [34mcolcon.colcon_core.environment[0m [1;30mLevel 1[0m create_environment_scripts_only(dls2_interface)
[0.555s] [34mcolcon.colcon_core.event_handler.log_command[0m [1;30mDEBUG[0m [32mInvoked command in '/home/gturrisi-iit.local/other_ws_home/unitree_ros2_dls/ros2_ws/build/dls2_interface' returned '0': CONDA_PROMPT_MODIFIER=(basic_locomotion_dls_isaaclab_ros2_env) DEBUGINFOD_URLS=https://debuginfod.ubuntu.com /home/gturrisi-iit.local/miniforge3/envs/basic_locomotion_dls_isaaclab_ros2_env/bin/cmake --install /home/gturrisi-iit.local/other_ws_home/unitree_ros2_dls/ros2_ws/build/dls2_interface[0m
[0.557s] [34mcolcon.colcon_core.environment[0m [1;30mLevel 1[0m checking '/home/gturrisi-iit.local/other_ws_home/unitree_ros2_dls/ros2_ws/install/dls2_interface' for CMake module files
[0.557s] [34mcolcon.colcon_core.environment[0m [1;30mLevel 1[0m checking '/home/gturrisi-iit.local/other_ws_home/unitree_ros2_dls/ros2_ws/install/dls2_interface' for CMake config files
[0.557s] [34mcolcon.colcon_core.shell[0m [1;30mLevel 1[0m create_environment_hook('dls2_interface', 'cmake_prefix_path')
[0.557s] [34mcolcon.colcon_core.shell[0m [1;30mINFO[0m Creating environment hook '/home/gturrisi-iit.local/other_ws_home/unitree_ros2_dls/ros2_ws/install/dls2_interface/share/dls2_interface/hook/cmake_prefix_path.ps1'
[0.558s] [34mcolcon.colcon_core.shell[0m [1;30mINFO[0m Creating environment descriptor '/home/gturrisi-iit.local/other_ws_home/unitree_ros2_dls/ros2_ws/install/dls2_interface/share/dls2_interface/hook/cmake_prefix_path.dsv'
[0.558s] [34mcolcon.colcon_core.shell[0m [1;30mINFO[0m Creating environment hook '/home/gturrisi-iit.local/other_ws_home/unitree_ros2_dls/ros2_ws/install/dls2_interface/share/dls2_interface/hook/cmake_prefix_path.sh'
[0.558s] [34mcolcon.colcon_core.environment[0m [1;30mLevel 1[0m checking '/home/gturrisi-iit.local/other_ws_home/unitree_ros2_dls/ros2_ws/install/dls2_interface/lib'
[0.559s] [34mcolcon.colcon_core.shell[0m [1;30mLevel 1[0m create_environment_hook('dls2_interface', 'ld_library_path_lib')
[0.559s] [34mcolcon.colcon_core.shell[0m [1;30mINFO[0m Creating environment hook '/home/gturrisi-iit.local/other_ws_home/unitree_ros2_dls/ros2_ws/install/dls2_interface/share/dls2_interface/hook/ld_library_path_lib.ps1'
[0.559s] [34mcolcon.colcon_core.shell[0m [1;30mINFO[0m Creating environment descriptor '/home/gturrisi-iit.local/other_ws_home/unitree_ros2_dls/ros2_ws/install/dls2_interface/share/dls2_interface/hook/ld_library_path_lib.dsv'
[0.559s] [34mcolcon.colcon_core.shell[0m [1;30mINFO[0m Creating environment hook '/home/gturrisi-iit.local/other_ws_home/unitree_ros2_dls/ros2_ws/install/dls2_interface/share/dls2_interface/hook/ld_library_path_lib.sh'
[0.559s] [34mcolcon.colcon_core.environment[0m [1;30mLevel 1[0m checking '/home/gturrisi-iit.local/other_ws_home/unitree_ros2_dls/ros2_ws/install/dls2_interface/bin'
[0.559s] [34mcolcon.colcon_core.environment[0m [1;30mLevel 1[0m checking '/home/gturrisi-iit.local/other_ws_home/unitree_ros2_dls/ros2_ws/install/dls2_interface/lib/pkgconfig/dls2_interface.pc'
[0.560s] [34mcolcon.colcon_core.environment[0m [1;30mLevel 1[0m checking '/home/gturrisi-iit.local/other_ws_home/unitree_ros2_dls/ros2_ws/install/dls2_interface/lib/python3.11/site-packages'
[0.560s] [34mcolcon.colcon_core.shell[0m [1;30mLevel 1[0m create_environment_hook('dls2_interface', 'pythonpath')
[0.560s] [34mcolcon.colcon_core.shell[0m [1;30mINFO[0m Creating environment hook '/home/gturrisi-iit.local/other_ws_home/unitree_ros2_dls/ros2_ws/install/dls2_interface/share/dls2_interface/hook/pythonpath.ps1'
[0.560s] [34mcolcon.colcon_core.shell[0m [1;30mINFO[0m Creating environment descriptor '/home/gturrisi-iit.local/other_ws_home/unitree_ros2_dls/ros2_ws/install/dls2_interface/share/dls2_interface/hook/pythonpath.dsv'
[0.561s] [34mcolcon.colcon_core.shell[0m [1;30mINFO[0m Creating environment hook '/home/gturrisi-iit.local/other_ws_home/unitree_ros2_dls/ros2_ws/install/dls2_interface/share/dls2_interface/hook/pythonpath.sh'
[0.561s] [34mcolcon.colcon_core.environment[0m [1;30mLevel 1[0m checking '/home/gturrisi-iit.local/other_ws_home/unitree_ros2_dls/ros2_ws/install/dls2_interface/bin'
[0.561s] [34mcolcon.colcon_core.shell[0m [1;30mINFO[0m Creating package script '/home/gturrisi-iit.local/other_ws_home/unitree_ros2_dls/ros2_ws/install/dls2_interface/share/dls2_interface/package.ps1'
[0.562s] [34mcolcon.colcon_core.shell[0m [1;30mINFO[0m Creating package descriptor '/home/gturrisi-iit.local/other_ws_home/unitree_ros2_dls/ros2_ws/install/dls2_interface/share/dls2_interface/package.dsv'
[0.562s] [34mcolcon.colcon_core.shell[0m [1;30mINFO[0m Creating package script '/home/gturrisi-iit.local/other_ws_home/unitree_ros2_dls/ros2_ws/install/dls2_interface/share/dls2_interface/package.sh'
[0.562s] [34mcolcon.colcon_core.shell[0m [1;30mINFO[0m Creating package script '/home/gturrisi-iit.local/other_ws_home/unitree_ros2_dls/ros2_ws/install/dls2_interface/share/dls2_interface/package.bash'
[0.563s] [34mcolcon.colcon_core.shell[0m [1;30mINFO[0m Creating package script '/home/gturrisi-iit.local/other_ws_home/unitree_ros2_dls/ros2_ws/install/dls2_interface/share/dls2_interface/package.zsh'
[0.564s] [34mcolcon.colcon_core.environment[0m [1;30mLevel 1[0m create_file_with_runtime_dependencies(/home/gturrisi-iit.local/other_ws_home/unitree_ros2_dls/ros2_ws/install/dls2_interface/share/colcon-core/packages/dls2_interface)
[0.565s] [34mcolcon.colcon_core.environment[0m [1;30mLevel 1[0m create_environment_scripts_only(dls2_interface)
[0.565s] [34mcolcon.colcon_core.environment[0m [1;30mLevel 1[0m checking '/home/gturrisi-iit.local/other_ws_home/unitree_ros2_dls/ros2_ws/install/dls2_interface' for CMake module files
[0.565s] [34mcolcon.colcon_core.environment[0m [1;30mLevel 1[0m checking '/home/gturrisi-iit.local/other_ws_home/unitree_ros2_dls/ros2_ws/install/dls2_interface' for CMake config files
[0.566s] [34mcolcon.colcon_core.shell[0m [1;30mLevel 1[0m create_environment_hook('dls2_interface', 'cmake_prefix_path')
[0.566s] [34mcolcon.colcon_core.shell[0m [1;30mINFO[0m Creating environment hook '/home/gturrisi-iit.local/other_ws_home/unitree_ros2_dls/ros2_ws/install/dls2_interface/share/dls2_interface/hook/cmake_prefix_path.ps1'
[0.566s] [34mcolcon.colcon_core.shell[0m [1;30mINFO[0m Creating environment descriptor '/home/gturrisi-iit.local/other_ws_home/unitree_ros2_dls/ros2_ws/install/dls2_interface/share/dls2_interface/hook/cmake_prefix_path.dsv'
[0.566s] [34mcolcon.colcon_core.shell[0m [1;30mINFO[0m Creating environment hook '/home/gturrisi-iit.local/other_ws_home/unitree_ros2_dls/ros2_ws/install/dls2_interface/share/dls2_interface/hook/cmake_prefix_path.sh'
[0.566s] [34mcolcon.colcon_core.environment[0m [1;30mLevel 1[0m checking '/home/gturrisi-iit.local/other_ws_home/unitree_ros2_dls/ros2_ws/install/dls2_interface/lib'
[0.566s] [34mcolcon.colcon_core.shell[0m [1;30mLevel 1[0m create_environment_hook('dls2_interface', 'ld_library_path_lib')
[0.566s] [34mcolcon.colcon_core.shell[0m [1;30mINFO[0m Creating environment hook '/home/gturrisi-iit.local/other_ws_home/unitree_ros2_dls/ros2_ws/install/dls2_interface/share/dls2_interface/hook/ld_library_path_lib.ps1'
[0.566s] [34mcolcon.colcon_core.shell[0m [1;30mINFO[0m Creating environment descriptor '/home/gturrisi-iit.local/other_ws_home/unitree_ros2_dls/ros2_ws/install/dls2_interface/share/dls2_interface/hook/ld_library_path_lib.dsv'
[0.567s] [34mcolcon.colcon_core.shell[0m [1;30mINFO[0m Creating environment hook '/home/gturrisi-iit.local/other_ws_home/unitree_ros2_dls/ros2_ws/install/dls2_interface/share/dls2_interface/hook/ld_library_path_lib.sh'
[0.567s] [34mcolcon.colcon_core.environment[0m [1;30mLevel 1[0m checking '/home/gturrisi-iit.local/other_ws_home/unitree_ros2_dls/ros2_ws/install/dls2_interface/bin'
[0.567s] [34mcolcon.colcon_core.environment[0m [1;30mLevel 1[0m checking '/home/gturrisi-iit.local/other_ws_home/unitree_ros2_dls/ros2_ws/install/dls2_interface/lib/pkgconfig/dls2_interface.pc'
[0.567s] [34mcolcon.colcon_core.environment[0m [1;30mLevel 1[0m checking '/home/gturrisi-iit.local/other_ws_home/unitree_ros2_dls/ros2_ws/install/dls2_interface/lib/python3.11/site-packages'
[0.567s] [34mcolcon.colcon_core.shell[0m [1;30mLevel 1[0m create_environment_hook('dls2_interface', 'pythonpath')
[0.567s] [34mcolcon.colcon_core.shell[0m [1;30mINFO[0m Creating environment hook '/home/gturrisi-iit.local/other_ws_home/unitree_ros2_dls/ros2_ws/install/dls2_interface/share/dls2_interface/hook/pythonpath.ps1'
[0.567s] [34mcolcon.colcon_core.shell[0m [1;30mINFO[0m Creating environment descriptor '/home/gturrisi-iit.local/other_ws_home/unitree_ros2_dls/ros2_ws/install/dls2_interface/share/dls2_interface/hook/pythonpath.dsv'
[0.567s] [34mcolcon.colcon_core.shell[0m [1;30mINFO[0m Creating environment hook '/home/gturrisi-iit.local/other_ws_home/unitree_ros2_dls/ros2_ws/install/dls2_interface/share/dls2_interface/hook/pythonpath.sh'
[0.567s] [34mcolcon.colcon_core.environment[0m [1;30mLevel 1[0m checking '/home/gturrisi-iit.local/other_ws_home/unitree_ros2_dls/ros2_ws/install/dls2_interface/bin'
[0.567s] [34mcolcon.colcon_core.shell[0m [1;30mINFO[0m Creating package script '/home/gturrisi-iit.local/other_ws_home/unitree_ros2_dls/ros2_ws/install/dls2_interface/share/dls2_interface/package.ps1'
[0.568s] [34mcolcon.colcon_core.shell[0m [1;30mINFO[0m Creating package descriptor '/home/gturrisi-iit.local/other_ws_home/unitree_ros2_dls/ros2_ws/install/dls2_interface/share/dls2_interface/package.dsv'
[0.568s] [34mcolcon.colcon_core.shell[0m [1;30mINFO[0m Creating package script '/home/gturrisi-iit.local/other_ws_home/unitree_ros2_dls/ros2_ws/install/dls2_interface/share/dls2_interface/package.sh'
[0.568s] [34mcolcon.colcon_core.shell[0m [1;30mINFO[0m Creating package script '/home/gturrisi-iit.local/other_ws_home/unitree_ros2_dls/ros2_ws/install/dls2_interface/share/dls2_interface/package.bash'
[0.568s] [34mcolcon.colcon_core.shell[0m [1;30mINFO[0m Creating package script '/home/gturrisi-iit.local/other_ws_home/unitree_ros2_dls/ros2_ws/install/dls2_interface/share/dls2_interface/package.zsh'
[0.568s] [34mcolcon.colcon_core.environment[0m [1;30mLevel 1[0m create_file_with_runtime_dependencies(/home/gturrisi-iit.local/other_ws_home/unitree_ros2_dls/ros2_ws/install/dls2_interface/share/colcon-core/packages/dls2_interface)
[0.569s] [34mcolcon.colcon_ros.task.ament_cmake.build[0m [1;30mINFO[0m Building ROS package in '/home/gturrisi-iit.local/other_ws_home/unitree_ros2_dls/ros2_ws/src/quadruped_hal' with build type 'ament_cmake'
[0.569s] [34mcolcon.colcon_cmake.task.cmake.build[0m [1;30mINFO[0m Building CMake package in '/home/gturrisi-iit.local/other_ws_home/unitree_ros2_dls/ros2_ws/src/quadruped_hal'
[0.569s] [34mcolcon.colcon_core.shell[0m [1;30mINFO[0m Skip shell extension 'powershell' for command environment: Not usable outside of PowerShell
[0.569s] [34mcolcon.colcon_core.shell[0m [1;30mDEBUG[0m [32mSkip shell extension 'dsv' for command environment[0m
[0.578s] [34mcolcon.colcon_core.event_handler.log_command[0m [1;30mDEBUG[0m [32mInvoking command in '/home/gturrisi-iit.local/other_ws_home/unitree_ros2_dls/ros2_ws/build/quadruped_hal': CMAKE_PREFIX_PATH=/home/gturrisi-iit.local/other_ws_home/unitree_ros2_dls/ros2_ws/install/dls2_interface:/home/gturrisi-iit.local/other_ws_home/unitree_ros2_dls/ros2_ws/install/quadruped_hal:/home/gturrisi-iit.local/other_ws_home/unitree_ros2_dls/unitree_ros2/cyclonedds_ws/install/unitree_hg:/home/gturrisi-iit.local/other_ws_home/unitree_ros2_dls/unitree_ros2/cyclonedds_ws/install/unitree_go:/home/gturrisi-iit.local/other_ws_home/unitree_ros2_dls/unitree_ros2/cyclonedds_ws/install/unitree_api:/home/gturrisi-iit.local/miniforge3/envs/basic_locomotion_dls_isaaclab_ros2_env:/home/gturrisi-iit.local/miniforge3/envs/basic_locomotion_dls_isaaclab_ros2_env/x86_64-conda-linux-gnu/sysroot/usr CONDA_PROMPT_MODIFIER=(basic_locomotion_dls_isaaclab_ros2_env) DEBUGINFOD_URLS=https://debuginfod.ubuntu.com /home/gturrisi-iit.local/miniforge3/envs/basic_locomotion_dls_isaaclab_ros2_env/bin/cmake --build /home/gturrisi-iit.local/other_ws_home/unitree_ros2_dls/ros2_ws/build/quadruped_hal -- -j16 -l16[0m
[13.068s] [34mcolcon.colcon_core.event_handler.log_command[0m [1;30mDEBUG[0m [32mInvoked command in '/home/gturrisi-iit.local/other_ws_home/unitree_ros2_dls/ros2_ws/build/quadruped_hal' returned '0': CMAKE_PREFIX_PATH=/home/gturrisi-iit.local/other_ws_home/unitree_ros2_dls/ros2_ws/install/dls2_interface:/home/gturrisi-iit.local/other_ws_home/unitree_ros2_dls/ros2_ws/install/quadruped_hal:/home/gturrisi-iit.local/other_ws_home/unitree_ros2_dls/unitree_ros2/cyclonedds_ws/install/unitree_hg:/home/gturrisi-iit.local/other_ws_home/unitree_ros2_dls/unitree_ros2/cyclonedds_ws/install/unitree_go:/home/gturrisi-iit.local/other_ws_home/unitree_ros2_dls/unitree_ros2/cyclonedds_ws/install/unitree_api:/home/gturrisi-iit.local/miniforge3/envs/basic_locomotion_dls_isaaclab_ros2_env:/home/gturrisi-iit.local/miniforge3/envs/basic_locomotion_dls_isaaclab_ros2_env/x86_64-conda-linux-gnu/sysroot/usr CONDA_PROMPT_MODIFIER=(basic_locomotion_dls_isaaclab_ros2_env) DEBUGINFOD_URLS=https://debuginfod.ubuntu.com /home/gturrisi-iit.local/miniforge3/envs/basic_locomotion_dls_isaaclab_ros2_env/bin/cmake --build /home/gturrisi-iit.local/other_ws_home/unitree_ros2_dls/ros2_ws/build/quadruped_hal -- -j16 -l16[0m
[13.069s] [34mcolcon.colcon_core.event_handler.log_command[0m [1;30mDEBUG[0m [32mInvoking command in '/home/gturrisi-iit.local/other_ws_home/unitree_ros2_dls/ros2_ws/build/quadruped_hal': CMAKE_PREFIX_PATH=/home/gturrisi-iit.local/other_ws_home/unitree_ros2_dls/ros2_ws/install/dls2_interface:/home/gturrisi-iit.local/other_ws_home/unitree_ros2_dls/ros2_ws/install/quadruped_hal:/home/gturrisi-iit.local/other_ws_home/unitree_ros2_dls/unitree_ros2/cyclonedds_ws/install/unitree_hg:/home/gturrisi-iit.local/other_ws_home/unitree_ros2_dls/unitree_ros2/cyclonedds_ws/install/unitree_go:/home/gturrisi-iit.local/other_ws_home/unitree_ros2_dls/unitree_ros2/cyclonedds_ws/install/unitree_api:/home/gturrisi-iit.local/miniforge3/envs/basic_locomotion_dls_isaaclab_ros2_env:/home/gturrisi-iit.local/miniforge3/envs/basic_locomotion_dls_isaaclab_ros2_env/x86_64-conda-linux-gnu/sysroot/usr CONDA_PROMPT_MODIFIER=(basic_locomotion_dls_isaaclab_ros2_env) DEBUGINFOD_URLS=https://debuginfod.ubuntu.com /home/gturrisi-iit.local/miniforge3/envs/basic_locomotion_dls_isaaclab_ros2_env/bin/cmake --install /home/gturrisi-iit.local/other_ws_home/unitree_ros2_dls/ros2_ws/build/quadruped_hal[0m
[13.075s] [34mcolcon.colcon_core.environment[0m [1;30mLevel 1[0m create_environment_scripts_only(quadruped_hal)
[13.075s] [34mcolcon.colcon_core.environment[0m [1;30mLevel 1[0m checking '/home/gturrisi-iit.local/other_ws_home/unitree_ros2_dls/ros2_ws/install/quadruped_hal' for CMake module files
[13.075s] [34mcolcon.colcon_core.event_handler.log_command[0m [1;30mDEBUG[0m [32mInvoked command in '/home/gturrisi-iit.local/other_ws_home/unitree_ros2_dls/ros2_ws/build/quadruped_hal' returned '0': CMAKE_PREFIX_PATH=/home/gturrisi-iit.local/other_ws_home/unitree_ros2_dls/ros2_ws/install/dls2_interface:/home/gturrisi-iit.local/other_ws_home/unitree_ros2_dls/ros2_ws/install/quadruped_hal:/home/gturrisi-iit.local/other_ws_home/unitree_ros2_dls/unitree_ros2/cyclonedds_ws/install/unitree_hg:/home/gturrisi-iit.local/other_ws_home/unitree_ros2_dls/unitree_ros2/cyclonedds_ws/install/unitree_go:/home/gturrisi-iit.local/other_ws_home/unitree_ros2_dls/unitree_ros2/cyclonedds_ws/install/unitree_api:/home/gturrisi-iit.local/miniforge3/envs/basic_locomotion_dls_isaaclab_ros2_env:/home/gturrisi-iit.local/miniforge3/envs/basic_locomotion_dls_isaaclab_ros2_env/x86_64-conda-linux-gnu/sysroot/usr CONDA_PROMPT_MODIFIER=(basic_locomotion_dls_isaaclab_ros2_env) DEBUGINFOD_URLS=https://debuginfod.ubuntu.com /home/gturrisi-iit.local/miniforge3/envs/basic_locomotion_dls_isaaclab_ros2_env/bin/cmake --install /home/gturrisi-iit.local/other_ws_home/unitree_ros2_dls/ros2_ws/build/quadruped_hal[0m
[13.075s] [34mcolcon.colcon_core.environment[0m [1;30mLevel 1[0m checking '/home/gturrisi-iit.local/other_ws_home/unitree_ros2_dls/ros2_ws/install/quadruped_hal' for CMake config files
[13.075s] [34mcolcon.colcon_core.shell[0m [1;30mLevel 1[0m create_environment_hook('quadruped_hal', 'cmake_prefix_path')
[13.076s] [34mcolcon.colcon_core.shell[0m [1;30mINFO[0m Creating environment hook '/home/gturrisi-iit.local/other_ws_home/unitree_ros2_dls/ros2_ws/install/quadruped_hal/share/quadruped_hal/hook/cmake_prefix_path.ps1'
[13.076s] [34mcolcon.colcon_core.shell[0m [1;30mINFO[0m Creating environment descriptor '/home/gturrisi-iit.local/other_ws_home/unitree_ros2_dls/ros2_ws/install/quadruped_hal/share/quadruped_hal/hook/cmake_prefix_path.dsv'
[13.076s] [34mcolcon.colcon_core.shell[0m [1;30mINFO[0m Creating environment hook '/home/gturrisi-iit.local/other_ws_home/unitree_ros2_dls/ros2_ws/install/quadruped_hal/share/quadruped_hal/hook/cmake_prefix_path.sh'
[13.076s] [34mcolcon.colcon_core.environment[0m [1;30mLevel 1[0m checking '/home/gturrisi-iit.local/other_ws_home/unitree_ros2_dls/ros2_ws/install/quadruped_hal/bin'
[13.076s] [34mcolcon.colcon_core.shell[0m [1;30mLevel 1[0m create_environment_hook('quadruped_hal', 'path')
[13.076s] [34mcolcon.colcon_core.shell[0m [1;30mINFO[0m Creating environment hook '/home/gturrisi-iit.local/other_ws_home/unitree_ros2_dls/ros2_ws/install/quadruped_hal/share/quadruped_hal/hook/path.ps1'
[13.076s] [34mcolcon.colcon_core.shell[0m [1;30mINFO[0m Creating environment descriptor '/home/gturrisi-iit.local/other_ws_home/unitree_ros2_dls/ros2_ws/install/quadruped_hal/share/quadruped_hal/hook/path.dsv'
[13.077s] [34mcolcon.colcon_core.shell[0m [1;30mINFO[0m Creating environment hook '/home/gturrisi-iit.local/other_ws_home/unitree_ros2_dls/ros2_ws/install/quadruped_hal/share/quadruped_hal/hook/path.sh'
[13.077s] [34mcolcon.colcon_core.environment[0m [1;30mLevel 1[0m checking '/home/gturrisi-iit.local/other_ws_home/unitree_ros2_dls/ros2_ws/install/quadruped_hal/lib/pkgconfig/quadruped_hal.pc'
[13.077s] [34mcolcon.colcon_core.environment[0m [1;30mLevel 1[0m checking '/home/gturrisi-iit.local/other_ws_home/unitree_ros2_dls/ros2_ws/install/quadruped_hal/lib/python3.11/site-packages'
[13.077s] [34mcolcon.colcon_core.environment[0m [1;30mLevel 1[0m checking '/home/gturrisi-iit.local/other_ws_home/unitree_ros2_dls/ros2_ws/install/quadruped_hal/bin'
[13.077s] [34mcolcon.colcon_core.shell[0m [1;30mLevel 1[0m create_environment_hook('quadruped_hal', 'pythonscriptspath')
[13.077s] [34mcolcon.colcon_core.shell[0m [1;30mINFO[0m Creating environment hook '/home/gturrisi-iit.local/other_ws_home/unitree_ros2_dls/ros2_ws/install/quadruped_hal/share/quadruped_hal/hook/pythonscriptspath.ps1'
[13.077s] [34mcolcon.colcon_core.shell[0m [1;30mINFO[0m Creating environment descriptor '/home/gturrisi-iit.local/other_ws_home/unitree_ros2_dls/ros2_ws/install/quadruped_hal/share/quadruped_hal/hook/pythonscriptspath.dsv'
[13.077s] [34mcolcon.colcon_core.shell[0m [1;30mINFO[0m Creating environment hook '/home/gturrisi-iit.local/other_ws_home/unitree_ros2_dls/ros2_ws/install/quadruped_hal/share/quadruped_hal/hook/pythonscriptspath.sh'
[13.077s] [34mcolcon.colcon_core.shell[0m [1;30mINFO[0m Creating package script '/home/gturrisi-iit.local/other_ws_home/unitree_ros2_dls/ros2_ws/install/quadruped_hal/share/quadruped_hal/package.ps1'
[13.078s] [34mcolcon.colcon_core.shell[0m [1;30mINFO[0m Creating package descriptor '/home/gturrisi-iit.local/other_ws_home/unitree_ros2_dls/ros2_ws/install/quadruped_hal/share/quadruped_hal/package.dsv'
[13.078s] [34mcolcon.colcon_core.shell[0m [1;30mINFO[0m Creating package script '/home/gturrisi-iit.local/other_ws_home/unitree_ros2_dls/ros2_ws/install/quadruped_hal/share/quadruped_hal/package.sh'
[13.078s] [34mcolcon.colcon_core.shell[0m [1;30mINFO[0m Creating package script '/home/gturrisi-iit.local/other_ws_home/unitree_ros2_dls/ros2_ws/install/quadruped_hal/share/quadruped_hal/package.bash'
[13.078s] [34mcolcon.colcon_core.shell[0m [1;30mINFO[0m Creating package script '/home/gturrisi-iit.local/other_ws_home/unitree_ros2_dls/ros2_ws/install/quadruped_hal/share/quadruped_hal/package.zsh'
[13.078s] [34mcolcon.colcon_core.environment[0m [1;30mLevel 1[0m create_file_with_runtime_dependencies(/home/gturrisi-iit.local/other_ws_home/unitree_ros2_dls/ros2_ws/install/quadruped_hal/share/colcon-core/packages/quadruped_hal)
[13.078s] [34mcolcon.colcon_core.environment[0m [1;30mLevel 1[0m create_environment_scripts_only(quadruped_hal)
[13.079s] [34mcolcon.colcon_core.environment[0m [1;30mLevel 1[0m checking '/home/gturrisi-iit.local/other_ws_home/unitree_ros2_dls/ros2_ws/install/quadruped_hal' for CMake module files
[13.079s] [34mcolcon.colcon_core.environment[0m [1;30mLevel 1[0m checking '/home/gturrisi-iit.local/other_ws_home/unitree_ros2_dls/ros2_ws/install/quadruped_hal' for CMake config files
[13.079s] [34mcolcon.colcon_core.shell[0m [1;30mLevel 1[0m create_environment_hook('quadruped_hal', 'cmake_prefix_path')
[13.079s] [34mcolcon.colcon_core.shell[0m [1;30mINFO[0m Creating environment hook '/home/gturrisi-iit.local/other_ws_home/unitree_ros2_dls/ros2_ws/install/quadruped_hal/share/quadruped_hal/hook/cmake_prefix_path.ps1'
[13.079s] [34mcolcon.colcon_core.shell[0m [1;30mINFO[0m Creating environment descriptor '/home/gturrisi-iit.local/other_ws_home/unitree_ros2_dls/ros2_ws/install/quadruped_hal/share/quadruped_hal/hook/cmake_prefix_path.dsv'
[13.079s] [34mcolcon.colcon_core.shell[0m [1;30mINFO[0m Creating environment hook '/home/gturrisi-iit.local/other_ws_home/unitree_ros2_dls/ros2_ws/install/quadruped_hal/share/quadruped_hal/hook/cmake_prefix_path.sh'
[13.079s] [34mcolcon.colcon_core.environment[0m [1;30mLevel 1[0m checking '/home/gturrisi-iit.local/other_ws_home/unitree_ros2_dls/ros2_ws/install/quadruped_hal/bin'
[13.079s] [34mcolcon.colcon_core.shell[0m [1;30mLevel 1[0m create_environment_hook('quadruped_hal', 'path')
[13.079s] [34mcolcon.colcon_core.shell[0m [1;30mINFO[0m Creating environment hook '/home/gturrisi-iit.local/other_ws_home/unitree_ros2_dls/ros2_ws/install/quadruped_hal/share/quadruped_hal/hook/path.ps1'
[13.079s] [34mcolcon.colcon_core.shell[0m [1;30mINFO[0m Creating environment descriptor '/home/gturrisi-iit.local/other_ws_home/unitree_ros2_dls/ros2_ws/install/quadruped_hal/share/quadruped_hal/hook/path.dsv'
[13.080s] [34mcolcon.colcon_core.shell[0m [1;30mINFO[0m Creating environment hook '/home/gturrisi-iit.local/other_ws_home/unitree_ros2_dls/ros2_ws/install/quadruped_hal/share/quadruped_hal/hook/path.sh'
[13.080s] [34mcolcon.colcon_core.environment[0m [1;30mLevel 1[0m checking '/home/gturrisi-iit.local/other_ws_home/unitree_ros2_dls/ros2_ws/install/quadruped_hal/lib/pkgconfig/quadruped_hal.pc'
[13.080s] [34mcolcon.colcon_core.environment[0m [1;30mLevel 1[0m checking '/home/gturrisi-iit.local/other_ws_home/unitree_ros2_dls/ros2_ws/install/quadruped_hal/lib/python3.11/site-packages'
[13.080s] [34mcolcon.colcon_core.environment[0m [1;30mLevel 1[0m checking '/home/gturrisi-iit.local/other_ws_home/unitree_ros2_dls/ros2_ws/install/quadruped_hal/bin'
[13.080s] [34mcolcon.colcon_core.shell[0m [1;30mLevel 1[0m create_environment_hook('quadruped_hal', 'pythonscriptspath')
[13.080s] [34mcolcon.colcon_core.shell[0m [1;30mINFO[0m Creating environment hook '/home/gturrisi-iit.local/other_ws_home/unitree_ros2_dls/ros2_ws/install/quadruped_hal/share/quadruped_hal/hook/pythonscriptspath.ps1'
[13.080s] [34mcolcon.colcon_core.shell[0m [1;30mINFO[0m Creating environment descriptor '/home/gturrisi-iit.local/other_ws_home/unitree_ros2_dls/ros2_ws/install/quadruped_hal/share/quadruped_hal/hook/pythonscriptspath.dsv'
[13.080s] [34mcolcon.colcon_core.shell[0m [1;30mINFO[0m Creating environment hook '/home/gturrisi-iit.local/other_ws_home/unitree_ros2_dls/ros2_ws/install/quadruped_hal/share/quadruped_hal/hook/pythonscriptspath.sh'
[13.080s] [34mcolcon.colcon_core.shell[0m [1;30mINFO[0m Creating package script '/home/gturrisi-iit.local/other_ws_home/unitree_ros2_dls/ros2_ws/install/quadruped_hal/share/quadruped_hal/package.ps1'
[13.081s] [34mcolcon.colcon_core.shell[0m [1;30mINFO[0m Creating package descriptor '/home/gturrisi-iit.local/other_ws_home/unitree_ros2_dls/ros2_ws/install/quadruped_hal/share/quadruped_hal/package.dsv'
[13.081s] [34mcolcon.colcon_core.shell[0m [1;30mINFO[0m Creating package script '/home/gturrisi-iit.local/other_ws_home/unitree_ros2_dls/ros2_ws/install/quadruped_hal/share/quadruped_hal/package.sh'
[13.081s] [34mcolcon.colcon_core.shell[0m [1;30mINFO[0m Creating package script '/home/gturrisi-iit.local/other_ws_home/unitree_ros2_dls/ros2_ws/install/quadruped_hal/share/quadruped_hal/package.bash'
[13.081s] [34mcolcon.colcon_core.shell[0m [1;30mINFO[0m Creating package script '/home/gturrisi-iit.local/other_ws_home/unitree_ros2_dls/ros2_ws/install/quadruped_hal/share/quadruped_hal/package.zsh'
[13.081s] [34mcolcon.colcon_core.environment[0m [1;30mLevel 1[0m create_file_with_runtime_dependencies(/home/gturrisi-iit.local/other_ws_home/unitree_ros2_dls/ros2_ws/install/quadruped_hal/share/colcon-core/packages/quadruped_hal)
[13.081s] [34mcolcon.colcon_parallel_executor.executor.parallel[0m [1;30mDEBUG[0m [32mclosing loop[0m
[13.082s] [34mcolcon.colcon_parallel_executor.executor.parallel[0m [1;30mDEBUG[0m [32mloop closed[0m
[13.082s] [34mcolcon.colcon_parallel_executor.executor.parallel[0m [1;30mDEBUG[0m [32mrun_until_complete finished with '0'[0m
[13.082s] [34mcolcon.colcon_core.event_reactor[0m [1;30mDEBUG[0m [32mjoining thread[0m
[13.082s] [34mcolcon.colcon_core.event_reactor[0m [1;30mDEBUG[0m [32mjoined thread[0m
[13.082s] [34mcolcon.colcon_core.shell[0m [1;30mINFO[0m Creating prefix script '/home/gturrisi-iit.local/other_ws_home/unitree_ros2_dls/ros2_ws/install/local_setup.ps1'
[13.082s] [34mcolcon.colcon_core.shell[0m [1;30mINFO[0m Creating prefix util module '/home/gturrisi-iit.local/other_ws_home/unitree_ros2_dls/ros2_ws/install/_local_setup_util_ps1.py'
[13.083s] [34mcolcon.colcon_core.shell[0m [1;30mINFO[0m Creating prefix chain script '/home/gturrisi-iit.local/other_ws_home/unitree_ros2_dls/ros2_ws/install/setup.ps1'
[13.084s] [34mcolcon.colcon_core.shell[0m [1;30mINFO[0m Creating prefix script '/home/gturrisi-iit.local/other_ws_home/unitree_ros2_dls/ros2_ws/install/local_setup.sh'
[13.084s] [34mcolcon.colcon_core.shell[0m [1;30mINFO[0m Creating prefix util module '/home/gturrisi-iit.local/other_ws_home/unitree_ros2_dls/ros2_ws/install/_local_setup_util_sh.py'
[13.084s] [34mcolcon.colcon_core.shell[0m [1;30mINFO[0m Creating prefix chain script '/home/gturrisi-iit.local/other_ws_home/unitree_ros2_dls/ros2_ws/install/setup.sh'
[13.085s] [34mcolcon.colcon_core.shell[0m [1;30mINFO[0m Creating prefix script '/home/gturrisi-iit.local/other_ws_home/unitree_ros2_dls/ros2_ws/install/local_setup.bash'
[13.085s] [34mcolcon.colcon_core.shell[0m [1;30mINFO[0m Creating prefix chain script '/home/gturrisi-iit.local/other_ws_home/unitree_ros2_dls/ros2_ws/install/setup.bash'
[13.086s] [34mcolcon.colcon_core.shell[0m [1;30mINFO[0m Creating prefix script '/home/gturrisi-iit.local/other_ws_home/unitree_ros2_dls/ros2_ws/install/local_setup.zsh'
[13.087s] [34mcolcon.colcon_core.shell[0m [1;30mINFO[0m Creating prefix chain script '/home/gturrisi-iit.local/other_ws_home/unitree_ros2_dls/ros2_ws/install/setup.zsh'
