[  0%] Built target dls2_interface__cpp
[  0%] Built target ament_cmake_python_copy_dls2_interface
[ 12%] Built target dls2_interface__rosidl_generator_c
[ 24%] Built target dls2_interface__rosidl_typesupport_c
[ 36%] Built target dls2_interface__rosidl_typesupport_introspection_cpp
[ 48%] Built target dls2_interface__rosidl_typesupport_introspection_c
[ 60%] Built target dls2_interface__rosidl_typesupport_cpp
[ 71%] Built target dls2_interface__rosidl_typesupport_fastrtps_cpp
[ 83%] Built target dls2_interface__rosidl_typesupport_fastrtps_c
[ 83%] Built target dls2_interface
[ 84%] Built target dls2_interface__py
[ 95%] Built target dls2_interface__rosidl_generator_py
[ 97%] Built target dls2_interface__rosidl_typesupport_fastrtps_c__pyext
[ 99%] Built target dls2_interface__rosidl_typesupport_introspection_c__pyext
[100%] Built target dls2_interface__rosidl_typesupport_c__pyext
running egg_info
writing dls2_interface.egg-info/PKG-INFO
writing dependency_links to dls2_interface.egg-info/dependency_links.txt
writing top-level names to dls2_interface.egg-info/top_level.txt
reading manifest file 'dls2_interface.egg-info/SOURCES.txt'
writing manifest file 'dls2_interface.egg-info/SOURCES.txt'
[100%] Built target ament_cmake_python_build_dls2_interface_egg
-- Install configuration: ""
-- Up-to-date: /home/gturrisi-iit.local/other_ws_home/unitree_ros2_dls/ros2_ws/install/dls2_interface/share/ament_index/resource_index/rosidl_interfaces/dls2_interface
-- Up-to-date: /home/gturrisi-iit.local/other_ws_home/unitree_ros2_dls/ros2_ws/install/dls2_interface/include/dls2_interface/dls2_interface
-- Up-to-date: /home/gturrisi-iit.local/other_ws_home/unitree_ros2_dls/ros2_ws/install/dls2_interface/include/dls2_interface/dls2_interface/msg
-- Up-to-date: /home/gturrisi-iit.local/other_ws_home/unitree_ros2_dls/ros2_ws/install/dls2_interface/include/dls2_interface/dls2_interface/msg/arm_state.h
-- Up-to-date: /home/gturrisi-iit.local/other_ws_home/unitree_ros2_dls/ros2_ws/install/dls2_interface/include/dls2_interface/dls2_interface/msg/arm_trajectory_generator.h
-- Up-to-date: /home/gturrisi-iit.local/other_ws_home/unitree_ros2_dls/ros2_ws/install/dls2_interface/include/dls2_interface/dls2_interface/msg/feet_contact_state.h
-- Up-to-date: /home/gturrisi-iit.local/other_ws_home/unitree_ros2_dls/ros2_ws/install/dls2_interface/include/dls2_interface/dls2_interface/msg/detail
-- Up-to-date: /home/gturrisi-iit.local/other_ws_home/unitree_ros2_dls/ros2_ws/install/dls2_interface/include/dls2_interface/dls2_interface/msg/detail/trajectory_generator__type_support.h
-- Up-to-date: /home/gturrisi-iit.local/other_ws_home/unitree_ros2_dls/ros2_ws/install/dls2_interface/include/dls2_interface/dls2_interface/msg/detail/arm_state__functions.h
-- Up-to-date: /home/gturrisi-iit.local/other_ws_home/unitree_ros2_dls/ros2_ws/install/dls2_interface/include/dls2_interface/dls2_interface/msg/detail/screw__functions.c
-- Up-to-date: /home/gturrisi-iit.local/other_ws_home/unitree_ros2_dls/ros2_ws/install/dls2_interface/include/dls2_interface/dls2_interface/msg/detail/blind_state__type_support.h
-- Up-to-date: /home/gturrisi-iit.local/other_ws_home/unitree_ros2_dls/ros2_ws/install/dls2_interface/include/dls2_interface/dls2_interface/msg/detail/control_signal__struct.h
-- Up-to-date: /home/gturrisi-iit.local/other_ws_home/unitree_ros2_dls/ros2_ws/install/dls2_interface/include/dls2_interface/dls2_interface/msg/detail/control_signal__functions.h
-- Up-to-date: /home/gturrisi-iit.local/other_ws_home/unitree_ros2_dls/ros2_ws/install/dls2_interface/include/dls2_interface/dls2_interface/msg/detail/arm_control_signal__struct.h
-- Up-to-date: /home/gturrisi-iit.local/other_ws_home/unitree_ros2_dls/ros2_ws/install/dls2_interface/include/dls2_interface/dls2_interface/msg/detail/arm_state__type_support.h
-- Up-to-date: /home/gturrisi-iit.local/other_ws_home/unitree_ros2_dls/ros2_ws/install/dls2_interface/include/dls2_interface/dls2_interface/msg/detail/arm_trajectory_generator__functions.c
-- Up-to-date: /home/gturrisi-iit.local/other_ws_home/unitree_ros2_dls/ros2_ws/install/dls2_interface/include/dls2_interface/dls2_interface/msg/detail/pose__struct.h
-- Up-to-date: /home/gturrisi-iit.local/other_ws_home/unitree_ros2_dls/ros2_ws/install/dls2_interface/include/dls2_interface/dls2_interface/msg/detail/imu__type_support.h
-- Up-to-date: /home/gturrisi-iit.local/other_ws_home/unitree_ros2_dls/ros2_ws/install/dls2_interface/include/dls2_interface/dls2_interface/msg/detail/arm_state__functions.c
-- Up-to-date: /home/gturrisi-iit.local/other_ws_home/unitree_ros2_dls/ros2_ws/install/dls2_interface/include/dls2_interface/dls2_interface/msg/detail/trajectory_generator__functions.c
-- Up-to-date: /home/gturrisi-iit.local/other_ws_home/unitree_ros2_dls/ros2_ws/install/dls2_interface/include/dls2_interface/dls2_interface/msg/detail/feet_contact_state__type_support.h
-- Up-to-date: /home/gturrisi-iit.local/other_ws_home/unitree_ros2_dls/ros2_ws/install/dls2_interface/include/dls2_interface/dls2_interface/msg/detail/control_signal__type_support.h
-- Up-to-date: /home/gturrisi-iit.local/other_ws_home/unitree_ros2_dls/ros2_ws/install/dls2_interface/include/dls2_interface/dls2_interface/msg/detail/arm_trajectory_generator__functions.h
-- Up-to-date: /home/gturrisi-iit.local/other_ws_home/unitree_ros2_dls/ros2_ws/install/dls2_interface/include/dls2_interface/dls2_interface/msg/detail/base_state__struct.h
-- Up-to-date: /home/gturrisi-iit.local/other_ws_home/unitree_ros2_dls/ros2_ws/install/dls2_interface/include/dls2_interface/dls2_interface/msg/detail/blind_state__functions.c
-- Up-to-date: /home/gturrisi-iit.local/other_ws_home/unitree_ros2_dls/ros2_ws/install/dls2_interface/include/dls2_interface/dls2_interface/msg/detail/arm_control_signal__functions.h
-- Up-to-date: /home/gturrisi-iit.local/other_ws_home/unitree_ros2_dls/ros2_ws/install/dls2_interface/include/dls2_interface/dls2_interface/msg/detail/screw__struct.h
-- Up-to-date: /home/gturrisi-iit.local/other_ws_home/unitree_ros2_dls/ros2_ws/install/dls2_interface/include/dls2_interface/dls2_interface/msg/detail/feet_contact_state__struct.h
-- Up-to-date: /home/gturrisi-iit.local/other_ws_home/unitree_ros2_dls/ros2_ws/install/dls2_interface/include/dls2_interface/dls2_interface/msg/detail/arm_control_signal__functions.c
-- Up-to-date: /home/gturrisi-iit.local/other_ws_home/unitree_ros2_dls/ros2_ws/install/dls2_interface/include/dls2_interface/dls2_interface/msg/detail/arm_trajectory_generator__type_support.h
-- Up-to-date: /home/gturrisi-iit.local/other_ws_home/unitree_ros2_dls/ros2_ws/install/dls2_interface/include/dls2_interface/dls2_interface/msg/detail/trajectory_generator__functions.h
-- Up-to-date: /home/gturrisi-iit.local/other_ws_home/unitree_ros2_dls/ros2_ws/install/dls2_interface/include/dls2_interface/dls2_interface/msg/detail/blind_state__struct.h
-- Up-to-date: /home/gturrisi-iit.local/other_ws_home/unitree_ros2_dls/ros2_ws/install/dls2_interface/include/dls2_interface/dls2_interface/msg/detail/control_signal__functions.c
-- Up-to-date: /home/gturrisi-iit.local/other_ws_home/unitree_ros2_dls/ros2_ws/install/dls2_interface/include/dls2_interface/dls2_interface/msg/detail/feet_contact_state__functions.h
-- Up-to-date: /home/gturrisi-iit.local/other_ws_home/unitree_ros2_dls/ros2_ws/install/dls2_interface/include/dls2_interface/dls2_interface/msg/detail/blind_state__functions.h
-- Up-to-date: /home/gturrisi-iit.local/other_ws_home/unitree_ros2_dls/ros2_ws/install/dls2_interface/include/dls2_interface/dls2_interface/msg/detail/base_state__functions.h
-- Up-to-date: /home/gturrisi-iit.local/other_ws_home/unitree_ros2_dls/ros2_ws/install/dls2_interface/include/dls2_interface/dls2_interface/msg/detail/pose__type_support.h
-- Up-to-date: /home/gturrisi-iit.local/other_ws_home/unitree_ros2_dls/ros2_ws/install/dls2_interface/include/dls2_interface/dls2_interface/msg/detail/base_state__type_support.h
-- Up-to-date: /home/gturrisi-iit.local/other_ws_home/unitree_ros2_dls/ros2_ws/install/dls2_interface/include/dls2_interface/dls2_interface/msg/detail/arm_state__struct.h
-- Up-to-date: /home/gturrisi-iit.local/other_ws_home/unitree_ros2_dls/ros2_ws/install/dls2_interface/include/dls2_interface/dls2_interface/msg/detail/screw__functions.h
-- Up-to-date: /home/gturrisi-iit.local/other_ws_home/unitree_ros2_dls/ros2_ws/install/dls2_interface/include/dls2_interface/dls2_interface/msg/detail/arm_trajectory_generator__struct.h
-- Up-to-date: /home/gturrisi-iit.local/other_ws_home/unitree_ros2_dls/ros2_ws/install/dls2_interface/include/dls2_interface/dls2_interface/msg/detail/pose__functions.c
-- Up-to-date: /home/gturrisi-iit.local/other_ws_home/unitree_ros2_dls/ros2_ws/install/dls2_interface/include/dls2_interface/dls2_interface/msg/detail/trajectory_generator__struct.h
-- Up-to-date: /home/gturrisi-iit.local/other_ws_home/unitree_ros2_dls/ros2_ws/install/dls2_interface/include/dls2_interface/dls2_interface/msg/detail/imu__struct.h
-- Up-to-date: /home/gturrisi-iit.local/other_ws_home/unitree_ros2_dls/ros2_ws/install/dls2_interface/include/dls2_interface/dls2_interface/msg/detail/imu__functions.c
-- Up-to-date: /home/gturrisi-iit.local/other_ws_home/unitree_ros2_dls/ros2_ws/install/dls2_interface/include/dls2_interface/dls2_interface/msg/detail/base_state__functions.c
-- Up-to-date: /home/gturrisi-iit.local/other_ws_home/unitree_ros2_dls/ros2_ws/install/dls2_interface/include/dls2_interface/dls2_interface/msg/detail/pose__functions.h
-- Up-to-date: /home/gturrisi-iit.local/other_ws_home/unitree_ros2_dls/ros2_ws/install/dls2_interface/include/dls2_interface/dls2_interface/msg/detail/arm_control_signal__type_support.h
-- Up-to-date: /home/gturrisi-iit.local/other_ws_home/unitree_ros2_dls/ros2_ws/install/dls2_interface/include/dls2_interface/dls2_interface/msg/detail/imu__functions.h
-- Up-to-date: /home/gturrisi-iit.local/other_ws_home/unitree_ros2_dls/ros2_ws/install/dls2_interface/include/dls2_interface/dls2_interface/msg/detail/feet_contact_state__functions.c
-- Up-to-date: /home/gturrisi-iit.local/other_ws_home/unitree_ros2_dls/ros2_ws/install/dls2_interface/include/dls2_interface/dls2_interface/msg/detail/screw__type_support.h
-- Up-to-date: /home/gturrisi-iit.local/other_ws_home/unitree_ros2_dls/ros2_ws/install/dls2_interface/include/dls2_interface/dls2_interface/msg/base_state.h
-- Up-to-date: /home/gturrisi-iit.local/other_ws_home/unitree_ros2_dls/ros2_ws/install/dls2_interface/include/dls2_interface/dls2_interface/msg/blind_state.h
-- Up-to-date: /home/gturrisi-iit.local/other_ws_home/unitree_ros2_dls/ros2_ws/install/dls2_interface/include/dls2_interface/dls2_interface/msg/arm_control_signal.h
-- Up-to-date: /home/gturrisi-iit.local/other_ws_home/unitree_ros2_dls/ros2_ws/install/dls2_interface/include/dls2_interface/dls2_interface/msg/imu.h
-- Up-to-date: /home/gturrisi-iit.local/other_ws_home/unitree_ros2_dls/ros2_ws/install/dls2_interface/include/dls2_interface/dls2_interface/msg/control_signal.h
-- Up-to-date: /home/gturrisi-iit.local/other_ws_home/unitree_ros2_dls/ros2_ws/install/dls2_interface/include/dls2_interface/dls2_interface/msg/screw.h
-- Up-to-date: /home/gturrisi-iit.local/other_ws_home/unitree_ros2_dls/ros2_ws/install/dls2_interface/include/dls2_interface/dls2_interface/msg/rosidl_generator_c__visibility_control.h
-- Up-to-date: /home/gturrisi-iit.local/other_ws_home/unitree_ros2_dls/ros2_ws/install/dls2_interface/include/dls2_interface/dls2_interface/msg/trajectory_generator.h
-- Up-to-date: /home/gturrisi-iit.local/other_ws_home/unitree_ros2_dls/ros2_ws/install/dls2_interface/include/dls2_interface/dls2_interface/msg/pose.h
-- Installing: /home/gturrisi-iit.local/other_ws_home/unitree_ros2_dls/ros2_ws/install/dls2_interface/lib/libdls2_interface__rosidl_generator_c.so
-- Up-to-date: /home/gturrisi-iit.local/other_ws_home/unitree_ros2_dls/ros2_ws/install/dls2_interface/include/dls2_interface/dls2_interface
-- Up-to-date: /home/gturrisi-iit.local/other_ws_home/unitree_ros2_dls/ros2_ws/install/dls2_interface/include/dls2_interface/dls2_interface/msg
-- Up-to-date: /home/gturrisi-iit.local/other_ws_home/unitree_ros2_dls/ros2_ws/install/dls2_interface/include/dls2_interface/dls2_interface/msg/detail
-- Up-to-date: /home/gturrisi-iit.local/other_ws_home/unitree_ros2_dls/ros2_ws/install/dls2_interface/include/dls2_interface/dls2_interface/msg/detail/blind_state__rosidl_typesupport_fastrtps_c.h
-- Up-to-date: /home/gturrisi-iit.local/other_ws_home/unitree_ros2_dls/ros2_ws/install/dls2_interface/include/dls2_interface/dls2_interface/msg/detail/arm_trajectory_generator__rosidl_typesupport_fastrtps_c.h
-- Up-to-date: /home/gturrisi-iit.local/other_ws_home/unitree_ros2_dls/ros2_ws/install/dls2_interface/include/dls2_interface/dls2_interface/msg/detail/arm_control_signal__rosidl_typesupport_fastrtps_c.h
-- Up-to-date: /home/gturrisi-iit.local/other_ws_home/unitree_ros2_dls/ros2_ws/install/dls2_interface/include/dls2_interface/dls2_interface/msg/detail/arm_state__rosidl_typesupport_fastrtps_c.h
-- Up-to-date: /home/gturrisi-iit.local/other_ws_home/unitree_ros2_dls/ros2_ws/install/dls2_interface/include/dls2_interface/dls2_interface/msg/detail/screw__rosidl_typesupport_fastrtps_c.h
-- Up-to-date: /home/gturrisi-iit.local/other_ws_home/unitree_ros2_dls/ros2_ws/install/dls2_interface/include/dls2_interface/dls2_interface/msg/detail/feet_contact_state__rosidl_typesupport_fastrtps_c.h
-- Up-to-date: /home/gturrisi-iit.local/other_ws_home/unitree_ros2_dls/ros2_ws/install/dls2_interface/include/dls2_interface/dls2_interface/msg/detail/pose__rosidl_typesupport_fastrtps_c.h
-- Up-to-date: /home/gturrisi-iit.local/other_ws_home/unitree_ros2_dls/ros2_ws/install/dls2_interface/include/dls2_interface/dls2_interface/msg/detail/imu__rosidl_typesupport_fastrtps_c.h
-- Up-to-date: /home/gturrisi-iit.local/other_ws_home/unitree_ros2_dls/ros2_ws/install/dls2_interface/include/dls2_interface/dls2_interface/msg/detail/trajectory_generator__rosidl_typesupport_fastrtps_c.h
-- Up-to-date: /home/gturrisi-iit.local/other_ws_home/unitree_ros2_dls/ros2_ws/install/dls2_interface/include/dls2_interface/dls2_interface/msg/detail/base_state__rosidl_typesupport_fastrtps_c.h
-- Up-to-date: /home/gturrisi-iit.local/other_ws_home/unitree_ros2_dls/ros2_ws/install/dls2_interface/include/dls2_interface/dls2_interface/msg/detail/control_signal__rosidl_typesupport_fastrtps_c.h
-- Up-to-date: /home/gturrisi-iit.local/other_ws_home/unitree_ros2_dls/ros2_ws/install/dls2_interface/include/dls2_interface/dls2_interface/msg/rosidl_typesupport_fastrtps_c__visibility_control.h
-- Installing: /home/gturrisi-iit.local/other_ws_home/unitree_ros2_dls/ros2_ws/install/dls2_interface/lib/libdls2_interface__rosidl_typesupport_fastrtps_c.so
-- Set non-toolchain portion of runtime path of "/home/gturrisi-iit.local/other_ws_home/unitree_ros2_dls/ros2_ws/install/dls2_interface/lib/libdls2_interface__rosidl_typesupport_fastrtps_c.so" to ""
-- Up-to-date: /home/gturrisi-iit.local/other_ws_home/unitree_ros2_dls/ros2_ws/install/dls2_interface/include/dls2_interface/dls2_interface
-- Up-to-date: /home/gturrisi-iit.local/other_ws_home/unitree_ros2_dls/ros2_ws/install/dls2_interface/include/dls2_interface/dls2_interface/msg
-- Up-to-date: /home/gturrisi-iit.local/other_ws_home/unitree_ros2_dls/ros2_ws/install/dls2_interface/include/dls2_interface/dls2_interface/msg/detail
-- Up-to-date: /home/gturrisi-iit.local/other_ws_home/unitree_ros2_dls/ros2_ws/install/dls2_interface/include/dls2_interface/dls2_interface/msg/detail/pose__type_support.c
-- Up-to-date: /home/gturrisi-iit.local/other_ws_home/unitree_ros2_dls/ros2_ws/install/dls2_interface/include/dls2_interface/dls2_interface/msg/detail/arm_state__rosidl_typesupport_introspection_c.h
-- Up-to-date: /home/gturrisi-iit.local/other_ws_home/unitree_ros2_dls/ros2_ws/install/dls2_interface/include/dls2_interface/dls2_interface/msg/detail/feet_contact_state__type_support.c
-- Up-to-date: /home/gturrisi-iit.local/other_ws_home/unitree_ros2_dls/ros2_ws/install/dls2_interface/include/dls2_interface/dls2_interface/msg/detail/trajectory_generator__rosidl_typesupport_introspection_c.h
-- Up-to-date: /home/gturrisi-iit.local/other_ws_home/unitree_ros2_dls/ros2_ws/install/dls2_interface/include/dls2_interface/dls2_interface/msg/detail/base_state__rosidl_typesupport_introspection_c.h
-- Up-to-date: /home/gturrisi-iit.local/other_ws_home/unitree_ros2_dls/ros2_ws/install/dls2_interface/include/dls2_interface/dls2_interface/msg/detail/arm_trajectory_generator__type_support.c
-- Up-to-date: /home/gturrisi-iit.local/other_ws_home/unitree_ros2_dls/ros2_ws/install/dls2_interface/include/dls2_interface/dls2_interface/msg/detail/imu__rosidl_typesupport_introspection_c.h
-- Up-to-date: /home/gturrisi-iit.local/other_ws_home/unitree_ros2_dls/ros2_ws/install/dls2_interface/include/dls2_interface/dls2_interface/msg/detail/screw__type_support.c
-- Up-to-date: /home/gturrisi-iit.local/other_ws_home/unitree_ros2_dls/ros2_ws/install/dls2_interface/include/dls2_interface/dls2_interface/msg/detail/arm_trajectory_generator__rosidl_typesupport_introspection_c.h
-- Up-to-date: /home/gturrisi-iit.local/other_ws_home/unitree_ros2_dls/ros2_ws/install/dls2_interface/include/dls2_interface/dls2_interface/msg/detail/blind_state__type_support.c
-- Up-to-date: /home/gturrisi-iit.local/other_ws_home/unitree_ros2_dls/ros2_ws/install/dls2_interface/include/dls2_interface/dls2_interface/msg/detail/base_state__type_support.c
-- Up-to-date: /home/gturrisi-iit.local/other_ws_home/unitree_ros2_dls/ros2_ws/install/dls2_interface/include/dls2_interface/dls2_interface/msg/detail/screw__rosidl_typesupport_introspection_c.h
-- Up-to-date: /home/gturrisi-iit.local/other_ws_home/unitree_ros2_dls/ros2_ws/install/dls2_interface/include/dls2_interface/dls2_interface/msg/detail/control_signal__rosidl_typesupport_introspection_c.h
-- Up-to-date: /home/gturrisi-iit.local/other_ws_home/unitree_ros2_dls/ros2_ws/install/dls2_interface/include/dls2_interface/dls2_interface/msg/detail/feet_contact_state__rosidl_typesupport_introspection_c.h
-- Up-to-date: /home/gturrisi-iit.local/other_ws_home/unitree_ros2_dls/ros2_ws/install/dls2_interface/include/dls2_interface/dls2_interface/msg/detail/arm_control_signal__rosidl_typesupport_introspection_c.h
-- Up-to-date: /home/gturrisi-iit.local/other_ws_home/unitree_ros2_dls/ros2_ws/install/dls2_interface/include/dls2_interface/dls2_interface/msg/detail/pose__rosidl_typesupport_introspection_c.h
-- Up-to-date: /home/gturrisi-iit.local/other_ws_home/unitree_ros2_dls/ros2_ws/install/dls2_interface/include/dls2_interface/dls2_interface/msg/detail/arm_control_signal__type_support.c
-- Up-to-date: /home/gturrisi-iit.local/other_ws_home/unitree_ros2_dls/ros2_ws/install/dls2_interface/include/dls2_interface/dls2_interface/msg/detail/blind_state__rosidl_typesupport_introspection_c.h
-- Up-to-date: /home/gturrisi-iit.local/other_ws_home/unitree_ros2_dls/ros2_ws/install/dls2_interface/include/dls2_interface/dls2_interface/msg/detail/trajectory_generator__type_support.c
-- Up-to-date: /home/gturrisi-iit.local/other_ws_home/unitree_ros2_dls/ros2_ws/install/dls2_interface/include/dls2_interface/dls2_interface/msg/detail/control_signal__type_support.c
-- Up-to-date: /home/gturrisi-iit.local/other_ws_home/unitree_ros2_dls/ros2_ws/install/dls2_interface/include/dls2_interface/dls2_interface/msg/detail/imu__type_support.c
-- Up-to-date: /home/gturrisi-iit.local/other_ws_home/unitree_ros2_dls/ros2_ws/install/dls2_interface/include/dls2_interface/dls2_interface/msg/detail/arm_state__type_support.c
-- Up-to-date: /home/gturrisi-iit.local/other_ws_home/unitree_ros2_dls/ros2_ws/install/dls2_interface/include/dls2_interface/dls2_interface/msg/rosidl_typesupport_introspection_c__visibility_control.h
-- Installing: /home/gturrisi-iit.local/other_ws_home/unitree_ros2_dls/ros2_ws/install/dls2_interface/lib/libdls2_interface__rosidl_typesupport_introspection_c.so
-- Set non-toolchain portion of runtime path of "/home/gturrisi-iit.local/other_ws_home/unitree_ros2_dls/ros2_ws/install/dls2_interface/lib/libdls2_interface__rosidl_typesupport_introspection_c.so" to ""
-- Installing: /home/gturrisi-iit.local/other_ws_home/unitree_ros2_dls/ros2_ws/install/dls2_interface/lib/libdls2_interface__rosidl_typesupport_c.so
-- Set non-toolchain portion of runtime path of "/home/gturrisi-iit.local/other_ws_home/unitree_ros2_dls/ros2_ws/install/dls2_interface/lib/libdls2_interface__rosidl_typesupport_c.so" to ""
-- Up-to-date: /home/gturrisi-iit.local/other_ws_home/unitree_ros2_dls/ros2_ws/install/dls2_interface/include/dls2_interface/dls2_interface
-- Up-to-date: /home/gturrisi-iit.local/other_ws_home/unitree_ros2_dls/ros2_ws/install/dls2_interface/include/dls2_interface/dls2_interface/msg
-- Up-to-date: /home/gturrisi-iit.local/other_ws_home/unitree_ros2_dls/ros2_ws/install/dls2_interface/include/dls2_interface/dls2_interface/msg/imu.hpp
-- Up-to-date: /home/gturrisi-iit.local/other_ws_home/unitree_ros2_dls/ros2_ws/install/dls2_interface/include/dls2_interface/dls2_interface/msg/blind_state.hpp
-- Up-to-date: /home/gturrisi-iit.local/other_ws_home/unitree_ros2_dls/ros2_ws/install/dls2_interface/include/dls2_interface/dls2_interface/msg/detail
-- Up-to-date: /home/gturrisi-iit.local/other_ws_home/unitree_ros2_dls/ros2_ws/install/dls2_interface/include/dls2_interface/dls2_interface/msg/detail/imu__traits.hpp
-- Up-to-date: /home/gturrisi-iit.local/other_ws_home/unitree_ros2_dls/ros2_ws/install/dls2_interface/include/dls2_interface/dls2_interface/msg/detail/blind_state__builder.hpp
-- Up-to-date: /home/gturrisi-iit.local/other_ws_home/unitree_ros2_dls/ros2_ws/install/dls2_interface/include/dls2_interface/dls2_interface/msg/detail/screw__traits.hpp
-- Up-to-date: /home/gturrisi-iit.local/other_ws_home/unitree_ros2_dls/ros2_ws/install/dls2_interface/include/dls2_interface/dls2_interface/msg/detail/arm_trajectory_generator__struct.hpp
-- Up-to-date: /home/gturrisi-iit.local/other_ws_home/unitree_ros2_dls/ros2_ws/install/dls2_interface/include/dls2_interface/dls2_interface/msg/detail/feet_contact_state__builder.hpp
-- Up-to-date: /home/gturrisi-iit.local/other_ws_home/unitree_ros2_dls/ros2_ws/install/dls2_interface/include/dls2_interface/dls2_interface/msg/detail/trajectory_generator__struct.hpp
-- Up-to-date: /home/gturrisi-iit.local/other_ws_home/unitree_ros2_dls/ros2_ws/install/dls2_interface/include/dls2_interface/dls2_interface/msg/detail/base_state__type_support.hpp
-- Up-to-date: /home/gturrisi-iit.local/other_ws_home/unitree_ros2_dls/ros2_ws/install/dls2_interface/include/dls2_interface/dls2_interface/msg/detail/control_signal__type_support.hpp
-- Up-to-date: /home/gturrisi-iit.local/other_ws_home/unitree_ros2_dls/ros2_ws/install/dls2_interface/include/dls2_interface/dls2_interface/msg/detail/arm_state__struct.hpp
-- Up-to-date: /home/gturrisi-iit.local/other_ws_home/unitree_ros2_dls/ros2_ws/install/dls2_interface/include/dls2_interface/dls2_interface/msg/detail/arm_control_signal__builder.hpp
-- Up-to-date: /home/gturrisi-iit.local/other_ws_home/unitree_ros2_dls/ros2_ws/install/dls2_interface/include/dls2_interface/dls2_interface/msg/detail/screw__type_support.hpp
-- Up-to-date: /home/gturrisi-iit.local/other_ws_home/unitree_ros2_dls/ros2_ws/install/dls2_interface/include/dls2_interface/dls2_interface/msg/detail/feet_contact_state__type_support.hpp
-- Up-to-date: /home/gturrisi-iit.local/other_ws_home/unitree_ros2_dls/ros2_ws/install/dls2_interface/include/dls2_interface/dls2_interface/msg/detail/pose__builder.hpp
-- Up-to-date: /home/gturrisi-iit.local/other_ws_home/unitree_ros2_dls/ros2_ws/install/dls2_interface/include/dls2_interface/dls2_interface/msg/detail/pose__type_support.hpp
-- Up-to-date: /home/gturrisi-iit.local/other_ws_home/unitree_ros2_dls/ros2_ws/install/dls2_interface/include/dls2_interface/dls2_interface/msg/detail/trajectory_generator__traits.hpp
-- Up-to-date: /home/gturrisi-iit.local/other_ws_home/unitree_ros2_dls/ros2_ws/install/dls2_interface/include/dls2_interface/dls2_interface/msg/detail/arm_control_signal__struct.hpp
-- Up-to-date: /home/gturrisi-iit.local/other_ws_home/unitree_ros2_dls/ros2_ws/install/dls2_interface/include/dls2_interface/dls2_interface/msg/detail/arm_control_signal__traits.hpp
-- Up-to-date: /home/gturrisi-iit.local/other_ws_home/unitree_ros2_dls/ros2_ws/install/dls2_interface/include/dls2_interface/dls2_interface/msg/detail/arm_state__type_support.hpp
-- Up-to-date: /home/gturrisi-iit.local/other_ws_home/unitree_ros2_dls/ros2_ws/install/dls2_interface/include/dls2_interface/dls2_interface/msg/detail/base_state__struct.hpp
-- Up-to-date: /home/gturrisi-iit.local/other_ws_home/unitree_ros2_dls/ros2_ws/install/dls2_interface/include/dls2_interface/dls2_interface/msg/detail/control_signal__builder.hpp
-- Up-to-date: /home/gturrisi-iit.local/other_ws_home/unitree_ros2_dls/ros2_ws/install/dls2_interface/include/dls2_interface/dls2_interface/msg/detail/control_signal__traits.hpp
-- Up-to-date: /home/gturrisi-iit.local/other_ws_home/unitree_ros2_dls/ros2_ws/install/dls2_interface/include/dls2_interface/dls2_interface/msg/detail/base_state__builder.hpp
-- Up-to-date: /home/gturrisi-iit.local/other_ws_home/unitree_ros2_dls/ros2_ws/install/dls2_interface/include/dls2_interface/dls2_interface/msg/detail/blind_state__struct.hpp
-- Up-to-date: /home/gturrisi-iit.local/other_ws_home/unitree_ros2_dls/ros2_ws/install/dls2_interface/include/dls2_interface/dls2_interface/msg/detail/imu__struct.hpp
-- Up-to-date: /home/gturrisi-iit.local/other_ws_home/unitree_ros2_dls/ros2_ws/install/dls2_interface/include/dls2_interface/dls2_interface/msg/detail/trajectory_generator__type_support.hpp
-- Up-to-date: /home/gturrisi-iit.local/other_ws_home/unitree_ros2_dls/ros2_ws/install/dls2_interface/include/dls2_interface/dls2_interface/msg/detail/screw__builder.hpp
-- Up-to-date: /home/gturrisi-iit.local/other_ws_home/unitree_ros2_dls/ros2_ws/install/dls2_interface/include/dls2_interface/dls2_interface/msg/detail/feet_contact_state__struct.hpp
-- Up-to-date: /home/gturrisi-iit.local/other_ws_home/unitree_ros2_dls/ros2_ws/install/dls2_interface/include/dls2_interface/dls2_interface/msg/detail/arm_control_signal__type_support.hpp
-- Up-to-date: /home/gturrisi-iit.local/other_ws_home/unitree_ros2_dls/ros2_ws/install/dls2_interface/include/dls2_interface/dls2_interface/msg/detail/blind_state__traits.hpp
-- Up-to-date: /home/gturrisi-iit.local/other_ws_home/unitree_ros2_dls/ros2_ws/install/dls2_interface/include/dls2_interface/dls2_interface/msg/detail/pose__struct.hpp
-- Up-to-date: /home/gturrisi-iit.local/other_ws_home/unitree_ros2_dls/ros2_ws/install/dls2_interface/include/dls2_interface/dls2_interface/msg/detail/arm_trajectory_generator__traits.hpp
-- Up-to-date: /home/gturrisi-iit.local/other_ws_home/unitree_ros2_dls/ros2_ws/install/dls2_interface/include/dls2_interface/dls2_interface/msg/detail/imu__type_support.hpp
-- Up-to-date: /home/gturrisi-iit.local/other_ws_home/unitree_ros2_dls/ros2_ws/install/dls2_interface/include/dls2_interface/dls2_interface/msg/detail/feet_contact_state__traits.hpp
-- Up-to-date: /home/gturrisi-iit.local/other_ws_home/unitree_ros2_dls/ros2_ws/install/dls2_interface/include/dls2_interface/dls2_interface/msg/detail/blind_state__type_support.hpp
-- Up-to-date: /home/gturrisi-iit.local/other_ws_home/unitree_ros2_dls/ros2_ws/install/dls2_interface/include/dls2_interface/dls2_interface/msg/detail/arm_state__traits.hpp
-- Up-to-date: /home/gturrisi-iit.local/other_ws_home/unitree_ros2_dls/ros2_ws/install/dls2_interface/include/dls2_interface/dls2_interface/msg/detail/pose__traits.hpp
-- Up-to-date: /home/gturrisi-iit.local/other_ws_home/unitree_ros2_dls/ros2_ws/install/dls2_interface/include/dls2_interface/dls2_interface/msg/detail/arm_trajectory_generator__type_support.hpp
-- Up-to-date: /home/gturrisi-iit.local/other_ws_home/unitree_ros2_dls/ros2_ws/install/dls2_interface/include/dls2_interface/dls2_interface/msg/detail/arm_trajectory_generator__builder.hpp
-- Up-to-date: /home/gturrisi-iit.local/other_ws_home/unitree_ros2_dls/ros2_ws/install/dls2_interface/include/dls2_interface/dls2_interface/msg/detail/imu__builder.hpp
-- Up-to-date: /home/gturrisi-iit.local/other_ws_home/unitree_ros2_dls/ros2_ws/install/dls2_interface/include/dls2_interface/dls2_interface/msg/detail/trajectory_generator__builder.hpp
-- Up-to-date: /home/gturrisi-iit.local/other_ws_home/unitree_ros2_dls/ros2_ws/install/dls2_interface/include/dls2_interface/dls2_interface/msg/detail/control_signal__struct.hpp
-- Up-to-date: /home/gturrisi-iit.local/other_ws_home/unitree_ros2_dls/ros2_ws/install/dls2_interface/include/dls2_interface/dls2_interface/msg/detail/arm_state__builder.hpp
-- Up-to-date: /home/gturrisi-iit.local/other_ws_home/unitree_ros2_dls/ros2_ws/install/dls2_interface/include/dls2_interface/dls2_interface/msg/detail/screw__struct.hpp
-- Up-to-date: /home/gturrisi-iit.local/other_ws_home/unitree_ros2_dls/ros2_ws/install/dls2_interface/include/dls2_interface/dls2_interface/msg/detail/base_state__traits.hpp
-- Up-to-date: /home/gturrisi-iit.local/other_ws_home/unitree_ros2_dls/ros2_ws/install/dls2_interface/include/dls2_interface/dls2_interface/msg/rosidl_generator_cpp__visibility_control.hpp
-- Up-to-date: /home/gturrisi-iit.local/other_ws_home/unitree_ros2_dls/ros2_ws/install/dls2_interface/include/dls2_interface/dls2_interface/msg/arm_state.hpp
-- Up-to-date: /home/gturrisi-iit.local/other_ws_home/unitree_ros2_dls/ros2_ws/install/dls2_interface/include/dls2_interface/dls2_interface/msg/feet_contact_state.hpp
-- Up-to-date: /home/gturrisi-iit.local/other_ws_home/unitree_ros2_dls/ros2_ws/install/dls2_interface/include/dls2_interface/dls2_interface/msg/control_signal.hpp
-- Up-to-date: /home/gturrisi-iit.local/other_ws_home/unitree_ros2_dls/ros2_ws/install/dls2_interface/include/dls2_interface/dls2_interface/msg/arm_trajectory_generator.hpp
-- Up-to-date: /home/gturrisi-iit.local/other_ws_home/unitree_ros2_dls/ros2_ws/install/dls2_interface/include/dls2_interface/dls2_interface/msg/screw.hpp
-- Up-to-date: /home/gturrisi-iit.local/other_ws_home/unitree_ros2_dls/ros2_ws/install/dls2_interface/include/dls2_interface/dls2_interface/msg/arm_control_signal.hpp
-- Up-to-date: /home/gturrisi-iit.local/other_ws_home/unitree_ros2_dls/ros2_ws/install/dls2_interface/include/dls2_interface/dls2_interface/msg/pose.hpp
-- Up-to-date: /home/gturrisi-iit.local/other_ws_home/unitree_ros2_dls/ros2_ws/install/dls2_interface/include/dls2_interface/dls2_interface/msg/trajectory_generator.hpp
-- Up-to-date: /home/gturrisi-iit.local/other_ws_home/unitree_ros2_dls/ros2_ws/install/dls2_interface/include/dls2_interface/dls2_interface/msg/base_state.hpp
-- Up-to-date: /home/gturrisi-iit.local/other_ws_home/unitree_ros2_dls/ros2_ws/install/dls2_interface/include/dls2_interface/dls2_interface
-- Up-to-date: /home/gturrisi-iit.local/other_ws_home/unitree_ros2_dls/ros2_ws/install/dls2_interface/include/dls2_interface/dls2_interface/msg
-- Up-to-date: /home/gturrisi-iit.local/other_ws_home/unitree_ros2_dls/ros2_ws/install/dls2_interface/include/dls2_interface/dls2_interface/msg/rosidl_typesupport_fastrtps_cpp__visibility_control.h
-- Up-to-date: /home/gturrisi-iit.local/other_ws_home/unitree_ros2_dls/ros2_ws/install/dls2_interface/include/dls2_interface/dls2_interface/msg/detail
-- Up-to-date: /home/gturrisi-iit.local/other_ws_home/unitree_ros2_dls/ros2_ws/install/dls2_interface/include/dls2_interface/dls2_interface/msg/detail/base_state__rosidl_typesupport_fastrtps_cpp.hpp
-- Up-to-date: /home/gturrisi-iit.local/other_ws_home/unitree_ros2_dls/ros2_ws/install/dls2_interface/include/dls2_interface/dls2_interface/msg/detail/trajectory_generator__rosidl_typesupport_fastrtps_cpp.hpp
-- Up-to-date: /home/gturrisi-iit.local/other_ws_home/unitree_ros2_dls/ros2_ws/install/dls2_interface/include/dls2_interface/dls2_interface/msg/detail/feet_contact_state__rosidl_typesupport_fastrtps_cpp.hpp
-- Up-to-date: /home/gturrisi-iit.local/other_ws_home/unitree_ros2_dls/ros2_ws/install/dls2_interface/include/dls2_interface/dls2_interface/msg/detail/control_signal__rosidl_typesupport_fastrtps_cpp.hpp
-- Up-to-date: /home/gturrisi-iit.local/other_ws_home/unitree_ros2_dls/ros2_ws/install/dls2_interface/include/dls2_interface/dls2_interface/msg/detail/arm_trajectory_generator__rosidl_typesupport_fastrtps_cpp.hpp
-- Up-to-date: /home/gturrisi-iit.local/other_ws_home/unitree_ros2_dls/ros2_ws/install/dls2_interface/include/dls2_interface/dls2_interface/msg/detail/screw__rosidl_typesupport_fastrtps_cpp.hpp
-- Up-to-date: /home/gturrisi-iit.local/other_ws_home/unitree_ros2_dls/ros2_ws/install/dls2_interface/include/dls2_interface/dls2_interface/msg/detail/blind_state__rosidl_typesupport_fastrtps_cpp.hpp
-- Up-to-date: /home/gturrisi-iit.local/other_ws_home/unitree_ros2_dls/ros2_ws/install/dls2_interface/include/dls2_interface/dls2_interface/msg/detail/arm_control_signal__rosidl_typesupport_fastrtps_cpp.hpp
-- Up-to-date: /home/gturrisi-iit.local/other_ws_home/unitree_ros2_dls/ros2_ws/install/dls2_interface/include/dls2_interface/dls2_interface/msg/detail/dds_fastrtps
-- Up-to-date: /home/gturrisi-iit.local/other_ws_home/unitree_ros2_dls/ros2_ws/install/dls2_interface/include/dls2_interface/dls2_interface/msg/detail/pose__rosidl_typesupport_fastrtps_cpp.hpp
-- Up-to-date: /home/gturrisi-iit.local/other_ws_home/unitree_ros2_dls/ros2_ws/install/dls2_interface/include/dls2_interface/dls2_interface/msg/detail/arm_state__rosidl_typesupport_fastrtps_cpp.hpp
-- Up-to-date: /home/gturrisi-iit.local/other_ws_home/unitree_ros2_dls/ros2_ws/install/dls2_interface/include/dls2_interface/dls2_interface/msg/detail/imu__rosidl_typesupport_fastrtps_cpp.hpp
-- Installing: /home/gturrisi-iit.local/other_ws_home/unitree_ros2_dls/ros2_ws/install/dls2_interface/lib/libdls2_interface__rosidl_typesupport_fastrtps_cpp.so
-- Up-to-date: /home/gturrisi-iit.local/other_ws_home/unitree_ros2_dls/ros2_ws/install/dls2_interface/include/dls2_interface/dls2_interface
-- Up-to-date: /home/gturrisi-iit.local/other_ws_home/unitree_ros2_dls/ros2_ws/install/dls2_interface/include/dls2_interface/dls2_interface/msg
-- Up-to-date: /home/gturrisi-iit.local/other_ws_home/unitree_ros2_dls/ros2_ws/install/dls2_interface/include/dls2_interface/dls2_interface/msg/detail
-- Up-to-date: /home/gturrisi-iit.local/other_ws_home/unitree_ros2_dls/ros2_ws/install/dls2_interface/include/dls2_interface/dls2_interface/msg/detail/base_state__type_support.cpp
-- Up-to-date: /home/gturrisi-iit.local/other_ws_home/unitree_ros2_dls/ros2_ws/install/dls2_interface/include/dls2_interface/dls2_interface/msg/detail/control_signal__rosidl_typesupport_introspection_cpp.hpp
-- Up-to-date: /home/gturrisi-iit.local/other_ws_home/unitree_ros2_dls/ros2_ws/install/dls2_interface/include/dls2_interface/dls2_interface/msg/detail/arm_state__rosidl_typesupport_introspection_cpp.hpp
-- Up-to-date: /home/gturrisi-iit.local/other_ws_home/unitree_ros2_dls/ros2_ws/install/dls2_interface/include/dls2_interface/dls2_interface/msg/detail/pose__type_support.cpp
-- Up-to-date: /home/gturrisi-iit.local/other_ws_home/unitree_ros2_dls/ros2_ws/install/dls2_interface/include/dls2_interface/dls2_interface/msg/detail/blind_state__type_support.cpp
-- Up-to-date: /home/gturrisi-iit.local/other_ws_home/unitree_ros2_dls/ros2_ws/install/dls2_interface/include/dls2_interface/dls2_interface/msg/detail/trajectory_generator__type_support.cpp
-- Up-to-date: /home/gturrisi-iit.local/other_ws_home/unitree_ros2_dls/ros2_ws/install/dls2_interface/include/dls2_interface/dls2_interface/msg/detail/feet_contact_state__type_support.cpp
-- Up-to-date: /home/gturrisi-iit.local/other_ws_home/unitree_ros2_dls/ros2_ws/install/dls2_interface/include/dls2_interface/dls2_interface/msg/detail/feet_contact_state__rosidl_typesupport_introspection_cpp.hpp
-- Up-to-date: /home/gturrisi-iit.local/other_ws_home/unitree_ros2_dls/ros2_ws/install/dls2_interface/include/dls2_interface/dls2_interface/msg/detail/blind_state__rosidl_typesupport_introspection_cpp.hpp
-- Up-to-date: /home/gturrisi-iit.local/other_ws_home/unitree_ros2_dls/ros2_ws/install/dls2_interface/include/dls2_interface/dls2_interface/msg/detail/arm_control_signal__rosidl_typesupport_introspection_cpp.hpp
-- Up-to-date: /home/gturrisi-iit.local/other_ws_home/unitree_ros2_dls/ros2_ws/install/dls2_interface/include/dls2_interface/dls2_interface/msg/detail/imu__type_support.cpp
-- Up-to-date: /home/gturrisi-iit.local/other_ws_home/unitree_ros2_dls/ros2_ws/install/dls2_interface/include/dls2_interface/dls2_interface/msg/detail/control_signal__type_support.cpp
-- Up-to-date: /home/gturrisi-iit.local/other_ws_home/unitree_ros2_dls/ros2_ws/install/dls2_interface/include/dls2_interface/dls2_interface/msg/detail/trajectory_generator__rosidl_typesupport_introspection_cpp.hpp
-- Up-to-date: /home/gturrisi-iit.local/other_ws_home/unitree_ros2_dls/ros2_ws/install/dls2_interface/include/dls2_interface/dls2_interface/msg/detail/screw__rosidl_typesupport_introspection_cpp.hpp
-- Up-to-date: /home/gturrisi-iit.local/other_ws_home/unitree_ros2_dls/ros2_ws/install/dls2_interface/include/dls2_interface/dls2_interface/msg/detail/arm_trajectory_generator__type_support.cpp
-- Up-to-date: /home/gturrisi-iit.local/other_ws_home/unitree_ros2_dls/ros2_ws/install/dls2_interface/include/dls2_interface/dls2_interface/msg/detail/arm_control_signal__type_support.cpp
-- Up-to-date: /home/gturrisi-iit.local/other_ws_home/unitree_ros2_dls/ros2_ws/install/dls2_interface/include/dls2_interface/dls2_interface/msg/detail/imu__rosidl_typesupport_introspection_cpp.hpp
-- Up-to-date: /home/gturrisi-iit.local/other_ws_home/unitree_ros2_dls/ros2_ws/install/dls2_interface/include/dls2_interface/dls2_interface/msg/detail/arm_trajectory_generator__rosidl_typesupport_introspection_cpp.hpp
-- Up-to-date: /home/gturrisi-iit.local/other_ws_home/unitree_ros2_dls/ros2_ws/install/dls2_interface/include/dls2_interface/dls2_interface/msg/detail/arm_state__type_support.cpp
-- Up-to-date: /home/gturrisi-iit.local/other_ws_home/unitree_ros2_dls/ros2_ws/install/dls2_interface/include/dls2_interface/dls2_interface/msg/detail/pose__rosidl_typesupport_introspection_cpp.hpp
-- Up-to-date: /home/gturrisi-iit.local/other_ws_home/unitree_ros2_dls/ros2_ws/install/dls2_interface/include/dls2_interface/dls2_interface/msg/detail/screw__type_support.cpp
-- Up-to-date: /home/gturrisi-iit.local/other_ws_home/unitree_ros2_dls/ros2_ws/install/dls2_interface/include/dls2_interface/dls2_interface/msg/detail/base_state__rosidl_typesupport_introspection_cpp.hpp
-- Installing: /home/gturrisi-iit.local/other_ws_home/unitree_ros2_dls/ros2_ws/install/dls2_interface/lib/libdls2_interface__rosidl_typesupport_introspection_cpp.so
-- Installing: /home/gturrisi-iit.local/other_ws_home/unitree_ros2_dls/ros2_ws/install/dls2_interface/lib/libdls2_interface__rosidl_typesupport_cpp.so
-- Up-to-date: /home/gturrisi-iit.local/other_ws_home/unitree_ros2_dls/ros2_ws/install/dls2_interface/share/dls2_interface/environment/pythonpath.sh
-- Up-to-date: /home/gturrisi-iit.local/other_ws_home/unitree_ros2_dls/ros2_ws/install/dls2_interface/share/dls2_interface/environment/pythonpath.dsv
-- Up-to-date: /home/gturrisi-iit.local/other_ws_home/unitree_ros2_dls/ros2_ws/install/dls2_interface/lib/python3.11/site-packages/dls2_interface-0.0.0-py3.11.egg-info
-- Installing: /home/gturrisi-iit.local/other_ws_home/unitree_ros2_dls/ros2_ws/install/dls2_interface/lib/python3.11/site-packages/dls2_interface-0.0.0-py3.11.egg-info/dependency_links.txt
-- Installing: /home/gturrisi-iit.local/other_ws_home/unitree_ros2_dls/ros2_ws/install/dls2_interface/lib/python3.11/site-packages/dls2_interface-0.0.0-py3.11.egg-info/top_level.txt
-- Installing: /home/gturrisi-iit.local/other_ws_home/unitree_ros2_dls/ros2_ws/install/dls2_interface/lib/python3.11/site-packages/dls2_interface-0.0.0-py3.11.egg-info/SOURCES.txt
-- Installing: /home/gturrisi-iit.local/other_ws_home/unitree_ros2_dls/ros2_ws/install/dls2_interface/lib/python3.11/site-packages/dls2_interface-0.0.0-py3.11.egg-info/PKG-INFO
-- Up-to-date: /home/gturrisi-iit.local/other_ws_home/unitree_ros2_dls/ros2_ws/install/dls2_interface/lib/python3.11/site-packages/dls2_interface
-- Up-to-date: /home/gturrisi-iit.local/other_ws_home/unitree_ros2_dls/ros2_ws/install/dls2_interface/lib/python3.11/site-packages/dls2_interface/msg
-- Up-to-date: /home/gturrisi-iit.local/other_ws_home/unitree_ros2_dls/ros2_ws/install/dls2_interface/lib/python3.11/site-packages/dls2_interface/msg/_control_signal.py
-- Up-to-date: /home/gturrisi-iit.local/other_ws_home/unitree_ros2_dls/ros2_ws/install/dls2_interface/lib/python3.11/site-packages/dls2_interface/msg/_feet_contact_state_s.c
-- Up-to-date: /home/gturrisi-iit.local/other_ws_home/unitree_ros2_dls/ros2_ws/install/dls2_interface/lib/python3.11/site-packages/dls2_interface/msg/_imu.py
-- Up-to-date: /home/gturrisi-iit.local/other_ws_home/unitree_ros2_dls/ros2_ws/install/dls2_interface/lib/python3.11/site-packages/dls2_interface/msg/_trajectory_generator.py
-- Up-to-date: /home/gturrisi-iit.local/other_ws_home/unitree_ros2_dls/ros2_ws/install/dls2_interface/lib/python3.11/site-packages/dls2_interface/msg/_screw_s.c
-- Up-to-date: /home/gturrisi-iit.local/other_ws_home/unitree_ros2_dls/ros2_ws/install/dls2_interface/lib/python3.11/site-packages/dls2_interface/msg/_arm_control_signal.py
-- Up-to-date: /home/gturrisi-iit.local/other_ws_home/unitree_ros2_dls/ros2_ws/install/dls2_interface/lib/python3.11/site-packages/dls2_interface/msg/_screw.py
-- Up-to-date: /home/gturrisi-iit.local/other_ws_home/unitree_ros2_dls/ros2_ws/install/dls2_interface/lib/python3.11/site-packages/dls2_interface/msg/_pose.py
-- Up-to-date: /home/gturrisi-iit.local/other_ws_home/unitree_ros2_dls/ros2_ws/install/dls2_interface/lib/python3.11/site-packages/dls2_interface/msg/_imu_s.c
-- Up-to-date: /home/gturrisi-iit.local/other_ws_home/unitree_ros2_dls/ros2_ws/install/dls2_interface/lib/python3.11/site-packages/dls2_interface/msg/_base_state.py
-- Up-to-date: /home/gturrisi-iit.local/other_ws_home/unitree_ros2_dls/ros2_ws/install/dls2_interface/lib/python3.11/site-packages/dls2_interface/msg/__init__.py
-- Up-to-date: /home/gturrisi-iit.local/other_ws_home/unitree_ros2_dls/ros2_ws/install/dls2_interface/lib/python3.11/site-packages/dls2_interface/msg/_arm_state_s.c
-- Up-to-date: /home/gturrisi-iit.local/other_ws_home/unitree_ros2_dls/ros2_ws/install/dls2_interface/lib/python3.11/site-packages/dls2_interface/msg/_feet_contact_state.py
-- Up-to-date: /home/gturrisi-iit.local/other_ws_home/unitree_ros2_dls/ros2_ws/install/dls2_interface/lib/python3.11/site-packages/dls2_interface/msg/_trajectory_generator_s.c
-- Up-to-date: /home/gturrisi-iit.local/other_ws_home/unitree_ros2_dls/ros2_ws/install/dls2_interface/lib/python3.11/site-packages/dls2_interface/msg/_arm_trajectory_generator_s.c
-- Up-to-date: /home/gturrisi-iit.local/other_ws_home/unitree_ros2_dls/ros2_ws/install/dls2_interface/lib/python3.11/site-packages/dls2_interface/msg/_arm_control_signal_s.c
-- Up-to-date: /home/gturrisi-iit.local/other_ws_home/unitree_ros2_dls/ros2_ws/install/dls2_interface/lib/python3.11/site-packages/dls2_interface/msg/_blind_state.py
-- Up-to-date: /home/gturrisi-iit.local/other_ws_home/unitree_ros2_dls/ros2_ws/install/dls2_interface/lib/python3.11/site-packages/dls2_interface/msg/_arm_state.py
-- Up-to-date: /home/gturrisi-iit.local/other_ws_home/unitree_ros2_dls/ros2_ws/install/dls2_interface/lib/python3.11/site-packages/dls2_interface/msg/_control_signal_s.c
-- Up-to-date: /home/gturrisi-iit.local/other_ws_home/unitree_ros2_dls/ros2_ws/install/dls2_interface/lib/python3.11/site-packages/dls2_interface/msg/_pose_s.c
-- Up-to-date: /home/gturrisi-iit.local/other_ws_home/unitree_ros2_dls/ros2_ws/install/dls2_interface/lib/python3.11/site-packages/dls2_interface/msg/_arm_trajectory_generator.py
-- Up-to-date: /home/gturrisi-iit.local/other_ws_home/unitree_ros2_dls/ros2_ws/install/dls2_interface/lib/python3.11/site-packages/dls2_interface/msg/_base_state_s.c
-- Up-to-date: /home/gturrisi-iit.local/other_ws_home/unitree_ros2_dls/ros2_ws/install/dls2_interface/lib/python3.11/site-packages/dls2_interface/msg/_blind_state_s.c
-- Up-to-date: /home/gturrisi-iit.local/other_ws_home/unitree_ros2_dls/ros2_ws/install/dls2_interface/lib/python3.11/site-packages/dls2_interface/__init__.py
-- Up-to-date: /home/gturrisi-iit.local/other_ws_home/unitree_ros2_dls/ros2_ws/install/dls2_interface/lib/python3.11/site-packages/dls2_interface/libdls2_interface__rosidl_generator_py.so
-- Up-to-date: /home/gturrisi-iit.local/other_ws_home/unitree_ros2_dls/ros2_ws/install/dls2_interface/lib/python3.11/site-packages/dls2_interface/_dls2_interface_s.ep.rosidl_typesupport_c.c
-- Up-to-date: /home/gturrisi-iit.local/other_ws_home/unitree_ros2_dls/ros2_ws/install/dls2_interface/lib/python3.11/site-packages/dls2_interface/dls2_interface_s__rosidl_typesupport_introspection_c.cpython-311-x86_64-linux-gnu.so
-- Up-to-date: /home/gturrisi-iit.local/other_ws_home/unitree_ros2_dls/ros2_ws/install/dls2_interface/lib/python3.11/site-packages/dls2_interface/dls2_interface_s__rosidl_typesupport_fastrtps_c.cpython-311-x86_64-linux-gnu.so
-- Up-to-date: /home/gturrisi-iit.local/other_ws_home/unitree_ros2_dls/ros2_ws/install/dls2_interface/lib/python3.11/site-packages/dls2_interface/_dls2_interface_s.ep.rosidl_typesupport_introspection_c.c
-- Up-to-date: /home/gturrisi-iit.local/other_ws_home/unitree_ros2_dls/ros2_ws/install/dls2_interface/lib/python3.11/site-packages/dls2_interface/_dls2_interface_s.ep.rosidl_typesupport_fastrtps_c.c
-- Up-to-date: /home/gturrisi-iit.local/other_ws_home/unitree_ros2_dls/ros2_ws/install/dls2_interface/lib/python3.11/site-packages/dls2_interface/dls2_interface_s__rosidl_typesupport_c.cpython-311-x86_64-linux-gnu.so
Listing 'lib/python3.11/site-packages/dls2_interface'...
Can't list 'lib/python3.11/site-packages/dls2_interface'
-- Installing: /home/gturrisi-iit.local/other_ws_home/unitree_ros2_dls/ros2_ws/install/dls2_interface/lib/python3.11/site-packages/dls2_interface/dls2_interface_s__rosidl_typesupport_fastrtps_c.cpython-311-x86_64-linux-gnu.so
-- Set non-toolchain portion of runtime path of "/home/gturrisi-iit.local/other_ws_home/unitree_ros2_dls/ros2_ws/install/dls2_interface/lib/python3.11/site-packages/dls2_interface/dls2_interface_s__rosidl_typesupport_fastrtps_c.cpython-311-x86_64-linux-gnu.so" to ""
-- Installing: /home/gturrisi-iit.local/other_ws_home/unitree_ros2_dls/ros2_ws/install/dls2_interface/lib/python3.11/site-packages/dls2_interface/dls2_interface_s__rosidl_typesupport_introspection_c.cpython-311-x86_64-linux-gnu.so
-- Set non-toolchain portion of runtime path of "/home/gturrisi-iit.local/other_ws_home/unitree_ros2_dls/ros2_ws/install/dls2_interface/lib/python3.11/site-packages/dls2_interface/dls2_interface_s__rosidl_typesupport_introspection_c.cpython-311-x86_64-linux-gnu.so" to ""
-- Installing: /home/gturrisi-iit.local/other_ws_home/unitree_ros2_dls/ros2_ws/install/dls2_interface/lib/python3.11/site-packages/dls2_interface/dls2_interface_s__rosidl_typesupport_c.cpython-311-x86_64-linux-gnu.so
-- Set non-toolchain portion of runtime path of "/home/gturrisi-iit.local/other_ws_home/unitree_ros2_dls/ros2_ws/install/dls2_interface/lib/python3.11/site-packages/dls2_interface/dls2_interface_s__rosidl_typesupport_c.cpython-311-x86_64-linux-gnu.so" to ""
-- Installing: /home/gturrisi-iit.local/other_ws_home/unitree_ros2_dls/ros2_ws/install/dls2_interface/lib/libdls2_interface__rosidl_generator_py.so
-- Set non-toolchain portion of runtime path of "/home/gturrisi-iit.local/other_ws_home/unitree_ros2_dls/ros2_ws/install/dls2_interface/lib/libdls2_interface__rosidl_generator_py.so" to ""
-- Up-to-date: /home/gturrisi-iit.local/other_ws_home/unitree_ros2_dls/ros2_ws/install/dls2_interface/share/dls2_interface/msg/Pose.idl
-- Up-to-date: /home/gturrisi-iit.local/other_ws_home/unitree_ros2_dls/ros2_ws/install/dls2_interface/share/dls2_interface/msg/Screw.idl
-- Up-to-date: /home/gturrisi-iit.local/other_ws_home/unitree_ros2_dls/ros2_ws/install/dls2_interface/share/dls2_interface/msg/BlindState.idl
-- Up-to-date: /home/gturrisi-iit.local/other_ws_home/unitree_ros2_dls/ros2_ws/install/dls2_interface/share/dls2_interface/msg/BaseState.idl
-- Up-to-date: /home/gturrisi-iit.local/other_ws_home/unitree_ros2_dls/ros2_ws/install/dls2_interface/share/dls2_interface/msg/Imu.idl
-- Up-to-date: /home/gturrisi-iit.local/other_ws_home/unitree_ros2_dls/ros2_ws/install/dls2_interface/share/dls2_interface/msg/FeetContactState.idl
-- Up-to-date: /home/gturrisi-iit.local/other_ws_home/unitree_ros2_dls/ros2_ws/install/dls2_interface/share/dls2_interface/msg/TrajectoryGenerator.idl
-- Up-to-date: /home/gturrisi-iit.local/other_ws_home/unitree_ros2_dls/ros2_ws/install/dls2_interface/share/dls2_interface/msg/ControlSignal.idl
-- Up-to-date: /home/gturrisi-iit.local/other_ws_home/unitree_ros2_dls/ros2_ws/install/dls2_interface/share/dls2_interface/msg/ArmState.idl
-- Up-to-date: /home/gturrisi-iit.local/other_ws_home/unitree_ros2_dls/ros2_ws/install/dls2_interface/share/dls2_interface/msg/ArmTrajectoryGenerator.idl
-- Up-to-date: /home/gturrisi-iit.local/other_ws_home/unitree_ros2_dls/ros2_ws/install/dls2_interface/share/dls2_interface/msg/ArmControlSignal.idl
-- Up-to-date: /home/gturrisi-iit.local/other_ws_home/unitree_ros2_dls/ros2_ws/install/dls2_interface/share/dls2_interface/msg/Pose.msg
-- Up-to-date: /home/gturrisi-iit.local/other_ws_home/unitree_ros2_dls/ros2_ws/install/dls2_interface/share/dls2_interface/msg/Screw.msg
-- Up-to-date: /home/gturrisi-iit.local/other_ws_home/unitree_ros2_dls/ros2_ws/install/dls2_interface/share/dls2_interface/msg/BlindState.msg
-- Up-to-date: /home/gturrisi-iit.local/other_ws_home/unitree_ros2_dls/ros2_ws/install/dls2_interface/share/dls2_interface/msg/BaseState.msg
-- Up-to-date: /home/gturrisi-iit.local/other_ws_home/unitree_ros2_dls/ros2_ws/install/dls2_interface/share/dls2_interface/msg/Imu.msg
-- Up-to-date: /home/gturrisi-iit.local/other_ws_home/unitree_ros2_dls/ros2_ws/install/dls2_interface/share/dls2_interface/msg/FeetContactState.msg
-- Up-to-date: /home/gturrisi-iit.local/other_ws_home/unitree_ros2_dls/ros2_ws/install/dls2_interface/share/dls2_interface/msg/TrajectoryGenerator.msg
-- Up-to-date: /home/gturrisi-iit.local/other_ws_home/unitree_ros2_dls/ros2_ws/install/dls2_interface/share/dls2_interface/msg/ControlSignal.msg
-- Up-to-date: /home/gturrisi-iit.local/other_ws_home/unitree_ros2_dls/ros2_ws/install/dls2_interface/share/dls2_interface/msg/ArmState.msg
-- Up-to-date: /home/gturrisi-iit.local/other_ws_home/unitree_ros2_dls/ros2_ws/install/dls2_interface/share/dls2_interface/msg/ArmTrajectoryGenerator.msg
-- Up-to-date: /home/gturrisi-iit.local/other_ws_home/unitree_ros2_dls/ros2_ws/install/dls2_interface/share/dls2_interface/msg/ArmControlSignal.msg
-- Up-to-date: /home/gturrisi-iit.local/other_ws_home/unitree_ros2_dls/ros2_ws/install/dls2_interface/share/ament_index/resource_index/package_run_dependencies/dls2_interface
-- Up-to-date: /home/gturrisi-iit.local/other_ws_home/unitree_ros2_dls/ros2_ws/install/dls2_interface/share/ament_index/resource_index/parent_prefix_path/dls2_interface
-- Up-to-date: /home/gturrisi-iit.local/other_ws_home/unitree_ros2_dls/ros2_ws/install/dls2_interface/share/dls2_interface/environment/ament_prefix_path.sh
-- Up-to-date: /home/gturrisi-iit.local/other_ws_home/unitree_ros2_dls/ros2_ws/install/dls2_interface/share/dls2_interface/environment/ament_prefix_path.dsv
-- Up-to-date: /home/gturrisi-iit.local/other_ws_home/unitree_ros2_dls/ros2_ws/install/dls2_interface/share/dls2_interface/environment/path.sh
-- Up-to-date: /home/gturrisi-iit.local/other_ws_home/unitree_ros2_dls/ros2_ws/install/dls2_interface/share/dls2_interface/environment/path.dsv
-- Up-to-date: /home/gturrisi-iit.local/other_ws_home/unitree_ros2_dls/ros2_ws/install/dls2_interface/share/dls2_interface/local_setup.bash
-- Up-to-date: /home/gturrisi-iit.local/other_ws_home/unitree_ros2_dls/ros2_ws/install/dls2_interface/share/dls2_interface/local_setup.sh
-- Up-to-date: /home/gturrisi-iit.local/other_ws_home/unitree_ros2_dls/ros2_ws/install/dls2_interface/share/dls2_interface/local_setup.zsh
-- Up-to-date: /home/gturrisi-iit.local/other_ws_home/unitree_ros2_dls/ros2_ws/install/dls2_interface/share/dls2_interface/local_setup.dsv
-- Installing: /home/gturrisi-iit.local/other_ws_home/unitree_ros2_dls/ros2_ws/install/dls2_interface/share/dls2_interface/package.dsv
-- Up-to-date: /home/gturrisi-iit.local/other_ws_home/unitree_ros2_dls/ros2_ws/install/dls2_interface/share/ament_index/resource_index/packages/dls2_interface
-- Up-to-date: /home/gturrisi-iit.local/other_ws_home/unitree_ros2_dls/ros2_ws/install/dls2_interface/share/dls2_interface/cmake/export_dls2_interface__rosidl_generator_cExport.cmake
-- Up-to-date: /home/gturrisi-iit.local/other_ws_home/unitree_ros2_dls/ros2_ws/install/dls2_interface/share/dls2_interface/cmake/export_dls2_interface__rosidl_generator_cExport-noconfig.cmake
-- Up-to-date: /home/gturrisi-iit.local/other_ws_home/unitree_ros2_dls/ros2_ws/install/dls2_interface/share/dls2_interface/cmake/export_dls2_interface__rosidl_typesupport_fastrtps_cExport.cmake
-- Up-to-date: /home/gturrisi-iit.local/other_ws_home/unitree_ros2_dls/ros2_ws/install/dls2_interface/share/dls2_interface/cmake/export_dls2_interface__rosidl_typesupport_fastrtps_cExport-noconfig.cmake
-- Up-to-date: /home/gturrisi-iit.local/other_ws_home/unitree_ros2_dls/ros2_ws/install/dls2_interface/share/dls2_interface/cmake/dls2_interface__rosidl_typesupport_introspection_cExport.cmake
-- Up-to-date: /home/gturrisi-iit.local/other_ws_home/unitree_ros2_dls/ros2_ws/install/dls2_interface/share/dls2_interface/cmake/dls2_interface__rosidl_typesupport_introspection_cExport-noconfig.cmake
-- Up-to-date: /home/gturrisi-iit.local/other_ws_home/unitree_ros2_dls/ros2_ws/install/dls2_interface/share/dls2_interface/cmake/dls2_interface__rosidl_typesupport_cExport.cmake
-- Up-to-date: /home/gturrisi-iit.local/other_ws_home/unitree_ros2_dls/ros2_ws/install/dls2_interface/share/dls2_interface/cmake/dls2_interface__rosidl_typesupport_cExport-noconfig.cmake
-- Up-to-date: /home/gturrisi-iit.local/other_ws_home/unitree_ros2_dls/ros2_ws/install/dls2_interface/share/dls2_interface/cmake/export_dls2_interface__rosidl_generator_cppExport.cmake
-- Up-to-date: /home/gturrisi-iit.local/other_ws_home/unitree_ros2_dls/ros2_ws/install/dls2_interface/share/dls2_interface/cmake/export_dls2_interface__rosidl_typesupport_fastrtps_cppExport.cmake
-- Up-to-date: /home/gturrisi-iit.local/other_ws_home/unitree_ros2_dls/ros2_ws/install/dls2_interface/share/dls2_interface/cmake/export_dls2_interface__rosidl_typesupport_fastrtps_cppExport-noconfig.cmake
-- Up-to-date: /home/gturrisi-iit.local/other_ws_home/unitree_ros2_dls/ros2_ws/install/dls2_interface/share/dls2_interface/cmake/dls2_interface__rosidl_typesupport_introspection_cppExport.cmake
-- Up-to-date: /home/gturrisi-iit.local/other_ws_home/unitree_ros2_dls/ros2_ws/install/dls2_interface/share/dls2_interface/cmake/dls2_interface__rosidl_typesupport_introspection_cppExport-noconfig.cmake
-- Up-to-date: /home/gturrisi-iit.local/other_ws_home/unitree_ros2_dls/ros2_ws/install/dls2_interface/share/dls2_interface/cmake/dls2_interface__rosidl_typesupport_cppExport.cmake
-- Up-to-date: /home/gturrisi-iit.local/other_ws_home/unitree_ros2_dls/ros2_ws/install/dls2_interface/share/dls2_interface/cmake/dls2_interface__rosidl_typesupport_cppExport-noconfig.cmake
-- Up-to-date: /home/gturrisi-iit.local/other_ws_home/unitree_ros2_dls/ros2_ws/install/dls2_interface/share/dls2_interface/cmake/export_dls2_interface__rosidl_generator_pyExport.cmake
-- Up-to-date: /home/gturrisi-iit.local/other_ws_home/unitree_ros2_dls/ros2_ws/install/dls2_interface/share/dls2_interface/cmake/export_dls2_interface__rosidl_generator_pyExport-noconfig.cmake
-- Up-to-date: /home/gturrisi-iit.local/other_ws_home/unitree_ros2_dls/ros2_ws/install/dls2_interface/share/dls2_interface/cmake/rosidl_cmake-extras.cmake
-- Up-to-date: /home/gturrisi-iit.local/other_ws_home/unitree_ros2_dls/ros2_ws/install/dls2_interface/share/dls2_interface/cmake/ament_cmake_export_include_directories-extras.cmake
-- Up-to-date: /home/gturrisi-iit.local/other_ws_home/unitree_ros2_dls/ros2_ws/install/dls2_interface/share/dls2_interface/cmake/ament_cmake_export_libraries-extras.cmake
-- Up-to-date: /home/gturrisi-iit.local/other_ws_home/unitree_ros2_dls/ros2_ws/install/dls2_interface/share/dls2_interface/cmake/ament_cmake_export_targets-extras.cmake
-- Up-to-date: /home/gturrisi-iit.local/other_ws_home/unitree_ros2_dls/ros2_ws/install/dls2_interface/share/dls2_interface/cmake/rosidl_cmake_export_typesupport_targets-extras.cmake
-- Up-to-date: /home/gturrisi-iit.local/other_ws_home/unitree_ros2_dls/ros2_ws/install/dls2_interface/share/dls2_interface/cmake/ament_cmake_export_dependencies-extras.cmake
-- Up-to-date: /home/gturrisi-iit.local/other_ws_home/unitree_ros2_dls/ros2_ws/install/dls2_interface/share/dls2_interface/cmake/rosidl_cmake_export_typesupport_libraries-extras.cmake
-- Up-to-date: /home/gturrisi-iit.local/other_ws_home/unitree_ros2_dls/ros2_ws/install/dls2_interface/share/dls2_interface/cmake/dls2_interfaceConfig.cmake
-- Up-to-date: /home/gturrisi-iit.local/other_ws_home/unitree_ros2_dls/ros2_ws/install/dls2_interface/share/dls2_interface/cmake/dls2_interfaceConfig-version.cmake
-- Up-to-date: /home/gturrisi-iit.local/other_ws_home/unitree_ros2_dls/ros2_ws/install/dls2_interface/share/dls2_interface/package.xml
