[0.015s] Invoking command in '/home/gturrisi-iit.local/other_ws_home/unitree_ros2_dls/ros2_ws/build/dls2_interface': CONDA_PROMPT_MODIFIER=(basic_locomotion_dls_isaaclab_ros2_env) DEBUGINFOD_URLS=https://debuginfod.ubuntu.com /home/gturrisi-iit.local/miniforge3/envs/basic_locomotion_dls_isaaclab_ros2_env/bin/cmake --build /home/gturrisi-iit.local/other_ws_home/unitree_ros2_dls/ros2_ws/build/dls2_interface -- -j16 -l16
[0.065s] [  0%] Built target dls2_interface__cpp
[0.077s] [  0%] Built target ament_cmake_python_copy_dls2_interface
[0.077s] [ 12%] Built target dls2_interface__rosidl_generator_c
[0.101s] [ 24%] Built target dls2_interface__rosidl_typesupport_c
[0.104s] [ 36%] Built target dls2_interface__rosidl_typesupport_introspection_cpp
[0.106s] [ 48%] Built target dls2_interface__rosidl_typesupport_introspection_c
[0.114s] [ 60%] Built target dls2_interface__rosidl_typesupport_cpp
[0.114s] [ 71%] Built target dls2_interface__rosidl_typesupport_fastrtps_cpp
[0.130s] [ 83%] Built target dls2_interface__rosidl_typesupport_fastrtps_c
[0.147s] [ 83%] Built target dls2_interface
[0.164s] [ 84%] Built target dls2_interface__py
[0.202s] [ 95%] Built target dls2_interface__rosidl_generator_py
[0.231s] [ 97%] Built target dls2_interface__rosidl_typesupport_fastrtps_c__pyext
[0.231s] [ 99%] Built target dls2_interface__rosidl_typesupport_introspection_c__pyext
[0.234s] [100%] Built target dls2_interface__rosidl_typesupport_c__pyext
[0.249s] running egg_info
[0.257s] writing dls2_interface.egg-info/PKG-INFO
[0.258s] writing dependency_links to dls2_interface.egg-info/dependency_links.txt
[0.258s] writing top-level names to dls2_interface.egg-info/top_level.txt
[0.279s] reading manifest file 'dls2_interface.egg-info/SOURCES.txt'
[0.279s] writing manifest file 'dls2_interface.egg-info/SOURCES.txt'
[0.312s] [100%] Built target ament_cmake_python_build_dls2_interface_egg
[0.323s] Invoked command in '/home/gturrisi-iit.local/other_ws_home/unitree_ros2_dls/ros2_ws/build/dls2_interface' returned '0': CONDA_PROMPT_MODIFIER=(basic_locomotion_dls_isaaclab_ros2_env) DEBUGINFOD_URLS=https://debuginfod.ubuntu.com /home/gturrisi-iit.local/miniforge3/envs/basic_locomotion_dls_isaaclab_ros2_env/bin/cmake --build /home/gturrisi-iit.local/other_ws_home/unitree_ros2_dls/ros2_ws/build/dls2_interface -- -j16 -l16
[0.330s] Invoking command in '/home/gturrisi-iit.local/other_ws_home/unitree_ros2_dls/ros2_ws/build/dls2_interface': CONDA_PROMPT_MODIFIER=(basic_locomotion_dls_isaaclab_ros2_env) DEBUGINFOD_URLS=https://debuginfod.ubuntu.com /home/gturrisi-iit.local/miniforge3/envs/basic_locomotion_dls_isaaclab_ros2_env/bin/cmake --install /home/gturrisi-iit.local/other_ws_home/unitree_ros2_dls/ros2_ws/build/dls2_interface
[0.334s] -- Install configuration: ""
[0.334s] -- Up-to-date: /home/gturrisi-iit.local/other_ws_home/unitree_ros2_dls/ros2_ws/install/dls2_interface/share/ament_index/resource_index/rosidl_interfaces/dls2_interface
[0.334s] -- Up-to-date: /home/gturrisi-iit.local/other_ws_home/unitree_ros2_dls/ros2_ws/install/dls2_interface/include/dls2_interface/dls2_interface
[0.334s] -- Up-to-date: /home/gturrisi-iit.local/other_ws_home/unitree_ros2_dls/ros2_ws/install/dls2_interface/include/dls2_interface/dls2_interface/msg
[0.334s] -- Up-to-date: /home/gturrisi-iit.local/other_ws_home/unitree_ros2_dls/ros2_ws/install/dls2_interface/include/dls2_interface/dls2_interface/msg/arm_state.h
[0.334s] -- Up-to-date: /home/gturrisi-iit.local/other_ws_home/unitree_ros2_dls/ros2_ws/install/dls2_interface/include/dls2_interface/dls2_interface/msg/arm_trajectory_generator.h
[0.334s] -- Up-to-date: /home/gturrisi-iit.local/other_ws_home/unitree_ros2_dls/ros2_ws/install/dls2_interface/include/dls2_interface/dls2_interface/msg/feet_contact_state.h
[0.334s] -- Up-to-date: /home/gturrisi-iit.local/other_ws_home/unitree_ros2_dls/ros2_ws/install/dls2_interface/include/dls2_interface/dls2_interface/msg/detail
[0.334s] -- Up-to-date: /home/gturrisi-iit.local/other_ws_home/unitree_ros2_dls/ros2_ws/install/dls2_interface/include/dls2_interface/dls2_interface/msg/detail/trajectory_generator__type_support.h
[0.334s] -- Up-to-date: /home/gturrisi-iit.local/other_ws_home/unitree_ros2_dls/ros2_ws/install/dls2_interface/include/dls2_interface/dls2_interface/msg/detail/arm_state__functions.h
[0.334s] -- Up-to-date: /home/gturrisi-iit.local/other_ws_home/unitree_ros2_dls/ros2_ws/install/dls2_interface/include/dls2_interface/dls2_interface/msg/detail/screw__functions.c
[0.334s] -- Up-to-date: /home/gturrisi-iit.local/other_ws_home/unitree_ros2_dls/ros2_ws/install/dls2_interface/include/dls2_interface/dls2_interface/msg/detail/blind_state__type_support.h
[0.334s] -- Up-to-date: /home/gturrisi-iit.local/other_ws_home/unitree_ros2_dls/ros2_ws/install/dls2_interface/include/dls2_interface/dls2_interface/msg/detail/control_signal__struct.h
[0.334s] -- Up-to-date: /home/gturrisi-iit.local/other_ws_home/unitree_ros2_dls/ros2_ws/install/dls2_interface/include/dls2_interface/dls2_interface/msg/detail/control_signal__functions.h
[0.335s] -- Up-to-date: /home/gturrisi-iit.local/other_ws_home/unitree_ros2_dls/ros2_ws/install/dls2_interface/include/dls2_interface/dls2_interface/msg/detail/arm_control_signal__struct.h
[0.335s] -- Up-to-date: /home/gturrisi-iit.local/other_ws_home/unitree_ros2_dls/ros2_ws/install/dls2_interface/include/dls2_interface/dls2_interface/msg/detail/arm_state__type_support.h
[0.335s] -- Up-to-date: /home/gturrisi-iit.local/other_ws_home/unitree_ros2_dls/ros2_ws/install/dls2_interface/include/dls2_interface/dls2_interface/msg/detail/arm_trajectory_generator__functions.c
[0.335s] -- Up-to-date: /home/gturrisi-iit.local/other_ws_home/unitree_ros2_dls/ros2_ws/install/dls2_interface/include/dls2_interface/dls2_interface/msg/detail/pose__struct.h
[0.335s] -- Up-to-date: /home/gturrisi-iit.local/other_ws_home/unitree_ros2_dls/ros2_ws/install/dls2_interface/include/dls2_interface/dls2_interface/msg/detail/imu__type_support.h
[0.335s] -- Up-to-date: /home/gturrisi-iit.local/other_ws_home/unitree_ros2_dls/ros2_ws/install/dls2_interface/include/dls2_interface/dls2_interface/msg/detail/arm_state__functions.c
[0.335s] -- Up-to-date: /home/gturrisi-iit.local/other_ws_home/unitree_ros2_dls/ros2_ws/install/dls2_interface/include/dls2_interface/dls2_interface/msg/detail/trajectory_generator__functions.c
[0.335s] -- Up-to-date: /home/gturrisi-iit.local/other_ws_home/unitree_ros2_dls/ros2_ws/install/dls2_interface/include/dls2_interface/dls2_interface/msg/detail/feet_contact_state__type_support.h
[0.335s] -- Up-to-date: /home/gturrisi-iit.local/other_ws_home/unitree_ros2_dls/ros2_ws/install/dls2_interface/include/dls2_interface/dls2_interface/msg/detail/control_signal__type_support.h
[0.335s] -- Up-to-date: /home/gturrisi-iit.local/other_ws_home/unitree_ros2_dls/ros2_ws/install/dls2_interface/include/dls2_interface/dls2_interface/msg/detail/arm_trajectory_generator__functions.h
[0.335s] -- Up-to-date: /home/gturrisi-iit.local/other_ws_home/unitree_ros2_dls/ros2_ws/install/dls2_interface/include/dls2_interface/dls2_interface/msg/detail/base_state__struct.h
[0.335s] -- Up-to-date: /home/gturrisi-iit.local/other_ws_home/unitree_ros2_dls/ros2_ws/install/dls2_interface/include/dls2_interface/dls2_interface/msg/detail/blind_state__functions.c
[0.335s] -- Up-to-date: /home/gturrisi-iit.local/other_ws_home/unitree_ros2_dls/ros2_ws/install/dls2_interface/include/dls2_interface/dls2_interface/msg/detail/arm_control_signal__functions.h
[0.335s] -- Up-to-date: /home/gturrisi-iit.local/other_ws_home/unitree_ros2_dls/ros2_ws/install/dls2_interface/include/dls2_interface/dls2_interface/msg/detail/screw__struct.h
[0.335s] -- Up-to-date: /home/gturrisi-iit.local/other_ws_home/unitree_ros2_dls/ros2_ws/install/dls2_interface/include/dls2_interface/dls2_interface/msg/detail/feet_contact_state__struct.h
[0.335s] -- Up-to-date: /home/gturrisi-iit.local/other_ws_home/unitree_ros2_dls/ros2_ws/install/dls2_interface/include/dls2_interface/dls2_interface/msg/detail/arm_control_signal__functions.c
[0.335s] -- Up-to-date: /home/gturrisi-iit.local/other_ws_home/unitree_ros2_dls/ros2_ws/install/dls2_interface/include/dls2_interface/dls2_interface/msg/detail/arm_trajectory_generator__type_support.h
[0.335s] -- Up-to-date: /home/gturrisi-iit.local/other_ws_home/unitree_ros2_dls/ros2_ws/install/dls2_interface/include/dls2_interface/dls2_interface/msg/detail/trajectory_generator__functions.h
[0.335s] -- Up-to-date: /home/gturrisi-iit.local/other_ws_home/unitree_ros2_dls/ros2_ws/install/dls2_interface/include/dls2_interface/dls2_interface/msg/detail/blind_state__struct.h
[0.335s] -- Up-to-date: /home/gturrisi-iit.local/other_ws_home/unitree_ros2_dls/ros2_ws/install/dls2_interface/include/dls2_interface/dls2_interface/msg/detail/control_signal__functions.c
[0.336s] -- Up-to-date: /home/gturrisi-iit.local/other_ws_home/unitree_ros2_dls/ros2_ws/install/dls2_interface/include/dls2_interface/dls2_interface/msg/detail/feet_contact_state__functions.h
[0.336s] -- Up-to-date: /home/gturrisi-iit.local/other_ws_home/unitree_ros2_dls/ros2_ws/install/dls2_interface/include/dls2_interface/dls2_interface/msg/detail/blind_state__functions.h
[0.336s] -- Up-to-date: /home/gturrisi-iit.local/other_ws_home/unitree_ros2_dls/ros2_ws/install/dls2_interface/include/dls2_interface/dls2_interface/msg/detail/base_state__functions.h
[0.336s] -- Up-to-date: /home/gturrisi-iit.local/other_ws_home/unitree_ros2_dls/ros2_ws/install/dls2_interface/include/dls2_interface/dls2_interface/msg/detail/pose__type_support.h
[0.336s] -- Up-to-date: /home/gturrisi-iit.local/other_ws_home/unitree_ros2_dls/ros2_ws/install/dls2_interface/include/dls2_interface/dls2_interface/msg/detail/base_state__type_support.h
[0.336s] -- Up-to-date: /home/gturrisi-iit.local/other_ws_home/unitree_ros2_dls/ros2_ws/install/dls2_interface/include/dls2_interface/dls2_interface/msg/detail/arm_state__struct.h
[0.336s] -- Up-to-date: /home/gturrisi-iit.local/other_ws_home/unitree_ros2_dls/ros2_ws/install/dls2_interface/include/dls2_interface/dls2_interface/msg/detail/screw__functions.h
[0.336s] -- Up-to-date: /home/gturrisi-iit.local/other_ws_home/unitree_ros2_dls/ros2_ws/install/dls2_interface/include/dls2_interface/dls2_interface/msg/detail/arm_trajectory_generator__struct.h
[0.336s] -- Up-to-date: /home/gturrisi-iit.local/other_ws_home/unitree_ros2_dls/ros2_ws/install/dls2_interface/include/dls2_interface/dls2_interface/msg/detail/pose__functions.c
[0.336s] -- Up-to-date: /home/gturrisi-iit.local/other_ws_home/unitree_ros2_dls/ros2_ws/install/dls2_interface/include/dls2_interface/dls2_interface/msg/detail/trajectory_generator__struct.h
[0.336s] -- Up-to-date: /home/gturrisi-iit.local/other_ws_home/unitree_ros2_dls/ros2_ws/install/dls2_interface/include/dls2_interface/dls2_interface/msg/detail/imu__struct.h
[0.336s] -- Up-to-date: /home/gturrisi-iit.local/other_ws_home/unitree_ros2_dls/ros2_ws/install/dls2_interface/include/dls2_interface/dls2_interface/msg/detail/imu__functions.c
[0.336s] -- Up-to-date: /home/gturrisi-iit.local/other_ws_home/unitree_ros2_dls/ros2_ws/install/dls2_interface/include/dls2_interface/dls2_interface/msg/detail/base_state__functions.c
[0.336s] -- Up-to-date: /home/gturrisi-iit.local/other_ws_home/unitree_ros2_dls/ros2_ws/install/dls2_interface/include/dls2_interface/dls2_interface/msg/detail/pose__functions.h
[0.336s] -- Up-to-date: /home/gturrisi-iit.local/other_ws_home/unitree_ros2_dls/ros2_ws/install/dls2_interface/include/dls2_interface/dls2_interface/msg/detail/arm_control_signal__type_support.h
[0.336s] -- Up-to-date: /home/gturrisi-iit.local/other_ws_home/unitree_ros2_dls/ros2_ws/install/dls2_interface/include/dls2_interface/dls2_interface/msg/detail/imu__functions.h
[0.336s] -- Up-to-date: /home/gturrisi-iit.local/other_ws_home/unitree_ros2_dls/ros2_ws/install/dls2_interface/include/dls2_interface/dls2_interface/msg/detail/feet_contact_state__functions.c
[0.336s] -- Up-to-date: /home/gturrisi-iit.local/other_ws_home/unitree_ros2_dls/ros2_ws/install/dls2_interface/include/dls2_interface/dls2_interface/msg/detail/screw__type_support.h
[0.336s] -- Up-to-date: /home/gturrisi-iit.local/other_ws_home/unitree_ros2_dls/ros2_ws/install/dls2_interface/include/dls2_interface/dls2_interface/msg/base_state.h
[0.336s] -- Up-to-date: /home/gturrisi-iit.local/other_ws_home/unitree_ros2_dls/ros2_ws/install/dls2_interface/include/dls2_interface/dls2_interface/msg/blind_state.h
[0.336s] -- Up-to-date: /home/gturrisi-iit.local/other_ws_home/unitree_ros2_dls/ros2_ws/install/dls2_interface/include/dls2_interface/dls2_interface/msg/arm_control_signal.h
[0.336s] -- Up-to-date: /home/gturrisi-iit.local/other_ws_home/unitree_ros2_dls/ros2_ws/install/dls2_interface/include/dls2_interface/dls2_interface/msg/imu.h
[0.336s] -- Up-to-date: /home/gturrisi-iit.local/other_ws_home/unitree_ros2_dls/ros2_ws/install/dls2_interface/include/dls2_interface/dls2_interface/msg/control_signal.h
[0.336s] -- Up-to-date: /home/gturrisi-iit.local/other_ws_home/unitree_ros2_dls/ros2_ws/install/dls2_interface/include/dls2_interface/dls2_interface/msg/screw.h
[0.336s] -- Up-to-date: /home/gturrisi-iit.local/other_ws_home/unitree_ros2_dls/ros2_ws/install/dls2_interface/include/dls2_interface/dls2_interface/msg/rosidl_generator_c__visibility_control.h
[0.336s] -- Up-to-date: /home/gturrisi-iit.local/other_ws_home/unitree_ros2_dls/ros2_ws/install/dls2_interface/include/dls2_interface/dls2_interface/msg/trajectory_generator.h
[0.336s] -- Up-to-date: /home/gturrisi-iit.local/other_ws_home/unitree_ros2_dls/ros2_ws/install/dls2_interface/include/dls2_interface/dls2_interface/msg/pose.h
[0.336s] -- Installing: /home/gturrisi-iit.local/other_ws_home/unitree_ros2_dls/ros2_ws/install/dls2_interface/lib/libdls2_interface__rosidl_generator_c.so
[0.336s] -- Up-to-date: /home/gturrisi-iit.local/other_ws_home/unitree_ros2_dls/ros2_ws/install/dls2_interface/include/dls2_interface/dls2_interface
[0.336s] -- Up-to-date: /home/gturrisi-iit.local/other_ws_home/unitree_ros2_dls/ros2_ws/install/dls2_interface/include/dls2_interface/dls2_interface/msg
[0.336s] -- Up-to-date: /home/gturrisi-iit.local/other_ws_home/unitree_ros2_dls/ros2_ws/install/dls2_interface/include/dls2_interface/dls2_interface/msg/detail
[0.336s] -- Up-to-date: /home/gturrisi-iit.local/other_ws_home/unitree_ros2_dls/ros2_ws/install/dls2_interface/include/dls2_interface/dls2_interface/msg/detail/blind_state__rosidl_typesupport_fastrtps_c.h
[0.336s] -- Up-to-date: /home/gturrisi-iit.local/other_ws_home/unitree_ros2_dls/ros2_ws/install/dls2_interface/include/dls2_interface/dls2_interface/msg/detail/arm_trajectory_generator__rosidl_typesupport_fastrtps_c.h
[0.336s] -- Up-to-date: /home/gturrisi-iit.local/other_ws_home/unitree_ros2_dls/ros2_ws/install/dls2_interface/include/dls2_interface/dls2_interface/msg/detail/arm_control_signal__rosidl_typesupport_fastrtps_c.h
[0.336s] -- Up-to-date: /home/gturrisi-iit.local/other_ws_home/unitree_ros2_dls/ros2_ws/install/dls2_interface/include/dls2_interface/dls2_interface/msg/detail/arm_state__rosidl_typesupport_fastrtps_c.h
[0.336s] -- Up-to-date: /home/gturrisi-iit.local/other_ws_home/unitree_ros2_dls/ros2_ws/install/dls2_interface/include/dls2_interface/dls2_interface/msg/detail/screw__rosidl_typesupport_fastrtps_c.h
[0.336s] -- Up-to-date: /home/gturrisi-iit.local/other_ws_home/unitree_ros2_dls/ros2_ws/install/dls2_interface/include/dls2_interface/dls2_interface/msg/detail/feet_contact_state__rosidl_typesupport_fastrtps_c.h
[0.336s] -- Up-to-date: /home/gturrisi-iit.local/other_ws_home/unitree_ros2_dls/ros2_ws/install/dls2_interface/include/dls2_interface/dls2_interface/msg/detail/pose__rosidl_typesupport_fastrtps_c.h
[0.336s] -- Up-to-date: /home/gturrisi-iit.local/other_ws_home/unitree_ros2_dls/ros2_ws/install/dls2_interface/include/dls2_interface/dls2_interface/msg/detail/imu__rosidl_typesupport_fastrtps_c.h
[0.337s] -- Up-to-date: /home/gturrisi-iit.local/other_ws_home/unitree_ros2_dls/ros2_ws/install/dls2_interface/include/dls2_interface/dls2_interface/msg/detail/trajectory_generator__rosidl_typesupport_fastrtps_c.h
[0.337s] -- Up-to-date: /home/gturrisi-iit.local/other_ws_home/unitree_ros2_dls/ros2_ws/install/dls2_interface/include/dls2_interface/dls2_interface/msg/detail/base_state__rosidl_typesupport_fastrtps_c.h
[0.337s] -- Up-to-date: /home/gturrisi-iit.local/other_ws_home/unitree_ros2_dls/ros2_ws/install/dls2_interface/include/dls2_interface/dls2_interface/msg/detail/control_signal__rosidl_typesupport_fastrtps_c.h
[0.337s] -- Up-to-date: /home/gturrisi-iit.local/other_ws_home/unitree_ros2_dls/ros2_ws/install/dls2_interface/include/dls2_interface/dls2_interface/msg/rosidl_typesupport_fastrtps_c__visibility_control.h
[0.337s] -- Installing: /home/gturrisi-iit.local/other_ws_home/unitree_ros2_dls/ros2_ws/install/dls2_interface/lib/libdls2_interface__rosidl_typesupport_fastrtps_c.so
[0.337s] -- Set non-toolchain portion of runtime path of "/home/gturrisi-iit.local/other_ws_home/unitree_ros2_dls/ros2_ws/install/dls2_interface/lib/libdls2_interface__rosidl_typesupport_fastrtps_c.so" to ""
[0.337s] -- Up-to-date: /home/gturrisi-iit.local/other_ws_home/unitree_ros2_dls/ros2_ws/install/dls2_interface/include/dls2_interface/dls2_interface
[0.337s] -- Up-to-date: /home/gturrisi-iit.local/other_ws_home/unitree_ros2_dls/ros2_ws/install/dls2_interface/include/dls2_interface/dls2_interface/msg
[0.337s] -- Up-to-date: /home/gturrisi-iit.local/other_ws_home/unitree_ros2_dls/ros2_ws/install/dls2_interface/include/dls2_interface/dls2_interface/msg/detail
[0.337s] -- Up-to-date: /home/gturrisi-iit.local/other_ws_home/unitree_ros2_dls/ros2_ws/install/dls2_interface/include/dls2_interface/dls2_interface/msg/detail/pose__type_support.c
[0.337s] -- Up-to-date: /home/gturrisi-iit.local/other_ws_home/unitree_ros2_dls/ros2_ws/install/dls2_interface/include/dls2_interface/dls2_interface/msg/detail/arm_state__rosidl_typesupport_introspection_c.h
[0.337s] -- Up-to-date: /home/gturrisi-iit.local/other_ws_home/unitree_ros2_dls/ros2_ws/install/dls2_interface/include/dls2_interface/dls2_interface/msg/detail/feet_contact_state__type_support.c
[0.337s] -- Up-to-date: /home/gturrisi-iit.local/other_ws_home/unitree_ros2_dls/ros2_ws/install/dls2_interface/include/dls2_interface/dls2_interface/msg/detail/trajectory_generator__rosidl_typesupport_introspection_c.h
[0.337s] -- Up-to-date: /home/gturrisi-iit.local/other_ws_home/unitree_ros2_dls/ros2_ws/install/dls2_interface/include/dls2_interface/dls2_interface/msg/detail/base_state__rosidl_typesupport_introspection_c.h
[0.337s] -- Up-to-date: /home/gturrisi-iit.local/other_ws_home/unitree_ros2_dls/ros2_ws/install/dls2_interface/include/dls2_interface/dls2_interface/msg/detail/arm_trajectory_generator__type_support.c
[0.337s] -- Up-to-date: /home/gturrisi-iit.local/other_ws_home/unitree_ros2_dls/ros2_ws/install/dls2_interface/include/dls2_interface/dls2_interface/msg/detail/imu__rosidl_typesupport_introspection_c.h
[0.337s] -- Up-to-date: /home/gturrisi-iit.local/other_ws_home/unitree_ros2_dls/ros2_ws/install/dls2_interface/include/dls2_interface/dls2_interface/msg/detail/screw__type_support.c
[0.337s] -- Up-to-date: /home/gturrisi-iit.local/other_ws_home/unitree_ros2_dls/ros2_ws/install/dls2_interface/include/dls2_interface/dls2_interface/msg/detail/arm_trajectory_generator__rosidl_typesupport_introspection_c.h
[0.337s] -- Up-to-date: /home/gturrisi-iit.local/other_ws_home/unitree_ros2_dls/ros2_ws/install/dls2_interface/include/dls2_interface/dls2_interface/msg/detail/blind_state__type_support.c
[0.337s] -- Up-to-date: /home/gturrisi-iit.local/other_ws_home/unitree_ros2_dls/ros2_ws/install/dls2_interface/include/dls2_interface/dls2_interface/msg/detail/base_state__type_support.c
[0.337s] -- Up-to-date: /home/gturrisi-iit.local/other_ws_home/unitree_ros2_dls/ros2_ws/install/dls2_interface/include/dls2_interface/dls2_interface/msg/detail/screw__rosidl_typesupport_introspection_c.h
[0.337s] -- Up-to-date: /home/gturrisi-iit.local/other_ws_home/unitree_ros2_dls/ros2_ws/install/dls2_interface/include/dls2_interface/dls2_interface/msg/detail/control_signal__rosidl_typesupport_introspection_c.h
[0.337s] -- Up-to-date: /home/gturrisi-iit.local/other_ws_home/unitree_ros2_dls/ros2_ws/install/dls2_interface/include/dls2_interface/dls2_interface/msg/detail/feet_contact_state__rosidl_typesupport_introspection_c.h
[0.337s] -- Up-to-date: /home/gturrisi-iit.local/other_ws_home/unitree_ros2_dls/ros2_ws/install/dls2_interface/include/dls2_interface/dls2_interface/msg/detail/arm_control_signal__rosidl_typesupport_introspection_c.h
[0.337s] -- Up-to-date: /home/gturrisi-iit.local/other_ws_home/unitree_ros2_dls/ros2_ws/install/dls2_interface/include/dls2_interface/dls2_interface/msg/detail/pose__rosidl_typesupport_introspection_c.h
[0.337s] -- Up-to-date: /home/gturrisi-iit.local/other_ws_home/unitree_ros2_dls/ros2_ws/install/dls2_interface/include/dls2_interface/dls2_interface/msg/detail/arm_control_signal__type_support.c
[0.337s] -- Up-to-date: /home/gturrisi-iit.local/other_ws_home/unitree_ros2_dls/ros2_ws/install/dls2_interface/include/dls2_interface/dls2_interface/msg/detail/blind_state__rosidl_typesupport_introspection_c.h
[0.337s] -- Up-to-date: /home/gturrisi-iit.local/other_ws_home/unitree_ros2_dls/ros2_ws/install/dls2_interface/include/dls2_interface/dls2_interface/msg/detail/trajectory_generator__type_support.c
[0.337s] -- Up-to-date: /home/gturrisi-iit.local/other_ws_home/unitree_ros2_dls/ros2_ws/install/dls2_interface/include/dls2_interface/dls2_interface/msg/detail/control_signal__type_support.c
[0.337s] -- Up-to-date: /home/gturrisi-iit.local/other_ws_home/unitree_ros2_dls/ros2_ws/install/dls2_interface/include/dls2_interface/dls2_interface/msg/detail/imu__type_support.c
[0.337s] -- Up-to-date: /home/gturrisi-iit.local/other_ws_home/unitree_ros2_dls/ros2_ws/install/dls2_interface/include/dls2_interface/dls2_interface/msg/detail/arm_state__type_support.c
[0.337s] -- Up-to-date: /home/gturrisi-iit.local/other_ws_home/unitree_ros2_dls/ros2_ws/install/dls2_interface/include/dls2_interface/dls2_interface/msg/rosidl_typesupport_introspection_c__visibility_control.h
[0.337s] -- Installing: /home/gturrisi-iit.local/other_ws_home/unitree_ros2_dls/ros2_ws/install/dls2_interface/lib/libdls2_interface__rosidl_typesupport_introspection_c.so
[0.337s] -- Set non-toolchain portion of runtime path of "/home/gturrisi-iit.local/other_ws_home/unitree_ros2_dls/ros2_ws/install/dls2_interface/lib/libdls2_interface__rosidl_typesupport_introspection_c.so" to ""
[0.337s] -- Installing: /home/gturrisi-iit.local/other_ws_home/unitree_ros2_dls/ros2_ws/install/dls2_interface/lib/libdls2_interface__rosidl_typesupport_c.so
[0.337s] -- Set non-toolchain portion of runtime path of "/home/gturrisi-iit.local/other_ws_home/unitree_ros2_dls/ros2_ws/install/dls2_interface/lib/libdls2_interface__rosidl_typesupport_c.so" to ""
[0.337s] -- Up-to-date: /home/gturrisi-iit.local/other_ws_home/unitree_ros2_dls/ros2_ws/install/dls2_interface/include/dls2_interface/dls2_interface
[0.337s] -- Up-to-date: /home/gturrisi-iit.local/other_ws_home/unitree_ros2_dls/ros2_ws/install/dls2_interface/include/dls2_interface/dls2_interface/msg
[0.337s] -- Up-to-date: /home/gturrisi-iit.local/other_ws_home/unitree_ros2_dls/ros2_ws/install/dls2_interface/include/dls2_interface/dls2_interface/msg/imu.hpp
[0.337s] -- Up-to-date: /home/gturrisi-iit.local/other_ws_home/unitree_ros2_dls/ros2_ws/install/dls2_interface/include/dls2_interface/dls2_interface/msg/blind_state.hpp
[0.337s] -- Up-to-date: /home/gturrisi-iit.local/other_ws_home/unitree_ros2_dls/ros2_ws/install/dls2_interface/include/dls2_interface/dls2_interface/msg/detail
[0.337s] -- Up-to-date: /home/gturrisi-iit.local/other_ws_home/unitree_ros2_dls/ros2_ws/install/dls2_interface/include/dls2_interface/dls2_interface/msg/detail/imu__traits.hpp
[0.337s] -- Up-to-date: /home/gturrisi-iit.local/other_ws_home/unitree_ros2_dls/ros2_ws/install/dls2_interface/include/dls2_interface/dls2_interface/msg/detail/blind_state__builder.hpp
[0.337s] -- Up-to-date: /home/gturrisi-iit.local/other_ws_home/unitree_ros2_dls/ros2_ws/install/dls2_interface/include/dls2_interface/dls2_interface/msg/detail/screw__traits.hpp
[0.337s] -- Up-to-date: /home/gturrisi-iit.local/other_ws_home/unitree_ros2_dls/ros2_ws/install/dls2_interface/include/dls2_interface/dls2_interface/msg/detail/arm_trajectory_generator__struct.hpp
[0.337s] -- Up-to-date: /home/gturrisi-iit.local/other_ws_home/unitree_ros2_dls/ros2_ws/install/dls2_interface/include/dls2_interface/dls2_interface/msg/detail/feet_contact_state__builder.hpp
[0.337s] -- Up-to-date: /home/gturrisi-iit.local/other_ws_home/unitree_ros2_dls/ros2_ws/install/dls2_interface/include/dls2_interface/dls2_interface/msg/detail/trajectory_generator__struct.hpp
[0.337s] -- Up-to-date: /home/gturrisi-iit.local/other_ws_home/unitree_ros2_dls/ros2_ws/install/dls2_interface/include/dls2_interface/dls2_interface/msg/detail/base_state__type_support.hpp
[0.337s] -- Up-to-date: /home/gturrisi-iit.local/other_ws_home/unitree_ros2_dls/ros2_ws/install/dls2_interface/include/dls2_interface/dls2_interface/msg/detail/control_signal__type_support.hpp
[0.338s] -- Up-to-date: /home/gturrisi-iit.local/other_ws_home/unitree_ros2_dls/ros2_ws/install/dls2_interface/include/dls2_interface/dls2_interface/msg/detail/arm_state__struct.hpp
[0.338s] -- Up-to-date: /home/gturrisi-iit.local/other_ws_home/unitree_ros2_dls/ros2_ws/install/dls2_interface/include/dls2_interface/dls2_interface/msg/detail/arm_control_signal__builder.hpp
[0.338s] -- Up-to-date: /home/gturrisi-iit.local/other_ws_home/unitree_ros2_dls/ros2_ws/install/dls2_interface/include/dls2_interface/dls2_interface/msg/detail/screw__type_support.hpp
[0.338s] -- Up-to-date: /home/gturrisi-iit.local/other_ws_home/unitree_ros2_dls/ros2_ws/install/dls2_interface/include/dls2_interface/dls2_interface/msg/detail/feet_contact_state__type_support.hpp
[0.338s] -- Up-to-date: /home/gturrisi-iit.local/other_ws_home/unitree_ros2_dls/ros2_ws/install/dls2_interface/include/dls2_interface/dls2_interface/msg/detail/pose__builder.hpp
[0.338s] -- Up-to-date: /home/gturrisi-iit.local/other_ws_home/unitree_ros2_dls/ros2_ws/install/dls2_interface/include/dls2_interface/dls2_interface/msg/detail/pose__type_support.hpp
[0.338s] -- Up-to-date: /home/gturrisi-iit.local/other_ws_home/unitree_ros2_dls/ros2_ws/install/dls2_interface/include/dls2_interface/dls2_interface/msg/detail/trajectory_generator__traits.hpp
[0.338s] -- Up-to-date: /home/gturrisi-iit.local/other_ws_home/unitree_ros2_dls/ros2_ws/install/dls2_interface/include/dls2_interface/dls2_interface/msg/detail/arm_control_signal__struct.hpp
[0.338s] -- Up-to-date: /home/gturrisi-iit.local/other_ws_home/unitree_ros2_dls/ros2_ws/install/dls2_interface/include/dls2_interface/dls2_interface/msg/detail/arm_control_signal__traits.hpp
[0.338s] -- Up-to-date: /home/gturrisi-iit.local/other_ws_home/unitree_ros2_dls/ros2_ws/install/dls2_interface/include/dls2_interface/dls2_interface/msg/detail/arm_state__type_support.hpp
[0.338s] -- Up-to-date: /home/gturrisi-iit.local/other_ws_home/unitree_ros2_dls/ros2_ws/install/dls2_interface/include/dls2_interface/dls2_interface/msg/detail/base_state__struct.hpp
[0.338s] -- Up-to-date: /home/gturrisi-iit.local/other_ws_home/unitree_ros2_dls/ros2_ws/install/dls2_interface/include/dls2_interface/dls2_interface/msg/detail/control_signal__builder.hpp
[0.338s] -- Up-to-date: /home/gturrisi-iit.local/other_ws_home/unitree_ros2_dls/ros2_ws/install/dls2_interface/include/dls2_interface/dls2_interface/msg/detail/control_signal__traits.hpp
[0.338s] -- Up-to-date: /home/gturrisi-iit.local/other_ws_home/unitree_ros2_dls/ros2_ws/install/dls2_interface/include/dls2_interface/dls2_interface/msg/detail/base_state__builder.hpp
[0.338s] -- Up-to-date: /home/gturrisi-iit.local/other_ws_home/unitree_ros2_dls/ros2_ws/install/dls2_interface/include/dls2_interface/dls2_interface/msg/detail/blind_state__struct.hpp
[0.338s] -- Up-to-date: /home/gturrisi-iit.local/other_ws_home/unitree_ros2_dls/ros2_ws/install/dls2_interface/include/dls2_interface/dls2_interface/msg/detail/imu__struct.hpp
[0.338s] -- Up-to-date: /home/gturrisi-iit.local/other_ws_home/unitree_ros2_dls/ros2_ws/install/dls2_interface/include/dls2_interface/dls2_interface/msg/detail/trajectory_generator__type_support.hpp
[0.338s] -- Up-to-date: /home/gturrisi-iit.local/other_ws_home/unitree_ros2_dls/ros2_ws/install/dls2_interface/include/dls2_interface/dls2_interface/msg/detail/screw__builder.hpp
[0.338s] -- Up-to-date: /home/gturrisi-iit.local/other_ws_home/unitree_ros2_dls/ros2_ws/install/dls2_interface/include/dls2_interface/dls2_interface/msg/detail/feet_contact_state__struct.hpp
[0.338s] -- Up-to-date: /home/gturrisi-iit.local/other_ws_home/unitree_ros2_dls/ros2_ws/install/dls2_interface/include/dls2_interface/dls2_interface/msg/detail/arm_control_signal__type_support.hpp
[0.338s] -- Up-to-date: /home/gturrisi-iit.local/other_ws_home/unitree_ros2_dls/ros2_ws/install/dls2_interface/include/dls2_interface/dls2_interface/msg/detail/blind_state__traits.hpp
[0.338s] -- Up-to-date: /home/gturrisi-iit.local/other_ws_home/unitree_ros2_dls/ros2_ws/install/dls2_interface/include/dls2_interface/dls2_interface/msg/detail/pose__struct.hpp
[0.338s] -- Up-to-date: /home/gturrisi-iit.local/other_ws_home/unitree_ros2_dls/ros2_ws/install/dls2_interface/include/dls2_interface/dls2_interface/msg/detail/arm_trajectory_generator__traits.hpp
[0.338s] -- Up-to-date: /home/gturrisi-iit.local/other_ws_home/unitree_ros2_dls/ros2_ws/install/dls2_interface/include/dls2_interface/dls2_interface/msg/detail/imu__type_support.hpp
[0.338s] -- Up-to-date: /home/gturrisi-iit.local/other_ws_home/unitree_ros2_dls/ros2_ws/install/dls2_interface/include/dls2_interface/dls2_interface/msg/detail/feet_contact_state__traits.hpp
[0.338s] -- Up-to-date: /home/gturrisi-iit.local/other_ws_home/unitree_ros2_dls/ros2_ws/install/dls2_interface/include/dls2_interface/dls2_interface/msg/detail/blind_state__type_support.hpp
[0.338s] -- Up-to-date: /home/gturrisi-iit.local/other_ws_home/unitree_ros2_dls/ros2_ws/install/dls2_interface/include/dls2_interface/dls2_interface/msg/detail/arm_state__traits.hpp
[0.338s] -- Up-to-date: /home/gturrisi-iit.local/other_ws_home/unitree_ros2_dls/ros2_ws/install/dls2_interface/include/dls2_interface/dls2_interface/msg/detail/pose__traits.hpp
[0.338s] -- Up-to-date: /home/gturrisi-iit.local/other_ws_home/unitree_ros2_dls/ros2_ws/install/dls2_interface/include/dls2_interface/dls2_interface/msg/detail/arm_trajectory_generator__type_support.hpp
[0.338s] -- Up-to-date: /home/gturrisi-iit.local/other_ws_home/unitree_ros2_dls/ros2_ws/install/dls2_interface/include/dls2_interface/dls2_interface/msg/detail/arm_trajectory_generator__builder.hpp
[0.338s] -- Up-to-date: /home/gturrisi-iit.local/other_ws_home/unitree_ros2_dls/ros2_ws/install/dls2_interface/include/dls2_interface/dls2_interface/msg/detail/imu__builder.hpp
[0.338s] -- Up-to-date: /home/gturrisi-iit.local/other_ws_home/unitree_ros2_dls/ros2_ws/install/dls2_interface/include/dls2_interface/dls2_interface/msg/detail/trajectory_generator__builder.hpp
[0.338s] -- Up-to-date: /home/gturrisi-iit.local/other_ws_home/unitree_ros2_dls/ros2_ws/install/dls2_interface/include/dls2_interface/dls2_interface/msg/detail/control_signal__struct.hpp
[0.338s] -- Up-to-date: /home/gturrisi-iit.local/other_ws_home/unitree_ros2_dls/ros2_ws/install/dls2_interface/include/dls2_interface/dls2_interface/msg/detail/arm_state__builder.hpp
[0.338s] -- Up-to-date: /home/gturrisi-iit.local/other_ws_home/unitree_ros2_dls/ros2_ws/install/dls2_interface/include/dls2_interface/dls2_interface/msg/detail/screw__struct.hpp
[0.338s] -- Up-to-date: /home/gturrisi-iit.local/other_ws_home/unitree_ros2_dls/ros2_ws/install/dls2_interface/include/dls2_interface/dls2_interface/msg/detail/base_state__traits.hpp
[0.338s] -- Up-to-date: /home/gturrisi-iit.local/other_ws_home/unitree_ros2_dls/ros2_ws/install/dls2_interface/include/dls2_interface/dls2_interface/msg/rosidl_generator_cpp__visibility_control.hpp
[0.338s] -- Up-to-date: /home/gturrisi-iit.local/other_ws_home/unitree_ros2_dls/ros2_ws/install/dls2_interface/include/dls2_interface/dls2_interface/msg/arm_state.hpp
[0.338s] -- Up-to-date: /home/gturrisi-iit.local/other_ws_home/unitree_ros2_dls/ros2_ws/install/dls2_interface/include/dls2_interface/dls2_interface/msg/feet_contact_state.hpp
[0.338s] -- Up-to-date: /home/gturrisi-iit.local/other_ws_home/unitree_ros2_dls/ros2_ws/install/dls2_interface/include/dls2_interface/dls2_interface/msg/control_signal.hpp
[0.338s] -- Up-to-date: /home/gturrisi-iit.local/other_ws_home/unitree_ros2_dls/ros2_ws/install/dls2_interface/include/dls2_interface/dls2_interface/msg/arm_trajectory_generator.hpp
[0.338s] -- Up-to-date: /home/gturrisi-iit.local/other_ws_home/unitree_ros2_dls/ros2_ws/install/dls2_interface/include/dls2_interface/dls2_interface/msg/screw.hpp
[0.338s] -- Up-to-date: /home/gturrisi-iit.local/other_ws_home/unitree_ros2_dls/ros2_ws/install/dls2_interface/include/dls2_interface/dls2_interface/msg/arm_control_signal.hpp
[0.338s] -- Up-to-date: /home/gturrisi-iit.local/other_ws_home/unitree_ros2_dls/ros2_ws/install/dls2_interface/include/dls2_interface/dls2_interface/msg/pose.hpp
[0.338s] -- Up-to-date: /home/gturrisi-iit.local/other_ws_home/unitree_ros2_dls/ros2_ws/install/dls2_interface/include/dls2_interface/dls2_interface/msg/trajectory_generator.hpp
[0.338s] -- Up-to-date: /home/gturrisi-iit.local/other_ws_home/unitree_ros2_dls/ros2_ws/install/dls2_interface/include/dls2_interface/dls2_interface/msg/base_state.hpp
[0.338s] -- Up-to-date: /home/gturrisi-iit.local/other_ws_home/unitree_ros2_dls/ros2_ws/install/dls2_interface/include/dls2_interface/dls2_interface
[0.338s] -- Up-to-date: /home/gturrisi-iit.local/other_ws_home/unitree_ros2_dls/ros2_ws/install/dls2_interface/include/dls2_interface/dls2_interface/msg
[0.338s] -- Up-to-date: /home/gturrisi-iit.local/other_ws_home/unitree_ros2_dls/ros2_ws/install/dls2_interface/include/dls2_interface/dls2_interface/msg/rosidl_typesupport_fastrtps_cpp__visibility_control.h
[0.338s] -- Up-to-date: /home/gturrisi-iit.local/other_ws_home/unitree_ros2_dls/ros2_ws/install/dls2_interface/include/dls2_interface/dls2_interface/msg/detail
[0.338s] -- Up-to-date: /home/gturrisi-iit.local/other_ws_home/unitree_ros2_dls/ros2_ws/install/dls2_interface/include/dls2_interface/dls2_interface/msg/detail/base_state__rosidl_typesupport_fastrtps_cpp.hpp
[0.338s] -- Up-to-date: /home/gturrisi-iit.local/other_ws_home/unitree_ros2_dls/ros2_ws/install/dls2_interface/include/dls2_interface/dls2_interface/msg/detail/trajectory_generator__rosidl_typesupport_fastrtps_cpp.hpp
[0.338s] -- Up-to-date: /home/gturrisi-iit.local/other_ws_home/unitree_ros2_dls/ros2_ws/install/dls2_interface/include/dls2_interface/dls2_interface/msg/detail/feet_contact_state__rosidl_typesupport_fastrtps_cpp.hpp
[0.339s] -- Up-to-date: /home/gturrisi-iit.local/other_ws_home/unitree_ros2_dls/ros2_ws/install/dls2_interface/include/dls2_interface/dls2_interface/msg/detail/control_signal__rosidl_typesupport_fastrtps_cpp.hpp
[0.339s] -- Up-to-date: /home/gturrisi-iit.local/other_ws_home/unitree_ros2_dls/ros2_ws/install/dls2_interface/include/dls2_interface/dls2_interface/msg/detail/arm_trajectory_generator__rosidl_typesupport_fastrtps_cpp.hpp
[0.339s] -- Up-to-date: /home/gturrisi-iit.local/other_ws_home/unitree_ros2_dls/ros2_ws/install/dls2_interface/include/dls2_interface/dls2_interface/msg/detail/screw__rosidl_typesupport_fastrtps_cpp.hpp
[0.339s] -- Up-to-date: /home/gturrisi-iit.local/other_ws_home/unitree_ros2_dls/ros2_ws/install/dls2_interface/include/dls2_interface/dls2_interface/msg/detail/blind_state__rosidl_typesupport_fastrtps_cpp.hpp
[0.339s] -- Up-to-date: /home/gturrisi-iit.local/other_ws_home/unitree_ros2_dls/ros2_ws/install/dls2_interface/include/dls2_interface/dls2_interface/msg/detail/arm_control_signal__rosidl_typesupport_fastrtps_cpp.hpp
[0.339s] -- Up-to-date: /home/gturrisi-iit.local/other_ws_home/unitree_ros2_dls/ros2_ws/install/dls2_interface/include/dls2_interface/dls2_interface/msg/detail/dds_fastrtps
[0.339s] -- Up-to-date: /home/gturrisi-iit.local/other_ws_home/unitree_ros2_dls/ros2_ws/install/dls2_interface/include/dls2_interface/dls2_interface/msg/detail/pose__rosidl_typesupport_fastrtps_cpp.hpp
[0.339s] -- Up-to-date: /home/gturrisi-iit.local/other_ws_home/unitree_ros2_dls/ros2_ws/install/dls2_interface/include/dls2_interface/dls2_interface/msg/detail/arm_state__rosidl_typesupport_fastrtps_cpp.hpp
[0.339s] -- Up-to-date: /home/gturrisi-iit.local/other_ws_home/unitree_ros2_dls/ros2_ws/install/dls2_interface/include/dls2_interface/dls2_interface/msg/detail/imu__rosidl_typesupport_fastrtps_cpp.hpp
[0.339s] -- Installing: /home/gturrisi-iit.local/other_ws_home/unitree_ros2_dls/ros2_ws/install/dls2_interface/lib/libdls2_interface__rosidl_typesupport_fastrtps_cpp.so
[0.339s] -- Up-to-date: /home/gturrisi-iit.local/other_ws_home/unitree_ros2_dls/ros2_ws/install/dls2_interface/include/dls2_interface/dls2_interface
[0.339s] -- Up-to-date: /home/gturrisi-iit.local/other_ws_home/unitree_ros2_dls/ros2_ws/install/dls2_interface/include/dls2_interface/dls2_interface/msg
[0.339s] -- Up-to-date: /home/gturrisi-iit.local/other_ws_home/unitree_ros2_dls/ros2_ws/install/dls2_interface/include/dls2_interface/dls2_interface/msg/detail
[0.339s] -- Up-to-date: /home/gturrisi-iit.local/other_ws_home/unitree_ros2_dls/ros2_ws/install/dls2_interface/include/dls2_interface/dls2_interface/msg/detail/base_state__type_support.cpp
[0.339s] -- Up-to-date: /home/gturrisi-iit.local/other_ws_home/unitree_ros2_dls/ros2_ws/install/dls2_interface/include/dls2_interface/dls2_interface/msg/detail/control_signal__rosidl_typesupport_introspection_cpp.hpp
[0.339s] -- Up-to-date: /home/gturrisi-iit.local/other_ws_home/unitree_ros2_dls/ros2_ws/install/dls2_interface/include/dls2_interface/dls2_interface/msg/detail/arm_state__rosidl_typesupport_introspection_cpp.hpp
[0.339s] -- Up-to-date: /home/gturrisi-iit.local/other_ws_home/unitree_ros2_dls/ros2_ws/install/dls2_interface/include/dls2_interface/dls2_interface/msg/detail/pose__type_support.cpp
[0.339s] -- Up-to-date: /home/gturrisi-iit.local/other_ws_home/unitree_ros2_dls/ros2_ws/install/dls2_interface/include/dls2_interface/dls2_interface/msg/detail/blind_state__type_support.cpp
[0.339s] -- Up-to-date: /home/gturrisi-iit.local/other_ws_home/unitree_ros2_dls/ros2_ws/install/dls2_interface/include/dls2_interface/dls2_interface/msg/detail/trajectory_generator__type_support.cpp
[0.339s] -- Up-to-date: /home/gturrisi-iit.local/other_ws_home/unitree_ros2_dls/ros2_ws/install/dls2_interface/include/dls2_interface/dls2_interface/msg/detail/feet_contact_state__type_support.cpp
[0.339s] -- Up-to-date: /home/gturrisi-iit.local/other_ws_home/unitree_ros2_dls/ros2_ws/install/dls2_interface/include/dls2_interface/dls2_interface/msg/detail/feet_contact_state__rosidl_typesupport_introspection_cpp.hpp
[0.339s] -- Up-to-date: /home/gturrisi-iit.local/other_ws_home/unitree_ros2_dls/ros2_ws/install/dls2_interface/include/dls2_interface/dls2_interface/msg/detail/blind_state__rosidl_typesupport_introspection_cpp.hpp
[0.339s] -- Up-to-date: /home/gturrisi-iit.local/other_ws_home/unitree_ros2_dls/ros2_ws/install/dls2_interface/include/dls2_interface/dls2_interface/msg/detail/arm_control_signal__rosidl_typesupport_introspection_cpp.hpp
[0.339s] -- Up-to-date: /home/gturrisi-iit.local/other_ws_home/unitree_ros2_dls/ros2_ws/install/dls2_interface/include/dls2_interface/dls2_interface/msg/detail/imu__type_support.cpp
[0.339s] -- Up-to-date: /home/gturrisi-iit.local/other_ws_home/unitree_ros2_dls/ros2_ws/install/dls2_interface/include/dls2_interface/dls2_interface/msg/detail/control_signal__type_support.cpp
[0.339s] -- Up-to-date: /home/gturrisi-iit.local/other_ws_home/unitree_ros2_dls/ros2_ws/install/dls2_interface/include/dls2_interface/dls2_interface/msg/detail/trajectory_generator__rosidl_typesupport_introspection_cpp.hpp
[0.339s] -- Up-to-date: /home/gturrisi-iit.local/other_ws_home/unitree_ros2_dls/ros2_ws/install/dls2_interface/include/dls2_interface/dls2_interface/msg/detail/screw__rosidl_typesupport_introspection_cpp.hpp
[0.339s] -- Up-to-date: /home/gturrisi-iit.local/other_ws_home/unitree_ros2_dls/ros2_ws/install/dls2_interface/include/dls2_interface/dls2_interface/msg/detail/arm_trajectory_generator__type_support.cpp
[0.339s] -- Up-to-date: /home/gturrisi-iit.local/other_ws_home/unitree_ros2_dls/ros2_ws/install/dls2_interface/include/dls2_interface/dls2_interface/msg/detail/arm_control_signal__type_support.cpp
[0.339s] -- Up-to-date: /home/gturrisi-iit.local/other_ws_home/unitree_ros2_dls/ros2_ws/install/dls2_interface/include/dls2_interface/dls2_interface/msg/detail/imu__rosidl_typesupport_introspection_cpp.hpp
[0.339s] -- Up-to-date: /home/gturrisi-iit.local/other_ws_home/unitree_ros2_dls/ros2_ws/install/dls2_interface/include/dls2_interface/dls2_interface/msg/detail/arm_trajectory_generator__rosidl_typesupport_introspection_cpp.hpp
[0.339s] -- Up-to-date: /home/gturrisi-iit.local/other_ws_home/unitree_ros2_dls/ros2_ws/install/dls2_interface/include/dls2_interface/dls2_interface/msg/detail/arm_state__type_support.cpp
[0.339s] -- Up-to-date: /home/gturrisi-iit.local/other_ws_home/unitree_ros2_dls/ros2_ws/install/dls2_interface/include/dls2_interface/dls2_interface/msg/detail/pose__rosidl_typesupport_introspection_cpp.hpp
[0.339s] -- Up-to-date: /home/gturrisi-iit.local/other_ws_home/unitree_ros2_dls/ros2_ws/install/dls2_interface/include/dls2_interface/dls2_interface/msg/detail/screw__type_support.cpp
[0.339s] -- Up-to-date: /home/gturrisi-iit.local/other_ws_home/unitree_ros2_dls/ros2_ws/install/dls2_interface/include/dls2_interface/dls2_interface/msg/detail/base_state__rosidl_typesupport_introspection_cpp.hpp
[0.339s] -- Installing: /home/gturrisi-iit.local/other_ws_home/unitree_ros2_dls/ros2_ws/install/dls2_interface/lib/libdls2_interface__rosidl_typesupport_introspection_cpp.so
[0.339s] -- Installing: /home/gturrisi-iit.local/other_ws_home/unitree_ros2_dls/ros2_ws/install/dls2_interface/lib/libdls2_interface__rosidl_typesupport_cpp.so
[0.339s] -- Up-to-date: /home/gturrisi-iit.local/other_ws_home/unitree_ros2_dls/ros2_ws/install/dls2_interface/share/dls2_interface/environment/pythonpath.sh
[0.339s] -- Up-to-date: /home/gturrisi-iit.local/other_ws_home/unitree_ros2_dls/ros2_ws/install/dls2_interface/share/dls2_interface/environment/pythonpath.dsv
[0.339s] -- Up-to-date: /home/gturrisi-iit.local/other_ws_home/unitree_ros2_dls/ros2_ws/install/dls2_interface/lib/python3.11/site-packages/dls2_interface-0.0.0-py3.11.egg-info
[0.339s] -- Installing: /home/gturrisi-iit.local/other_ws_home/unitree_ros2_dls/ros2_ws/install/dls2_interface/lib/python3.11/site-packages/dls2_interface-0.0.0-py3.11.egg-info/dependency_links.txt
[0.339s] -- Installing: /home/gturrisi-iit.local/other_ws_home/unitree_ros2_dls/ros2_ws/install/dls2_interface/lib/python3.11/site-packages/dls2_interface-0.0.0-py3.11.egg-info/top_level.txt
[0.339s] -- Installing: /home/gturrisi-iit.local/other_ws_home/unitree_ros2_dls/ros2_ws/install/dls2_interface/lib/python3.11/site-packages/dls2_interface-0.0.0-py3.11.egg-info/SOURCES.txt
[0.339s] -- Installing: /home/gturrisi-iit.local/other_ws_home/unitree_ros2_dls/ros2_ws/install/dls2_interface/lib/python3.11/site-packages/dls2_interface-0.0.0-py3.11.egg-info/PKG-INFO
[0.339s] -- Up-to-date: /home/gturrisi-iit.local/other_ws_home/unitree_ros2_dls/ros2_ws/install/dls2_interface/lib/python3.11/site-packages/dls2_interface
[0.339s] -- Up-to-date: /home/gturrisi-iit.local/other_ws_home/unitree_ros2_dls/ros2_ws/install/dls2_interface/lib/python3.11/site-packages/dls2_interface/msg
[0.339s] -- Up-to-date: /home/gturrisi-iit.local/other_ws_home/unitree_ros2_dls/ros2_ws/install/dls2_interface/lib/python3.11/site-packages/dls2_interface/msg/_control_signal.py
[0.339s] -- Up-to-date: /home/gturrisi-iit.local/other_ws_home/unitree_ros2_dls/ros2_ws/install/dls2_interface/lib/python3.11/site-packages/dls2_interface/msg/_feet_contact_state_s.c
[0.339s] -- Up-to-date: /home/gturrisi-iit.local/other_ws_home/unitree_ros2_dls/ros2_ws/install/dls2_interface/lib/python3.11/site-packages/dls2_interface/msg/_imu.py
[0.339s] -- Up-to-date: /home/gturrisi-iit.local/other_ws_home/unitree_ros2_dls/ros2_ws/install/dls2_interface/lib/python3.11/site-packages/dls2_interface/msg/_trajectory_generator.py
[0.339s] -- Up-to-date: /home/gturrisi-iit.local/other_ws_home/unitree_ros2_dls/ros2_ws/install/dls2_interface/lib/python3.11/site-packages/dls2_interface/msg/_screw_s.c
[0.339s] -- Up-to-date: /home/gturrisi-iit.local/other_ws_home/unitree_ros2_dls/ros2_ws/install/dls2_interface/lib/python3.11/site-packages/dls2_interface/msg/_arm_control_signal.py
[0.339s] -- Up-to-date: /home/gturrisi-iit.local/other_ws_home/unitree_ros2_dls/ros2_ws/install/dls2_interface/lib/python3.11/site-packages/dls2_interface/msg/_screw.py
[0.339s] -- Up-to-date: /home/gturrisi-iit.local/other_ws_home/unitree_ros2_dls/ros2_ws/install/dls2_interface/lib/python3.11/site-packages/dls2_interface/msg/_pose.py
[0.339s] -- Up-to-date: /home/gturrisi-iit.local/other_ws_home/unitree_ros2_dls/ros2_ws/install/dls2_interface/lib/python3.11/site-packages/dls2_interface/msg/_imu_s.c
[0.339s] -- Up-to-date: /home/gturrisi-iit.local/other_ws_home/unitree_ros2_dls/ros2_ws/install/dls2_interface/lib/python3.11/site-packages/dls2_interface/msg/_base_state.py
[0.339s] -- Up-to-date: /home/gturrisi-iit.local/other_ws_home/unitree_ros2_dls/ros2_ws/install/dls2_interface/lib/python3.11/site-packages/dls2_interface/msg/__init__.py
[0.339s] -- Up-to-date: /home/gturrisi-iit.local/other_ws_home/unitree_ros2_dls/ros2_ws/install/dls2_interface/lib/python3.11/site-packages/dls2_interface/msg/_arm_state_s.c
[0.339s] -- Up-to-date: /home/gturrisi-iit.local/other_ws_home/unitree_ros2_dls/ros2_ws/install/dls2_interface/lib/python3.11/site-packages/dls2_interface/msg/_feet_contact_state.py
[0.339s] -- Up-to-date: /home/gturrisi-iit.local/other_ws_home/unitree_ros2_dls/ros2_ws/install/dls2_interface/lib/python3.11/site-packages/dls2_interface/msg/_trajectory_generator_s.c
[0.339s] -- Up-to-date: /home/gturrisi-iit.local/other_ws_home/unitree_ros2_dls/ros2_ws/install/dls2_interface/lib/python3.11/site-packages/dls2_interface/msg/_arm_trajectory_generator_s.c
[0.339s] -- Up-to-date: /home/gturrisi-iit.local/other_ws_home/unitree_ros2_dls/ros2_ws/install/dls2_interface/lib/python3.11/site-packages/dls2_interface/msg/_arm_control_signal_s.c
[0.339s] -- Up-to-date: /home/gturrisi-iit.local/other_ws_home/unitree_ros2_dls/ros2_ws/install/dls2_interface/lib/python3.11/site-packages/dls2_interface/msg/_blind_state.py
[0.339s] -- Up-to-date: /home/gturrisi-iit.local/other_ws_home/unitree_ros2_dls/ros2_ws/install/dls2_interface/lib/python3.11/site-packages/dls2_interface/msg/_arm_state.py
[0.339s] -- Up-to-date: /home/gturrisi-iit.local/other_ws_home/unitree_ros2_dls/ros2_ws/install/dls2_interface/lib/python3.11/site-packages/dls2_interface/msg/_control_signal_s.c
[0.339s] -- Up-to-date: /home/gturrisi-iit.local/other_ws_home/unitree_ros2_dls/ros2_ws/install/dls2_interface/lib/python3.11/site-packages/dls2_interface/msg/_pose_s.c
[0.339s] -- Up-to-date: /home/gturrisi-iit.local/other_ws_home/unitree_ros2_dls/ros2_ws/install/dls2_interface/lib/python3.11/site-packages/dls2_interface/msg/_arm_trajectory_generator.py
[0.339s] -- Up-to-date: /home/gturrisi-iit.local/other_ws_home/unitree_ros2_dls/ros2_ws/install/dls2_interface/lib/python3.11/site-packages/dls2_interface/msg/_base_state_s.c
[0.339s] -- Up-to-date: /home/gturrisi-iit.local/other_ws_home/unitree_ros2_dls/ros2_ws/install/dls2_interface/lib/python3.11/site-packages/dls2_interface/msg/_blind_state_s.c
[0.340s] -- Up-to-date: /home/gturrisi-iit.local/other_ws_home/unitree_ros2_dls/ros2_ws/install/dls2_interface/lib/python3.11/site-packages/dls2_interface/__init__.py
[0.340s] -- Up-to-date: /home/gturrisi-iit.local/other_ws_home/unitree_ros2_dls/ros2_ws/install/dls2_interface/lib/python3.11/site-packages/dls2_interface/libdls2_interface__rosidl_generator_py.so
[0.340s] -- Up-to-date: /home/gturrisi-iit.local/other_ws_home/unitree_ros2_dls/ros2_ws/install/dls2_interface/lib/python3.11/site-packages/dls2_interface/_dls2_interface_s.ep.rosidl_typesupport_c.c
[0.340s] -- Up-to-date: /home/gturrisi-iit.local/other_ws_home/unitree_ros2_dls/ros2_ws/install/dls2_interface/lib/python3.11/site-packages/dls2_interface/dls2_interface_s__rosidl_typesupport_introspection_c.cpython-311-x86_64-linux-gnu.so
[0.340s] -- Up-to-date: /home/gturrisi-iit.local/other_ws_home/unitree_ros2_dls/ros2_ws/install/dls2_interface/lib/python3.11/site-packages/dls2_interface/dls2_interface_s__rosidl_typesupport_fastrtps_c.cpython-311-x86_64-linux-gnu.so
[0.340s] -- Up-to-date: /home/gturrisi-iit.local/other_ws_home/unitree_ros2_dls/ros2_ws/install/dls2_interface/lib/python3.11/site-packages/dls2_interface/_dls2_interface_s.ep.rosidl_typesupport_introspection_c.c
[0.340s] -- Up-to-date: /home/gturrisi-iit.local/other_ws_home/unitree_ros2_dls/ros2_ws/install/dls2_interface/lib/python3.11/site-packages/dls2_interface/_dls2_interface_s.ep.rosidl_typesupport_fastrtps_c.c
[0.340s] -- Up-to-date: /home/gturrisi-iit.local/other_ws_home/unitree_ros2_dls/ros2_ws/install/dls2_interface/lib/python3.11/site-packages/dls2_interface/dls2_interface_s__rosidl_typesupport_c.cpython-311-x86_64-linux-gnu.so
[0.366s] Listing 'lib/python3.11/site-packages/dls2_interface'...
[0.366s] Can't list 'lib/python3.11/site-packages/dls2_interface'
[0.370s] -- Installing: /home/gturrisi-iit.local/other_ws_home/unitree_ros2_dls/ros2_ws/install/dls2_interface/lib/python3.11/site-packages/dls2_interface/dls2_interface_s__rosidl_typesupport_fastrtps_c.cpython-311-x86_64-linux-gnu.so
[0.370s] -- Set non-toolchain portion of runtime path of "/home/gturrisi-iit.local/other_ws_home/unitree_ros2_dls/ros2_ws/install/dls2_interface/lib/python3.11/site-packages/dls2_interface/dls2_interface_s__rosidl_typesupport_fastrtps_c.cpython-311-x86_64-linux-gnu.so" to ""
[0.370s] -- Installing: /home/gturrisi-iit.local/other_ws_home/unitree_ros2_dls/ros2_ws/install/dls2_interface/lib/python3.11/site-packages/dls2_interface/dls2_interface_s__rosidl_typesupport_introspection_c.cpython-311-x86_64-linux-gnu.so
[0.370s] -- Set non-toolchain portion of runtime path of "/home/gturrisi-iit.local/other_ws_home/unitree_ros2_dls/ros2_ws/install/dls2_interface/lib/python3.11/site-packages/dls2_interface/dls2_interface_s__rosidl_typesupport_introspection_c.cpython-311-x86_64-linux-gnu.so" to ""
[0.371s] -- Installing: /home/gturrisi-iit.local/other_ws_home/unitree_ros2_dls/ros2_ws/install/dls2_interface/lib/python3.11/site-packages/dls2_interface/dls2_interface_s__rosidl_typesupport_c.cpython-311-x86_64-linux-gnu.so
[0.371s] -- Set non-toolchain portion of runtime path of "/home/gturrisi-iit.local/other_ws_home/unitree_ros2_dls/ros2_ws/install/dls2_interface/lib/python3.11/site-packages/dls2_interface/dls2_interface_s__rosidl_typesupport_c.cpython-311-x86_64-linux-gnu.so" to ""
[0.371s] -- Installing: /home/gturrisi-iit.local/other_ws_home/unitree_ros2_dls/ros2_ws/install/dls2_interface/lib/libdls2_interface__rosidl_generator_py.so
[0.371s] -- Set non-toolchain portion of runtime path of "/home/gturrisi-iit.local/other_ws_home/unitree_ros2_dls/ros2_ws/install/dls2_interface/lib/libdls2_interface__rosidl_generator_py.so" to ""
[0.371s] -- Up-to-date: /home/gturrisi-iit.local/other_ws_home/unitree_ros2_dls/ros2_ws/install/dls2_interface/share/dls2_interface/msg/Pose.idl
[0.371s] -- Up-to-date: /home/gturrisi-iit.local/other_ws_home/unitree_ros2_dls/ros2_ws/install/dls2_interface/share/dls2_interface/msg/Screw.idl
[0.371s] -- Up-to-date: /home/gturrisi-iit.local/other_ws_home/unitree_ros2_dls/ros2_ws/install/dls2_interface/share/dls2_interface/msg/BlindState.idl
[0.371s] -- Up-to-date: /home/gturrisi-iit.local/other_ws_home/unitree_ros2_dls/ros2_ws/install/dls2_interface/share/dls2_interface/msg/BaseState.idl
[0.371s] -- Up-to-date: /home/gturrisi-iit.local/other_ws_home/unitree_ros2_dls/ros2_ws/install/dls2_interface/share/dls2_interface/msg/Imu.idl
[0.371s] -- Up-to-date: /home/gturrisi-iit.local/other_ws_home/unitree_ros2_dls/ros2_ws/install/dls2_interface/share/dls2_interface/msg/FeetContactState.idl
[0.371s] -- Up-to-date: /home/gturrisi-iit.local/other_ws_home/unitree_ros2_dls/ros2_ws/install/dls2_interface/share/dls2_interface/msg/TrajectoryGenerator.idl
[0.371s] -- Up-to-date: /home/gturrisi-iit.local/other_ws_home/unitree_ros2_dls/ros2_ws/install/dls2_interface/share/dls2_interface/msg/ControlSignal.idl
[0.372s] -- Up-to-date: /home/gturrisi-iit.local/other_ws_home/unitree_ros2_dls/ros2_ws/install/dls2_interface/share/dls2_interface/msg/ArmState.idl
[0.372s] -- Up-to-date: /home/gturrisi-iit.local/other_ws_home/unitree_ros2_dls/ros2_ws/install/dls2_interface/share/dls2_interface/msg/ArmTrajectoryGenerator.idl
[0.372s] -- Up-to-date: /home/gturrisi-iit.local/other_ws_home/unitree_ros2_dls/ros2_ws/install/dls2_interface/share/dls2_interface/msg/ArmControlSignal.idl
[0.372s] -- Up-to-date: /home/gturrisi-iit.local/other_ws_home/unitree_ros2_dls/ros2_ws/install/dls2_interface/share/dls2_interface/msg/Pose.msg
[0.372s] -- Up-to-date: /home/gturrisi-iit.local/other_ws_home/unitree_ros2_dls/ros2_ws/install/dls2_interface/share/dls2_interface/msg/Screw.msg
[0.372s] -- Up-to-date: /home/gturrisi-iit.local/other_ws_home/unitree_ros2_dls/ros2_ws/install/dls2_interface/share/dls2_interface/msg/BlindState.msg
[0.372s] -- Up-to-date: /home/gturrisi-iit.local/other_ws_home/unitree_ros2_dls/ros2_ws/install/dls2_interface/share/dls2_interface/msg/BaseState.msg
[0.372s] -- Up-to-date: /home/gturrisi-iit.local/other_ws_home/unitree_ros2_dls/ros2_ws/install/dls2_interface/share/dls2_interface/msg/Imu.msg
[0.372s] -- Up-to-date: /home/gturrisi-iit.local/other_ws_home/unitree_ros2_dls/ros2_ws/install/dls2_interface/share/dls2_interface/msg/FeetContactState.msg
[0.372s] -- Up-to-date: /home/gturrisi-iit.local/other_ws_home/unitree_ros2_dls/ros2_ws/install/dls2_interface/share/dls2_interface/msg/TrajectoryGenerator.msg
[0.372s] -- Up-to-date: /home/gturrisi-iit.local/other_ws_home/unitree_ros2_dls/ros2_ws/install/dls2_interface/share/dls2_interface/msg/ControlSignal.msg
[0.372s] -- Up-to-date: /home/gturrisi-iit.local/other_ws_home/unitree_ros2_dls/ros2_ws/install/dls2_interface/share/dls2_interface/msg/ArmState.msg
[0.372s] -- Up-to-date: /home/gturrisi-iit.local/other_ws_home/unitree_ros2_dls/ros2_ws/install/dls2_interface/share/dls2_interface/msg/ArmTrajectoryGenerator.msg
[0.372s] -- Up-to-date: /home/gturrisi-iit.local/other_ws_home/unitree_ros2_dls/ros2_ws/install/dls2_interface/share/dls2_interface/msg/ArmControlSignal.msg
[0.372s] -- Up-to-date: /home/gturrisi-iit.local/other_ws_home/unitree_ros2_dls/ros2_ws/install/dls2_interface/share/ament_index/resource_index/package_run_dependencies/dls2_interface
[0.372s] -- Up-to-date: /home/gturrisi-iit.local/other_ws_home/unitree_ros2_dls/ros2_ws/install/dls2_interface/share/ament_index/resource_index/parent_prefix_path/dls2_interface
[0.372s] -- Up-to-date: /home/gturrisi-iit.local/other_ws_home/unitree_ros2_dls/ros2_ws/install/dls2_interface/share/dls2_interface/environment/ament_prefix_path.sh
[0.372s] -- Up-to-date: /home/gturrisi-iit.local/other_ws_home/unitree_ros2_dls/ros2_ws/install/dls2_interface/share/dls2_interface/environment/ament_prefix_path.dsv
[0.372s] -- Up-to-date: /home/gturrisi-iit.local/other_ws_home/unitree_ros2_dls/ros2_ws/install/dls2_interface/share/dls2_interface/environment/path.sh
[0.372s] -- Up-to-date: /home/gturrisi-iit.local/other_ws_home/unitree_ros2_dls/ros2_ws/install/dls2_interface/share/dls2_interface/environment/path.dsv
[0.372s] -- Up-to-date: /home/gturrisi-iit.local/other_ws_home/unitree_ros2_dls/ros2_ws/install/dls2_interface/share/dls2_interface/local_setup.bash
[0.372s] -- Up-to-date: /home/gturrisi-iit.local/other_ws_home/unitree_ros2_dls/ros2_ws/install/dls2_interface/share/dls2_interface/local_setup.sh
[0.373s] -- Up-to-date: /home/gturrisi-iit.local/other_ws_home/unitree_ros2_dls/ros2_ws/install/dls2_interface/share/dls2_interface/local_setup.zsh
[0.373s] -- Up-to-date: /home/gturrisi-iit.local/other_ws_home/unitree_ros2_dls/ros2_ws/install/dls2_interface/share/dls2_interface/local_setup.dsv
[0.373s] -- Installing: /home/gturrisi-iit.local/other_ws_home/unitree_ros2_dls/ros2_ws/install/dls2_interface/share/dls2_interface/package.dsv
[0.373s] -- Up-to-date: /home/gturrisi-iit.local/other_ws_home/unitree_ros2_dls/ros2_ws/install/dls2_interface/share/ament_index/resource_index/packages/dls2_interface
[0.373s] -- Up-to-date: /home/gturrisi-iit.local/other_ws_home/unitree_ros2_dls/ros2_ws/install/dls2_interface/share/dls2_interface/cmake/export_dls2_interface__rosidl_generator_cExport.cmake
[0.373s] -- Up-to-date: /home/gturrisi-iit.local/other_ws_home/unitree_ros2_dls/ros2_ws/install/dls2_interface/share/dls2_interface/cmake/export_dls2_interface__rosidl_generator_cExport-noconfig.cmake
[0.373s] -- Up-to-date: /home/gturrisi-iit.local/other_ws_home/unitree_ros2_dls/ros2_ws/install/dls2_interface/share/dls2_interface/cmake/export_dls2_interface__rosidl_typesupport_fastrtps_cExport.cmake
[0.373s] -- Up-to-date: /home/gturrisi-iit.local/other_ws_home/unitree_ros2_dls/ros2_ws/install/dls2_interface/share/dls2_interface/cmake/export_dls2_interface__rosidl_typesupport_fastrtps_cExport-noconfig.cmake
[0.373s] -- Up-to-date: /home/gturrisi-iit.local/other_ws_home/unitree_ros2_dls/ros2_ws/install/dls2_interface/share/dls2_interface/cmake/dls2_interface__rosidl_typesupport_introspection_cExport.cmake
[0.373s] -- Up-to-date: /home/gturrisi-iit.local/other_ws_home/unitree_ros2_dls/ros2_ws/install/dls2_interface/share/dls2_interface/cmake/dls2_interface__rosidl_typesupport_introspection_cExport-noconfig.cmake
[0.373s] -- Up-to-date: /home/gturrisi-iit.local/other_ws_home/unitree_ros2_dls/ros2_ws/install/dls2_interface/share/dls2_interface/cmake/dls2_interface__rosidl_typesupport_cExport.cmake
[0.373s] -- Up-to-date: /home/gturrisi-iit.local/other_ws_home/unitree_ros2_dls/ros2_ws/install/dls2_interface/share/dls2_interface/cmake/dls2_interface__rosidl_typesupport_cExport-noconfig.cmake
[0.373s] -- Up-to-date: /home/gturrisi-iit.local/other_ws_home/unitree_ros2_dls/ros2_ws/install/dls2_interface/share/dls2_interface/cmake/export_dls2_interface__rosidl_generator_cppExport.cmake
[0.373s] -- Up-to-date: /home/gturrisi-iit.local/other_ws_home/unitree_ros2_dls/ros2_ws/install/dls2_interface/share/dls2_interface/cmake/export_dls2_interface__rosidl_typesupport_fastrtps_cppExport.cmake
[0.373s] -- Up-to-date: /home/gturrisi-iit.local/other_ws_home/unitree_ros2_dls/ros2_ws/install/dls2_interface/share/dls2_interface/cmake/export_dls2_interface__rosidl_typesupport_fastrtps_cppExport-noconfig.cmake
[0.373s] -- Up-to-date: /home/gturrisi-iit.local/other_ws_home/unitree_ros2_dls/ros2_ws/install/dls2_interface/share/dls2_interface/cmake/dls2_interface__rosidl_typesupport_introspection_cppExport.cmake
[0.373s] -- Up-to-date: /home/gturrisi-iit.local/other_ws_home/unitree_ros2_dls/ros2_ws/install/dls2_interface/share/dls2_interface/cmake/dls2_interface__rosidl_typesupport_introspection_cppExport-noconfig.cmake
[0.373s] -- Up-to-date: /home/gturrisi-iit.local/other_ws_home/unitree_ros2_dls/ros2_ws/install/dls2_interface/share/dls2_interface/cmake/dls2_interface__rosidl_typesupport_cppExport.cmake
[0.373s] -- Up-to-date: /home/gturrisi-iit.local/other_ws_home/unitree_ros2_dls/ros2_ws/install/dls2_interface/share/dls2_interface/cmake/dls2_interface__rosidl_typesupport_cppExport-noconfig.cmake
[0.373s] -- Up-to-date: /home/gturrisi-iit.local/other_ws_home/unitree_ros2_dls/ros2_ws/install/dls2_interface/share/dls2_interface/cmake/export_dls2_interface__rosidl_generator_pyExport.cmake
[0.373s] -- Up-to-date: /home/gturrisi-iit.local/other_ws_home/unitree_ros2_dls/ros2_ws/install/dls2_interface/share/dls2_interface/cmake/export_dls2_interface__rosidl_generator_pyExport-noconfig.cmake
[0.373s] -- Up-to-date: /home/gturrisi-iit.local/other_ws_home/unitree_ros2_dls/ros2_ws/install/dls2_interface/share/dls2_interface/cmake/rosidl_cmake-extras.cmake
[0.373s] -- Up-to-date: /home/gturrisi-iit.local/other_ws_home/unitree_ros2_dls/ros2_ws/install/dls2_interface/share/dls2_interface/cmake/ament_cmake_export_include_directories-extras.cmake
[0.373s] -- Up-to-date: /home/gturrisi-iit.local/other_ws_home/unitree_ros2_dls/ros2_ws/install/dls2_interface/share/dls2_interface/cmake/ament_cmake_export_libraries-extras.cmake
[0.373s] -- Up-to-date: /home/gturrisi-iit.local/other_ws_home/unitree_ros2_dls/ros2_ws/install/dls2_interface/share/dls2_interface/cmake/ament_cmake_export_targets-extras.cmake
[0.373s] -- Up-to-date: /home/gturrisi-iit.local/other_ws_home/unitree_ros2_dls/ros2_ws/install/dls2_interface/share/dls2_interface/cmake/rosidl_cmake_export_typesupport_targets-extras.cmake
[0.374s] -- Up-to-date: /home/gturrisi-iit.local/other_ws_home/unitree_ros2_dls/ros2_ws/install/dls2_interface/share/dls2_interface/cmake/ament_cmake_export_dependencies-extras.cmake
[0.374s] -- Up-to-date: /home/gturrisi-iit.local/other_ws_home/unitree_ros2_dls/ros2_ws/install/dls2_interface/share/dls2_interface/cmake/rosidl_cmake_export_typesupport_libraries-extras.cmake
[0.374s] -- Up-to-date: /home/gturrisi-iit.local/other_ws_home/unitree_ros2_dls/ros2_ws/install/dls2_interface/share/dls2_interface/cmake/dls2_interfaceConfig.cmake
[0.374s] -- Up-to-date: /home/gturrisi-iit.local/other_ws_home/unitree_ros2_dls/ros2_ws/install/dls2_interface/share/dls2_interface/cmake/dls2_interfaceConfig-version.cmake
[0.374s] -- Up-to-date: /home/gturrisi-iit.local/other_ws_home/unitree_ros2_dls/ros2_ws/install/dls2_interface/share/dls2_interface/package.xml
[0.375s] Invoked command in '/home/gturrisi-iit.local/other_ws_home/unitree_ros2_dls/ros2_ws/build/dls2_interface' returned '0': CONDA_PROMPT_MODIFIER=(basic_locomotion_dls_isaaclab_ros2_env) DEBUGINFOD_URLS=https://debuginfod.ubuntu.com /home/gturrisi-iit.local/miniforge3/envs/basic_locomotion_dls_isaaclab_ros2_env/bin/cmake --install /home/gturrisi-iit.local/other_ws_home/unitree_ros2_dls/ros2_ws/build/dls2_interface
