[0.100s] [34mcolcon[0m [1;30mDEBUG[0m [32mCommand line arguments: ['/home/gturrisi-iit.local/miniforge3/envs/basic_locomotion_dls_isaaclab_ros2_env/bin/colcon', 'build'][0m
[0.100s] [34mcolcon[0m [1;30mDEBUG[0m [32mParsed command line arguments: Namespace(log_base=None, log_level=None, verb_name='build', build_base='build', install_base='install', merge_install=False, symlink_install=False, test_result_base=None, continue_on_error=False, executor='parallel', parallel_workers=16, event_handlers=None, ignore_user_meta=False, metas=['./colcon.meta'], base_paths=['.'], packages_ignore=None, packages_ignore_regex=None, paths=None, packages_up_to=None, packages_up_to_regex=None, packages_above=None, packages_above_and_dependencies=None, packages_above_depth=None, packages_select_by_dep=None, packages_skip_by_dep=None, packages_skip_up_to=None, packages_select_build_failed=False, packages_skip_build_finished=False, packages_select_test_failures=False, packages_skip_test_passed=False, packages_select=None, packages_skip=None, packages_select_regex=None, packages_skip_regex=None, packages_start=None, packages_end=None, cmake_args=None, cmake_target=None, cmake_target_skip_unavailable=False, cmake_clean_cache=False, cmake_clean_first=False, cmake_force_configure=False, ament_cmake_args=None, catkin_cmake_args=None, catkin_skip_building_tests=False, verb_parser=<colcon_defaults.argument_parser.defaults.DefaultArgumentsDecorator object at 0x7985834e3e10>, verb_extension=<colcon_core.verb.build.BuildVerb object at 0x7985834e1d90>, main=<bound method BuildVerb.main of <colcon_core.verb.build.BuildVerb object at 0x7985834e1d90>>)[0m
[0.130s] [34mcolcon.colcon_core.package_discovery[0m [1;30mLevel 1[0m discover_packages(colcon_meta) check parameters
[0.130s] [34mcolcon.colcon_core.package_discovery[0m [1;30mLevel 1[0m discover_packages(recursive) check parameters
[0.130s] [34mcolcon.colcon_core.package_discovery[0m [1;30mLevel 1[0m discover_packages(ignore) check parameters
[0.130s] [34mcolcon.colcon_core.package_discovery[0m [1;30mLevel 1[0m discover_packages(path) check parameters
[0.130s] [34mcolcon.colcon_core.package_discovery[0m [1;30mLevel 1[0m discover_packages(colcon_meta) discover
[0.130s] [34mcolcon.colcon_core.package_discovery[0m [1;30mLevel 1[0m discover_packages(recursive) discover
[0.130s] [34mcolcon.colcon_core.package_discovery[0m [1;30mINFO[0m Crawling recursively for packages in '/home/gturrisi-iit.local/other_ws_home/unitree_ros2_dls/ros2_ws'
[0.130s] [34mcolcon.colcon_core.package_identification[0m [1;30mLevel 1[0m _identify(.) by extensions ['ignore', 'ignore_ament_install']
[0.130s] [34mcolcon.colcon_core.package_identification[0m [1;30mLevel 1[0m _identify(.) by extension 'ignore'
[0.130s] [34mcolcon.colcon_core.package_identification[0m [1;30mLevel 1[0m _identify(.) by extension 'ignore_ament_install'
[0.130s] [34mcolcon.colcon_core.package_identification[0m [1;30mLevel 1[0m _identify(.) by extensions ['colcon_pkg']
[0.130s] [34mcolcon.colcon_core.package_identification[0m [1;30mLevel 1[0m _identify(.) by extension 'colcon_pkg'
[0.130s] [34mcolcon.colcon_core.package_identification[0m [1;30mLevel 1[0m _identify(.) by extensions ['colcon_meta']
[0.130s] [34mcolcon.colcon_core.package_identification[0m [1;30mLevel 1[0m _identify(.) by extension 'colcon_meta'
[0.130s] [34mcolcon.colcon_core.package_identification[0m [1;30mLevel 1[0m _identify(.) by extensions ['ros']
[0.130s] [34mcolcon.colcon_core.package_identification[0m [1;30mLevel 1[0m _identify(.) by extension 'ros'
[0.155s] [34mcolcon.colcon_core.package_identification[0m [1;30mLevel 1[0m _identify(.) by extensions ['cmake', 'python']
[0.155s] [34mcolcon.colcon_core.package_identification[0m [1;30mLevel 1[0m _identify(.) by extension 'cmake'
[0.155s] [34mcolcon.colcon_core.package_identification[0m [1;30mLevel 1[0m _identify(.) by extension 'python'
[0.155s] [34mcolcon.colcon_core.package_identification[0m [1;30mLevel 1[0m _identify(.) by extensions ['python_setup_py']
[0.155s] [34mcolcon.colcon_core.package_identification[0m [1;30mLevel 1[0m _identify(.) by extension 'python_setup_py'
[0.155s] [34mcolcon.colcon_core.package_identification[0m [1;30mLevel 1[0m _identify(build) by extensions ['ignore', 'ignore_ament_install']
[0.156s] [34mcolcon.colcon_core.package_identification[0m [1;30mLevel 1[0m _identify(build) by extension 'ignore'
[0.156s] [34mcolcon.colcon_core.package_identification[0m [1;30mLevel 1[0m _identify(build) ignored
[0.156s] [34mcolcon.colcon_core.package_identification[0m [1;30mLevel 1[0m _identify(install) by extensions ['ignore', 'ignore_ament_install']
[0.156s] [34mcolcon.colcon_core.package_identification[0m [1;30mLevel 1[0m _identify(install) by extension 'ignore'
[0.156s] [34mcolcon.colcon_core.package_identification[0m [1;30mLevel 1[0m _identify(install) ignored
[0.156s] [34mcolcon.colcon_core.package_identification[0m [1;30mLevel 1[0m _identify(log) by extensions ['ignore', 'ignore_ament_install']
[0.156s] [34mcolcon.colcon_core.package_identification[0m [1;30mLevel 1[0m _identify(log) by extension 'ignore'
[0.156s] [34mcolcon.colcon_core.package_identification[0m [1;30mLevel 1[0m _identify(log) ignored
[0.156s] [34mcolcon.colcon_core.package_identification[0m [1;30mLevel 1[0m _identify(src) by extensions ['ignore', 'ignore_ament_install']
[0.156s] [34mcolcon.colcon_core.package_identification[0m [1;30mLevel 1[0m _identify(src) by extension 'ignore'
[0.156s] [34mcolcon.colcon_core.package_identification[0m [1;30mLevel 1[0m _identify(src) by extension 'ignore_ament_install'
[0.156s] [34mcolcon.colcon_core.package_identification[0m [1;30mLevel 1[0m _identify(src) by extensions ['colcon_pkg']
[0.156s] [34mcolcon.colcon_core.package_identification[0m [1;30mLevel 1[0m _identify(src) by extension 'colcon_pkg'
[0.156s] [34mcolcon.colcon_core.package_identification[0m [1;30mLevel 1[0m _identify(src) by extensions ['colcon_meta']
[0.156s] [34mcolcon.colcon_core.package_identification[0m [1;30mLevel 1[0m _identify(src) by extension 'colcon_meta'
[0.156s] [34mcolcon.colcon_core.package_identification[0m [1;30mLevel 1[0m _identify(src) by extensions ['ros']
[0.156s] [34mcolcon.colcon_core.package_identification[0m [1;30mLevel 1[0m _identify(src) by extension 'ros'
[0.156s] [34mcolcon.colcon_core.package_identification[0m [1;30mLevel 1[0m _identify(src) by extensions ['cmake', 'python']
[0.156s] [34mcolcon.colcon_core.package_identification[0m [1;30mLevel 1[0m _identify(src) by extension 'cmake'
[0.156s] [34mcolcon.colcon_core.package_identification[0m [1;30mLevel 1[0m _identify(src) by extension 'python'
[0.156s] [34mcolcon.colcon_core.package_identification[0m [1;30mLevel 1[0m _identify(src) by extensions ['python_setup_py']
[0.156s] [34mcolcon.colcon_core.package_identification[0m [1;30mLevel 1[0m _identify(src) by extension 'python_setup_py'
[0.156s] [34mcolcon.colcon_core.package_identification[0m [1;30mLevel 1[0m _identify(src/dls2_interface) by extensions ['ignore', 'ignore_ament_install']
[0.156s] [34mcolcon.colcon_core.package_identification[0m [1;30mLevel 1[0m _identify(src/dls2_interface) by extension 'ignore'
[0.156s] [34mcolcon.colcon_core.package_identification[0m [1;30mLevel 1[0m _identify(src/dls2_interface) by extension 'ignore_ament_install'
[0.156s] [34mcolcon.colcon_core.package_identification[0m [1;30mLevel 1[0m _identify(src/dls2_interface) by extensions ['colcon_pkg']
[0.156s] [34mcolcon.colcon_core.package_identification[0m [1;30mLevel 1[0m _identify(src/dls2_interface) by extension 'colcon_pkg'
[0.156s] [34mcolcon.colcon_core.package_identification[0m [1;30mLevel 1[0m _identify(src/dls2_interface) by extensions ['colcon_meta']
[0.156s] [34mcolcon.colcon_core.package_identification[0m [1;30mLevel 1[0m _identify(src/dls2_interface) by extension 'colcon_meta'
[0.156s] [34mcolcon.colcon_core.package_identification[0m [1;30mLevel 1[0m _identify(src/dls2_interface) by extensions ['ros']
[0.156s] [34mcolcon.colcon_core.package_identification[0m [1;30mLevel 1[0m _identify(src/dls2_interface) by extension 'ros'
[0.159s] [34mcolcon.colcon_core.package_identification[0m [1;30mDEBUG[0m [32mPackage 'src/dls2_interface' with type 'ros.ament_cmake' and name 'dls2_interface'[0m
[0.159s] [34mcolcon.colcon_core.package_identification[0m [1;30mLevel 1[0m _identify(src/quadruped_hal) by extensions ['ignore', 'ignore_ament_install']
[0.159s] [34mcolcon.colcon_core.package_identification[0m [1;30mLevel 1[0m _identify(src/quadruped_hal) by extension 'ignore'
[0.159s] [34mcolcon.colcon_core.package_identification[0m [1;30mLevel 1[0m _identify(src/quadruped_hal) by extension 'ignore_ament_install'
[0.159s] [34mcolcon.colcon_core.package_identification[0m [1;30mLevel 1[0m _identify(src/quadruped_hal) by extensions ['colcon_pkg']
[0.159s] [34mcolcon.colcon_core.package_identification[0m [1;30mLevel 1[0m _identify(src/quadruped_hal) by extension 'colcon_pkg'
[0.159s] [34mcolcon.colcon_core.package_identification[0m [1;30mLevel 1[0m _identify(src/quadruped_hal) by extensions ['colcon_meta']
[0.159s] [34mcolcon.colcon_core.package_identification[0m [1;30mLevel 1[0m _identify(src/quadruped_hal) by extension 'colcon_meta'
[0.159s] [34mcolcon.colcon_core.package_identification[0m [1;30mLevel 1[0m _identify(src/quadruped_hal) by extensions ['ros']
[0.159s] [34mcolcon.colcon_core.package_identification[0m [1;30mLevel 1[0m _identify(src/quadruped_hal) by extension 'ros'
[0.160s] [34mcolcon.colcon_core.package_identification[0m [1;30mDEBUG[0m [32mPackage 'src/quadruped_hal' with type 'ros.ament_cmake' and name 'quadruped_hal'[0m
[0.160s] [34mcolcon.colcon_core.package_identification[0m [1;30mLevel 1[0m _identify(src/z1_hal) by extensions ['ignore', 'ignore_ament_install']
[0.160s] [34mcolcon.colcon_core.package_identification[0m [1;30mLevel 1[0m _identify(src/z1_hal) by extension 'ignore'
[0.160s] [34mcolcon.colcon_core.package_identification[0m [1;30mLevel 1[0m _identify(src/z1_hal) by extension 'ignore_ament_install'
[0.160s] [34mcolcon.colcon_core.package_identification[0m [1;30mLevel 1[0m _identify(src/z1_hal) by extensions ['colcon_pkg']
[0.160s] [34mcolcon.colcon_core.package_identification[0m [1;30mLevel 1[0m _identify(src/z1_hal) by extension 'colcon_pkg'
[0.160s] [34mcolcon.colcon_core.package_identification[0m [1;30mLevel 1[0m _identify(src/z1_hal) by extensions ['colcon_meta']
[0.160s] [34mcolcon.colcon_core.package_identification[0m [1;30mLevel 1[0m _identify(src/z1_hal) by extension 'colcon_meta'
[0.160s] [34mcolcon.colcon_core.package_identification[0m [1;30mLevel 1[0m _identify(src/z1_hal) by extensions ['ros']
[0.160s] [34mcolcon.colcon_core.package_identification[0m [1;30mLevel 1[0m _identify(src/z1_hal) by extension 'ros'
[0.160s] [34mcolcon.colcon_core.package_identification[0m [1;30mLevel 1[0m _identify(src/z1_hal) by extensions ['cmake', 'python']
[0.160s] [34mcolcon.colcon_core.package_identification[0m [1;30mLevel 1[0m _identify(src/z1_hal) by extension 'cmake'
[0.160s] [34mcolcon.colcon_core.package_identification[0m [1;30mLevel 1[0m _identify(src/z1_hal) by extension 'python'
[0.160s] [34mcolcon.colcon_core.package_identification[0m [1;30mLevel 1[0m _identify(src/z1_hal) by extensions ['python_setup_py']
[0.160s] [34mcolcon.colcon_core.package_identification[0m [1;30mLevel 1[0m _identify(src/z1_hal) by extension 'python_setup_py'
[0.160s] [34mcolcon.colcon_core.package_discovery[0m [1;30mLevel 1[0m discover_packages(recursive) using defaults
[0.160s] [34mcolcon.colcon_core.package_discovery[0m [1;30mLevel 1[0m discover_packages(ignore) discover
[0.160s] [34mcolcon.colcon_core.package_discovery[0m [1;30mLevel 1[0m discover_packages(ignore) using defaults
[0.160s] [34mcolcon.colcon_core.package_discovery[0m [1;30mLevel 1[0m discover_packages(path) discover
[0.160s] [34mcolcon.colcon_core.package_discovery[0m [1;30mLevel 1[0m discover_packages(path) using defaults
[0.172s] [34mcolcon.colcon_core.verb[0m [1;30mLevel 5[0m set package 'dls2_interface' build argument 'cmake_args' from command line to 'None'
[0.172s] [34mcolcon.colcon_core.verb[0m [1;30mLevel 5[0m set package 'dls2_interface' build argument 'cmake_target' from command line to 'None'
[0.172s] [34mcolcon.colcon_core.verb[0m [1;30mLevel 5[0m set package 'dls2_interface' build argument 'cmake_target_skip_unavailable' from command line to 'False'
[0.172s] [34mcolcon.colcon_core.verb[0m [1;30mLevel 5[0m set package 'dls2_interface' build argument 'cmake_clean_cache' from command line to 'False'
[0.172s] [34mcolcon.colcon_core.verb[0m [1;30mLevel 5[0m set package 'dls2_interface' build argument 'cmake_clean_first' from command line to 'False'
[0.172s] [34mcolcon.colcon_core.verb[0m [1;30mLevel 5[0m set package 'dls2_interface' build argument 'cmake_force_configure' from command line to 'False'
[0.172s] [34mcolcon.colcon_core.verb[0m [1;30mLevel 5[0m set package 'dls2_interface' build argument 'ament_cmake_args' from command line to 'None'
[0.172s] [34mcolcon.colcon_core.verb[0m [1;30mLevel 5[0m set package 'dls2_interface' build argument 'catkin_cmake_args' from command line to 'None'
[0.172s] [34mcolcon.colcon_core.verb[0m [1;30mLevel 5[0m set package 'dls2_interface' build argument 'catkin_skip_building_tests' from command line to 'False'
[0.172s] [34mcolcon.colcon_core.verb[0m [1;30mDEBUG[0m [32mBuilding package 'dls2_interface' with the following arguments: {'ament_cmake_args': None, 'build_base': '/home/gturrisi-iit.local/other_ws_home/unitree_ros2_dls/ros2_ws/build/dls2_interface', 'catkin_cmake_args': None, 'catkin_skip_building_tests': False, 'cmake_args': None, 'cmake_clean_cache': False, 'cmake_clean_first': False, 'cmake_force_configure': False, 'cmake_target': None, 'cmake_target_skip_unavailable': False, 'install_base': '/home/gturrisi-iit.local/other_ws_home/unitree_ros2_dls/ros2_ws/install/dls2_interface', 'merge_install': False, 'path': '/home/gturrisi-iit.local/other_ws_home/unitree_ros2_dls/ros2_ws/src/dls2_interface', 'symlink_install': False, 'test_result_base': None}[0m
[0.173s] [34mcolcon.colcon_core.verb[0m [1;30mLevel 5[0m set package 'quadruped_hal' build argument 'cmake_args' from command line to 'None'
[0.173s] [34mcolcon.colcon_core.verb[0m [1;30mLevel 5[0m set package 'quadruped_hal' build argument 'cmake_target' from command line to 'None'
[0.173s] [34mcolcon.colcon_core.verb[0m [1;30mLevel 5[0m set package 'quadruped_hal' build argument 'cmake_target_skip_unavailable' from command line to 'False'
[0.173s] [34mcolcon.colcon_core.verb[0m [1;30mLevel 5[0m set package 'quadruped_hal' build argument 'cmake_clean_cache' from command line to 'False'
[0.173s] [34mcolcon.colcon_core.verb[0m [1;30mLevel 5[0m set package 'quadruped_hal' build argument 'cmake_clean_first' from command line to 'False'
[0.173s] [34mcolcon.colcon_core.verb[0m [1;30mLevel 5[0m set package 'quadruped_hal' build argument 'cmake_force_configure' from command line to 'False'
[0.173s] [34mcolcon.colcon_core.verb[0m [1;30mLevel 5[0m set package 'quadruped_hal' build argument 'ament_cmake_args' from command line to 'None'
[0.173s] [34mcolcon.colcon_core.verb[0m [1;30mLevel 5[0m set package 'quadruped_hal' build argument 'catkin_cmake_args' from command line to 'None'
[0.173s] [34mcolcon.colcon_core.verb[0m [1;30mLevel 5[0m set package 'quadruped_hal' build argument 'catkin_skip_building_tests' from command line to 'False'
[0.173s] [34mcolcon.colcon_core.verb[0m [1;30mDEBUG[0m [32mBuilding package 'quadruped_hal' with the following arguments: {'ament_cmake_args': None, 'build_base': '/home/gturrisi-iit.local/other_ws_home/unitree_ros2_dls/ros2_ws/build/quadruped_hal', 'catkin_cmake_args': None, 'catkin_skip_building_tests': False, 'cmake_args': None, 'cmake_clean_cache': False, 'cmake_clean_first': False, 'cmake_force_configure': False, 'cmake_target': None, 'cmake_target_skip_unavailable': False, 'install_base': '/home/gturrisi-iit.local/other_ws_home/unitree_ros2_dls/ros2_ws/install/quadruped_hal', 'merge_install': False, 'path': '/home/gturrisi-iit.local/other_ws_home/unitree_ros2_dls/ros2_ws/src/quadruped_hal', 'symlink_install': False, 'test_result_base': None}[0m
[0.173s] [34mcolcon.colcon_core.executor[0m [1;30mINFO[0m Executing jobs using 'parallel' executor
[0.174s] [34mcolcon.colcon_parallel_executor.executor.parallel[0m [1;30mDEBUG[0m [32mrun_until_complete[0m
[0.174s] [34mcolcon.colcon_ros.task.ament_cmake.build[0m [1;30mINFO[0m Building ROS package in '/home/gturrisi-iit.local/other_ws_home/unitree_ros2_dls/ros2_ws/src/dls2_interface' with build type 'ament_cmake'
[0.174s] [34mcolcon.colcon_cmake.task.cmake.build[0m [1;30mINFO[0m Building CMake package in '/home/gturrisi-iit.local/other_ws_home/unitree_ros2_dls/ros2_ws/src/dls2_interface'
[0.175s] [34mcolcon.colcon_core.plugin_system[0m [1;30mINFO[0m Skipping extension 'colcon_core.shell.bat': Not used on non-Windows systems
[0.176s] [34mcolcon.colcon_core.shell[0m [1;30mINFO[0m Skip shell extension 'powershell' for command environment: Not usable outside of PowerShell
[0.176s] [34mcolcon.colcon_core.shell[0m [1;30mDEBUG[0m [32mSkip shell extension 'dsv' for command environment[0m
[0.186s] [34mcolcon.colcon_core.event_handler.log_command[0m [1;30mDEBUG[0m [32mInvoking command in '/home/gturrisi-iit.local/other_ws_home/unitree_ros2_dls/ros2_ws/build/dls2_interface': CONDA_PROMPT_MODIFIER=(basic_locomotion_dls_isaaclab_ros2_env) DEBUGINFOD_URLS=https://debuginfod.ubuntu.com /home/gturrisi-iit.local/miniforge3/envs/basic_locomotion_dls_isaaclab_ros2_env/bin/cmake /home/gturrisi-iit.local/other_ws_home/unitree_ros2_dls/ros2_ws/src/dls2_interface -DCMAKE_INSTALL_PREFIX=/home/gturrisi-iit.local/other_ws_home/unitree_ros2_dls/ros2_ws/install/dls2_interface[0m
[2.274s] [34mcolcon.colcon_core.event_handler.log_command[0m [1;30mDEBUG[0m [32mInvoked command in '/home/gturrisi-iit.local/other_ws_home/unitree_ros2_dls/ros2_ws/build/dls2_interface' returned '0': CONDA_PROMPT_MODIFIER=(basic_locomotion_dls_isaaclab_ros2_env) DEBUGINFOD_URLS=https://debuginfod.ubuntu.com /home/gturrisi-iit.local/miniforge3/envs/basic_locomotion_dls_isaaclab_ros2_env/bin/cmake /home/gturrisi-iit.local/other_ws_home/unitree_ros2_dls/ros2_ws/src/dls2_interface -DCMAKE_INSTALL_PREFIX=/home/gturrisi-iit.local/other_ws_home/unitree_ros2_dls/ros2_ws/install/dls2_interface[0m
[2.275s] [34mcolcon.colcon_core.event_handler.log_command[0m [1;30mDEBUG[0m [32mInvoking command in '/home/gturrisi-iit.local/other_ws_home/unitree_ros2_dls/ros2_ws/build/dls2_interface': CONDA_PROMPT_MODIFIER=(basic_locomotion_dls_isaaclab_ros2_env) DEBUGINFOD_URLS=https://debuginfod.ubuntu.com /home/gturrisi-iit.local/miniforge3/envs/basic_locomotion_dls_isaaclab_ros2_env/bin/cmake --build /home/gturrisi-iit.local/other_ws_home/unitree_ros2_dls/ros2_ws/build/dls2_interface -- -j16 -l16[0m
[5.983s] [34mcolcon.colcon_core.event_handler.log_command[0m [1;30mDEBUG[0m [32mInvoked command in '/home/gturrisi-iit.local/other_ws_home/unitree_ros2_dls/ros2_ws/build/dls2_interface' returned '0': CONDA_PROMPT_MODIFIER=(basic_locomotion_dls_isaaclab_ros2_env) DEBUGINFOD_URLS=https://debuginfod.ubuntu.com /home/gturrisi-iit.local/miniforge3/envs/basic_locomotion_dls_isaaclab_ros2_env/bin/cmake --build /home/gturrisi-iit.local/other_ws_home/unitree_ros2_dls/ros2_ws/build/dls2_interface -- -j16 -l16[0m
[5.987s] [34mcolcon.colcon_core.event_handler.log_command[0m [1;30mDEBUG[0m [32mInvoking command in '/home/gturrisi-iit.local/other_ws_home/unitree_ros2_dls/ros2_ws/build/dls2_interface': CONDA_PROMPT_MODIFIER=(basic_locomotion_dls_isaaclab_ros2_env) DEBUGINFOD_URLS=https://debuginfod.ubuntu.com /home/gturrisi-iit.local/miniforge3/envs/basic_locomotion_dls_isaaclab_ros2_env/bin/cmake --install /home/gturrisi-iit.local/other_ws_home/unitree_ros2_dls/ros2_ws/build/dls2_interface[0m
[6.032s] [34mcolcon.colcon_core.environment[0m [1;30mLevel 1[0m create_environment_scripts_only(dls2_interface)
[6.032s] [34mcolcon.colcon_core.event_handler.log_command[0m [1;30mDEBUG[0m [32mInvoked command in '/home/gturrisi-iit.local/other_ws_home/unitree_ros2_dls/ros2_ws/build/dls2_interface' returned '0': CONDA_PROMPT_MODIFIER=(basic_locomotion_dls_isaaclab_ros2_env) DEBUGINFOD_URLS=https://debuginfod.ubuntu.com /home/gturrisi-iit.local/miniforge3/envs/basic_locomotion_dls_isaaclab_ros2_env/bin/cmake --install /home/gturrisi-iit.local/other_ws_home/unitree_ros2_dls/ros2_ws/build/dls2_interface[0m
[6.034s] [34mcolcon.colcon_core.environment[0m [1;30mLevel 1[0m checking '/home/gturrisi-iit.local/other_ws_home/unitree_ros2_dls/ros2_ws/install/dls2_interface' for CMake module files
[6.034s] [34mcolcon.colcon_core.environment[0m [1;30mLevel 1[0m checking '/home/gturrisi-iit.local/other_ws_home/unitree_ros2_dls/ros2_ws/install/dls2_interface' for CMake config files
[6.034s] [34mcolcon.colcon_core.shell[0m [1;30mLevel 1[0m create_environment_hook('dls2_interface', 'cmake_prefix_path')
[6.034s] [34mcolcon.colcon_core.shell[0m [1;30mINFO[0m Creating environment hook '/home/gturrisi-iit.local/other_ws_home/unitree_ros2_dls/ros2_ws/install/dls2_interface/share/dls2_interface/hook/cmake_prefix_path.ps1'
[6.034s] [34mcolcon.colcon_core.shell[0m [1;30mINFO[0m Creating environment descriptor '/home/gturrisi-iit.local/other_ws_home/unitree_ros2_dls/ros2_ws/install/dls2_interface/share/dls2_interface/hook/cmake_prefix_path.dsv'
[6.034s] [34mcolcon.colcon_core.shell[0m [1;30mINFO[0m Creating environment hook '/home/gturrisi-iit.local/other_ws_home/unitree_ros2_dls/ros2_ws/install/dls2_interface/share/dls2_interface/hook/cmake_prefix_path.sh'
[6.035s] [34mcolcon.colcon_core.environment[0m [1;30mLevel 1[0m checking '/home/gturrisi-iit.local/other_ws_home/unitree_ros2_dls/ros2_ws/install/dls2_interface/lib'
[6.035s] [34mcolcon.colcon_core.shell[0m [1;30mLevel 1[0m create_environment_hook('dls2_interface', 'ld_library_path_lib')
[6.035s] [34mcolcon.colcon_core.shell[0m [1;30mINFO[0m Creating environment hook '/home/gturrisi-iit.local/other_ws_home/unitree_ros2_dls/ros2_ws/install/dls2_interface/share/dls2_interface/hook/ld_library_path_lib.ps1'
[6.035s] [34mcolcon.colcon_core.shell[0m [1;30mINFO[0m Creating environment descriptor '/home/gturrisi-iit.local/other_ws_home/unitree_ros2_dls/ros2_ws/install/dls2_interface/share/dls2_interface/hook/ld_library_path_lib.dsv'
[6.035s] [34mcolcon.colcon_core.shell[0m [1;30mINFO[0m Creating environment hook '/home/gturrisi-iit.local/other_ws_home/unitree_ros2_dls/ros2_ws/install/dls2_interface/share/dls2_interface/hook/ld_library_path_lib.sh'
[6.035s] [34mcolcon.colcon_core.environment[0m [1;30mLevel 1[0m checking '/home/gturrisi-iit.local/other_ws_home/unitree_ros2_dls/ros2_ws/install/dls2_interface/bin'
[6.035s] [34mcolcon.colcon_core.environment[0m [1;30mLevel 1[0m checking '/home/gturrisi-iit.local/other_ws_home/unitree_ros2_dls/ros2_ws/install/dls2_interface/lib/pkgconfig/dls2_interface.pc'
[6.036s] [34mcolcon.colcon_core.environment[0m [1;30mLevel 1[0m checking '/home/gturrisi-iit.local/other_ws_home/unitree_ros2_dls/ros2_ws/install/dls2_interface/lib/python3.11/site-packages'
[6.036s] [34mcolcon.colcon_core.shell[0m [1;30mLevel 1[0m create_environment_hook('dls2_interface', 'pythonpath')
[6.036s] [34mcolcon.colcon_core.shell[0m [1;30mINFO[0m Creating environment hook '/home/gturrisi-iit.local/other_ws_home/unitree_ros2_dls/ros2_ws/install/dls2_interface/share/dls2_interface/hook/pythonpath.ps1'
[6.036s] [34mcolcon.colcon_core.shell[0m [1;30mINFO[0m Creating environment descriptor '/home/gturrisi-iit.local/other_ws_home/unitree_ros2_dls/ros2_ws/install/dls2_interface/share/dls2_interface/hook/pythonpath.dsv'
[6.036s] [34mcolcon.colcon_core.shell[0m [1;30mINFO[0m Creating environment hook '/home/gturrisi-iit.local/other_ws_home/unitree_ros2_dls/ros2_ws/install/dls2_interface/share/dls2_interface/hook/pythonpath.sh'
[6.036s] [34mcolcon.colcon_core.environment[0m [1;30mLevel 1[0m checking '/home/gturrisi-iit.local/other_ws_home/unitree_ros2_dls/ros2_ws/install/dls2_interface/bin'
[6.036s] [34mcolcon.colcon_core.shell[0m [1;30mINFO[0m Creating package script '/home/gturrisi-iit.local/other_ws_home/unitree_ros2_dls/ros2_ws/install/dls2_interface/share/dls2_interface/package.ps1'
[6.037s] [34mcolcon.colcon_core.shell[0m [1;30mINFO[0m Creating package descriptor '/home/gturrisi-iit.local/other_ws_home/unitree_ros2_dls/ros2_ws/install/dls2_interface/share/dls2_interface/package.dsv'
[6.037s] [34mcolcon.colcon_core.shell[0m [1;30mINFO[0m Creating package script '/home/gturrisi-iit.local/other_ws_home/unitree_ros2_dls/ros2_ws/install/dls2_interface/share/dls2_interface/package.sh'
[6.037s] [34mcolcon.colcon_core.shell[0m [1;30mINFO[0m Creating package script '/home/gturrisi-iit.local/other_ws_home/unitree_ros2_dls/ros2_ws/install/dls2_interface/share/dls2_interface/package.bash'
[6.037s] [34mcolcon.colcon_core.shell[0m [1;30mINFO[0m Creating package script '/home/gturrisi-iit.local/other_ws_home/unitree_ros2_dls/ros2_ws/install/dls2_interface/share/dls2_interface/package.zsh'
[6.038s] [34mcolcon.colcon_core.environment[0m [1;30mLevel 1[0m create_file_with_runtime_dependencies(/home/gturrisi-iit.local/other_ws_home/unitree_ros2_dls/ros2_ws/install/dls2_interface/share/colcon-core/packages/dls2_interface)
[6.038s] [34mcolcon.colcon_core.environment[0m [1;30mLevel 1[0m create_environment_scripts_only(dls2_interface)
[6.039s] [34mcolcon.colcon_core.environment[0m [1;30mLevel 1[0m checking '/home/gturrisi-iit.local/other_ws_home/unitree_ros2_dls/ros2_ws/install/dls2_interface' for CMake module files
[6.039s] [34mcolcon.colcon_core.environment[0m [1;30mLevel 1[0m checking '/home/gturrisi-iit.local/other_ws_home/unitree_ros2_dls/ros2_ws/install/dls2_interface' for CMake config files
[6.039s] [34mcolcon.colcon_core.shell[0m [1;30mLevel 1[0m create_environment_hook('dls2_interface', 'cmake_prefix_path')
[6.039s] [34mcolcon.colcon_core.shell[0m [1;30mINFO[0m Creating environment hook '/home/gturrisi-iit.local/other_ws_home/unitree_ros2_dls/ros2_ws/install/dls2_interface/share/dls2_interface/hook/cmake_prefix_path.ps1'
[6.039s] [34mcolcon.colcon_core.shell[0m [1;30mINFO[0m Creating environment descriptor '/home/gturrisi-iit.local/other_ws_home/unitree_ros2_dls/ros2_ws/install/dls2_interface/share/dls2_interface/hook/cmake_prefix_path.dsv'
[6.039s] [34mcolcon.colcon_core.shell[0m [1;30mINFO[0m Creating environment hook '/home/gturrisi-iit.local/other_ws_home/unitree_ros2_dls/ros2_ws/install/dls2_interface/share/dls2_interface/hook/cmake_prefix_path.sh'
[6.039s] [34mcolcon.colcon_core.environment[0m [1;30mLevel 1[0m checking '/home/gturrisi-iit.local/other_ws_home/unitree_ros2_dls/ros2_ws/install/dls2_interface/lib'
[6.039s] [34mcolcon.colcon_core.shell[0m [1;30mLevel 1[0m create_environment_hook('dls2_interface', 'ld_library_path_lib')
[6.040s] [34mcolcon.colcon_core.shell[0m [1;30mINFO[0m Creating environment hook '/home/gturrisi-iit.local/other_ws_home/unitree_ros2_dls/ros2_ws/install/dls2_interface/share/dls2_interface/hook/ld_library_path_lib.ps1'
[6.040s] [34mcolcon.colcon_core.shell[0m [1;30mINFO[0m Creating environment descriptor '/home/gturrisi-iit.local/other_ws_home/unitree_ros2_dls/ros2_ws/install/dls2_interface/share/dls2_interface/hook/ld_library_path_lib.dsv'
[6.040s] [34mcolcon.colcon_core.shell[0m [1;30mINFO[0m Creating environment hook '/home/gturrisi-iit.local/other_ws_home/unitree_ros2_dls/ros2_ws/install/dls2_interface/share/dls2_interface/hook/ld_library_path_lib.sh'
[6.040s] [34mcolcon.colcon_core.environment[0m [1;30mLevel 1[0m checking '/home/gturrisi-iit.local/other_ws_home/unitree_ros2_dls/ros2_ws/install/dls2_interface/bin'
[6.040s] [34mcolcon.colcon_core.environment[0m [1;30mLevel 1[0m checking '/home/gturrisi-iit.local/other_ws_home/unitree_ros2_dls/ros2_ws/install/dls2_interface/lib/pkgconfig/dls2_interface.pc'
[6.040s] [34mcolcon.colcon_core.environment[0m [1;30mLevel 1[0m checking '/home/gturrisi-iit.local/other_ws_home/unitree_ros2_dls/ros2_ws/install/dls2_interface/lib/python3.11/site-packages'
[6.040s] [34mcolcon.colcon_core.shell[0m [1;30mLevel 1[0m create_environment_hook('dls2_interface', 'pythonpath')
[6.040s] [34mcolcon.colcon_core.shell[0m [1;30mINFO[0m Creating environment hook '/home/gturrisi-iit.local/other_ws_home/unitree_ros2_dls/ros2_ws/install/dls2_interface/share/dls2_interface/hook/pythonpath.ps1'
[6.040s] [34mcolcon.colcon_core.shell[0m [1;30mINFO[0m Creating environment descriptor '/home/gturrisi-iit.local/other_ws_home/unitree_ros2_dls/ros2_ws/install/dls2_interface/share/dls2_interface/hook/pythonpath.dsv'
[6.040s] [34mcolcon.colcon_core.shell[0m [1;30mINFO[0m Creating environment hook '/home/gturrisi-iit.local/other_ws_home/unitree_ros2_dls/ros2_ws/install/dls2_interface/share/dls2_interface/hook/pythonpath.sh'
[6.040s] [34mcolcon.colcon_core.environment[0m [1;30mLevel 1[0m checking '/home/gturrisi-iit.local/other_ws_home/unitree_ros2_dls/ros2_ws/install/dls2_interface/bin'
[6.041s] [34mcolcon.colcon_core.shell[0m [1;30mINFO[0m Creating package script '/home/gturrisi-iit.local/other_ws_home/unitree_ros2_dls/ros2_ws/install/dls2_interface/share/dls2_interface/package.ps1'
[6.041s] [34mcolcon.colcon_core.shell[0m [1;30mINFO[0m Creating package descriptor '/home/gturrisi-iit.local/other_ws_home/unitree_ros2_dls/ros2_ws/install/dls2_interface/share/dls2_interface/package.dsv'
[6.041s] [34mcolcon.colcon_core.shell[0m [1;30mINFO[0m Creating package script '/home/gturrisi-iit.local/other_ws_home/unitree_ros2_dls/ros2_ws/install/dls2_interface/share/dls2_interface/package.sh'
[6.041s] [34mcolcon.colcon_core.shell[0m [1;30mINFO[0m Creating package script '/home/gturrisi-iit.local/other_ws_home/unitree_ros2_dls/ros2_ws/install/dls2_interface/share/dls2_interface/package.bash'
[6.041s] [34mcolcon.colcon_core.shell[0m [1;30mINFO[0m Creating package script '/home/gturrisi-iit.local/other_ws_home/unitree_ros2_dls/ros2_ws/install/dls2_interface/share/dls2_interface/package.zsh'
[6.041s] [34mcolcon.colcon_core.environment[0m [1;30mLevel 1[0m create_file_with_runtime_dependencies(/home/gturrisi-iit.local/other_ws_home/unitree_ros2_dls/ros2_ws/install/dls2_interface/share/colcon-core/packages/dls2_interface)
[6.041s] [34mcolcon.colcon_ros.task.ament_cmake.build[0m [1;30mINFO[0m Building ROS package in '/home/gturrisi-iit.local/other_ws_home/unitree_ros2_dls/ros2_ws/src/quadruped_hal' with build type 'ament_cmake'
[6.042s] [34mcolcon.colcon_cmake.task.cmake.build[0m [1;30mINFO[0m Building CMake package in '/home/gturrisi-iit.local/other_ws_home/unitree_ros2_dls/ros2_ws/src/quadruped_hal'
[6.042s] [34mcolcon.colcon_core.shell[0m [1;30mINFO[0m Skip shell extension 'powershell' for command environment: Not usable outside of PowerShell
[6.042s] [34mcolcon.colcon_core.shell[0m [1;30mDEBUG[0m [32mSkip shell extension 'dsv' for command environment[0m
[6.048s] [34mcolcon.colcon_core.event_handler.log_command[0m [1;30mDEBUG[0m [32mInvoking command in '/home/gturrisi-iit.local/other_ws_home/unitree_ros2_dls/ros2_ws/build/quadruped_hal': AMENT_PREFIX_PATH=/home/gturrisi-iit.local/other_ws_home/unitree_ros2_dls/ros2_ws/install/dls2_interface:${AMENT_PREFIX_PATH} CMAKE_PREFIX_PATH=/home/gturrisi-iit.local/other_ws_home/unitree_ros2_dls/ros2_ws/install/dls2_interface:${CMAKE_PREFIX_PATH} CONDA_PROMPT_MODIFIER=(basic_locomotion_dls_isaaclab_ros2_env) DEBUGINFOD_URLS=https://debuginfod.ubuntu.com LD_LIBRARY_PATH=/home/gturrisi-iit.local/other_ws_home/unitree_ros2_dls/ros2_ws/install/dls2_interface/lib:${LD_LIBRARY_PATH} PYTHONPATH=/home/gturrisi-iit.local/other_ws_home/unitree_ros2_dls/ros2_ws/install/dls2_interface/lib/python3.11/site-packages:${PYTHONPATH} /home/gturrisi-iit.local/miniforge3/envs/basic_locomotion_dls_isaaclab_ros2_env/bin/cmake /home/gturrisi-iit.local/other_ws_home/unitree_ros2_dls/ros2_ws/src/quadruped_hal -DCMAKE_INSTALL_PREFIX=/home/gturrisi-iit.local/other_ws_home/unitree_ros2_dls/ros2_ws/install/quadruped_hal[0m
[7.324s] [34mcolcon.colcon_core.event_handler.log_command[0m [1;30mDEBUG[0m [32mInvoked command in '/home/gturrisi-iit.local/other_ws_home/unitree_ros2_dls/ros2_ws/build/quadruped_hal' returned '0': AMENT_PREFIX_PATH=/home/gturrisi-iit.local/other_ws_home/unitree_ros2_dls/ros2_ws/install/dls2_interface:${AMENT_PREFIX_PATH} CMAKE_PREFIX_PATH=/home/gturrisi-iit.local/other_ws_home/unitree_ros2_dls/ros2_ws/install/dls2_interface:${CMAKE_PREFIX_PATH} CONDA_PROMPT_MODIFIER=(basic_locomotion_dls_isaaclab_ros2_env) DEBUGINFOD_URLS=https://debuginfod.ubuntu.com LD_LIBRARY_PATH=/home/gturrisi-iit.local/other_ws_home/unitree_ros2_dls/ros2_ws/install/dls2_interface/lib:${LD_LIBRARY_PATH} PYTHONPATH=/home/gturrisi-iit.local/other_ws_home/unitree_ros2_dls/ros2_ws/install/dls2_interface/lib/python3.11/site-packages:${PYTHONPATH} /home/gturrisi-iit.local/miniforge3/envs/basic_locomotion_dls_isaaclab_ros2_env/bin/cmake /home/gturrisi-iit.local/other_ws_home/unitree_ros2_dls/ros2_ws/src/quadruped_hal -DCMAKE_INSTALL_PREFIX=/home/gturrisi-iit.local/other_ws_home/unitree_ros2_dls/ros2_ws/install/quadruped_hal[0m
[7.324s] [34mcolcon.colcon_core.event_handler.log_command[0m [1;30mDEBUG[0m [32mInvoking command in '/home/gturrisi-iit.local/other_ws_home/unitree_ros2_dls/ros2_ws/build/quadruped_hal': AMENT_PREFIX_PATH=/home/gturrisi-iit.local/other_ws_home/unitree_ros2_dls/ros2_ws/install/dls2_interface:${AMENT_PREFIX_PATH} CMAKE_PREFIX_PATH=/home/gturrisi-iit.local/other_ws_home/unitree_ros2_dls/ros2_ws/install/dls2_interface:${CMAKE_PREFIX_PATH} CONDA_PROMPT_MODIFIER=(basic_locomotion_dls_isaaclab_ros2_env) DEBUGINFOD_URLS=https://debuginfod.ubuntu.com LD_LIBRARY_PATH=/home/gturrisi-iit.local/other_ws_home/unitree_ros2_dls/ros2_ws/install/dls2_interface/lib:${LD_LIBRARY_PATH} PYTHONPATH=/home/gturrisi-iit.local/other_ws_home/unitree_ros2_dls/ros2_ws/install/dls2_interface/lib/python3.11/site-packages:${PYTHONPATH} /home/gturrisi-iit.local/miniforge3/envs/basic_locomotion_dls_isaaclab_ros2_env/bin/cmake --build /home/gturrisi-iit.local/other_ws_home/unitree_ros2_dls/ros2_ws/build/quadruped_hal -- -j16 -l16[0m
[19.953s] [34mcolcon.colcon_core.event_handler.log_command[0m [1;30mDEBUG[0m [32mInvoked command in '/home/gturrisi-iit.local/other_ws_home/unitree_ros2_dls/ros2_ws/build/quadruped_hal' returned '0': AMENT_PREFIX_PATH=/home/gturrisi-iit.local/other_ws_home/unitree_ros2_dls/ros2_ws/install/dls2_interface:${AMENT_PREFIX_PATH} CMAKE_PREFIX_PATH=/home/gturrisi-iit.local/other_ws_home/unitree_ros2_dls/ros2_ws/install/dls2_interface:${CMAKE_PREFIX_PATH} CONDA_PROMPT_MODIFIER=(basic_locomotion_dls_isaaclab_ros2_env) DEBUGINFOD_URLS=https://debuginfod.ubuntu.com LD_LIBRARY_PATH=/home/gturrisi-iit.local/other_ws_home/unitree_ros2_dls/ros2_ws/install/dls2_interface/lib:${LD_LIBRARY_PATH} PYTHONPATH=/home/gturrisi-iit.local/other_ws_home/unitree_ros2_dls/ros2_ws/install/dls2_interface/lib/python3.11/site-packages:${PYTHONPATH} /home/gturrisi-iit.local/miniforge3/envs/basic_locomotion_dls_isaaclab_ros2_env/bin/cmake --build /home/gturrisi-iit.local/other_ws_home/unitree_ros2_dls/ros2_ws/build/quadruped_hal -- -j16 -l16[0m
[19.954s] [34mcolcon.colcon_core.event_handler.log_command[0m [1;30mDEBUG[0m [32mInvoking command in '/home/gturrisi-iit.local/other_ws_home/unitree_ros2_dls/ros2_ws/build/quadruped_hal': AMENT_PREFIX_PATH=/home/gturrisi-iit.local/other_ws_home/unitree_ros2_dls/ros2_ws/install/dls2_interface:${AMENT_PREFIX_PATH} CMAKE_PREFIX_PATH=/home/gturrisi-iit.local/other_ws_home/unitree_ros2_dls/ros2_ws/install/dls2_interface:${CMAKE_PREFIX_PATH} CONDA_PROMPT_MODIFIER=(basic_locomotion_dls_isaaclab_ros2_env) DEBUGINFOD_URLS=https://debuginfod.ubuntu.com LD_LIBRARY_PATH=/home/gturrisi-iit.local/other_ws_home/unitree_ros2_dls/ros2_ws/install/dls2_interface/lib:${LD_LIBRARY_PATH} PYTHONPATH=/home/gturrisi-iit.local/other_ws_home/unitree_ros2_dls/ros2_ws/install/dls2_interface/lib/python3.11/site-packages:${PYTHONPATH} /home/gturrisi-iit.local/miniforge3/envs/basic_locomotion_dls_isaaclab_ros2_env/bin/cmake --install /home/gturrisi-iit.local/other_ws_home/unitree_ros2_dls/ros2_ws/build/quadruped_hal[0m
[19.963s] [34mcolcon.colcon_core.environment[0m [1;30mLevel 1[0m create_environment_scripts_only(quadruped_hal)
[19.963s] [34mcolcon.colcon_core.event_handler.log_command[0m [1;30mDEBUG[0m [32mInvoked command in '/home/gturrisi-iit.local/other_ws_home/unitree_ros2_dls/ros2_ws/build/quadruped_hal' returned '0': AMENT_PREFIX_PATH=/home/gturrisi-iit.local/other_ws_home/unitree_ros2_dls/ros2_ws/install/dls2_interface:${AMENT_PREFIX_PATH} CMAKE_PREFIX_PATH=/home/gturrisi-iit.local/other_ws_home/unitree_ros2_dls/ros2_ws/install/dls2_interface:${CMAKE_PREFIX_PATH} CONDA_PROMPT_MODIFIER=(basic_locomotion_dls_isaaclab_ros2_env) DEBUGINFOD_URLS=https://debuginfod.ubuntu.com LD_LIBRARY_PATH=/home/gturrisi-iit.local/other_ws_home/unitree_ros2_dls/ros2_ws/install/dls2_interface/lib:${LD_LIBRARY_PATH} PYTHONPATH=/home/gturrisi-iit.local/other_ws_home/unitree_ros2_dls/ros2_ws/install/dls2_interface/lib/python3.11/site-packages:${PYTHONPATH} /home/gturrisi-iit.local/miniforge3/envs/basic_locomotion_dls_isaaclab_ros2_env/bin/cmake --install /home/gturrisi-iit.local/other_ws_home/unitree_ros2_dls/ros2_ws/build/quadruped_hal[0m
[19.963s] [34mcolcon.colcon_core.environment[0m [1;30mLevel 1[0m checking '/home/gturrisi-iit.local/other_ws_home/unitree_ros2_dls/ros2_ws/install/quadruped_hal' for CMake module files
[19.964s] [34mcolcon.colcon_core.environment[0m [1;30mLevel 1[0m checking '/home/gturrisi-iit.local/other_ws_home/unitree_ros2_dls/ros2_ws/install/quadruped_hal' for CMake config files
[19.964s] [34mcolcon.colcon_core.shell[0m [1;30mLevel 1[0m create_environment_hook('quadruped_hal', 'cmake_prefix_path')
[19.964s] [34mcolcon.colcon_core.shell[0m [1;30mINFO[0m Creating environment hook '/home/gturrisi-iit.local/other_ws_home/unitree_ros2_dls/ros2_ws/install/quadruped_hal/share/quadruped_hal/hook/cmake_prefix_path.ps1'
[19.965s] [34mcolcon.colcon_core.shell[0m [1;30mINFO[0m Creating environment descriptor '/home/gturrisi-iit.local/other_ws_home/unitree_ros2_dls/ros2_ws/install/quadruped_hal/share/quadruped_hal/hook/cmake_prefix_path.dsv'
[19.965s] [34mcolcon.colcon_core.shell[0m [1;30mINFO[0m Creating environment hook '/home/gturrisi-iit.local/other_ws_home/unitree_ros2_dls/ros2_ws/install/quadruped_hal/share/quadruped_hal/hook/cmake_prefix_path.sh'
[19.966s] [34mcolcon.colcon_core.environment[0m [1;30mLevel 1[0m checking '/home/gturrisi-iit.local/other_ws_home/unitree_ros2_dls/ros2_ws/install/quadruped_hal/bin'
[19.966s] [34mcolcon.colcon_core.shell[0m [1;30mLevel 1[0m create_environment_hook('quadruped_hal', 'path')
[19.966s] [34mcolcon.colcon_core.shell[0m [1;30mINFO[0m Creating environment hook '/home/gturrisi-iit.local/other_ws_home/unitree_ros2_dls/ros2_ws/install/quadruped_hal/share/quadruped_hal/hook/path.ps1'
[19.966s] [34mcolcon.colcon_core.shell[0m [1;30mINFO[0m Creating environment descriptor '/home/gturrisi-iit.local/other_ws_home/unitree_ros2_dls/ros2_ws/install/quadruped_hal/share/quadruped_hal/hook/path.dsv'
[19.967s] [34mcolcon.colcon_core.shell[0m [1;30mINFO[0m Creating environment hook '/home/gturrisi-iit.local/other_ws_home/unitree_ros2_dls/ros2_ws/install/quadruped_hal/share/quadruped_hal/hook/path.sh'
[19.967s] [34mcolcon.colcon_core.environment[0m [1;30mLevel 1[0m checking '/home/gturrisi-iit.local/other_ws_home/unitree_ros2_dls/ros2_ws/install/quadruped_hal/lib/pkgconfig/quadruped_hal.pc'
[19.967s] [34mcolcon.colcon_core.environment[0m [1;30mLevel 1[0m checking '/home/gturrisi-iit.local/other_ws_home/unitree_ros2_dls/ros2_ws/install/quadruped_hal/lib/python3.11/site-packages'
[19.967s] [34mcolcon.colcon_core.environment[0m [1;30mLevel 1[0m checking '/home/gturrisi-iit.local/other_ws_home/unitree_ros2_dls/ros2_ws/install/quadruped_hal/bin'
[19.967s] [34mcolcon.colcon_core.shell[0m [1;30mLevel 1[0m create_environment_hook('quadruped_hal', 'pythonscriptspath')
[19.967s] [34mcolcon.colcon_core.shell[0m [1;30mINFO[0m Creating environment hook '/home/gturrisi-iit.local/other_ws_home/unitree_ros2_dls/ros2_ws/install/quadruped_hal/share/quadruped_hal/hook/pythonscriptspath.ps1'
[19.968s] [34mcolcon.colcon_core.shell[0m [1;30mINFO[0m Creating environment descriptor '/home/gturrisi-iit.local/other_ws_home/unitree_ros2_dls/ros2_ws/install/quadruped_hal/share/quadruped_hal/hook/pythonscriptspath.dsv'
[19.968s] [34mcolcon.colcon_core.shell[0m [1;30mINFO[0m Creating environment hook '/home/gturrisi-iit.local/other_ws_home/unitree_ros2_dls/ros2_ws/install/quadruped_hal/share/quadruped_hal/hook/pythonscriptspath.sh'
[19.968s] [34mcolcon.colcon_core.shell[0m [1;30mINFO[0m Creating package script '/home/gturrisi-iit.local/other_ws_home/unitree_ros2_dls/ros2_ws/install/quadruped_hal/share/quadruped_hal/package.ps1'
[19.969s] [34mcolcon.colcon_core.shell[0m [1;30mINFO[0m Creating package descriptor '/home/gturrisi-iit.local/other_ws_home/unitree_ros2_dls/ros2_ws/install/quadruped_hal/share/quadruped_hal/package.dsv'
[19.969s] [34mcolcon.colcon_core.shell[0m [1;30mINFO[0m Creating package script '/home/gturrisi-iit.local/other_ws_home/unitree_ros2_dls/ros2_ws/install/quadruped_hal/share/quadruped_hal/package.sh'
[19.970s] [34mcolcon.colcon_core.shell[0m [1;30mINFO[0m Creating package script '/home/gturrisi-iit.local/other_ws_home/unitree_ros2_dls/ros2_ws/install/quadruped_hal/share/quadruped_hal/package.bash'
[19.970s] [34mcolcon.colcon_core.shell[0m [1;30mINFO[0m Creating package script '/home/gturrisi-iit.local/other_ws_home/unitree_ros2_dls/ros2_ws/install/quadruped_hal/share/quadruped_hal/package.zsh'
[19.970s] [34mcolcon.colcon_core.environment[0m [1;30mLevel 1[0m create_file_with_runtime_dependencies(/home/gturrisi-iit.local/other_ws_home/unitree_ros2_dls/ros2_ws/install/quadruped_hal/share/colcon-core/packages/quadruped_hal)
[19.971s] [34mcolcon.colcon_core.environment[0m [1;30mLevel 1[0m create_environment_scripts_only(quadruped_hal)
[19.971s] [34mcolcon.colcon_core.environment[0m [1;30mLevel 1[0m checking '/home/gturrisi-iit.local/other_ws_home/unitree_ros2_dls/ros2_ws/install/quadruped_hal' for CMake module files
[19.971s] [34mcolcon.colcon_core.environment[0m [1;30mLevel 1[0m checking '/home/gturrisi-iit.local/other_ws_home/unitree_ros2_dls/ros2_ws/install/quadruped_hal' for CMake config files
[19.972s] [34mcolcon.colcon_core.shell[0m [1;30mLevel 1[0m create_environment_hook('quadruped_hal', 'cmake_prefix_path')
[19.972s] [34mcolcon.colcon_core.shell[0m [1;30mINFO[0m Creating environment hook '/home/gturrisi-iit.local/other_ws_home/unitree_ros2_dls/ros2_ws/install/quadruped_hal/share/quadruped_hal/hook/cmake_prefix_path.ps1'
[19.972s] [34mcolcon.colcon_core.shell[0m [1;30mINFO[0m Creating environment descriptor '/home/gturrisi-iit.local/other_ws_home/unitree_ros2_dls/ros2_ws/install/quadruped_hal/share/quadruped_hal/hook/cmake_prefix_path.dsv'
[19.972s] [34mcolcon.colcon_core.shell[0m [1;30mINFO[0m Creating environment hook '/home/gturrisi-iit.local/other_ws_home/unitree_ros2_dls/ros2_ws/install/quadruped_hal/share/quadruped_hal/hook/cmake_prefix_path.sh'
[19.973s] [34mcolcon.colcon_core.environment[0m [1;30mLevel 1[0m checking '/home/gturrisi-iit.local/other_ws_home/unitree_ros2_dls/ros2_ws/install/quadruped_hal/bin'
[19.973s] [34mcolcon.colcon_core.shell[0m [1;30mLevel 1[0m create_environment_hook('quadruped_hal', 'path')
[19.973s] [34mcolcon.colcon_core.shell[0m [1;30mINFO[0m Creating environment hook '/home/gturrisi-iit.local/other_ws_home/unitree_ros2_dls/ros2_ws/install/quadruped_hal/share/quadruped_hal/hook/path.ps1'
[19.973s] [34mcolcon.colcon_core.shell[0m [1;30mINFO[0m Creating environment descriptor '/home/gturrisi-iit.local/other_ws_home/unitree_ros2_dls/ros2_ws/install/quadruped_hal/share/quadruped_hal/hook/path.dsv'
[19.974s] [34mcolcon.colcon_core.shell[0m [1;30mINFO[0m Creating environment hook '/home/gturrisi-iit.local/other_ws_home/unitree_ros2_dls/ros2_ws/install/quadruped_hal/share/quadruped_hal/hook/path.sh'
[19.974s] [34mcolcon.colcon_core.environment[0m [1;30mLevel 1[0m checking '/home/gturrisi-iit.local/other_ws_home/unitree_ros2_dls/ros2_ws/install/quadruped_hal/lib/pkgconfig/quadruped_hal.pc'
[19.974s] [34mcolcon.colcon_core.environment[0m [1;30mLevel 1[0m checking '/home/gturrisi-iit.local/other_ws_home/unitree_ros2_dls/ros2_ws/install/quadruped_hal/lib/python3.11/site-packages'
[19.974s] [34mcolcon.colcon_core.environment[0m [1;30mLevel 1[0m checking '/home/gturrisi-iit.local/other_ws_home/unitree_ros2_dls/ros2_ws/install/quadruped_hal/bin'
[19.974s] [34mcolcon.colcon_core.shell[0m [1;30mLevel 1[0m create_environment_hook('quadruped_hal', 'pythonscriptspath')
[19.975s] [34mcolcon.colcon_core.shell[0m [1;30mINFO[0m Creating environment hook '/home/gturrisi-iit.local/other_ws_home/unitree_ros2_dls/ros2_ws/install/quadruped_hal/share/quadruped_hal/hook/pythonscriptspath.ps1'
[19.975s] [34mcolcon.colcon_core.shell[0m [1;30mINFO[0m Creating environment descriptor '/home/gturrisi-iit.local/other_ws_home/unitree_ros2_dls/ros2_ws/install/quadruped_hal/share/quadruped_hal/hook/pythonscriptspath.dsv'
[19.975s] [34mcolcon.colcon_core.shell[0m [1;30mINFO[0m Creating environment hook '/home/gturrisi-iit.local/other_ws_home/unitree_ros2_dls/ros2_ws/install/quadruped_hal/share/quadruped_hal/hook/pythonscriptspath.sh'
[19.976s] [34mcolcon.colcon_core.shell[0m [1;30mINFO[0m Creating package script '/home/gturrisi-iit.local/other_ws_home/unitree_ros2_dls/ros2_ws/install/quadruped_hal/share/quadruped_hal/package.ps1'
[19.976s] [34mcolcon.colcon_core.shell[0m [1;30mINFO[0m Creating package descriptor '/home/gturrisi-iit.local/other_ws_home/unitree_ros2_dls/ros2_ws/install/quadruped_hal/share/quadruped_hal/package.dsv'
[19.976s] [34mcolcon.colcon_core.shell[0m [1;30mINFO[0m Creating package script '/home/gturrisi-iit.local/other_ws_home/unitree_ros2_dls/ros2_ws/install/quadruped_hal/share/quadruped_hal/package.sh'
[19.977s] [34mcolcon.colcon_core.shell[0m [1;30mINFO[0m Creating package script '/home/gturrisi-iit.local/other_ws_home/unitree_ros2_dls/ros2_ws/install/quadruped_hal/share/quadruped_hal/package.bash'
[19.977s] [34mcolcon.colcon_core.shell[0m [1;30mINFO[0m Creating package script '/home/gturrisi-iit.local/other_ws_home/unitree_ros2_dls/ros2_ws/install/quadruped_hal/share/quadruped_hal/package.zsh'
[19.977s] [34mcolcon.colcon_core.environment[0m [1;30mLevel 1[0m create_file_with_runtime_dependencies(/home/gturrisi-iit.local/other_ws_home/unitree_ros2_dls/ros2_ws/install/quadruped_hal/share/colcon-core/packages/quadruped_hal)
[19.977s] [34mcolcon.colcon_parallel_executor.executor.parallel[0m [1;30mDEBUG[0m [32mclosing loop[0m
[19.978s] [34mcolcon.colcon_parallel_executor.executor.parallel[0m [1;30mDEBUG[0m [32mloop closed[0m
[19.978s] [34mcolcon.colcon_parallel_executor.executor.parallel[0m [1;30mDEBUG[0m [32mrun_until_complete finished with '0'[0m
[19.978s] [34mcolcon.colcon_core.event_reactor[0m [1;30mDEBUG[0m [32mjoining thread[0m
[19.979s] [34mcolcon.colcon_core.event_reactor[0m [1;30mDEBUG[0m [32mjoined thread[0m
[19.979s] [34mcolcon.colcon_core.shell[0m [1;30mINFO[0m Creating prefix script '/home/gturrisi-iit.local/other_ws_home/unitree_ros2_dls/ros2_ws/install/local_setup.ps1'
[19.980s] [34mcolcon.colcon_core.shell[0m [1;30mINFO[0m Creating prefix util module '/home/gturrisi-iit.local/other_ws_home/unitree_ros2_dls/ros2_ws/install/_local_setup_util_ps1.py'
[19.981s] [34mcolcon.colcon_core.shell[0m [1;30mINFO[0m Creating prefix chain script '/home/gturrisi-iit.local/other_ws_home/unitree_ros2_dls/ros2_ws/install/setup.ps1'
[19.982s] [34mcolcon.colcon_core.shell[0m [1;30mINFO[0m Creating prefix script '/home/gturrisi-iit.local/other_ws_home/unitree_ros2_dls/ros2_ws/install/local_setup.sh'
[19.983s] [34mcolcon.colcon_core.shell[0m [1;30mINFO[0m Creating prefix util module '/home/gturrisi-iit.local/other_ws_home/unitree_ros2_dls/ros2_ws/install/_local_setup_util_sh.py'
[19.983s] [34mcolcon.colcon_core.shell[0m [1;30mINFO[0m Creating prefix chain script '/home/gturrisi-iit.local/other_ws_home/unitree_ros2_dls/ros2_ws/install/setup.sh'
[19.985s] [34mcolcon.colcon_core.shell[0m [1;30mINFO[0m Creating prefix script '/home/gturrisi-iit.local/other_ws_home/unitree_ros2_dls/ros2_ws/install/local_setup.bash'
[19.986s] [34mcolcon.colcon_core.shell[0m [1;30mINFO[0m Creating prefix chain script '/home/gturrisi-iit.local/other_ws_home/unitree_ros2_dls/ros2_ws/install/setup.bash'
[19.987s] [34mcolcon.colcon_core.shell[0m [1;30mINFO[0m Creating prefix script '/home/gturrisi-iit.local/other_ws_home/unitree_ros2_dls/ros2_ws/install/local_setup.zsh'
[19.987s] [34mcolcon.colcon_core.shell[0m [1;30mINFO[0m Creating prefix chain script '/home/gturrisi-iit.local/other_ws_home/unitree_ros2_dls/ros2_ws/install/setup.zsh'
